000 (14998214.201.000) 2025-12-02 23:07:12 Job submitted from host: <130.199.48.129:9618?addrs=130.199.48.129-9618&alias=rcas6009.rcf.bnl.gov&noUDP&sock=schedd_22421_101d>
...
040 (14998214.201.000) 2025-12-02 23:47:51 Started transferring input files
	Transferring to host: <130.199.184.194:9618?addrs=130.199.184.194-9618&alias=spool1769.sdcc.bnl.gov&noUDP&sock=slot1_61_95939_d340_57295>
...
040 (14998214.201.000) 2025-12-02 23:47:53 Finished transferring input files
...
001 (14998214.201.000) 2025-12-02 23:47:54 Job executing on host: <130.199.184.194:9618?addrs=130.199.184.194-9618&alias=spool1769.sdcc.bnl.gov&noUDP&sock=startd_95928_19b9>
...
006 (14998214.201.000) 2025-12-02 23:48:02 Image size of job updated: 22160
	1  -  MemoryUsage of job (MB)
	376  -  ResidentSetSize of job (KB)
...
006 (14998214.201.000) 2025-12-02 23:53:02 Image size of job updated: 22160
	1  -  MemoryUsage of job (MB)
	380  -  ResidentSetSize of job (KB)
...
006 (14998214.201.000) 2025-12-02 23:58:03 Image size of job updated: 22160
	1  -  MemoryUsage of job (MB)
	392  -  ResidentSetSize of job (KB)
...
006 (14998214.201.000) 2025-12-03 00:03:03 Image size of job updated: 22160
	1  -  MemoryUsage of job (MB)
	400  -  ResidentSetSize of job (KB)
...
006 (14998214.201.000) 2025-12-03 00:08:03 Image size of job updated: 22160
	1  -  MemoryUsage of job (MB)
	412  -  ResidentSetSize of job (KB)
...
006 (14998214.201.000) 2025-12-03 00:13:04 Image size of job updated: 22160
	1  -  MemoryUsage of job (MB)
	420  -  ResidentSetSize of job (KB)
...
006 (14998214.201.000) 2025-12-03 00:28:06 Image size of job updated: 22160
	1  -  MemoryUsage of job (MB)
	428  -  ResidentSetSize of job (KB)
...
006 (14998214.201.000) 2025-12-03 00:33:07 Image size of job updated: 22160
	1  -  MemoryUsage of job (MB)
	440  -  ResidentSetSize of job (KB)
...
006 (14998214.201.000) 2025-12-03 00:38:07 Image size of job updated: 22160
	1  -  MemoryUsage of job (MB)
	452  -  ResidentSetSize of job (KB)
...
006 (14998214.201.000) 2025-12-03 00:43:07 Image size of job updated: 22160
	1  -  MemoryUsage of job (MB)
	464  -  ResidentSetSize of job (KB)
...
006 (14998214.201.000) 2025-12-03 00:48:08 Image size of job updated: 22160
	1  -  MemoryUsage of job (MB)
	468  -  ResidentSetSize of job (KB)
...
006 (14998214.201.000) 2025-12-03 00:53:08 Image size of job updated: 22292
	1  -  MemoryUsage of job (MB)
	468  -  ResidentSetSize of job (KB)
...
006 (14998214.201.000) 2025-12-03 01:28:01 Image size of job updated: 22292
	1  -  MemoryUsage of job (MB)
	472  -  ResidentSetSize of job (KB)
...
006 (14998214.201.000) 2025-12-03 01:36:55 Image size of job updated: 22292
	1  -  MemoryUsage of job (MB)
	488  -  ResidentSetSize of job (KB)
...
006 (14998214.201.000) 2025-12-03 01:42:16 Image size of job updated: 22292
	1  -  MemoryUsage of job (MB)
	500  -  ResidentSetSize of job (KB)
...
006 (14998214.201.000) 2025-12-03 01:47:17 Image size of job updated: 22292
	1  -  MemoryUsage of job (MB)
	508  -  ResidentSetSize of job (KB)
...
006 (14998214.201.000) 2025-12-03 01:52:17 Image size of job updated: 22292
	1  -  MemoryUsage of job (MB)
	516  -  ResidentSetSize of job (KB)
...
006 (14998214.201.000) 2025-12-03 01:57:18 Image size of job updated: 22292
	1  -  MemoryUsage of job (MB)
	528  -  ResidentSetSize of job (KB)
...
006 (14998214.201.000) 2025-12-03 02:02:20 Image size of job updated: 22424
	1  -  MemoryUsage of job (MB)
	536  -  ResidentSetSize of job (KB)
...
006 (14998214.201.000) 2025-12-03 02:07:19 Image size of job updated: 22424
	1  -  MemoryUsage of job (MB)
	548  -  ResidentSetSize of job (KB)
...
006 (14998214.201.000) 2025-12-03 02:22:21 Image size of job updated: 22424
	1  -  MemoryUsage of job (MB)
	552  -  ResidentSetSize of job (KB)
...
006 (14998214.201.000) 2025-12-03 02:27:22 Image size of job updated: 22424
	1  -  MemoryUsage of job (MB)
	560  -  ResidentSetSize of job (KB)
...
006 (14998214.201.000) 2025-12-03 02:32:23 Image size of job updated: 22424
	1  -  MemoryUsage of job (MB)
	572  -  ResidentSetSize of job (KB)
...
006 (14998214.201.000) 2025-12-03 02:37:23 Image size of job updated: 22424
	1  -  MemoryUsage of job (MB)
	580  -  ResidentSetSize of job (KB)
...
006 (14998214.201.000) 2025-12-03 02:42:23 Image size of job updated: 22424
	1  -  MemoryUsage of job (MB)
	592  -  ResidentSetSize of job (KB)
...
006 (14998214.201.000) 2025-12-03 02:47:24 Image size of job updated: 22424
	1  -  MemoryUsage of job (MB)
	600  -  ResidentSetSize of job (KB)
...
006 (14998214.201.000) 2025-12-03 02:52:24 Image size of job updated: 22424
	1  -  MemoryUsage of job (MB)
	612  -  ResidentSetSize of job (KB)
...
006 (14998214.201.000) 2025-12-03 02:57:25 Image size of job updated: 22424
	1  -  MemoryUsage of job (MB)
	616  -  ResidentSetSize of job (KB)
...
006 (14998214.201.000) 2025-12-03 03:02:26 Image size of job updated: 22424
	1  -  MemoryUsage of job (MB)
	624  -  ResidentSetSize of job (KB)
...
006 (14998214.201.000) 2025-12-03 03:07:26 Image size of job updated: 22424
	1  -  MemoryUsage of job (MB)
	636  -  ResidentSetSize of job (KB)
...
006 (14998214.201.000) 2025-12-03 03:12:26 Image size of job updated: 22552
	1  -  MemoryUsage of job (MB)
	644  -  ResidentSetSize of job (KB)
...
006 (14998214.201.000) 2025-12-03 03:17:28 Image size of job updated: 22552
	1  -  MemoryUsage of job (MB)
	652  -  ResidentSetSize of job (KB)
...
006 (14998214.201.000) 2025-12-03 03:22:28 Image size of job updated: 22552
	1  -  MemoryUsage of job (MB)
	656  -  ResidentSetSize of job (KB)
...
006 (14998214.201.000) 2025-12-03 03:27:28 Image size of job updated: 22552
	1  -  MemoryUsage of job (MB)
	664  -  ResidentSetSize of job (KB)
...
006 (14998214.201.000) 2025-12-03 03:42:30 Image size of job updated: 22552
	1  -  MemoryUsage of job (MB)
	668  -  ResidentSetSize of job (KB)
...
006 (14998214.201.000) 2025-12-03 03:47:31 Image size of job updated: 22552
	1  -  MemoryUsage of job (MB)
	676  -  ResidentSetSize of job (KB)
...
006 (14998214.201.000) 2025-12-03 03:52:32 Image size of job updated: 22552
	1  -  MemoryUsage of job (MB)
	688  -  ResidentSetSize of job (KB)
...
006 (14998214.201.000) 2025-12-03 03:57:32 Image size of job updated: 22552
	1  -  MemoryUsage of job (MB)
	696  -  ResidentSetSize of job (KB)
...
006 (14998214.201.000) 2025-12-03 04:02:33 Image size of job updated: 22552
	1  -  MemoryUsage of job (MB)
	708  -  ResidentSetSize of job (KB)
...
006 (14998214.201.000) 2025-12-03 04:07:34 Image size of job updated: 22552
	1  -  MemoryUsage of job (MB)
	716  -  ResidentSetSize of job (KB)
...
006 (14998214.201.000) 2025-12-03 04:12:34 Image size of job updated: 22552
	1  -  MemoryUsage of job (MB)
	724  -  ResidentSetSize of job (KB)
...
006 (14998214.201.000) 2025-12-03 04:17:34 Image size of job updated: 22684
	1  -  MemoryUsage of job (MB)
	740  -  ResidentSetSize of job (KB)
...
006 (14998214.201.000) 2025-12-03 04:22:35 Image size of job updated: 22684
	1  -  MemoryUsage of job (MB)
	752  -  ResidentSetSize of job (KB)
...
006 (14998214.201.000) 2025-12-03 04:27:35 Image size of job updated: 22684
	1  -  MemoryUsage of job (MB)
	760  -  ResidentSetSize of job (KB)
...
006 (14998214.201.000) 2025-12-03 04:32:35 Image size of job updated: 22684
	1  -  MemoryUsage of job (MB)
	768  -  ResidentSetSize of job (KB)
...
006 (14998214.201.000) 2025-12-03 04:37:36 Image size of job updated: 22684
	1  -  MemoryUsage of job (MB)
	780  -  ResidentSetSize of job (KB)
...
006 (14998214.201.000) 2025-12-03 04:42:37 Image size of job updated: 22684
	1  -  MemoryUsage of job (MB)
	788  -  ResidentSetSize of job (KB)
...
006 (14998214.201.000) 2025-12-03 04:47:37 Image size of job updated: 22684
	1  -  MemoryUsage of job (MB)
	800  -  ResidentSetSize of job (KB)
...
006 (14998214.201.000) 2025-12-03 04:52:38 Image size of job updated: 22684
	1  -  MemoryUsage of job (MB)
	808  -  ResidentSetSize of job (KB)
...
006 (14998214.201.000) 2025-12-03 04:57:39 Image size of job updated: 22684
	1  -  MemoryUsage of job (MB)
	816  -  ResidentSetSize of job (KB)
...
006 (14998214.201.000) 2025-12-03 05:02:39 Image size of job updated: 22684
	1  -  MemoryUsage of job (MB)
	824  -  ResidentSetSize of job (KB)
...
006 (14998214.201.000) 2025-12-03 05:07:39 Image size of job updated: 22684
	1  -  MemoryUsage of job (MB)
	832  -  ResidentSetSize of job (KB)
...
006 (14998214.201.000) 2025-12-03 05:12:41 Image size of job updated: 22684
	1  -  MemoryUsage of job (MB)
	844  -  ResidentSetSize of job (KB)
...
006 (14998214.201.000) 2025-12-03 05:17:41 Image size of job updated: 22684
	1  -  MemoryUsage of job (MB)
	852  -  ResidentSetSize of job (KB)
...
006 (14998214.201.000) 2025-12-03 05:22:41 Image size of job updated: 22684
	1  -  MemoryUsage of job (MB)
	864  -  ResidentSetSize of job (KB)
...
006 (14998214.201.000) 2025-12-03 05:27:42 Image size of job updated: 22816
	1  -  MemoryUsage of job (MB)
	872  -  ResidentSetSize of job (KB)
...
006 (14998214.201.000) 2025-12-03 05:32:43 Image size of job updated: 22816
	1  -  MemoryUsage of job (MB)
	884  -  ResidentSetSize of job (KB)
...
006 (14998214.201.000) 2025-12-03 05:37:43 Image size of job updated: 22816
	1  -  MemoryUsage of job (MB)
	892  -  ResidentSetSize of job (KB)
...
006 (14998214.201.000) 2025-12-03 05:42:44 Image size of job updated: 22816
	1  -  MemoryUsage of job (MB)
	904  -  ResidentSetSize of job (KB)
...
006 (14998214.201.000) 2025-12-03 05:47:45 Image size of job updated: 22816
	1  -  MemoryUsage of job (MB)
	912  -  ResidentSetSize of job (KB)
...
006 (14998214.201.000) 2025-12-03 05:52:45 Image size of job updated: 22816
	1  -  MemoryUsage of job (MB)
	920  -  ResidentSetSize of job (KB)
...
006 (14998214.201.000) 2025-12-03 05:57:45 Image size of job updated: 22816
	1  -  MemoryUsage of job (MB)
	932  -  ResidentSetSize of job (KB)
...
006 (14998214.201.000) 2025-12-03 06:02:46 Image size of job updated: 22816
	1  -  MemoryUsage of job (MB)
	940  -  ResidentSetSize of job (KB)
...
006 (14998214.201.000) 2025-12-03 06:07:46 Image size of job updated: 22816
	1  -  MemoryUsage of job (MB)
	952  -  ResidentSetSize of job (KB)
...
006 (14998214.201.000) 2025-12-03 06:12:46 Image size of job updated: 22816
	1  -  MemoryUsage of job (MB)
	960  -  ResidentSetSize of job (KB)
...
006 (14998214.201.000) 2025-12-03 06:17:48 Image size of job updated: 22816
	1  -  MemoryUsage of job (MB)
	972  -  ResidentSetSize of job (KB)
...
006 (14998214.201.000) 2025-12-03 06:27:48 Image size of job updated: 22816
	1  -  MemoryUsage of job (MB)
	976  -  ResidentSetSize of job (KB)
...
006 (14998214.201.000) 2025-12-03 06:32:49 Image size of job updated: 22948
	1  -  MemoryUsage of job (MB)
	976  -  ResidentSetSize of job (KB)
...
006 (14998214.201.000) 2025-12-03 06:37:49 Image size of job updated: 22948
	1  -  MemoryUsage of job (MB)
	980  -  ResidentSetSize of job (KB)
...
006 (14998214.201.000) 2025-12-03 06:42:49 Image size of job updated: 22948
	1  -  MemoryUsage of job (MB)
	992  -  ResidentSetSize of job (KB)
...
006 (14998214.201.000) 2025-12-03 06:47:50 Image size of job updated: 22948
	1  -  MemoryUsage of job (MB)
	1000  -  ResidentSetSize of job (KB)
...
006 (14998214.201.000) 2025-12-03 06:52:51 Image size of job updated: 22948
	1  -  MemoryUsage of job (MB)
	1004  -  ResidentSetSize of job (KB)
...
006 (14998214.201.000) 2025-12-03 06:57:51 Image size of job updated: 22948
	1  -  MemoryUsage of job (MB)
	1012  -  ResidentSetSize of job (KB)
...
006 (14998214.201.000) 2025-12-03 07:02:53 Image size of job updated: 22948
	1  -  MemoryUsage of job (MB)
	1020  -  ResidentSetSize of job (KB)
...
006 (14998214.201.000) 2025-12-03 07:07:53 Image size of job updated: 22948
	2  -  MemoryUsage of job (MB)
	1032  -  ResidentSetSize of job (KB)
...
006 (14998214.201.000) 2025-12-03 07:12:53 Image size of job updated: 22948
	2  -  MemoryUsage of job (MB)
	1036  -  ResidentSetSize of job (KB)
...
006 (14998214.201.000) 2025-12-03 07:17:54 Image size of job updated: 22948
	2  -  MemoryUsage of job (MB)
	1044  -  ResidentSetSize of job (KB)
...
006 (14998214.201.000) 2025-12-03 07:22:55 Image size of job updated: 22948
	2  -  MemoryUsage of job (MB)
	1056  -  ResidentSetSize of job (KB)
...
006 (14998214.201.000) 2025-12-03 07:27:55 Image size of job updated: 22948
	2  -  MemoryUsage of job (MB)
	1064  -  ResidentSetSize of job (KB)
...
006 (14998214.201.000) 2025-12-03 07:32:56 Image size of job updated: 22948
	2  -  MemoryUsage of job (MB)
	1076  -  ResidentSetSize of job (KB)
...
006 (14998214.201.000) 2025-12-03 07:37:57 Image size of job updated: 22948
	2  -  MemoryUsage of job (MB)
	1084  -  ResidentSetSize of job (KB)
...
006 (14998214.201.000) 2025-12-03 07:42:57 Image size of job updated: 22948
	2  -  MemoryUsage of job (MB)
	1088  -  ResidentSetSize of job (KB)
...
006 (14998214.201.000) 2025-12-03 07:47:58 Image size of job updated: 22948
	2  -  MemoryUsage of job (MB)
	1100  -  ResidentSetSize of job (KB)
...
006 (14998214.201.000) 2025-12-03 07:52:59 Image size of job updated: 23080
	2  -  MemoryUsage of job (MB)
	1108  -  ResidentSetSize of job (KB)
...
006 (14998214.201.000) 2025-12-03 07:57:59 Image size of job updated: 23080
	2  -  MemoryUsage of job (MB)
	1120  -  ResidentSetSize of job (KB)
...
006 (14998214.201.000) 2025-12-03 08:03:00 Image size of job updated: 23080
	2  -  MemoryUsage of job (MB)
	1128  -  ResidentSetSize of job (KB)
...
006 (14998214.201.000) 2025-12-03 08:08:01 Image size of job updated: 23080
	2  -  MemoryUsage of job (MB)
	1140  -  ResidentSetSize of job (KB)
...
006 (14998214.201.000) 2025-12-03 08:13:01 Image size of job updated: 23080
	2  -  MemoryUsage of job (MB)
	1144  -  ResidentSetSize of job (KB)
...
006 (14998214.201.000) 2025-12-03 08:18:02 Image size of job updated: 23080
	2  -  MemoryUsage of job (MB)
	1152  -  ResidentSetSize of job (KB)
...
006 (14998214.201.000) 2025-12-03 08:23:03 Image size of job updated: 23080
	2  -  MemoryUsage of job (MB)
	1164  -  ResidentSetSize of job (KB)
...
006 (14998214.201.000) 2025-12-03 08:28:03 Image size of job updated: 23080
	2  -  MemoryUsage of job (MB)
	1172  -  ResidentSetSize of job (KB)
...
006 (14998214.201.000) 2025-12-03 08:33:04 Image size of job updated: 23080
	2  -  MemoryUsage of job (MB)
	1184  -  ResidentSetSize of job (KB)
...
040 (14998214.201.000) 2025-12-03 08:35:08 Started transferring output files
...
040 (14998214.201.000) 2025-12-03 08:35:08 Finished transferring output files
...
005 (14998214.201.000) 2025-12-03 08:35:08 Job terminated.
	(1) Normal termination (return value 0)
		Usr 0 08:40:16, Sys 0 00:00:34  -  Run Remote Usage
		Usr 0 00:00:00, Sys 0 00:00:00  -  Run Local Usage
		Usr 0 08:40:16, Sys 0 00:00:34  -  Total Remote Usage
		Usr 0 00:00:00, Sys 0 00:00:00  -  Total Local Usage
	113365  -  Run Bytes Sent By Job
	412053  -  Run Bytes Received By Job
	113365  -  Total Bytes Sent By Job
	412053  -  Total Bytes Received By Job
	Partitionable Resources :    Usage  Request Allocated 
	   Cpus                 :     1.00        1         1 
	   Disk (KB)            :   546     2097152   6681581 
	   Memory (MB)          :     2        4096      4096 
	   xferslots            :                           0 

	Job terminated of its own accord at 2025-12-03T13:35:08Z with exit-code 0.
...
