000 (14998214.018.000) 2025-12-02 23:07:12 Job submitted from host: <130.199.48.129:9618?addrs=130.199.48.129-9618&alias=rcas6009.rcf.bnl.gov&noUDP&sock=schedd_22421_101d>
...
040 (14998214.018.000) 2025-12-02 23:14:25 Started transferring input files
	Transferring to host: <130.199.151.26:9618?addrs=130.199.151.26-9618&alias=spool1604.sdcc.bnl.gov&noUDP&sock=slot1_6_94689_c4ab_49836>
...
040 (14998214.018.000) 2025-12-02 23:14:26 Finished transferring input files
...
001 (14998214.018.000) 2025-12-02 23:14:27 Job executing on host: <130.199.151.26:9618?addrs=130.199.151.26-9618&alias=spool1604.sdcc.bnl.gov&noUDP&sock=startd_94679_cec8>
...
006 (14998214.018.000) 2025-12-02 23:14:36 Image size of job updated: 22160
	1  -  MemoryUsage of job (MB)
	372  -  ResidentSetSize of job (KB)
...
006 (14998214.018.000) 2025-12-02 23:19:36 Image size of job updated: 22160
	1  -  MemoryUsage of job (MB)
	380  -  ResidentSetSize of job (KB)
...
006 (14998214.018.000) 2025-12-02 23:24:36 Image size of job updated: 22160
	1  -  MemoryUsage of job (MB)
	392  -  ResidentSetSize of job (KB)
...
006 (14998214.018.000) 2025-12-02 23:29:37 Image size of job updated: 22160
	1  -  MemoryUsage of job (MB)
	400  -  ResidentSetSize of job (KB)
...
006 (14998214.018.000) 2025-12-02 23:34:38 Image size of job updated: 22160
	1  -  MemoryUsage of job (MB)
	412  -  ResidentSetSize of job (KB)
...
006 (14998214.018.000) 2025-12-02 23:39:38 Image size of job updated: 22160
	1  -  MemoryUsage of job (MB)
	420  -  ResidentSetSize of job (KB)
...
006 (14998214.018.000) 2025-12-02 23:44:39 Image size of job updated: 22160
	1  -  MemoryUsage of job (MB)
	432  -  ResidentSetSize of job (KB)
...
006 (14998214.018.000) 2025-12-02 23:49:40 Image size of job updated: 22160
	1  -  MemoryUsage of job (MB)
	440  -  ResidentSetSize of job (KB)
...
006 (14998214.018.000) 2025-12-02 23:54:40 Image size of job updated: 22160
	1  -  MemoryUsage of job (MB)
	452  -  ResidentSetSize of job (KB)
...
006 (14998214.018.000) 2025-12-02 23:59:41 Image size of job updated: 22160
	1  -  MemoryUsage of job (MB)
	464  -  ResidentSetSize of job (KB)
...
006 (14998214.018.000) 2025-12-03 00:04:42 Image size of job updated: 22160
	1  -  MemoryUsage of job (MB)
	472  -  ResidentSetSize of job (KB)
...
006 (14998214.018.000) 2025-12-03 00:09:42 Image size of job updated: 22160
	1  -  MemoryUsage of job (MB)
	484  -  ResidentSetSize of job (KB)
...
006 (14998214.018.000) 2025-12-03 00:14:42 Image size of job updated: 22292
	1  -  MemoryUsage of job (MB)
	492  -  ResidentSetSize of job (KB)
...
006 (14998214.018.000) 2025-12-03 00:19:44 Image size of job updated: 22292
	1  -  MemoryUsage of job (MB)
	504  -  ResidentSetSize of job (KB)
...
006 (14998214.018.000) 2025-12-03 00:24:44 Image size of job updated: 22292
	1  -  MemoryUsage of job (MB)
	512  -  ResidentSetSize of job (KB)
...
006 (14998214.018.000) 2025-12-03 00:29:44 Image size of job updated: 22292
	1  -  MemoryUsage of job (MB)
	524  -  ResidentSetSize of job (KB)
...
006 (14998214.018.000) 2025-12-03 00:34:45 Image size of job updated: 22292
	1  -  MemoryUsage of job (MB)
	528  -  ResidentSetSize of job (KB)
...
006 (14998214.018.000) 2025-12-03 00:39:46 Image size of job updated: 22292
	1  -  MemoryUsage of job (MB)
	536  -  ResidentSetSize of job (KB)
...
006 (14998214.018.000) 2025-12-03 00:44:46 Image size of job updated: 22292
	1  -  MemoryUsage of job (MB)
	548  -  ResidentSetSize of job (KB)
...
006 (14998214.018.000) 2025-12-03 00:49:47 Image size of job updated: 22292
	1  -  MemoryUsage of job (MB)
	556  -  ResidentSetSize of job (KB)
...
006 (14998214.018.000) 2025-12-03 00:54:48 Image size of job updated: 22292
	1  -  MemoryUsage of job (MB)
	568  -  ResidentSetSize of job (KB)
...
006 (14998214.018.000) 2025-12-03 00:59:48 Image size of job updated: 22292
	1  -  MemoryUsage of job (MB)
	576  -  ResidentSetSize of job (KB)
...
006 (14998214.018.000) 2025-12-03 01:04:48 Image size of job updated: 22292
	1  -  MemoryUsage of job (MB)
	588  -  ResidentSetSize of job (KB)
...
006 (14998214.018.000) 2025-12-03 01:09:49 Image size of job updated: 22292
	1  -  MemoryUsage of job (MB)
	596  -  ResidentSetSize of job (KB)
...
006 (14998214.018.000) 2025-12-03 01:18:21 Image size of job updated: 22292
	1  -  MemoryUsage of job (MB)
	604  -  ResidentSetSize of job (KB)
...
006 (14998214.018.000) 2025-12-03 01:28:58 Image size of job updated: 22424
	1  -  MemoryUsage of job (MB)
	632  -  ResidentSetSize of job (KB)
...
006 (14998214.018.000) 2025-12-03 01:37:27 Image size of job updated: 22424
	1  -  MemoryUsage of job (MB)
	644  -  ResidentSetSize of job (KB)
...
006 (14998214.018.000) 2025-12-03 01:42:33 Image size of job updated: 22424
	1  -  MemoryUsage of job (MB)
	656  -  ResidentSetSize of job (KB)
...
006 (14998214.018.000) 2025-12-03 01:47:34 Image size of job updated: 22424
	1  -  MemoryUsage of job (MB)
	664  -  ResidentSetSize of job (KB)
...
006 (14998214.018.000) 2025-12-03 01:52:34 Image size of job updated: 22424
	1  -  MemoryUsage of job (MB)
	668  -  ResidentSetSize of job (KB)
...
006 (14998214.018.000) 2025-12-03 01:57:35 Image size of job updated: 22424
	1  -  MemoryUsage of job (MB)
	680  -  ResidentSetSize of job (KB)
...
006 (14998214.018.000) 2025-12-03 02:02:36 Image size of job updated: 22424
	1  -  MemoryUsage of job (MB)
	688  -  ResidentSetSize of job (KB)
...
006 (14998214.018.000) 2025-12-03 02:07:36 Image size of job updated: 22424
	1  -  MemoryUsage of job (MB)
	700  -  ResidentSetSize of job (KB)
...
006 (14998214.018.000) 2025-12-03 02:12:36 Image size of job updated: 22424
	1  -  MemoryUsage of job (MB)
	708  -  ResidentSetSize of job (KB)
...
006 (14998214.018.000) 2025-12-03 02:17:37 Image size of job updated: 22424
	1  -  MemoryUsage of job (MB)
	712  -  ResidentSetSize of job (KB)
...
006 (14998214.018.000) 2025-12-03 02:22:37 Image size of job updated: 22424
	1  -  MemoryUsage of job (MB)
	724  -  ResidentSetSize of job (KB)
...
006 (14998214.018.000) 2025-12-03 02:27:37 Image size of job updated: 22424
	1  -  MemoryUsage of job (MB)
	732  -  ResidentSetSize of job (KB)
...
006 (14998214.018.000) 2025-12-03 02:32:38 Image size of job updated: 22424
	1  -  MemoryUsage of job (MB)
	744  -  ResidentSetSize of job (KB)
...
006 (14998214.018.000) 2025-12-03 02:37:39 Image size of job updated: 22552
	1  -  MemoryUsage of job (MB)
	752  -  ResidentSetSize of job (KB)
...
006 (14998214.018.000) 2025-12-03 02:52:41 Image size of job updated: 22552
	1  -  MemoryUsage of job (MB)
	760  -  ResidentSetSize of job (KB)
...
006 (14998214.018.000) 2025-12-03 02:57:41 Image size of job updated: 22552
	1  -  MemoryUsage of job (MB)
	772  -  ResidentSetSize of job (KB)
...
006 (14998214.018.000) 2025-12-03 03:02:42 Image size of job updated: 22552
	1  -  MemoryUsage of job (MB)
	780  -  ResidentSetSize of job (KB)
...
006 (14998214.018.000) 2025-12-03 03:07:43 Image size of job updated: 22552
	1  -  MemoryUsage of job (MB)
	784  -  ResidentSetSize of job (KB)
...
006 (14998214.018.000) 2025-12-03 03:12:43 Image size of job updated: 22552
	1  -  MemoryUsage of job (MB)
	796  -  ResidentSetSize of job (KB)
...
006 (14998214.018.000) 2025-12-03 03:17:43 Image size of job updated: 22552
	1  -  MemoryUsage of job (MB)
	804  -  ResidentSetSize of job (KB)
...
006 (14998214.018.000) 2025-12-03 03:22:44 Image size of job updated: 22552
	1  -  MemoryUsage of job (MB)
	816  -  ResidentSetSize of job (KB)
...
006 (14998214.018.000) 2025-12-03 03:27:44 Image size of job updated: 22552
	1  -  MemoryUsage of job (MB)
	824  -  ResidentSetSize of job (KB)
...
006 (14998214.018.000) 2025-12-03 03:32:44 Image size of job updated: 22552
	1  -  MemoryUsage of job (MB)
	832  -  ResidentSetSize of job (KB)
...
006 (14998214.018.000) 2025-12-03 03:37:45 Image size of job updated: 22552
	1  -  MemoryUsage of job (MB)
	836  -  ResidentSetSize of job (KB)
...
006 (14998214.018.000) 2025-12-03 03:42:46 Image size of job updated: 22552
	1  -  MemoryUsage of job (MB)
	844  -  ResidentSetSize of job (KB)
...
006 (14998214.018.000) 2025-12-03 03:47:46 Image size of job updated: 22552
	1  -  MemoryUsage of job (MB)
	856  -  ResidentSetSize of job (KB)
...
006 (14998214.018.000) 2025-12-03 03:52:47 Image size of job updated: 22684
	1  -  MemoryUsage of job (MB)
	864  -  ResidentSetSize of job (KB)
...
006 (14998214.018.000) 2025-12-03 03:57:48 Image size of job updated: 22684
	1  -  MemoryUsage of job (MB)
	876  -  ResidentSetSize of job (KB)
...
006 (14998214.018.000) 2025-12-03 04:02:48 Image size of job updated: 22684
	1  -  MemoryUsage of job (MB)
	884  -  ResidentSetSize of job (KB)
...
006 (14998214.018.000) 2025-12-03 04:07:48 Image size of job updated: 22684
	1  -  MemoryUsage of job (MB)
	892  -  ResidentSetSize of job (KB)
...
006 (14998214.018.000) 2025-12-03 04:12:49 Image size of job updated: 22684
	1  -  MemoryUsage of job (MB)
	900  -  ResidentSetSize of job (KB)
...
006 (14998214.018.000) 2025-12-03 04:17:49 Image size of job updated: 22684
	1  -  MemoryUsage of job (MB)
	908  -  ResidentSetSize of job (KB)
...
006 (14998214.018.000) 2025-12-03 04:22:49 Image size of job updated: 22684
	1  -  MemoryUsage of job (MB)
	920  -  ResidentSetSize of job (KB)
...
006 (14998214.018.000) 2025-12-03 04:27:50 Image size of job updated: 22684
	1  -  MemoryUsage of job (MB)
	928  -  ResidentSetSize of job (KB)
...
006 (14998214.018.000) 2025-12-03 04:32:51 Image size of job updated: 22684
	1  -  MemoryUsage of job (MB)
	940  -  ResidentSetSize of job (KB)
...
006 (14998214.018.000) 2025-12-03 04:37:51 Image size of job updated: 22684
	1  -  MemoryUsage of job (MB)
	948  -  ResidentSetSize of job (KB)
...
006 (14998214.018.000) 2025-12-03 04:42:52 Image size of job updated: 22684
	1  -  MemoryUsage of job (MB)
	956  -  ResidentSetSize of job (KB)
...
006 (14998214.018.000) 2025-12-03 04:47:53 Image size of job updated: 22684
	1  -  MemoryUsage of job (MB)
	968  -  ResidentSetSize of job (KB)
...
006 (14998214.018.000) 2025-12-03 04:52:53 Image size of job updated: 22684
	1  -  MemoryUsage of job (MB)
	972  -  ResidentSetSize of job (KB)
...
006 (14998214.018.000) 2025-12-03 04:57:53 Image size of job updated: 22684
	1  -  MemoryUsage of job (MB)
	984  -  ResidentSetSize of job (KB)
...
006 (14998214.018.000) 2025-12-03 05:02:54 Image size of job updated: 22816
	1  -  MemoryUsage of job (MB)
	988  -  ResidentSetSize of job (KB)
...
006 (14998214.018.000) 2025-12-03 05:07:54 Image size of job updated: 22816
	1  -  MemoryUsage of job (MB)
	996  -  ResidentSetSize of job (KB)
...
006 (14998214.018.000) 2025-12-03 05:12:55 Image size of job updated: 22816
	1  -  MemoryUsage of job (MB)
	1008  -  ResidentSetSize of job (KB)
...
006 (14998214.018.000) 2025-12-03 05:17:56 Image size of job updated: 22816
	1  -  MemoryUsage of job (MB)
	1016  -  ResidentSetSize of job (KB)
...
006 (14998214.018.000) 2025-12-03 05:22:56 Image size of job updated: 22816
	2  -  MemoryUsage of job (MB)
	1028  -  ResidentSetSize of job (KB)
...
006 (14998214.018.000) 2025-12-03 05:27:56 Image size of job updated: 22816
	2  -  MemoryUsage of job (MB)
	1036  -  ResidentSetSize of job (KB)
...
006 (14998214.018.000) 2025-12-03 05:32:57 Image size of job updated: 22816
	2  -  MemoryUsage of job (MB)
	1040  -  ResidentSetSize of job (KB)
...
006 (14998214.018.000) 2025-12-03 05:37:57 Image size of job updated: 22816
	2  -  MemoryUsage of job (MB)
	1048  -  ResidentSetSize of job (KB)
...
006 (14998214.018.000) 2025-12-03 05:42:57 Image size of job updated: 22816
	2  -  MemoryUsage of job (MB)
	1056  -  ResidentSetSize of job (KB)
...
006 (14998214.018.000) 2025-12-03 05:47:58 Image size of job updated: 22816
	2  -  MemoryUsage of job (MB)
	1064  -  ResidentSetSize of job (KB)
...
006 (14998214.018.000) 2025-12-03 05:52:59 Image size of job updated: 22816
	2  -  MemoryUsage of job (MB)
	1072  -  ResidentSetSize of job (KB)
...
006 (14998214.018.000) 2025-12-03 05:57:59 Image size of job updated: 22816
	2  -  MemoryUsage of job (MB)
	1084  -  ResidentSetSize of job (KB)
...
006 (14998214.018.000) 2025-12-03 06:03:00 Image size of job updated: 22816
	2  -  MemoryUsage of job (MB)
	1092  -  ResidentSetSize of job (KB)
...
006 (14998214.018.000) 2025-12-03 06:08:01 Image size of job updated: 22816
	2  -  MemoryUsage of job (MB)
	1096  -  ResidentSetSize of job (KB)
...
006 (14998214.018.000) 2025-12-03 06:13:01 Image size of job updated: 22816
	2  -  MemoryUsage of job (MB)
	1108  -  ResidentSetSize of job (KB)
...
006 (14998214.018.000) 2025-12-03 06:18:02 Image size of job updated: 22948
	2  -  MemoryUsage of job (MB)
	1116  -  ResidentSetSize of job (KB)
...
006 (14998214.018.000) 2025-12-03 06:23:03 Image size of job updated: 22948
	2  -  MemoryUsage of job (MB)
	1124  -  ResidentSetSize of job (KB)
...
006 (14998214.018.000) 2025-12-03 06:28:03 Image size of job updated: 22948
	2  -  MemoryUsage of job (MB)
	1132  -  ResidentSetSize of job (KB)
...
006 (14998214.018.000) 2025-12-03 06:33:03 Image size of job updated: 22948
	2  -  MemoryUsage of job (MB)
	1144  -  ResidentSetSize of job (KB)
...
006 (14998214.018.000) 2025-12-03 06:38:04 Image size of job updated: 22948
	2  -  MemoryUsage of job (MB)
	1152  -  ResidentSetSize of job (KB)
...
006 (14998214.018.000) 2025-12-03 06:43:04 Image size of job updated: 22948
	2  -  MemoryUsage of job (MB)
	1156  -  ResidentSetSize of job (KB)
...
006 (14998214.018.000) 2025-12-03 06:48:04 Image size of job updated: 22948
	2  -  MemoryUsage of job (MB)
	1168  -  ResidentSetSize of job (KB)
...
006 (14998214.018.000) 2025-12-03 06:53:05 Image size of job updated: 22948
	2  -  MemoryUsage of job (MB)
	1176  -  ResidentSetSize of job (KB)
...
006 (14998214.018.000) 2025-12-03 06:58:06 Image size of job updated: 22948
	2  -  MemoryUsage of job (MB)
	1188  -  ResidentSetSize of job (KB)
...
006 (14998214.018.000) 2025-12-03 07:03:06 Image size of job updated: 22948
	2  -  MemoryUsage of job (MB)
	1196  -  ResidentSetSize of job (KB)
...
006 (14998214.018.000) 2025-12-03 07:08:07 Image size of job updated: 22948
	2  -  MemoryUsage of job (MB)
	1204  -  ResidentSetSize of job (KB)
...
006 (14998214.018.000) 2025-12-03 07:13:08 Image size of job updated: 22948
	2  -  MemoryUsage of job (MB)
	1212  -  ResidentSetSize of job (KB)
...
006 (14998214.018.000) 2025-12-03 07:18:08 Image size of job updated: 22948
	2  -  MemoryUsage of job (MB)
	1220  -  ResidentSetSize of job (KB)
...
006 (14998214.018.000) 2025-12-03 07:23:09 Image size of job updated: 22948
	2  -  MemoryUsage of job (MB)
	1232  -  ResidentSetSize of job (KB)
...
006 (14998214.018.000) 2025-12-03 07:28:10 Image size of job updated: 23080
	2  -  MemoryUsage of job (MB)
	1240  -  ResidentSetSize of job (KB)
...
006 (14998214.018.000) 2025-12-03 07:33:10 Image size of job updated: 23080
	2  -  MemoryUsage of job (MB)
	1248  -  ResidentSetSize of job (KB)
...
006 (14998214.018.000) 2025-12-03 07:38:10 Image size of job updated: 23080
	2  -  MemoryUsage of job (MB)
	1260  -  ResidentSetSize of job (KB)
...
006 (14998214.018.000) 2025-12-03 07:43:11 Image size of job updated: 23080
	2  -  MemoryUsage of job (MB)
	1268  -  ResidentSetSize of job (KB)
...
006 (14998214.018.000) 2025-12-03 07:48:11 Image size of job updated: 23080
	2  -  MemoryUsage of job (MB)
	1276  -  ResidentSetSize of job (KB)
...
006 (14998214.018.000) 2025-12-03 07:53:11 Image size of job updated: 23080
	2  -  MemoryUsage of job (MB)
	1284  -  ResidentSetSize of job (KB)
...
006 (14998214.018.000) 2025-12-03 07:58:12 Image size of job updated: 23080
	2  -  MemoryUsage of job (MB)
	1292  -  ResidentSetSize of job (KB)
...
006 (14998214.018.000) 2025-12-03 08:03:13 Image size of job updated: 23080
	2  -  MemoryUsage of job (MB)
	1304  -  ResidentSetSize of job (KB)
...
006 (14998214.018.000) 2025-12-03 08:08:13 Image size of job updated: 23080
	2  -  MemoryUsage of job (MB)
	1312  -  ResidentSetSize of job (KB)
...
040 (14998214.018.000) 2025-12-03 08:12:55 Started transferring output files
...
040 (14998214.018.000) 2025-12-03 08:12:55 Finished transferring output files
...
005 (14998214.018.000) 2025-12-03 08:12:55 Job terminated.
	(1) Normal termination (return value 0)
		Usr 0 08:58:14, Sys 0 00:00:01  -  Run Remote Usage
		Usr 0 00:00:00, Sys 0 00:00:00  -  Run Local Usage
		Usr 0 08:58:14, Sys 0 00:00:01  -  Total Remote Usage
		Usr 0 00:00:00, Sys 0 00:00:00  -  Total Local Usage
	113365  -  Run Bytes Sent By Job
	165001  -  Run Bytes Received By Job
	113365  -  Total Bytes Sent By Job
	165001  -  Total Bytes Received By Job
	Partitionable Resources :    Usage  Request Allocated 
	   Cpus                 :     1.00        1         1 
	   Disk (KB)            :   305     2097152   6681169 
	   Memory (MB)          :     2        4096      4096 
	   xferslots            :                           0 

	Job terminated of its own accord at 2025-12-03T13:12:55Z with exit-code 0.
...
