000 (14998214.181.000) 2025-12-02 23:07:12 Job submitted from host: <130.199.48.129:9618?addrs=130.199.48.129-9618&alias=rcas6009.rcf.bnl.gov&noUDP&sock=schedd_22421_101d>
...
040 (14998214.181.000) 2025-12-02 23:40:10 Started transferring input files
	Transferring to host: <130.199.150.95:9618?addrs=130.199.150.95-9618&alias=spool1576.sdcc.bnl.gov&noUDP&sock=slot1_11_24869_7fc2_52711>
...
040 (14998214.181.000) 2025-12-02 23:40:13 Finished transferring input files
...
001 (14998214.181.000) 2025-12-02 23:40:14 Job executing on host: <130.199.150.95:9618?addrs=130.199.150.95-9618&alias=spool1576.sdcc.bnl.gov&noUDP&sock=startd_24860_f9c4>
...
006 (14998214.181.000) 2025-12-02 23:40:22 Image size of job updated: 51036
	1  -  MemoryUsage of job (MB)
	376  -  ResidentSetSize of job (KB)
...
006 (14998214.181.000) 2025-12-02 23:45:22 Image size of job updated: 51036
	1  -  MemoryUsage of job (MB)
	384  -  ResidentSetSize of job (KB)
...
006 (14998214.181.000) 2025-12-02 23:50:23 Image size of job updated: 51036
	1  -  MemoryUsage of job (MB)
	396  -  ResidentSetSize of job (KB)
...
006 (14998214.181.000) 2025-12-02 23:55:23 Image size of job updated: 51036
	1  -  MemoryUsage of job (MB)
	404  -  ResidentSetSize of job (KB)
...
006 (14998214.181.000) 2025-12-03 00:00:23 Image size of job updated: 51036
	1  -  MemoryUsage of job (MB)
	420  -  ResidentSetSize of job (KB)
...
006 (14998214.181.000) 2025-12-03 00:05:24 Image size of job updated: 51036
	1  -  MemoryUsage of job (MB)
	428  -  ResidentSetSize of job (KB)
...
006 (14998214.181.000) 2025-12-03 00:10:25 Image size of job updated: 51036
	1  -  MemoryUsage of job (MB)
	440  -  ResidentSetSize of job (KB)
...
006 (14998214.181.000) 2025-12-03 00:15:25 Image size of job updated: 51036
	1  -  MemoryUsage of job (MB)
	448  -  ResidentSetSize of job (KB)
...
006 (14998214.181.000) 2025-12-03 00:20:26 Image size of job updated: 51036
	1  -  MemoryUsage of job (MB)
	468  -  ResidentSetSize of job (KB)
...
006 (14998214.181.000) 2025-12-03 00:25:27 Image size of job updated: 51036
	1  -  MemoryUsage of job (MB)
	476  -  ResidentSetSize of job (KB)
...
006 (14998214.181.000) 2025-12-03 00:30:27 Image size of job updated: 51036
	1  -  MemoryUsage of job (MB)
	488  -  ResidentSetSize of job (KB)
...
006 (14998214.181.000) 2025-12-03 00:35:27 Image size of job updated: 51036
	1  -  MemoryUsage of job (MB)
	496  -  ResidentSetSize of job (KB)
...
006 (14998214.181.000) 2025-12-03 00:40:28 Image size of job updated: 51036
	1  -  MemoryUsage of job (MB)
	508  -  ResidentSetSize of job (KB)
...
006 (14998214.181.000) 2025-12-03 00:45:28 Image size of job updated: 51036
	1  -  MemoryUsage of job (MB)
	516  -  ResidentSetSize of job (KB)
...
006 (14998214.181.000) 2025-12-03 00:50:28 Image size of job updated: 51036
	1  -  MemoryUsage of job (MB)
	528  -  ResidentSetSize of job (KB)
...
006 (14998214.181.000) 2025-12-03 00:55:29 Image size of job updated: 51036
	1  -  MemoryUsage of job (MB)
	536  -  ResidentSetSize of job (KB)
...
006 (14998214.181.000) 2025-12-03 01:00:29 Image size of job updated: 51036
	1  -  MemoryUsage of job (MB)
	544  -  ResidentSetSize of job (KB)
...
006 (14998214.181.000) 2025-12-03 01:05:29 Image size of job updated: 51036
	1  -  MemoryUsage of job (MB)
	552  -  ResidentSetSize of job (KB)
...
006 (14998214.181.000) 2025-12-03 01:10:31 Image size of job updated: 51036
	1  -  MemoryUsage of job (MB)
	560  -  ResidentSetSize of job (KB)
...
006 (14998214.181.000) 2025-12-03 01:15:31 Image size of job updated: 51036
	1  -  MemoryUsage of job (MB)
	572  -  ResidentSetSize of job (KB)
...
006 (14998214.181.000) 2025-12-03 01:20:31 Image size of job updated: 51036
	1  -  MemoryUsage of job (MB)
	580  -  ResidentSetSize of job (KB)
...
006 (14998214.181.000) 2025-12-03 01:25:32 Image size of job updated: 51036
	1  -  MemoryUsage of job (MB)
	592  -  ResidentSetSize of job (KB)
...
006 (14998214.181.000) 2025-12-03 01:30:32 Image size of job updated: 51036
	1  -  MemoryUsage of job (MB)
	600  -  ResidentSetSize of job (KB)
...
006 (14998214.181.000) 2025-12-03 01:35:32 Image size of job updated: 51036
	1  -  MemoryUsage of job (MB)
	612  -  ResidentSetSize of job (KB)
...
006 (14998214.181.000) 2025-12-03 01:40:33 Image size of job updated: 51036
	1  -  MemoryUsage of job (MB)
	620  -  ResidentSetSize of job (KB)
...
006 (14998214.181.000) 2025-12-03 01:45:33 Image size of job updated: 51036
	1  -  MemoryUsage of job (MB)
	632  -  ResidentSetSize of job (KB)
...
006 (14998214.181.000) 2025-12-03 01:50:33 Image size of job updated: 51036
	1  -  MemoryUsage of job (MB)
	640  -  ResidentSetSize of job (KB)
...
006 (14998214.181.000) 2025-12-03 01:55:34 Image size of job updated: 51036
	1  -  MemoryUsage of job (MB)
	648  -  ResidentSetSize of job (KB)
...
006 (14998214.181.000) 2025-12-03 02:00:35 Image size of job updated: 51036
	1  -  MemoryUsage of job (MB)
	660  -  ResidentSetSize of job (KB)
...
006 (14998214.181.000) 2025-12-03 02:05:35 Image size of job updated: 51036
	1  -  MemoryUsage of job (MB)
	668  -  ResidentSetSize of job (KB)
...
006 (14998214.181.000) 2025-12-03 02:10:36 Image size of job updated: 51036
	1  -  MemoryUsage of job (MB)
	680  -  ResidentSetSize of job (KB)
...
006 (14998214.181.000) 2025-12-03 02:15:37 Image size of job updated: 51036
	1  -  MemoryUsage of job (MB)
	688  -  ResidentSetSize of job (KB)
...
006 (14998214.181.000) 2025-12-03 02:20:37 Image size of job updated: 51036
	1  -  MemoryUsage of job (MB)
	700  -  ResidentSetSize of job (KB)
...
006 (14998214.181.000) 2025-12-03 02:25:37 Image size of job updated: 51036
	1  -  MemoryUsage of job (MB)
	708  -  ResidentSetSize of job (KB)
...
006 (14998214.181.000) 2025-12-03 02:30:38 Image size of job updated: 51036
	1  -  MemoryUsage of job (MB)
	720  -  ResidentSetSize of job (KB)
...
006 (14998214.181.000) 2025-12-03 02:35:38 Image size of job updated: 51036
	1  -  MemoryUsage of job (MB)
	728  -  ResidentSetSize of job (KB)
...
006 (14998214.181.000) 2025-12-03 02:40:38 Image size of job updated: 51036
	1  -  MemoryUsage of job (MB)
	736  -  ResidentSetSize of job (KB)
...
006 (14998214.181.000) 2025-12-03 02:45:40 Image size of job updated: 51036
	1  -  MemoryUsage of job (MB)
	748  -  ResidentSetSize of job (KB)
...
006 (14998214.181.000) 2025-12-03 02:50:40 Image size of job updated: 51036
	1  -  MemoryUsage of job (MB)
	756  -  ResidentSetSize of job (KB)
...
006 (14998214.181.000) 2025-12-03 02:55:40 Image size of job updated: 51036
	1  -  MemoryUsage of job (MB)
	768  -  ResidentSetSize of job (KB)
...
006 (14998214.181.000) 2025-12-03 03:00:41 Image size of job updated: 51036
	1  -  MemoryUsage of job (MB)
	776  -  ResidentSetSize of job (KB)
...
006 (14998214.181.000) 2025-12-03 03:05:42 Image size of job updated: 51036
	1  -  MemoryUsage of job (MB)
	788  -  ResidentSetSize of job (KB)
...
006 (14998214.181.000) 2025-12-03 03:10:42 Image size of job updated: 51036
	1  -  MemoryUsage of job (MB)
	796  -  ResidentSetSize of job (KB)
...
006 (14998214.181.000) 2025-12-03 03:20:44 Image size of job updated: 51036
	1  -  MemoryUsage of job (MB)
	804  -  ResidentSetSize of job (KB)
...
006 (14998214.181.000) 2025-12-03 03:25:44 Image size of job updated: 51036
	1  -  MemoryUsage of job (MB)
	812  -  ResidentSetSize of job (KB)
...
006 (14998214.181.000) 2025-12-03 03:30:45 Image size of job updated: 51036
	1  -  MemoryUsage of job (MB)
	824  -  ResidentSetSize of job (KB)
...
006 (14998214.181.000) 2025-12-03 03:35:45 Image size of job updated: 51036
	1  -  MemoryUsage of job (MB)
	832  -  ResidentSetSize of job (KB)
...
006 (14998214.181.000) 2025-12-03 03:40:45 Image size of job updated: 51036
	1  -  MemoryUsage of job (MB)
	848  -  ResidentSetSize of job (KB)
...
006 (14998214.181.000) 2025-12-03 03:45:46 Image size of job updated: 51036
	1  -  MemoryUsage of job (MB)
	856  -  ResidentSetSize of job (KB)
...
006 (14998214.181.000) 2025-12-03 03:50:46 Image size of job updated: 51036
	1  -  MemoryUsage of job (MB)
	868  -  ResidentSetSize of job (KB)
...
006 (14998214.181.000) 2025-12-03 03:55:46 Image size of job updated: 51036
	1  -  MemoryUsage of job (MB)
	876  -  ResidentSetSize of job (KB)
...
006 (14998214.181.000) 2025-12-03 04:00:48 Image size of job updated: 51036
	1  -  MemoryUsage of job (MB)
	888  -  ResidentSetSize of job (KB)
...
006 (14998214.181.000) 2025-12-03 04:05:48 Image size of job updated: 51036
	1  -  MemoryUsage of job (MB)
	896  -  ResidentSetSize of job (KB)
...
006 (14998214.181.000) 2025-12-03 04:10:48 Image size of job updated: 51036
	1  -  MemoryUsage of job (MB)
	908  -  ResidentSetSize of job (KB)
...
006 (14998214.181.000) 2025-12-03 04:15:49 Image size of job updated: 51036
	1  -  MemoryUsage of job (MB)
	920  -  ResidentSetSize of job (KB)
...
006 (14998214.181.000) 2025-12-03 04:20:50 Image size of job updated: 51036
	1  -  MemoryUsage of job (MB)
	932  -  ResidentSetSize of job (KB)
...
006 (14998214.181.000) 2025-12-03 04:25:50 Image size of job updated: 51036
	1  -  MemoryUsage of job (MB)
	940  -  ResidentSetSize of job (KB)
...
006 (14998214.181.000) 2025-12-03 04:30:51 Image size of job updated: 51036
	1  -  MemoryUsage of job (MB)
	952  -  ResidentSetSize of job (KB)
...
006 (14998214.181.000) 2025-12-03 04:35:52 Image size of job updated: 51036
	1  -  MemoryUsage of job (MB)
	960  -  ResidentSetSize of job (KB)
...
006 (14998214.181.000) 2025-12-03 04:40:52 Image size of job updated: 51036
	1  -  MemoryUsage of job (MB)
	972  -  ResidentSetSize of job (KB)
...
006 (14998214.181.000) 2025-12-03 04:45:52 Image size of job updated: 51036
	1  -  MemoryUsage of job (MB)
	980  -  ResidentSetSize of job (KB)
...
006 (14998214.181.000) 2025-12-03 04:50:53 Image size of job updated: 51036
	1  -  MemoryUsage of job (MB)
	992  -  ResidentSetSize of job (KB)
...
006 (14998214.181.000) 2025-12-03 05:15:55 Image size of job updated: 51036
	1  -  MemoryUsage of job (MB)
	1000  -  ResidentSetSize of job (KB)
...
006 (14998214.181.000) 2025-12-03 05:20:56 Image size of job updated: 51036
	1  -  MemoryUsage of job (MB)
	1008  -  ResidentSetSize of job (KB)
...
006 (14998214.181.000) 2025-12-03 05:25:57 Image size of job updated: 51036
	1  -  MemoryUsage of job (MB)
	1020  -  ResidentSetSize of job (KB)
...
006 (14998214.181.000) 2025-12-03 05:30:57 Image size of job updated: 51036
	2  -  MemoryUsage of job (MB)
	1028  -  ResidentSetSize of job (KB)
...
006 (14998214.181.000) 2025-12-03 05:35:57 Image size of job updated: 51036
	2  -  MemoryUsage of job (MB)
	1040  -  ResidentSetSize of job (KB)
...
006 (14998214.181.000) 2025-12-03 05:40:58 Image size of job updated: 51036
	2  -  MemoryUsage of job (MB)
	1048  -  ResidentSetSize of job (KB)
...
006 (14998214.181.000) 2025-12-03 05:45:58 Image size of job updated: 51036
	2  -  MemoryUsage of job (MB)
	1056  -  ResidentSetSize of job (KB)
...
006 (14998214.181.000) 2025-12-03 05:50:58 Image size of job updated: 51036
	2  -  MemoryUsage of job (MB)
	1068  -  ResidentSetSize of job (KB)
...
006 (14998214.181.000) 2025-12-03 05:56:00 Image size of job updated: 51036
	2  -  MemoryUsage of job (MB)
	1076  -  ResidentSetSize of job (KB)
...
006 (14998214.181.000) 2025-12-03 06:01:00 Image size of job updated: 51036
	2  -  MemoryUsage of job (MB)
	1088  -  ResidentSetSize of job (KB)
...
006 (14998214.181.000) 2025-12-03 06:06:00 Image size of job updated: 51036
	2  -  MemoryUsage of job (MB)
	1096  -  ResidentSetSize of job (KB)
...
006 (14998214.181.000) 2025-12-03 06:11:02 Image size of job updated: 51036
	2  -  MemoryUsage of job (MB)
	1108  -  ResidentSetSize of job (KB)
...
006 (14998214.181.000) 2025-12-03 06:16:02 Image size of job updated: 51036
	2  -  MemoryUsage of job (MB)
	1120  -  ResidentSetSize of job (KB)
...
006 (14998214.181.000) 2025-12-03 06:21:02 Image size of job updated: 51036
	2  -  MemoryUsage of job (MB)
	1132  -  ResidentSetSize of job (KB)
...
006 (14998214.181.000) 2025-12-03 06:26:03 Image size of job updated: 51036
	2  -  MemoryUsage of job (MB)
	1140  -  ResidentSetSize of job (KB)
...
006 (14998214.181.000) 2025-12-03 06:31:04 Image size of job updated: 51036
	2  -  MemoryUsage of job (MB)
	1152  -  ResidentSetSize of job (KB)
...
006 (14998214.181.000) 2025-12-03 06:36:04 Image size of job updated: 51036
	2  -  MemoryUsage of job (MB)
	1160  -  ResidentSetSize of job (KB)
...
006 (14998214.181.000) 2025-12-03 06:41:05 Image size of job updated: 51036
	2  -  MemoryUsage of job (MB)
	1172  -  ResidentSetSize of job (KB)
...
006 (14998214.181.000) 2025-12-03 06:46:06 Image size of job updated: 51036
	2  -  MemoryUsage of job (MB)
	1180  -  ResidentSetSize of job (KB)
...
006 (14998214.181.000) 2025-12-03 06:51:06 Image size of job updated: 51036
	2  -  MemoryUsage of job (MB)
	1188  -  ResidentSetSize of job (KB)
...
006 (14998214.181.000) 2025-12-03 06:56:06 Image size of job updated: 51036
	2  -  MemoryUsage of job (MB)
	1192  -  ResidentSetSize of job (KB)
...
006 (14998214.181.000) 2025-12-03 07:01:07 Image size of job updated: 51036
	2  -  MemoryUsage of job (MB)
	1200  -  ResidentSetSize of job (KB)
...
006 (14998214.181.000) 2025-12-03 07:06:07 Image size of job updated: 51036
	2  -  MemoryUsage of job (MB)
	1212  -  ResidentSetSize of job (KB)
...
006 (14998214.181.000) 2025-12-03 07:11:07 Image size of job updated: 51036
	2  -  MemoryUsage of job (MB)
	1220  -  ResidentSetSize of job (KB)
...
006 (14998214.181.000) 2025-12-03 07:16:09 Image size of job updated: 51036
	2  -  MemoryUsage of job (MB)
	1228  -  ResidentSetSize of job (KB)
...
006 (14998214.181.000) 2025-12-03 07:36:11 Image size of job updated: 51036
	2  -  MemoryUsage of job (MB)
	1232  -  ResidentSetSize of job (KB)
...
006 (14998214.181.000) 2025-12-03 07:41:11 Image size of job updated: 51036
	2  -  MemoryUsage of job (MB)
	1244  -  ResidentSetSize of job (KB)
...
006 (14998214.181.000) 2025-12-03 07:46:12 Image size of job updated: 51036
	2  -  MemoryUsage of job (MB)
	1252  -  ResidentSetSize of job (KB)
...
006 (14998214.181.000) 2025-12-03 07:51:13 Image size of job updated: 51036
	2  -  MemoryUsage of job (MB)
	1264  -  ResidentSetSize of job (KB)
...
040 (14998214.181.000) 2025-12-03 07:53:35 Started transferring output files
...
040 (14998214.181.000) 2025-12-03 07:53:35 Finished transferring output files
...
005 (14998214.181.000) 2025-12-03 07:53:35 Job terminated.
	(1) Normal termination (return value 0)
		Usr 0 08:13:10, Sys 0 00:00:00  -  Run Remote Usage
		Usr 0 00:00:00, Sys 0 00:00:00  -  Run Local Usage
		Usr 0 08:13:10, Sys 0 00:00:00  -  Total Remote Usage
		Usr 0 00:00:00, Sys 0 00:00:00  -  Total Local Usage
	113365  -  Run Bytes Sent By Job
	371787  -  Run Bytes Received By Job
	113365  -  Total Bytes Sent By Job
	371787  -  Total Bytes Received By Job
	Partitionable Resources :    Usage  Request Allocated 
	   Cpus                 :     0.99        1         1 
	   Disk (KB)            :   507     2097152   6681187 
	   Memory (MB)          :     2        4096      4096 
	   xferslots            :                           0 

	Job terminated of its own accord at 2025-12-03T12:53:35Z with exit-code 0.
...
