000 (14998214.083.000) 2025-12-02 23:07:12 Job submitted from host: <130.199.48.129:9618?addrs=130.199.48.129-9618&alias=rcas6009.rcf.bnl.gov&noUDP&sock=schedd_22421_101d>
...
040 (14998214.083.000) 2025-12-02 23:14:34 Started transferring input files
	Transferring to host: <130.199.186.95:9618?addrs=130.199.186.95-9618&alias=spool1858.sdcc.bnl.gov&noUDP&sock=slot1_80_94067_7481_52635>
...
040 (14998214.083.000) 2025-12-02 23:14:36 Finished transferring input files
...
001 (14998214.083.000) 2025-12-02 23:14:37 Job executing on host: <130.199.186.95:9618?addrs=130.199.186.95-9618&alias=spool1858.sdcc.bnl.gov&noUDP&sock=startd_94058_44e3>
...
006 (14998214.083.000) 2025-12-02 23:14:45 Image size of job updated: 22160
	1  -  MemoryUsage of job (MB)
	376  -  ResidentSetSize of job (KB)
...
006 (14998214.083.000) 2025-12-02 23:19:45 Image size of job updated: 22160
	1  -  MemoryUsage of job (MB)
	380  -  ResidentSetSize of job (KB)
...
006 (14998214.083.000) 2025-12-02 23:24:46 Image size of job updated: 22160
	1  -  MemoryUsage of job (MB)
	392  -  ResidentSetSize of job (KB)
...
006 (14998214.083.000) 2025-12-02 23:34:47 Image size of job updated: 22160
	1  -  MemoryUsage of job (MB)
	396  -  ResidentSetSize of job (KB)
...
006 (14998214.083.000) 2025-12-02 23:59:51 Image size of job updated: 22160
	1  -  MemoryUsage of job (MB)
	408  -  ResidentSetSize of job (KB)
...
006 (14998214.083.000) 2025-12-03 00:04:51 Image size of job updated: 22160
	1  -  MemoryUsage of job (MB)
	420  -  ResidentSetSize of job (KB)
...
006 (14998214.083.000) 2025-12-03 00:19:52 Image size of job updated: 22292
	1  -  MemoryUsage of job (MB)
	420  -  ResidentSetSize of job (KB)
...
006 (14998214.083.000) 2025-12-03 00:24:52 Image size of job updated: 22292
	1  -  MemoryUsage of job (MB)
	428  -  ResidentSetSize of job (KB)
...
006 (14998214.083.000) 2025-12-03 00:29:53 Image size of job updated: 22292
	1  -  MemoryUsage of job (MB)
	436  -  ResidentSetSize of job (KB)
...
006 (14998214.083.000) 2025-12-03 00:39:54 Image size of job updated: 22292
	1  -  MemoryUsage of job (MB)
	448  -  ResidentSetSize of job (KB)
...
006 (14998214.083.000) 2025-12-03 00:44:55 Image size of job updated: 22292
	1  -  MemoryUsage of job (MB)
	456  -  ResidentSetSize of job (KB)
...
006 (14998214.083.000) 2025-12-03 00:49:56 Image size of job updated: 22292
	1  -  MemoryUsage of job (MB)
	464  -  ResidentSetSize of job (KB)
...
006 (14998214.083.000) 2025-12-03 00:54:56 Image size of job updated: 22292
	1  -  MemoryUsage of job (MB)
	472  -  ResidentSetSize of job (KB)
...
006 (14998214.083.000) 2025-12-03 00:59:57 Image size of job updated: 22292
	1  -  MemoryUsage of job (MB)
	480  -  ResidentSetSize of job (KB)
...
006 (14998214.083.000) 2025-12-03 01:04:58 Image size of job updated: 22292
	1  -  MemoryUsage of job (MB)
	492  -  ResidentSetSize of job (KB)
...
006 (14998214.083.000) 2025-12-03 01:09:58 Image size of job updated: 22292
	1  -  MemoryUsage of job (MB)
	500  -  ResidentSetSize of job (KB)
...
006 (14998214.083.000) 2025-12-03 01:16:22 Image size of job updated: 22292
	1  -  MemoryUsage of job (MB)
	512  -  ResidentSetSize of job (KB)
...
006 (14998214.083.000) 2025-12-03 01:20:29 Image size of job updated: 22292
	1  -  MemoryUsage of job (MB)
	516  -  ResidentSetSize of job (KB)
...
006 (14998214.083.000) 2025-12-03 01:25:29 Image size of job updated: 22292
	1  -  MemoryUsage of job (MB)
	528  -  ResidentSetSize of job (KB)
...
006 (14998214.083.000) 2025-12-03 01:30:30 Image size of job updated: 22424
	1  -  MemoryUsage of job (MB)
	536  -  ResidentSetSize of job (KB)
...
006 (14998214.083.000) 2025-12-03 01:35:30 Image size of job updated: 22424
	1  -  MemoryUsage of job (MB)
	548  -  ResidentSetSize of job (KB)
...
006 (14998214.083.000) 2025-12-03 01:40:30 Image size of job updated: 22424
	1  -  MemoryUsage of job (MB)
	552  -  ResidentSetSize of job (KB)
...
006 (14998214.083.000) 2025-12-03 01:45:31 Image size of job updated: 22424
	1  -  MemoryUsage of job (MB)
	560  -  ResidentSetSize of job (KB)
...
006 (14998214.083.000) 2025-12-03 01:50:31 Image size of job updated: 22424
	1  -  MemoryUsage of job (MB)
	572  -  ResidentSetSize of job (KB)
...
006 (14998214.083.000) 2025-12-03 01:55:31 Image size of job updated: 22424
	1  -  MemoryUsage of job (MB)
	580  -  ResidentSetSize of job (KB)
...
006 (14998214.083.000) 2025-12-03 02:00:32 Image size of job updated: 22424
	1  -  MemoryUsage of job (MB)
	592  -  ResidentSetSize of job (KB)
...
006 (14998214.083.000) 2025-12-03 02:05:32 Image size of job updated: 22424
	1  -  MemoryUsage of job (MB)
	600  -  ResidentSetSize of job (KB)
...
006 (14998214.083.000) 2025-12-03 02:10:32 Image size of job updated: 22424
	1  -  MemoryUsage of job (MB)
	604  -  ResidentSetSize of job (KB)
...
006 (14998214.083.000) 2025-12-03 02:15:33 Image size of job updated: 22424
	1  -  MemoryUsage of job (MB)
	616  -  ResidentSetSize of job (KB)
...
006 (14998214.083.000) 2025-12-03 02:20:34 Image size of job updated: 22424
	1  -  MemoryUsage of job (MB)
	624  -  ResidentSetSize of job (KB)
...
006 (14998214.083.000) 2025-12-03 02:30:34 Image size of job updated: 22424
	1  -  MemoryUsage of job (MB)
	632  -  ResidentSetSize of job (KB)
...
006 (14998214.083.000) 2025-12-03 02:35:35 Image size of job updated: 22424
	1  -  MemoryUsage of job (MB)
	640  -  ResidentSetSize of job (KB)
...
006 (14998214.083.000) 2025-12-03 02:40:35 Image size of job updated: 22424
	1  -  MemoryUsage of job (MB)
	648  -  ResidentSetSize of job (KB)
...
006 (14998214.083.000) 2025-12-03 02:45:35 Image size of job updated: 22552
	1  -  MemoryUsage of job (MB)
	656  -  ResidentSetSize of job (KB)
...
006 (14998214.083.000) 2025-12-03 02:50:36 Image size of job updated: 22552
	1  -  MemoryUsage of job (MB)
	668  -  ResidentSetSize of job (KB)
...
006 (14998214.083.000) 2025-12-03 02:55:36 Image size of job updated: 22552
	1  -  MemoryUsage of job (MB)
	672  -  ResidentSetSize of job (KB)
...
006 (14998214.083.000) 2025-12-03 03:00:36 Image size of job updated: 22552
	1  -  MemoryUsage of job (MB)
	680  -  ResidentSetSize of job (KB)
...
006 (14998214.083.000) 2025-12-03 03:05:37 Image size of job updated: 22552
	1  -  MemoryUsage of job (MB)
	692  -  ResidentSetSize of job (KB)
...
006 (14998214.083.000) 2025-12-03 03:10:37 Image size of job updated: 22552
	1  -  MemoryUsage of job (MB)
	700  -  ResidentSetSize of job (KB)
...
006 (14998214.083.000) 2025-12-03 03:15:37 Image size of job updated: 22552
	1  -  MemoryUsage of job (MB)
	712  -  ResidentSetSize of job (KB)
...
006 (14998214.083.000) 2025-12-03 03:20:38 Image size of job updated: 22552
	1  -  MemoryUsage of job (MB)
	720  -  ResidentSetSize of job (KB)
...
006 (14998214.083.000) 2025-12-03 03:25:39 Image size of job updated: 22552
	1  -  MemoryUsage of job (MB)
	732  -  ResidentSetSize of job (KB)
...
006 (14998214.083.000) 2025-12-03 03:30:39 Image size of job updated: 22552
	1  -  MemoryUsage of job (MB)
	740  -  ResidentSetSize of job (KB)
...
006 (14998214.083.000) 2025-12-03 03:35:40 Image size of job updated: 22552
	1  -  MemoryUsage of job (MB)
	752  -  ResidentSetSize of job (KB)
...
006 (14998214.083.000) 2025-12-03 03:40:41 Image size of job updated: 22552
	1  -  MemoryUsage of job (MB)
	760  -  ResidentSetSize of job (KB)
...
006 (14998214.083.000) 2025-12-03 03:45:41 Image size of job updated: 22552
	1  -  MemoryUsage of job (MB)
	768  -  ResidentSetSize of job (KB)
...
006 (14998214.083.000) 2025-12-03 03:50:41 Image size of job updated: 22684
	1  -  MemoryUsage of job (MB)
	780  -  ResidentSetSize of job (KB)
...
006 (14998214.083.000) 2025-12-03 03:55:42 Image size of job updated: 22684
	1  -  MemoryUsage of job (MB)
	788  -  ResidentSetSize of job (KB)
...
006 (14998214.083.000) 2025-12-03 04:00:42 Image size of job updated: 22684
	1  -  MemoryUsage of job (MB)
	800  -  ResidentSetSize of job (KB)
...
006 (14998214.083.000) 2025-12-03 04:05:42 Image size of job updated: 22684
	1  -  MemoryUsage of job (MB)
	808  -  ResidentSetSize of job (KB)
...
006 (14998214.083.000) 2025-12-03 04:10:43 Image size of job updated: 22684
	1  -  MemoryUsage of job (MB)
	820  -  ResidentSetSize of job (KB)
...
006 (14998214.083.000) 2025-12-03 04:15:43 Image size of job updated: 22684
	1  -  MemoryUsage of job (MB)
	828  -  ResidentSetSize of job (KB)
...
006 (14998214.083.000) 2025-12-03 04:20:43 Image size of job updated: 22684
	1  -  MemoryUsage of job (MB)
	840  -  ResidentSetSize of job (KB)
...
006 (14998214.083.000) 2025-12-03 04:25:44 Image size of job updated: 22684
	1  -  MemoryUsage of job (MB)
	848  -  ResidentSetSize of job (KB)
...
006 (14998214.083.000) 2025-12-03 04:30:45 Image size of job updated: 22684
	1  -  MemoryUsage of job (MB)
	860  -  ResidentSetSize of job (KB)
...
006 (14998214.083.000) 2025-12-03 04:35:45 Image size of job updated: 22684
	1  -  MemoryUsage of job (MB)
	868  -  ResidentSetSize of job (KB)
...
006 (14998214.083.000) 2025-12-03 04:40:45 Image size of job updated: 22684
	1  -  MemoryUsage of job (MB)
	876  -  ResidentSetSize of job (KB)
...
006 (14998214.083.000) 2025-12-03 04:45:46 Image size of job updated: 22684
	1  -  MemoryUsage of job (MB)
	888  -  ResidentSetSize of job (KB)
...
006 (14998214.083.000) 2025-12-03 04:50:46 Image size of job updated: 22684
	1  -  MemoryUsage of job (MB)
	896  -  ResidentSetSize of job (KB)
...
006 (14998214.083.000) 2025-12-03 04:55:46 Image size of job updated: 22684
	1  -  MemoryUsage of job (MB)
	908  -  ResidentSetSize of job (KB)
...
006 (14998214.083.000) 2025-12-03 05:00:47 Image size of job updated: 22816
	1  -  MemoryUsage of job (MB)
	916  -  ResidentSetSize of job (KB)
...
006 (14998214.083.000) 2025-12-03 05:05:48 Image size of job updated: 22816
	1  -  MemoryUsage of job (MB)
	928  -  ResidentSetSize of job (KB)
...
006 (14998214.083.000) 2025-12-03 05:10:48 Image size of job updated: 22816
	1  -  MemoryUsage of job (MB)
	936  -  ResidentSetSize of job (KB)
...
006 (14998214.083.000) 2025-12-03 05:15:49 Image size of job updated: 22816
	1  -  MemoryUsage of job (MB)
	948  -  ResidentSetSize of job (KB)
...
006 (14998214.083.000) 2025-12-03 05:20:50 Image size of job updated: 22816
	1  -  MemoryUsage of job (MB)
	956  -  ResidentSetSize of job (KB)
...
006 (14998214.083.000) 2025-12-03 05:25:50 Image size of job updated: 22816
	1  -  MemoryUsage of job (MB)
	964  -  ResidentSetSize of job (KB)
...
006 (14998214.083.000) 2025-12-03 05:30:50 Image size of job updated: 22816
	1  -  MemoryUsage of job (MB)
	976  -  ResidentSetSize of job (KB)
...
006 (14998214.083.000) 2025-12-03 05:35:51 Image size of job updated: 22816
	1  -  MemoryUsage of job (MB)
	984  -  ResidentSetSize of job (KB)
...
006 (14998214.083.000) 2025-12-03 05:40:51 Image size of job updated: 22816
	1  -  MemoryUsage of job (MB)
	996  -  ResidentSetSize of job (KB)
...
006 (14998214.083.000) 2025-12-03 05:45:51 Image size of job updated: 22816
	1  -  MemoryUsage of job (MB)
	1004  -  ResidentSetSize of job (KB)
...
006 (14998214.083.000) 2025-12-03 05:50:52 Image size of job updated: 22816
	1  -  MemoryUsage of job (MB)
	1016  -  ResidentSetSize of job (KB)
...
006 (14998214.083.000) 2025-12-03 05:55:52 Image size of job updated: 22816
	1  -  MemoryUsage of job (MB)
	1020  -  ResidentSetSize of job (KB)
...
006 (14998214.083.000) 2025-12-03 06:00:52 Image size of job updated: 22816
	2  -  MemoryUsage of job (MB)
	1028  -  ResidentSetSize of job (KB)
...
006 (14998214.083.000) 2025-12-03 06:05:53 Image size of job updated: 22816
	2  -  MemoryUsage of job (MB)
	1040  -  ResidentSetSize of job (KB)
...
006 (14998214.083.000) 2025-12-03 06:10:54 Image size of job updated: 22948
	2  -  MemoryUsage of job (MB)
	1048  -  ResidentSetSize of job (KB)
...
006 (14998214.083.000) 2025-12-03 06:15:54 Image size of job updated: 22948
	2  -  MemoryUsage of job (MB)
	1060  -  ResidentSetSize of job (KB)
...
006 (14998214.083.000) 2025-12-03 06:20:55 Image size of job updated: 22948
	2  -  MemoryUsage of job (MB)
	1068  -  ResidentSetSize of job (KB)
...
006 (14998214.083.000) 2025-12-03 06:30:56 Image size of job updated: 22948
	2  -  MemoryUsage of job (MB)
	1080  -  ResidentSetSize of job (KB)
...
006 (14998214.083.000) 2025-12-03 06:35:56 Image size of job updated: 22948
	2  -  MemoryUsage of job (MB)
	1088  -  ResidentSetSize of job (KB)
...
006 (14998214.083.000) 2025-12-03 06:40:57 Image size of job updated: 22948
	2  -  MemoryUsage of job (MB)
	1100  -  ResidentSetSize of job (KB)
...
006 (14998214.083.000) 2025-12-03 06:50:57 Image size of job updated: 22948
	2  -  MemoryUsage of job (MB)
	1112  -  ResidentSetSize of job (KB)
...
006 (14998214.083.000) 2025-12-03 06:55:59 Image size of job updated: 22948
	2  -  MemoryUsage of job (MB)
	1116  -  ResidentSetSize of job (KB)
...
006 (14998214.083.000) 2025-12-03 07:00:59 Image size of job updated: 22948
	2  -  MemoryUsage of job (MB)
	1120  -  ResidentSetSize of job (KB)
...
006 (14998214.083.000) 2025-12-03 07:05:59 Image size of job updated: 22948
	2  -  MemoryUsage of job (MB)
	1132  -  ResidentSetSize of job (KB)
...
006 (14998214.083.000) 2025-12-03 07:11:00 Image size of job updated: 22948
	2  -  MemoryUsage of job (MB)
	1140  -  ResidentSetSize of job (KB)
...
006 (14998214.083.000) 2025-12-03 07:16:01 Image size of job updated: 22948
	2  -  MemoryUsage of job (MB)
	1152  -  ResidentSetSize of job (KB)
...
006 (14998214.083.000) 2025-12-03 07:21:01 Image size of job updated: 23080
	2  -  MemoryUsage of job (MB)
	1160  -  ResidentSetSize of job (KB)
...
006 (14998214.083.000) 2025-12-03 07:26:02 Image size of job updated: 23080
	2  -  MemoryUsage of job (MB)
	1168  -  ResidentSetSize of job (KB)
...
006 (14998214.083.000) 2025-12-03 07:31:03 Image size of job updated: 23080
	2  -  MemoryUsage of job (MB)
	1180  -  ResidentSetSize of job (KB)
...
006 (14998214.083.000) 2025-12-03 07:36:03 Image size of job updated: 23080
	2  -  MemoryUsage of job (MB)
	1184  -  ResidentSetSize of job (KB)
...
006 (14998214.083.000) 2025-12-03 07:41:04 Image size of job updated: 23080
	2  -  MemoryUsage of job (MB)
	1196  -  ResidentSetSize of job (KB)
...
006 (14998214.083.000) 2025-12-03 07:46:05 Image size of job updated: 23080
	2  -  MemoryUsage of job (MB)
	1204  -  ResidentSetSize of job (KB)
...
006 (14998214.083.000) 2025-12-03 07:51:05 Image size of job updated: 23080
	2  -  MemoryUsage of job (MB)
	1212  -  ResidentSetSize of job (KB)
...
006 (14998214.083.000) 2025-12-03 07:56:06 Image size of job updated: 23080
	2  -  MemoryUsage of job (MB)
	1224  -  ResidentSetSize of job (KB)
...
006 (14998214.083.000) 2025-12-03 08:01:07 Image size of job updated: 23080
	2  -  MemoryUsage of job (MB)
	1232  -  ResidentSetSize of job (KB)
...
040 (14998214.083.000) 2025-12-03 08:05:54 Started transferring output files
...
040 (14998214.083.000) 2025-12-03 08:05:54 Finished transferring output files
...
005 (14998214.083.000) 2025-12-03 08:05:54 Job terminated.
	(1) Normal termination (return value 0)
		Usr 0 08:50:35, Sys 0 00:00:28  -  Run Remote Usage
		Usr 0 00:00:00, Sys 0 00:00:00  -  Run Local Usage
		Usr 0 08:50:35, Sys 0 00:00:28  -  Total Remote Usage
		Usr 0 00:00:00, Sys 0 00:00:00  -  Total Local Usage
	113365  -  Run Bytes Sent By Job
	195580  -  Run Bytes Received By Job
	113365  -  Total Bytes Sent By Job
	195580  -  Total Bytes Received By Job
	Partitionable Resources :    Usage  Request Allocated 
	   Cpus                 :     1.00        1         1 
	   Disk (KB)            :   334     2097152   6681544 
	   Memory (MB)          :     2        4096      4096 
	   xferslots            :                           0 

	Job terminated of its own accord at 2025-12-03T13:05:54Z with exit-code 0.
...
