000 (14998214.017.000) 2025-12-02 23:07:12 Job submitted from host: <130.199.48.129:9618?addrs=130.199.48.129-9618&alias=rcas6009.rcf.bnl.gov&noUDP&sock=schedd_22421_101d>
...
040 (14998214.017.000) 2025-12-02 23:14:25 Started transferring input files
	Transferring to host: <130.199.150.68:9618?addrs=130.199.150.68-9618&alias=spool1549.sdcc.bnl.gov&noUDP&sock=slot1_24_55458_cf75_49005>
...
040 (14998214.017.000) 2025-12-02 23:14:26 Finished transferring input files
...
001 (14998214.017.000) 2025-12-02 23:14:27 Job executing on host: <130.199.150.68:9618?addrs=130.199.150.68-9618&alias=spool1549.sdcc.bnl.gov&noUDP&sock=startd_55447_6001>
...
006 (14998214.017.000) 2025-12-02 23:14:36 Image size of job updated: 22160
	1  -  MemoryUsage of job (MB)
	380  -  ResidentSetSize of job (KB)
...
006 (14998214.017.000) 2025-12-02 23:19:36 Image size of job updated: 22160
	1  -  MemoryUsage of job (MB)
	388  -  ResidentSetSize of job (KB)
...
006 (14998214.017.000) 2025-12-02 23:24:36 Image size of job updated: 22160
	1  -  MemoryUsage of job (MB)
	400  -  ResidentSetSize of job (KB)
...
006 (14998214.017.000) 2025-12-02 23:29:37 Image size of job updated: 22160
	1  -  MemoryUsage of job (MB)
	408  -  ResidentSetSize of job (KB)
...
006 (14998214.017.000) 2025-12-02 23:34:38 Image size of job updated: 22160
	1  -  MemoryUsage of job (MB)
	420  -  ResidentSetSize of job (KB)
...
006 (14998214.017.000) 2025-12-02 23:39:38 Image size of job updated: 22160
	1  -  MemoryUsage of job (MB)
	428  -  ResidentSetSize of job (KB)
...
006 (14998214.017.000) 2025-12-02 23:44:39 Image size of job updated: 22160
	1  -  MemoryUsage of job (MB)
	440  -  ResidentSetSize of job (KB)
...
006 (14998214.017.000) 2025-12-02 23:49:40 Image size of job updated: 22160
	1  -  MemoryUsage of job (MB)
	448  -  ResidentSetSize of job (KB)
...
006 (14998214.017.000) 2025-12-02 23:54:40 Image size of job updated: 22160
	1  -  MemoryUsage of job (MB)
	452  -  ResidentSetSize of job (KB)
...
006 (14998214.017.000) 2025-12-02 23:59:41 Image size of job updated: 22160
	1  -  MemoryUsage of job (MB)
	464  -  ResidentSetSize of job (KB)
...
006 (14998214.017.000) 2025-12-03 00:14:42 Image size of job updated: 22292
	1  -  MemoryUsage of job (MB)
	472  -  ResidentSetSize of job (KB)
...
006 (14998214.017.000) 2025-12-03 00:24:43 Image size of job updated: 22292
	1  -  MemoryUsage of job (MB)
	480  -  ResidentSetSize of job (KB)
...
006 (14998214.017.000) 2025-12-03 00:29:43 Image size of job updated: 22292
	1  -  MemoryUsage of job (MB)
	488  -  ResidentSetSize of job (KB)
...
006 (14998214.017.000) 2025-12-03 00:34:44 Image size of job updated: 22292
	1  -  MemoryUsage of job (MB)
	500  -  ResidentSetSize of job (KB)
...
006 (14998214.017.000) 2025-12-03 00:39:44 Image size of job updated: 22292
	1  -  MemoryUsage of job (MB)
	508  -  ResidentSetSize of job (KB)
...
006 (14998214.017.000) 2025-12-03 00:44:44 Image size of job updated: 22292
	1  -  MemoryUsage of job (MB)
	516  -  ResidentSetSize of job (KB)
...
006 (14998214.017.000) 2025-12-03 00:49:45 Image size of job updated: 22292
	1  -  MemoryUsage of job (MB)
	524  -  ResidentSetSize of job (KB)
...
006 (14998214.017.000) 2025-12-03 01:09:48 Image size of job updated: 22292
	1  -  MemoryUsage of job (MB)
	536  -  ResidentSetSize of job (KB)
...
006 (14998214.017.000) 2025-12-03 01:16:27 Image size of job updated: 22292
	1  -  MemoryUsage of job (MB)
	540  -  ResidentSetSize of job (KB)
...
006 (14998214.017.000) 2025-12-03 01:21:23 Image size of job updated: 22292
	1  -  MemoryUsage of job (MB)
	556  -  ResidentSetSize of job (KB)
...
006 (14998214.017.000) 2025-12-03 01:26:23 Image size of job updated: 22292
	1  -  MemoryUsage of job (MB)
	564  -  ResidentSetSize of job (KB)
...
006 (14998214.017.000) 2025-12-03 01:31:24 Image size of job updated: 22424
	1  -  MemoryUsage of job (MB)
	568  -  ResidentSetSize of job (KB)
...
006 (14998214.017.000) 2025-12-03 01:36:24 Image size of job updated: 22424
	1  -  MemoryUsage of job (MB)
	580  -  ResidentSetSize of job (KB)
...
006 (14998214.017.000) 2025-12-03 01:41:24 Image size of job updated: 22424
	1  -  MemoryUsage of job (MB)
	588  -  ResidentSetSize of job (KB)
...
006 (14998214.017.000) 2025-12-03 01:46:25 Image size of job updated: 22424
	1  -  MemoryUsage of job (MB)
	600  -  ResidentSetSize of job (KB)
...
006 (14998214.017.000) 2025-12-03 01:51:26 Image size of job updated: 22424
	1  -  MemoryUsage of job (MB)
	604  -  ResidentSetSize of job (KB)
...
006 (14998214.017.000) 2025-12-03 01:56:26 Image size of job updated: 22424
	1  -  MemoryUsage of job (MB)
	612  -  ResidentSetSize of job (KB)
...
006 (14998214.017.000) 2025-12-03 02:01:28 Image size of job updated: 22424
	1  -  MemoryUsage of job (MB)
	624  -  ResidentSetSize of job (KB)
...
006 (14998214.017.000) 2025-12-03 02:06:28 Image size of job updated: 22424
	1  -  MemoryUsage of job (MB)
	632  -  ResidentSetSize of job (KB)
...
006 (14998214.017.000) 2025-12-03 02:36:30 Image size of job updated: 22424
	1  -  MemoryUsage of job (MB)
	640  -  ResidentSetSize of job (KB)
...
006 (14998214.017.000) 2025-12-03 02:41:30 Image size of job updated: 22424
	1  -  MemoryUsage of job (MB)
	644  -  ResidentSetSize of job (KB)
...
006 (14998214.017.000) 2025-12-03 02:46:30 Image size of job updated: 22552
	1  -  MemoryUsage of job (MB)
	644  -  ResidentSetSize of job (KB)
...
006 (14998214.017.000) 2025-12-03 03:01:32 Image size of job updated: 22552
	1  -  MemoryUsage of job (MB)
	648  -  ResidentSetSize of job (KB)
...
006 (14998214.017.000) 2025-12-03 03:06:32 Image size of job updated: 22552
	1  -  MemoryUsage of job (MB)
	660  -  ResidentSetSize of job (KB)
...
006 (14998214.017.000) 2025-12-03 03:11:33 Image size of job updated: 22552
	1  -  MemoryUsage of job (MB)
	668  -  ResidentSetSize of job (KB)
...
006 (14998214.017.000) 2025-12-03 03:16:33 Image size of job updated: 22552
	1  -  MemoryUsage of job (MB)
	680  -  ResidentSetSize of job (KB)
...
006 (14998214.017.000) 2025-12-03 03:21:33 Image size of job updated: 22552
	1  -  MemoryUsage of job (MB)
	688  -  ResidentSetSize of job (KB)
...
006 (14998214.017.000) 2025-12-03 03:26:34 Image size of job updated: 22552
	1  -  MemoryUsage of job (MB)
	700  -  ResidentSetSize of job (KB)
...
006 (14998214.017.000) 2025-12-03 03:31:35 Image size of job updated: 22552
	1  -  MemoryUsage of job (MB)
	704  -  ResidentSetSize of job (KB)
...
006 (14998214.017.000) 2025-12-03 03:36:35 Image size of job updated: 22552
	1  -  MemoryUsage of job (MB)
	712  -  ResidentSetSize of job (KB)
...
006 (14998214.017.000) 2025-12-03 03:41:36 Image size of job updated: 22552
	1  -  MemoryUsage of job (MB)
	724  -  ResidentSetSize of job (KB)
...
006 (14998214.017.000) 2025-12-03 03:46:37 Image size of job updated: 22552
	1  -  MemoryUsage of job (MB)
	732  -  ResidentSetSize of job (KB)
...
006 (14998214.017.000) 2025-12-03 03:51:37 Image size of job updated: 22552
	1  -  MemoryUsage of job (MB)
	744  -  ResidentSetSize of job (KB)
...
006 (14998214.017.000) 2025-12-03 03:56:37 Image size of job updated: 22684
	1  -  MemoryUsage of job (MB)
	752  -  ResidentSetSize of job (KB)
...
006 (14998214.017.000) 2025-12-03 04:01:38 Image size of job updated: 22684
	1  -  MemoryUsage of job (MB)
	756  -  ResidentSetSize of job (KB)
...
006 (14998214.017.000) 2025-12-03 04:06:38 Image size of job updated: 22684
	1  -  MemoryUsage of job (MB)
	768  -  ResidentSetSize of job (KB)
...
006 (14998214.017.000) 2025-12-03 04:11:38 Image size of job updated: 22684
	1  -  MemoryUsage of job (MB)
	776  -  ResidentSetSize of job (KB)
...
006 (14998214.017.000) 2025-12-03 04:16:39 Image size of job updated: 22684
	1  -  MemoryUsage of job (MB)
	788  -  ResidentSetSize of job (KB)
...
006 (14998214.017.000) 2025-12-03 04:21:39 Image size of job updated: 22684
	1  -  MemoryUsage of job (MB)
	792  -  ResidentSetSize of job (KB)
...
006 (14998214.017.000) 2025-12-03 04:26:39 Image size of job updated: 22684
	1  -  MemoryUsage of job (MB)
	800  -  ResidentSetSize of job (KB)
...
006 (14998214.017.000) 2025-12-03 04:31:40 Image size of job updated: 22684
	1  -  MemoryUsage of job (MB)
	812  -  ResidentSetSize of job (KB)
...
006 (14998214.017.000) 2025-12-03 04:36:41 Image size of job updated: 22684
	1  -  MemoryUsage of job (MB)
	820  -  ResidentSetSize of job (KB)
...
006 (14998214.017.000) 2025-12-03 04:41:41 Image size of job updated: 22684
	1  -  MemoryUsage of job (MB)
	832  -  ResidentSetSize of job (KB)
...
006 (14998214.017.000) 2025-12-03 04:46:42 Image size of job updated: 22684
	1  -  MemoryUsage of job (MB)
	836  -  ResidentSetSize of job (KB)
...
006 (14998214.017.000) 2025-12-03 04:51:43 Image size of job updated: 22684
	1  -  MemoryUsage of job (MB)
	844  -  ResidentSetSize of job (KB)
...
006 (14998214.017.000) 2025-12-03 04:56:43 Image size of job updated: 22684
	1  -  MemoryUsage of job (MB)
	856  -  ResidentSetSize of job (KB)
...
006 (14998214.017.000) 2025-12-03 05:01:43 Image size of job updated: 22684
	1  -  MemoryUsage of job (MB)
	864  -  ResidentSetSize of job (KB)
...
006 (14998214.017.000) 2025-12-03 05:06:44 Image size of job updated: 22684
	1  -  MemoryUsage of job (MB)
	872  -  ResidentSetSize of job (KB)
...
006 (14998214.017.000) 2025-12-03 05:11:44 Image size of job updated: 22816
	1  -  MemoryUsage of job (MB)
	880  -  ResidentSetSize of job (KB)
...
006 (14998214.017.000) 2025-12-03 05:16:44 Image size of job updated: 22816
	1  -  MemoryUsage of job (MB)
	888  -  ResidentSetSize of job (KB)
...
006 (14998214.017.000) 2025-12-03 05:21:46 Image size of job updated: 22816
	1  -  MemoryUsage of job (MB)
	900  -  ResidentSetSize of job (KB)
...
006 (14998214.017.000) 2025-12-03 05:26:46 Image size of job updated: 22816
	1  -  MemoryUsage of job (MB)
	908  -  ResidentSetSize of job (KB)
...
006 (14998214.017.000) 2025-12-03 05:31:46 Image size of job updated: 22816
	1  -  MemoryUsage of job (MB)
	920  -  ResidentSetSize of job (KB)
...
006 (14998214.017.000) 2025-12-03 05:36:47 Image size of job updated: 22816
	1  -  MemoryUsage of job (MB)
	924  -  ResidentSetSize of job (KB)
...
006 (14998214.017.000) 2025-12-03 05:41:48 Image size of job updated: 22816
	1  -  MemoryUsage of job (MB)
	932  -  ResidentSetSize of job (KB)
...
006 (14998214.017.000) 2025-12-03 05:46:48 Image size of job updated: 22816
	1  -  MemoryUsage of job (MB)
	944  -  ResidentSetSize of job (KB)
...
006 (14998214.017.000) 2025-12-03 05:51:48 Image size of job updated: 22816
	1  -  MemoryUsage of job (MB)
	952  -  ResidentSetSize of job (KB)
...
006 (14998214.017.000) 2025-12-03 05:56:49 Image size of job updated: 22816
	1  -  MemoryUsage of job (MB)
	964  -  ResidentSetSize of job (KB)
...
006 (14998214.017.000) 2025-12-03 06:01:49 Image size of job updated: 22816
	1  -  MemoryUsage of job (MB)
	968  -  ResidentSetSize of job (KB)
...
006 (14998214.017.000) 2025-12-03 06:06:49 Image size of job updated: 22816
	1  -  MemoryUsage of job (MB)
	976  -  ResidentSetSize of job (KB)
...
006 (14998214.017.000) 2025-12-03 06:11:50 Image size of job updated: 22816
	1  -  MemoryUsage of job (MB)
	988  -  ResidentSetSize of job (KB)
...
006 (14998214.017.000) 2025-12-03 06:16:50 Image size of job updated: 22816
	1  -  MemoryUsage of job (MB)
	996  -  ResidentSetSize of job (KB)
...
006 (14998214.017.000) 2025-12-03 06:21:50 Image size of job updated: 22816
	1  -  MemoryUsage of job (MB)
	1008  -  ResidentSetSize of job (KB)
...
006 (14998214.017.000) 2025-12-03 06:26:51 Image size of job updated: 22948
	1  -  MemoryUsage of job (MB)
	1016  -  ResidentSetSize of job (KB)
...
006 (14998214.017.000) 2025-12-03 06:41:53 Image size of job updated: 22948
	1  -  MemoryUsage of job (MB)
	1024  -  ResidentSetSize of job (KB)
...
006 (14998214.017.000) 2025-12-03 06:46:54 Image size of job updated: 22948
	2  -  MemoryUsage of job (MB)
	1036  -  ResidentSetSize of job (KB)
...
006 (14998214.017.000) 2025-12-03 06:51:54 Image size of job updated: 22948
	2  -  MemoryUsage of job (MB)
	1044  -  ResidentSetSize of job (KB)
...
006 (14998214.017.000) 2025-12-03 06:56:55 Image size of job updated: 22948
	2  -  MemoryUsage of job (MB)
	1048  -  ResidentSetSize of job (KB)
...
006 (14998214.017.000) 2025-12-03 07:01:56 Image size of job updated: 22948
	2  -  MemoryUsage of job (MB)
	1060  -  ResidentSetSize of job (KB)
...
006 (14998214.017.000) 2025-12-03 07:06:56 Image size of job updated: 22948
	2  -  MemoryUsage of job (MB)
	1068  -  ResidentSetSize of job (KB)
...
006 (14998214.017.000) 2025-12-03 07:11:56 Image size of job updated: 22948
	2  -  MemoryUsage of job (MB)
	1080  -  ResidentSetSize of job (KB)
...
006 (14998214.017.000) 2025-12-03 07:31:58 Image size of job updated: 22948
	2  -  MemoryUsage of job (MB)
	1088  -  ResidentSetSize of job (KB)
...
006 (14998214.017.000) 2025-12-03 07:36:58 Image size of job updated: 22948
	2  -  MemoryUsage of job (MB)
	1100  -  ResidentSetSize of job (KB)
...
006 (14998214.017.000) 2025-12-03 07:41:58 Image size of job updated: 23080
	2  -  MemoryUsage of job (MB)
	1108  -  ResidentSetSize of job (KB)
...
006 (14998214.017.000) 2025-12-03 07:46:59 Image size of job updated: 23080
	2  -  MemoryUsage of job (MB)
	1120  -  ResidentSetSize of job (KB)
...
006 (14998214.017.000) 2025-12-03 07:52:00 Image size of job updated: 23080
	2  -  MemoryUsage of job (MB)
	1124  -  ResidentSetSize of job (KB)
...
006 (14998214.017.000) 2025-12-03 07:57:00 Image size of job updated: 23080
	2  -  MemoryUsage of job (MB)
	1132  -  ResidentSetSize of job (KB)
...
006 (14998214.017.000) 2025-12-03 08:02:01 Image size of job updated: 23080
	2  -  MemoryUsage of job (MB)
	1144  -  ResidentSetSize of job (KB)
...
006 (14998214.017.000) 2025-12-03 08:07:02 Image size of job updated: 23080
	2  -  MemoryUsage of job (MB)
	1152  -  ResidentSetSize of job (KB)
...
006 (14998214.017.000) 2025-12-03 08:12:02 Image size of job updated: 23080
	2  -  MemoryUsage of job (MB)
	1164  -  ResidentSetSize of job (KB)
...
006 (14998214.017.000) 2025-12-03 08:17:02 Image size of job updated: 23080
	2  -  MemoryUsage of job (MB)
	1172  -  ResidentSetSize of job (KB)
...
006 (14998214.017.000) 2025-12-03 08:22:03 Image size of job updated: 23080
	2  -  MemoryUsage of job (MB)
	1176  -  ResidentSetSize of job (KB)
...
040 (14998214.017.000) 2025-12-03 08:25:14 Started transferring output files
...
040 (14998214.017.000) 2025-12-03 08:25:14 Finished transferring output files
...
005 (14998214.017.000) 2025-12-03 08:25:14 Job terminated.
	(1) Normal termination (return value 0)
		Usr 0 09:10:33, Sys 0 00:00:01  -  Run Remote Usage
		Usr 0 00:00:00, Sys 0 00:00:00  -  Run Local Usage
		Usr 0 09:10:33, Sys 0 00:00:01  -  Total Remote Usage
		Usr 0 00:00:00, Sys 0 00:00:00  -  Total Local Usage
	113365  -  Run Bytes Sent By Job
	164785  -  Run Bytes Received By Job
	113365  -  Total Bytes Sent By Job
	164785  -  Total Bytes Received By Job
	Partitionable Resources :    Usage  Request Allocated 
	   Cpus                 :     1.00        1         1 
	   Disk (KB)            :   304     2097152   6681104 
	   Memory (MB)          :     2        4096      4096 
	   xferslots            :                           0 

	Job terminated of its own accord at 2025-12-03T13:25:14Z with exit-code 0.
...
