000 (14998214.090.000) 2025-12-02 23:07:12 Job submitted from host: <130.199.48.129:9618?addrs=130.199.48.129-9618&alias=rcas6009.rcf.bnl.gov&noUDP&sock=schedd_22421_101d>
...
040 (14998214.090.000) 2025-12-02 23:14:35 Started transferring input files
	Transferring to host: <130.199.151.26:9618?addrs=130.199.151.26-9618&alias=spool1604.sdcc.bnl.gov&noUDP&sock=slot1_42_94689_c4ab_49843>
...
040 (14998214.090.000) 2025-12-02 23:14:36 Finished transferring input files
...
001 (14998214.090.000) 2025-12-02 23:14:37 Job executing on host: <130.199.151.26:9618?addrs=130.199.151.26-9618&alias=spool1604.sdcc.bnl.gov&noUDP&sock=startd_94679_cec8>
...
006 (14998214.090.000) 2025-12-02 23:14:46 Image size of job updated: 22160
	1  -  MemoryUsage of job (MB)
	376  -  ResidentSetSize of job (KB)
...
006 (14998214.090.000) 2025-12-02 23:19:47 Image size of job updated: 22160
	1  -  MemoryUsage of job (MB)
	380  -  ResidentSetSize of job (KB)
...
006 (14998214.090.000) 2025-12-02 23:24:47 Image size of job updated: 22160
	1  -  MemoryUsage of job (MB)
	392  -  ResidentSetSize of job (KB)
...
006 (14998214.090.000) 2025-12-02 23:29:47 Image size of job updated: 22160
	1  -  MemoryUsage of job (MB)
	400  -  ResidentSetSize of job (KB)
...
006 (14998214.090.000) 2025-12-02 23:34:48 Image size of job updated: 22160
	1  -  MemoryUsage of job (MB)
	412  -  ResidentSetSize of job (KB)
...
006 (14998214.090.000) 2025-12-02 23:39:48 Image size of job updated: 22160
	1  -  MemoryUsage of job (MB)
	420  -  ResidentSetSize of job (KB)
...
006 (14998214.090.000) 2025-12-02 23:44:48 Image size of job updated: 22160
	1  -  MemoryUsage of job (MB)
	428  -  ResidentSetSize of job (KB)
...
006 (14998214.090.000) 2025-12-02 23:49:49 Image size of job updated: 22160
	1  -  MemoryUsage of job (MB)
	440  -  ResidentSetSize of job (KB)
...
006 (14998214.090.000) 2025-12-02 23:54:50 Image size of job updated: 22160
	1  -  MemoryUsage of job (MB)
	444  -  ResidentSetSize of job (KB)
...
006 (14998214.090.000) 2025-12-02 23:59:50 Image size of job updated: 22160
	1  -  MemoryUsage of job (MB)
	456  -  ResidentSetSize of job (KB)
...
006 (14998214.090.000) 2025-12-03 00:04:51 Image size of job updated: 22160
	1  -  MemoryUsage of job (MB)
	468  -  ResidentSetSize of job (KB)
...
006 (14998214.090.000) 2025-12-03 00:09:52 Image size of job updated: 22160
	1  -  MemoryUsage of job (MB)
	476  -  ResidentSetSize of job (KB)
...
006 (14998214.090.000) 2025-12-03 00:14:52 Image size of job updated: 22160
	1  -  MemoryUsage of job (MB)
	488  -  ResidentSetSize of job (KB)
...
006 (14998214.090.000) 2025-12-03 00:19:53 Image size of job updated: 22292
	1  -  MemoryUsage of job (MB)
	496  -  ResidentSetSize of job (KB)
...
006 (14998214.090.000) 2025-12-03 00:24:54 Image size of job updated: 22292
	1  -  MemoryUsage of job (MB)
	508  -  ResidentSetSize of job (KB)
...
006 (14998214.090.000) 2025-12-03 00:34:54 Image size of job updated: 22292
	1  -  MemoryUsage of job (MB)
	512  -  ResidentSetSize of job (KB)
...
006 (14998214.090.000) 2025-12-03 00:39:55 Image size of job updated: 22292
	1  -  MemoryUsage of job (MB)
	524  -  ResidentSetSize of job (KB)
...
006 (14998214.090.000) 2025-12-03 00:44:55 Image size of job updated: 22292
	1  -  MemoryUsage of job (MB)
	532  -  ResidentSetSize of job (KB)
...
006 (14998214.090.000) 2025-12-03 00:49:55 Image size of job updated: 22292
	1  -  MemoryUsage of job (MB)
	544  -  ResidentSetSize of job (KB)
...
006 (14998214.090.000) 2025-12-03 00:54:56 Image size of job updated: 22292
	1  -  MemoryUsage of job (MB)
	552  -  ResidentSetSize of job (KB)
...
006 (14998214.090.000) 2025-12-03 00:59:57 Image size of job updated: 22292
	1  -  MemoryUsage of job (MB)
	564  -  ResidentSetSize of job (KB)
...
006 (14998214.090.000) 2025-12-03 01:04:57 Image size of job updated: 22292
	1  -  MemoryUsage of job (MB)
	568  -  ResidentSetSize of job (KB)
...
006 (14998214.090.000) 2025-12-03 01:09:58 Image size of job updated: 22292
	1  -  MemoryUsage of job (MB)
	576  -  ResidentSetSize of job (KB)
...
006 (14998214.090.000) 2025-12-03 01:16:37 Image size of job updated: 22292
	1  -  MemoryUsage of job (MB)
	588  -  ResidentSetSize of job (KB)
...
006 (14998214.090.000) 2025-12-03 01:21:31 Image size of job updated: 22292
	1  -  MemoryUsage of job (MB)
	600  -  ResidentSetSize of job (KB)
...
006 (14998214.090.000) 2025-12-03 01:31:32 Image size of job updated: 22424
	1  -  MemoryUsage of job (MB)
	608  -  ResidentSetSize of job (KB)
...
006 (14998214.090.000) 2025-12-03 01:36:32 Image size of job updated: 22424
	1  -  MemoryUsage of job (MB)
	620  -  ResidentSetSize of job (KB)
...
006 (14998214.090.000) 2025-12-03 01:41:32 Image size of job updated: 22424
	1  -  MemoryUsage of job (MB)
	628  -  ResidentSetSize of job (KB)
...
006 (14998214.090.000) 2025-12-03 01:46:33 Image size of job updated: 22424
	1  -  MemoryUsage of job (MB)
	636  -  ResidentSetSize of job (KB)
...
006 (14998214.090.000) 2025-12-03 01:51:33 Image size of job updated: 22424
	1  -  MemoryUsage of job (MB)
	640  -  ResidentSetSize of job (KB)
...
006 (14998214.090.000) 2025-12-03 01:56:33 Image size of job updated: 22424
	1  -  MemoryUsage of job (MB)
	648  -  ResidentSetSize of job (KB)
...
006 (14998214.090.000) 2025-12-03 02:01:34 Image size of job updated: 22424
	1  -  MemoryUsage of job (MB)
	660  -  ResidentSetSize of job (KB)
...
006 (14998214.090.000) 2025-12-03 02:06:35 Image size of job updated: 22424
	1  -  MemoryUsage of job (MB)
	664  -  ResidentSetSize of job (KB)
...
006 (14998214.090.000) 2025-12-03 02:11:35 Image size of job updated: 22424
	1  -  MemoryUsage of job (MB)
	672  -  ResidentSetSize of job (KB)
...
006 (14998214.090.000) 2025-12-03 02:16:36 Image size of job updated: 22424
	1  -  MemoryUsage of job (MB)
	684  -  ResidentSetSize of job (KB)
...
006 (14998214.090.000) 2025-12-03 02:21:36 Image size of job updated: 22424
	1  -  MemoryUsage of job (MB)
	692  -  ResidentSetSize of job (KB)
...
006 (14998214.090.000) 2025-12-03 02:26:36 Image size of job updated: 22424
	1  -  MemoryUsage of job (MB)
	704  -  ResidentSetSize of job (KB)
...
006 (14998214.090.000) 2025-12-03 02:31:38 Image size of job updated: 22424
	1  -  MemoryUsage of job (MB)
	712  -  ResidentSetSize of job (KB)
...
006 (14998214.090.000) 2025-12-03 02:46:39 Image size of job updated: 22552
	1  -  MemoryUsage of job (MB)
	716  -  ResidentSetSize of job (KB)
...
006 (14998214.090.000) 2025-12-03 02:51:40 Image size of job updated: 22552
	1  -  MemoryUsage of job (MB)
	728  -  ResidentSetSize of job (KB)
...
006 (14998214.090.000) 2025-12-03 02:56:40 Image size of job updated: 22552
	1  -  MemoryUsage of job (MB)
	736  -  ResidentSetSize of job (KB)
...
006 (14998214.090.000) 2025-12-03 03:01:41 Image size of job updated: 22552
	1  -  MemoryUsage of job (MB)
	748  -  ResidentSetSize of job (KB)
...
006 (14998214.090.000) 2025-12-03 03:06:42 Image size of job updated: 22552
	1  -  MemoryUsage of job (MB)
	752  -  ResidentSetSize of job (KB)
...
006 (14998214.090.000) 2025-12-03 03:11:42 Image size of job updated: 22552
	1  -  MemoryUsage of job (MB)
	756  -  ResidentSetSize of job (KB)
...
006 (14998214.090.000) 2025-12-03 03:16:42 Image size of job updated: 22552
	1  -  MemoryUsage of job (MB)
	768  -  ResidentSetSize of job (KB)
...
006 (14998214.090.000) 2025-12-03 03:21:43 Image size of job updated: 22552
	1  -  MemoryUsage of job (MB)
	776  -  ResidentSetSize of job (KB)
...
006 (14998214.090.000) 2025-12-03 03:26:43 Image size of job updated: 22552
	1  -  MemoryUsage of job (MB)
	788  -  ResidentSetSize of job (KB)
...
006 (14998214.090.000) 2025-12-03 03:31:43 Image size of job updated: 22552
	1  -  MemoryUsage of job (MB)
	796  -  ResidentSetSize of job (KB)
...
006 (14998214.090.000) 2025-12-03 03:36:44 Image size of job updated: 22552
	1  -  MemoryUsage of job (MB)
	808  -  ResidentSetSize of job (KB)
...
006 (14998214.090.000) 2025-12-03 03:41:45 Image size of job updated: 22552
	1  -  MemoryUsage of job (MB)
	816  -  ResidentSetSize of job (KB)
...
006 (14998214.090.000) 2025-12-03 03:46:45 Image size of job updated: 22552
	1  -  MemoryUsage of job (MB)
	824  -  ResidentSetSize of job (KB)
...
006 (14998214.090.000) 2025-12-03 03:51:46 Image size of job updated: 22684
	1  -  MemoryUsage of job (MB)
	836  -  ResidentSetSize of job (KB)
...
006 (14998214.090.000) 2025-12-03 03:56:47 Image size of job updated: 22684
	1  -  MemoryUsage of job (MB)
	844  -  ResidentSetSize of job (KB)
...
006 (14998214.090.000) 2025-12-03 04:01:47 Image size of job updated: 22684
	1  -  MemoryUsage of job (MB)
	856  -  ResidentSetSize of job (KB)
...
006 (14998214.090.000) 2025-12-03 04:06:48 Image size of job updated: 22684
	1  -  MemoryUsage of job (MB)
	864  -  ResidentSetSize of job (KB)
...
006 (14998214.090.000) 2025-12-03 04:11:49 Image size of job updated: 22684
	1  -  MemoryUsage of job (MB)
	876  -  ResidentSetSize of job (KB)
...
006 (14998214.090.000) 2025-12-03 04:16:49 Image size of job updated: 22684
	1  -  MemoryUsage of job (MB)
	884  -  ResidentSetSize of job (KB)
...
006 (14998214.090.000) 2025-12-03 04:21:50 Image size of job updated: 22684
	1  -  MemoryUsage of job (MB)
	896  -  ResidentSetSize of job (KB)
...
006 (14998214.090.000) 2025-12-03 04:26:51 Image size of job updated: 22684
	1  -  MemoryUsage of job (MB)
	904  -  ResidentSetSize of job (KB)
...
006 (14998214.090.000) 2025-12-03 04:31:51 Image size of job updated: 22684
	1  -  MemoryUsage of job (MB)
	916  -  ResidentSetSize of job (KB)
...
006 (14998214.090.000) 2025-12-03 04:36:51 Image size of job updated: 22684
	1  -  MemoryUsage of job (MB)
	924  -  ResidentSetSize of job (KB)
...
006 (14998214.090.000) 2025-12-03 04:41:52 Image size of job updated: 22684
	1  -  MemoryUsage of job (MB)
	932  -  ResidentSetSize of job (KB)
...
006 (14998214.090.000) 2025-12-03 04:46:53 Image size of job updated: 22684
	1  -  MemoryUsage of job (MB)
	944  -  ResidentSetSize of job (KB)
...
006 (14998214.090.000) 2025-12-03 04:51:52 Image size of job updated: 22684
	1  -  MemoryUsage of job (MB)
	952  -  ResidentSetSize of job (KB)
...
006 (14998214.090.000) 2025-12-03 04:56:52 Image size of job updated: 22684
	1  -  MemoryUsage of job (MB)
	964  -  ResidentSetSize of job (KB)
...
006 (14998214.090.000) 2025-12-03 05:01:53 Image size of job updated: 22816
	1  -  MemoryUsage of job (MB)
	972  -  ResidentSetSize of job (KB)
...
006 (14998214.090.000) 2025-12-03 05:06:54 Image size of job updated: 22816
	1  -  MemoryUsage of job (MB)
	984  -  ResidentSetSize of job (KB)
...
006 (14998214.090.000) 2025-12-03 05:11:54 Image size of job updated: 22816
	1  -  MemoryUsage of job (MB)
	992  -  ResidentSetSize of job (KB)
...
006 (14998214.090.000) 2025-12-03 05:16:55 Image size of job updated: 22816
	1  -  MemoryUsage of job (MB)
	1004  -  ResidentSetSize of job (KB)
...
006 (14998214.090.000) 2025-12-03 05:21:56 Image size of job updated: 22816
	1  -  MemoryUsage of job (MB)
	1012  -  ResidentSetSize of job (KB)
...
006 (14998214.090.000) 2025-12-03 05:26:56 Image size of job updated: 22816
	1  -  MemoryUsage of job (MB)
	1020  -  ResidentSetSize of job (KB)
...
006 (14998214.090.000) 2025-12-03 05:31:56 Image size of job updated: 22816
	2  -  MemoryUsage of job (MB)
	1032  -  ResidentSetSize of job (KB)
...
006 (14998214.090.000) 2025-12-03 05:36:57 Image size of job updated: 22816
	2  -  MemoryUsage of job (MB)
	1040  -  ResidentSetSize of job (KB)
...
006 (14998214.090.000) 2025-12-03 05:41:57 Image size of job updated: 22816
	2  -  MemoryUsage of job (MB)
	1052  -  ResidentSetSize of job (KB)
...
006 (14998214.090.000) 2025-12-03 05:46:57 Image size of job updated: 22816
	2  -  MemoryUsage of job (MB)
	1060  -  ResidentSetSize of job (KB)
...
006 (14998214.090.000) 2025-12-03 05:51:58 Image size of job updated: 22816
	2  -  MemoryUsage of job (MB)
	1072  -  ResidentSetSize of job (KB)
...
006 (14998214.090.000) 2025-12-03 05:56:59 Image size of job updated: 22816
	2  -  MemoryUsage of job (MB)
	1080  -  ResidentSetSize of job (KB)
...
006 (14998214.090.000) 2025-12-03 06:01:59 Image size of job updated: 22816
	2  -  MemoryUsage of job (MB)
	1092  -  ResidentSetSize of job (KB)
...
006 (14998214.090.000) 2025-12-03 06:07:00 Image size of job updated: 22816
	2  -  MemoryUsage of job (MB)
	1096  -  ResidentSetSize of job (KB)
...
006 (14998214.090.000) 2025-12-03 06:12:01 Image size of job updated: 22948
	2  -  MemoryUsage of job (MB)
	1104  -  ResidentSetSize of job (KB)
...
006 (14998214.090.000) 2025-12-03 06:17:01 Image size of job updated: 22948
	2  -  MemoryUsage of job (MB)
	1116  -  ResidentSetSize of job (KB)
...
006 (14998214.090.000) 2025-12-03 06:27:02 Image size of job updated: 22948
	2  -  MemoryUsage of job (MB)
	1128  -  ResidentSetSize of job (KB)
...
006 (14998214.090.000) 2025-12-03 06:32:02 Image size of job updated: 22948
	2  -  MemoryUsage of job (MB)
	1136  -  ResidentSetSize of job (KB)
...
006 (14998214.090.000) 2025-12-03 06:37:02 Image size of job updated: 22948
	2  -  MemoryUsage of job (MB)
	1144  -  ResidentSetSize of job (KB)
...
006 (14998214.090.000) 2025-12-03 06:42:03 Image size of job updated: 22948
	2  -  MemoryUsage of job (MB)
	1152  -  ResidentSetSize of job (KB)
...
006 (14998214.090.000) 2025-12-03 06:47:03 Image size of job updated: 22948
	2  -  MemoryUsage of job (MB)
	1160  -  ResidentSetSize of job (KB)
...
006 (14998214.090.000) 2025-12-03 06:52:03 Image size of job updated: 22948
	2  -  MemoryUsage of job (MB)
	1172  -  ResidentSetSize of job (KB)
...
006 (14998214.090.000) 2025-12-03 06:57:04 Image size of job updated: 22948
	2  -  MemoryUsage of job (MB)
	1180  -  ResidentSetSize of job (KB)
...
006 (14998214.090.000) 2025-12-03 07:02:05 Image size of job updated: 22948
	2  -  MemoryUsage of job (MB)
	1188  -  ResidentSetSize of job (KB)
...
006 (14998214.090.000) 2025-12-03 07:07:05 Image size of job updated: 22948
	2  -  MemoryUsage of job (MB)
	1200  -  ResidentSetSize of job (KB)
...
006 (14998214.090.000) 2025-12-03 07:12:06 Image size of job updated: 22948
	2  -  MemoryUsage of job (MB)
	1208  -  ResidentSetSize of job (KB)
...
006 (14998214.090.000) 2025-12-03 07:17:07 Image size of job updated: 22948
	2  -  MemoryUsage of job (MB)
	1220  -  ResidentSetSize of job (KB)
...
006 (14998214.090.000) 2025-12-03 07:22:07 Image size of job updated: 23080
	2  -  MemoryUsage of job (MB)
	1224  -  ResidentSetSize of job (KB)
...
006 (14998214.090.000) 2025-12-03 07:32:09 Image size of job updated: 23080
	2  -  MemoryUsage of job (MB)
	1228  -  ResidentSetSize of job (KB)
...
006 (14998214.090.000) 2025-12-03 07:37:09 Image size of job updated: 23080
	2  -  MemoryUsage of job (MB)
	1236  -  ResidentSetSize of job (KB)
...
006 (14998214.090.000) 2025-12-03 07:42:09 Image size of job updated: 23080
	2  -  MemoryUsage of job (MB)
	1248  -  ResidentSetSize of job (KB)
...
006 (14998214.090.000) 2025-12-03 07:47:10 Image size of job updated: 23080
	2  -  MemoryUsage of job (MB)
	1256  -  ResidentSetSize of job (KB)
...
006 (14998214.090.000) 2025-12-03 07:52:11 Image size of job updated: 23080
	2  -  MemoryUsage of job (MB)
	1268  -  ResidentSetSize of job (KB)
...
006 (14998214.090.000) 2025-12-03 07:57:11 Image size of job updated: 23080
	2  -  MemoryUsage of job (MB)
	1276  -  ResidentSetSize of job (KB)
...
006 (14998214.090.000) 2025-12-03 08:02:12 Image size of job updated: 23080
	2  -  MemoryUsage of job (MB)
	1288  -  ResidentSetSize of job (KB)
...
040 (14998214.090.000) 2025-12-03 08:04:45 Started transferring output files
...
040 (14998214.090.000) 2025-12-03 08:04:45 Finished transferring output files
...
005 (14998214.090.000) 2025-12-03 08:04:46 Job terminated.
	(1) Normal termination (return value 0)
		Usr 0 08:49:22, Sys 0 00:00:29  -  Run Remote Usage
		Usr 0 00:00:00, Sys 0 00:00:00  -  Run Local Usage
		Usr 0 08:49:22, Sys 0 00:00:29  -  Total Remote Usage
		Usr 0 00:00:00, Sys 0 00:00:00  -  Total Local Usage
	113365  -  Run Bytes Sent By Job
	198083  -  Run Bytes Received By Job
	113365  -  Total Bytes Sent By Job
	198083  -  Total Bytes Received By Job
	Partitionable Resources :    Usage  Request Allocated 
	   Cpus                 :     1.00        1         1 
	   Disk (KB)            :   337     2097152   6681169 
	   Memory (MB)          :     2        4096      4096 
	   xferslots            :                           0 

	Job terminated of its own accord at 2025-12-03T13:04:45Z with exit-code 0.
...
