000 (14998214.027.000) 2025-12-02 23:07:12 Job submitted from host: <130.199.48.129:9618?addrs=130.199.48.129-9618&alias=rcas6009.rcf.bnl.gov&noUDP&sock=schedd_22421_101d>
...
040 (14998214.027.000) 2025-12-02 23:14:27 Started transferring input files
	Transferring to host: <130.199.186.9:9618?addrs=130.199.186.9-9618&alias=spool1806.sdcc.bnl.gov&noUDP&sock=slot1_53_96042_e295_45658>
...
040 (14998214.027.000) 2025-12-02 23:14:28 Finished transferring input files
...
001 (14998214.027.000) 2025-12-02 23:14:29 Job executing on host: <130.199.186.9:9618?addrs=130.199.186.9-9618&alias=spool1806.sdcc.bnl.gov&noUDP&sock=startd_96033_54e7>
...
006 (14998214.027.000) 2025-12-02 23:14:38 Image size of job updated: 22160
	1  -  MemoryUsage of job (MB)
	376  -  ResidentSetSize of job (KB)
...
006 (14998214.027.000) 2025-12-02 23:19:38 Image size of job updated: 22160
	1  -  MemoryUsage of job (MB)
	380  -  ResidentSetSize of job (KB)
...
006 (14998214.027.000) 2025-12-02 23:24:38 Image size of job updated: 22160
	1  -  MemoryUsage of job (MB)
	392  -  ResidentSetSize of job (KB)
...
006 (14998214.027.000) 2025-12-02 23:29:39 Image size of job updated: 22160
	1  -  MemoryUsage of job (MB)
	400  -  ResidentSetSize of job (KB)
...
006 (14998214.027.000) 2025-12-02 23:34:40 Image size of job updated: 22160
	1  -  MemoryUsage of job (MB)
	412  -  ResidentSetSize of job (KB)
...
006 (14998214.027.000) 2025-12-02 23:39:40 Image size of job updated: 22160
	1  -  MemoryUsage of job (MB)
	420  -  ResidentSetSize of job (KB)
...
006 (14998214.027.000) 2025-12-02 23:44:41 Image size of job updated: 22160
	1  -  MemoryUsage of job (MB)
	424  -  ResidentSetSize of job (KB)
...
006 (14998214.027.000) 2025-12-02 23:49:42 Image size of job updated: 22160
	1  -  MemoryUsage of job (MB)
	436  -  ResidentSetSize of job (KB)
...
006 (14998214.027.000) 2025-12-02 23:54:42 Image size of job updated: 22160
	1  -  MemoryUsage of job (MB)
	440  -  ResidentSetSize of job (KB)
...
006 (14998214.027.000) 2025-12-02 23:59:43 Image size of job updated: 22160
	1  -  MemoryUsage of job (MB)
	452  -  ResidentSetSize of job (KB)
...
006 (14998214.027.000) 2025-12-03 00:04:44 Image size of job updated: 22160
	1  -  MemoryUsage of job (MB)
	464  -  ResidentSetSize of job (KB)
...
006 (14998214.027.000) 2025-12-03 00:09:44 Image size of job updated: 22160
	1  -  MemoryUsage of job (MB)
	472  -  ResidentSetSize of job (KB)
...
006 (14998214.027.000) 2025-12-03 00:14:44 Image size of job updated: 22160
	1  -  MemoryUsage of job (MB)
	484  -  ResidentSetSize of job (KB)
...
006 (14998214.027.000) 2025-12-03 00:19:45 Image size of job updated: 22292
	1  -  MemoryUsage of job (MB)
	492  -  ResidentSetSize of job (KB)
...
006 (14998214.027.000) 2025-12-03 00:24:45 Image size of job updated: 22292
	1  -  MemoryUsage of job (MB)
	500  -  ResidentSetSize of job (KB)
...
006 (14998214.027.000) 2025-12-03 00:29:45 Image size of job updated: 22292
	1  -  MemoryUsage of job (MB)
	508  -  ResidentSetSize of job (KB)
...
006 (14998214.027.000) 2025-12-03 00:34:46 Image size of job updated: 22292
	1  -  MemoryUsage of job (MB)
	516  -  ResidentSetSize of job (KB)
...
006 (14998214.027.000) 2025-12-03 00:39:47 Image size of job updated: 22292
	1  -  MemoryUsage of job (MB)
	520  -  ResidentSetSize of job (KB)
...
006 (14998214.027.000) 2025-12-03 00:44:47 Image size of job updated: 22292
	1  -  MemoryUsage of job (MB)
	528  -  ResidentSetSize of job (KB)
...
006 (14998214.027.000) 2025-12-03 00:49:55 Image size of job updated: 22292
	1  -  MemoryUsage of job (MB)
	536  -  ResidentSetSize of job (KB)
...
006 (14998214.027.000) 2025-12-03 00:54:49 Image size of job updated: 22292
	1  -  MemoryUsage of job (MB)
	544  -  ResidentSetSize of job (KB)
...
006 (14998214.027.000) 2025-12-03 00:59:49 Image size of job updated: 22292
	1  -  MemoryUsage of job (MB)
	552  -  ResidentSetSize of job (KB)
...
006 (14998214.027.000) 2025-12-03 01:09:51 Image size of job updated: 22292
	1  -  MemoryUsage of job (MB)
	560  -  ResidentSetSize of job (KB)
...
006 (14998214.027.000) 2025-12-03 01:19:29 Image size of job updated: 22292
	1  -  MemoryUsage of job (MB)
	572  -  ResidentSetSize of job (KB)
...
006 (14998214.027.000) 2025-12-03 01:33:26 Image size of job updated: 22424
	1  -  MemoryUsage of job (MB)
	588  -  ResidentSetSize of job (KB)
...
006 (14998214.027.000) 2025-12-03 01:44:35 Image size of job updated: 22424
	1  -  MemoryUsage of job (MB)
	600  -  ResidentSetSize of job (KB)
...
006 (14998214.027.000) 2025-12-03 01:51:17 Image size of job updated: 22424
	1  -  MemoryUsage of job (MB)
	616  -  ResidentSetSize of job (KB)
...
006 (14998214.027.000) 2025-12-03 01:56:18 Image size of job updated: 22424
	1  -  MemoryUsage of job (MB)
	620  -  ResidentSetSize of job (KB)
...
006 (14998214.027.000) 2025-12-03 02:16:20 Image size of job updated: 22424
	1  -  MemoryUsage of job (MB)
	624  -  ResidentSetSize of job (KB)
...
006 (14998214.027.000) 2025-12-03 02:21:20 Image size of job updated: 22424
	1  -  MemoryUsage of job (MB)
	636  -  ResidentSetSize of job (KB)
...
006 (14998214.027.000) 2025-12-03 02:26:20 Image size of job updated: 22424
	1  -  MemoryUsage of job (MB)
	644  -  ResidentSetSize of job (KB)
...
006 (14998214.027.000) 2025-12-03 02:31:21 Image size of job updated: 22424
	1  -  MemoryUsage of job (MB)
	656  -  ResidentSetSize of job (KB)
...
006 (14998214.027.000) 2025-12-03 02:36:22 Image size of job updated: 22424
	1  -  MemoryUsage of job (MB)
	660  -  ResidentSetSize of job (KB)
...
006 (14998214.027.000) 2025-12-03 02:41:22 Image size of job updated: 22424
	1  -  MemoryUsage of job (MB)
	668  -  ResidentSetSize of job (KB)
...
006 (14998214.027.000) 2025-12-03 02:46:23 Image size of job updated: 22424
	1  -  MemoryUsage of job (MB)
	680  -  ResidentSetSize of job (KB)
...
006 (14998214.027.000) 2025-12-03 02:51:24 Image size of job updated: 22552
	1  -  MemoryUsage of job (MB)
	688  -  ResidentSetSize of job (KB)
...
006 (14998214.027.000) 2025-12-03 02:56:24 Image size of job updated: 22552
	1  -  MemoryUsage of job (MB)
	700  -  ResidentSetSize of job (KB)
...
006 (14998214.027.000) 2025-12-03 03:01:24 Image size of job updated: 22552
	1  -  MemoryUsage of job (MB)
	704  -  ResidentSetSize of job (KB)
...
006 (14998214.027.000) 2025-12-03 03:16:25 Image size of job updated: 22552
	1  -  MemoryUsage of job (MB)
	708  -  ResidentSetSize of job (KB)
...
006 (14998214.027.000) 2025-12-03 03:21:27 Image size of job updated: 22552
	1  -  MemoryUsage of job (MB)
	716  -  ResidentSetSize of job (KB)
...
006 (14998214.027.000) 2025-12-03 03:26:27 Image size of job updated: 22552
	1  -  MemoryUsage of job (MB)
	724  -  ResidentSetSize of job (KB)
...
006 (14998214.027.000) 2025-12-03 03:31:27 Image size of job updated: 22552
	1  -  MemoryUsage of job (MB)
	728  -  ResidentSetSize of job (KB)
...
006 (14998214.027.000) 2025-12-03 03:36:35 Image size of job updated: 22552
	1  -  MemoryUsage of job (MB)
	740  -  ResidentSetSize of job (KB)
...
006 (14998214.027.000) 2025-12-03 03:41:30 Image size of job updated: 22552
	1  -  MemoryUsage of job (MB)
	748  -  ResidentSetSize of job (KB)
...
006 (14998214.027.000) 2025-12-03 03:46:30 Image size of job updated: 22552
	1  -  MemoryUsage of job (MB)
	760  -  ResidentSetSize of job (KB)
...
006 (14998214.027.000) 2025-12-03 03:56:31 Image size of job updated: 22552
	1  -  MemoryUsage of job (MB)
	768  -  ResidentSetSize of job (KB)
...
006 (14998214.027.000) 2025-12-03 04:01:32 Image size of job updated: 22684
	1  -  MemoryUsage of job (MB)
	776  -  ResidentSetSize of job (KB)
...
006 (14998214.027.000) 2025-12-03 04:06:32 Image size of job updated: 22684
	1  -  MemoryUsage of job (MB)
	780  -  ResidentSetSize of job (KB)
...
006 (14998214.027.000) 2025-12-03 04:11:33 Image size of job updated: 22684
	1  -  MemoryUsage of job (MB)
	792  -  ResidentSetSize of job (KB)
...
006 (14998214.027.000) 2025-12-03 04:16:34 Image size of job updated: 22684
	1  -  MemoryUsage of job (MB)
	800  -  ResidentSetSize of job (KB)
...
006 (14998214.027.000) 2025-12-03 04:21:34 Image size of job updated: 22684
	1  -  MemoryUsage of job (MB)
	812  -  ResidentSetSize of job (KB)
...
006 (14998214.027.000) 2025-12-03 04:26:34 Image size of job updated: 22684
	1  -  MemoryUsage of job (MB)
	820  -  ResidentSetSize of job (KB)
...
006 (14998214.027.000) 2025-12-03 04:31:35 Image size of job updated: 22684
	1  -  MemoryUsage of job (MB)
	832  -  ResidentSetSize of job (KB)
...
006 (14998214.027.000) 2025-12-03 04:36:35 Image size of job updated: 22684
	1  -  MemoryUsage of job (MB)
	840  -  ResidentSetSize of job (KB)
...
006 (14998214.027.000) 2025-12-03 04:41:35 Image size of job updated: 22684
	1  -  MemoryUsage of job (MB)
	852  -  ResidentSetSize of job (KB)
...
006 (14998214.027.000) 2025-12-03 04:46:36 Image size of job updated: 22684
	1  -  MemoryUsage of job (MB)
	856  -  ResidentSetSize of job (KB)
...
006 (14998214.027.000) 2025-12-03 04:51:36 Image size of job updated: 22684
	1  -  MemoryUsage of job (MB)
	864  -  ResidentSetSize of job (KB)
...
006 (14998214.027.000) 2025-12-03 04:56:36 Image size of job updated: 22684
	1  -  MemoryUsage of job (MB)
	876  -  ResidentSetSize of job (KB)
...
006 (14998214.027.000) 2025-12-03 05:01:37 Image size of job updated: 22684
	1  -  MemoryUsage of job (MB)
	884  -  ResidentSetSize of job (KB)
...
006 (14998214.027.000) 2025-12-03 05:06:37 Image size of job updated: 22684
	1  -  MemoryUsage of job (MB)
	896  -  ResidentSetSize of job (KB)
...
006 (14998214.027.000) 2025-12-03 05:11:37 Image size of job updated: 22816
	1  -  MemoryUsage of job (MB)
	904  -  ResidentSetSize of job (KB)
...
006 (14998214.027.000) 2025-12-03 05:16:38 Image size of job updated: 22816
	1  -  MemoryUsage of job (MB)
	912  -  ResidentSetSize of job (KB)
...
006 (14998214.027.000) 2025-12-03 05:21:39 Image size of job updated: 22816
	1  -  MemoryUsage of job (MB)
	924  -  ResidentSetSize of job (KB)
...
006 (14998214.027.000) 2025-12-03 05:26:39 Image size of job updated: 22816
	1  -  MemoryUsage of job (MB)
	932  -  ResidentSetSize of job (KB)
...
006 (14998214.027.000) 2025-12-03 05:31:40 Image size of job updated: 22816
	1  -  MemoryUsage of job (MB)
	940  -  ResidentSetSize of job (KB)
...
006 (14998214.027.000) 2025-12-03 05:36:41 Image size of job updated: 22816
	1  -  MemoryUsage of job (MB)
	948  -  ResidentSetSize of job (KB)
...
006 (14998214.027.000) 2025-12-03 05:41:41 Image size of job updated: 22816
	1  -  MemoryUsage of job (MB)
	956  -  ResidentSetSize of job (KB)
...
006 (14998214.027.000) 2025-12-03 05:46:41 Image size of job updated: 22816
	1  -  MemoryUsage of job (MB)
	968  -  ResidentSetSize of job (KB)
...
006 (14998214.027.000) 2025-12-03 05:51:42 Image size of job updated: 22816
	1  -  MemoryUsage of job (MB)
	976  -  ResidentSetSize of job (KB)
...
006 (14998214.027.000) 2025-12-03 05:56:43 Image size of job updated: 22816
	1  -  MemoryUsage of job (MB)
	988  -  ResidentSetSize of job (KB)
...
006 (14998214.027.000) 2025-12-03 06:01:43 Image size of job updated: 22816
	1  -  MemoryUsage of job (MB)
	996  -  ResidentSetSize of job (KB)
...
006 (14998214.027.000) 2025-12-03 06:06:44 Image size of job updated: 22816
	1  -  MemoryUsage of job (MB)
	1008  -  ResidentSetSize of job (KB)
...
006 (14998214.027.000) 2025-12-03 06:11:45 Image size of job updated: 22816
	1  -  MemoryUsage of job (MB)
	1016  -  ResidentSetSize of job (KB)
...
006 (14998214.027.000) 2025-12-03 06:16:45 Image size of job updated: 22816
	1  -  MemoryUsage of job (MB)
	1024  -  ResidentSetSize of job (KB)
...
006 (14998214.027.000) 2025-12-03 06:21:45 Image size of job updated: 22816
	2  -  MemoryUsage of job (MB)
	1032  -  ResidentSetSize of job (KB)
...
006 (14998214.027.000) 2025-12-03 06:26:46 Image size of job updated: 22948
	2  -  MemoryUsage of job (MB)
	1036  -  ResidentSetSize of job (KB)
...
006 (14998214.027.000) 2025-12-03 06:31:46 Image size of job updated: 22948
	2  -  MemoryUsage of job (MB)
	1048  -  ResidentSetSize of job (KB)
...
006 (14998214.027.000) 2025-12-03 06:36:46 Image size of job updated: 22948
	2  -  MemoryUsage of job (MB)
	1052  -  ResidentSetSize of job (KB)
...
006 (14998214.027.000) 2025-12-03 06:41:47 Image size of job updated: 22948
	2  -  MemoryUsage of job (MB)
	1064  -  ResidentSetSize of job (KB)
...
006 (14998214.027.000) 2025-12-03 06:46:47 Image size of job updated: 22948
	2  -  MemoryUsage of job (MB)
	1072  -  ResidentSetSize of job (KB)
...
006 (14998214.027.000) 2025-12-03 06:51:47 Image size of job updated: 22948
	2  -  MemoryUsage of job (MB)
	1076  -  ResidentSetSize of job (KB)
...
006 (14998214.027.000) 2025-12-03 06:56:48 Image size of job updated: 22948
	2  -  MemoryUsage of job (MB)
	1088  -  ResidentSetSize of job (KB)
...
006 (14998214.027.000) 2025-12-03 07:01:49 Image size of job updated: 22948
	2  -  MemoryUsage of job (MB)
	1096  -  ResidentSetSize of job (KB)
...
006 (14998214.027.000) 2025-12-03 07:06:49 Image size of job updated: 22948
	2  -  MemoryUsage of job (MB)
	1108  -  ResidentSetSize of job (KB)
...
006 (14998214.027.000) 2025-12-03 07:11:50 Image size of job updated: 22948
	2  -  MemoryUsage of job (MB)
	1116  -  ResidentSetSize of job (KB)
...
006 (14998214.027.000) 2025-12-03 07:16:51 Image size of job updated: 22948
	2  -  MemoryUsage of job (MB)
	1120  -  ResidentSetSize of job (KB)
...
006 (14998214.027.000) 2025-12-03 07:21:51 Image size of job updated: 22948
	2  -  MemoryUsage of job (MB)
	1132  -  ResidentSetSize of job (KB)
...
006 (14998214.027.000) 2025-12-03 07:26:51 Image size of job updated: 22948
	2  -  MemoryUsage of job (MB)
	1140  -  ResidentSetSize of job (KB)
...
006 (14998214.027.000) 2025-12-03 07:31:52 Image size of job updated: 22948
	2  -  MemoryUsage of job (MB)
	1144  -  ResidentSetSize of job (KB)
...
006 (14998214.027.000) 2025-12-03 07:36:52 Image size of job updated: 23080
	2  -  MemoryUsage of job (MB)
	1152  -  ResidentSetSize of job (KB)
...
006 (14998214.027.000) 2025-12-03 07:41:52 Image size of job updated: 23080
	2  -  MemoryUsage of job (MB)
	1156  -  ResidentSetSize of job (KB)
...
006 (14998214.027.000) 2025-12-03 07:46:53 Image size of job updated: 23080
	2  -  MemoryUsage of job (MB)
	1168  -  ResidentSetSize of job (KB)
...
006 (14998214.027.000) 2025-12-03 07:51:54 Image size of job updated: 23080
	2  -  MemoryUsage of job (MB)
	1176  -  ResidentSetSize of job (KB)
...
006 (14998214.027.000) 2025-12-03 07:56:54 Image size of job updated: 23080
	2  -  MemoryUsage of job (MB)
	1188  -  ResidentSetSize of job (KB)
...
006 (14998214.027.000) 2025-12-03 08:01:55 Image size of job updated: 23080
	2  -  MemoryUsage of job (MB)
	1196  -  ResidentSetSize of job (KB)
...
006 (14998214.027.000) 2025-12-03 08:06:56 Image size of job updated: 23080
	2  -  MemoryUsage of job (MB)
	1204  -  ResidentSetSize of job (KB)
...
006 (14998214.027.000) 2025-12-03 08:11:56 Image size of job updated: 23080
	2  -  MemoryUsage of job (MB)
	1212  -  ResidentSetSize of job (KB)
...
006 (14998214.027.000) 2025-12-03 08:16:56 Image size of job updated: 23080
	2  -  MemoryUsage of job (MB)
	1220  -  ResidentSetSize of job (KB)
...
006 (14998214.027.000) 2025-12-03 08:21:57 Image size of job updated: 23080
	2  -  MemoryUsage of job (MB)
	1232  -  ResidentSetSize of job (KB)
...
040 (14998214.027.000) 2025-12-03 08:23:39 Started transferring output files
...
040 (14998214.027.000) 2025-12-03 08:23:39 Finished transferring output files
...
005 (14998214.027.000) 2025-12-03 08:23:39 Job terminated.
	(1) Normal termination (return value 0)
		Usr 0 09:08:24, Sys 0 00:00:01  -  Run Remote Usage
		Usr 0 00:00:00, Sys 0 00:00:00  -  Run Local Usage
		Usr 0 09:08:24, Sys 0 00:00:01  -  Total Remote Usage
		Usr 0 00:00:00, Sys 0 00:00:00  -  Total Local Usage
	113365  -  Run Bytes Sent By Job
	169674  -  Run Bytes Received By Job
	113365  -  Total Bytes Sent By Job
	169674  -  Total Bytes Received By Job
	Partitionable Resources :    Usage  Request Allocated 
	   Cpus                 :     1.00        1         1 
	   Disk (KB)            :   310     2097152   6681562 
	   Memory (MB)          :     2        4096      4096 
	   xferslots            :                           0 

	Job terminated of its own accord at 2025-12-03T13:23:39Z with exit-code 0.
...
