000 (14998214.152.000) 2025-12-02 23:07:12 Job submitted from host: <130.199.48.129:9618?addrs=130.199.48.129-9618&alias=rcas6009.rcf.bnl.gov&noUDP&sock=schedd_22421_101d>
...
040 (14998214.152.000) 2025-12-02 23:27:52 Started transferring input files
	Transferring to host: <130.199.186.74:9618?addrs=130.199.186.74-9618&alias=spool1837.sdcc.bnl.gov&noUDP&sock=slot1_43_95670_2eef_55460>
...
040 (14998214.152.000) 2025-12-02 23:27:54 Finished transferring input files
...
001 (14998214.152.000) 2025-12-02 23:27:55 Job executing on host: <130.199.186.74:9618?addrs=130.199.186.74-9618&alias=spool1837.sdcc.bnl.gov&noUDP&sock=startd_95661_992d>
...
006 (14998214.152.000) 2025-12-02 23:28:04 Image size of job updated: 388
	1  -  MemoryUsage of job (MB)
	376  -  ResidentSetSize of job (KB)
...
006 (14998214.152.000) 2025-12-02 23:33:05 Image size of job updated: 22160
	1  -  MemoryUsage of job (MB)
	384  -  ResidentSetSize of job (KB)
...
006 (14998214.152.000) 2025-12-02 23:38:05 Image size of job updated: 22160
	1  -  MemoryUsage of job (MB)
	396  -  ResidentSetSize of job (KB)
...
006 (14998214.152.000) 2025-12-02 23:43:05 Image size of job updated: 22160
	1  -  MemoryUsage of job (MB)
	404  -  ResidentSetSize of job (KB)
...
006 (14998214.152.000) 2025-12-02 23:48:06 Image size of job updated: 22160
	1  -  MemoryUsage of job (MB)
	416  -  ResidentSetSize of job (KB)
...
006 (14998214.152.000) 2025-12-02 23:53:07 Image size of job updated: 22160
	1  -  MemoryUsage of job (MB)
	424  -  ResidentSetSize of job (KB)
...
006 (14998214.152.000) 2025-12-02 23:58:07 Image size of job updated: 22160
	1  -  MemoryUsage of job (MB)
	436  -  ResidentSetSize of job (KB)
...
006 (14998214.152.000) 2025-12-03 00:03:08 Image size of job updated: 22160
	1  -  MemoryUsage of job (MB)
	444  -  ResidentSetSize of job (KB)
...
006 (14998214.152.000) 2025-12-03 00:08:09 Image size of job updated: 22160
	1  -  MemoryUsage of job (MB)
	456  -  ResidentSetSize of job (KB)
...
006 (14998214.152.000) 2025-12-03 00:13:09 Image size of job updated: 22160
	1  -  MemoryUsage of job (MB)
	472  -  ResidentSetSize of job (KB)
...
006 (14998214.152.000) 2025-12-03 00:18:10 Image size of job updated: 22160
	1  -  MemoryUsage of job (MB)
	476  -  ResidentSetSize of job (KB)
...
006 (14998214.152.000) 2025-12-03 00:23:11 Image size of job updated: 22160
	1  -  MemoryUsage of job (MB)
	488  -  ResidentSetSize of job (KB)
...
006 (14998214.152.000) 2025-12-03 00:28:11 Image size of job updated: 22292
	1  -  MemoryUsage of job (MB)
	496  -  ResidentSetSize of job (KB)
...
006 (14998214.152.000) 2025-12-03 00:33:12 Image size of job updated: 22292
	1  -  MemoryUsage of job (MB)
	508  -  ResidentSetSize of job (KB)
...
006 (14998214.152.000) 2025-12-03 00:38:13 Image size of job updated: 22292
	1  -  MemoryUsage of job (MB)
	516  -  ResidentSetSize of job (KB)
...
006 (14998214.152.000) 2025-12-03 00:43:13 Image size of job updated: 22292
	1  -  MemoryUsage of job (MB)
	528  -  ResidentSetSize of job (KB)
...
006 (14998214.152.000) 2025-12-03 00:48:13 Image size of job updated: 22292
	1  -  MemoryUsage of job (MB)
	536  -  ResidentSetSize of job (KB)
...
006 (14998214.152.000) 2025-12-03 00:53:14 Image size of job updated: 22292
	1  -  MemoryUsage of job (MB)
	548  -  ResidentSetSize of job (KB)
...
006 (14998214.152.000) 2025-12-03 00:58:14 Image size of job updated: 22292
	1  -  MemoryUsage of job (MB)
	556  -  ResidentSetSize of job (KB)
...
006 (14998214.152.000) 2025-12-03 01:03:14 Image size of job updated: 22292
	1  -  MemoryUsage of job (MB)
	560  -  ResidentSetSize of job (KB)
...
006 (14998214.152.000) 2025-12-03 01:08:15 Image size of job updated: 22292
	1  -  MemoryUsage of job (MB)
	572  -  ResidentSetSize of job (KB)
...
006 (14998214.152.000) 2025-12-03 01:13:16 Image size of job updated: 22292
	1  -  MemoryUsage of job (MB)
	580  -  ResidentSetSize of job (KB)
...
006 (14998214.152.000) 2025-12-03 01:20:51 Image size of job updated: 22292
	1  -  MemoryUsage of job (MB)
	592  -  ResidentSetSize of job (KB)
...
006 (14998214.152.000) 2025-12-03 01:28:38 Image size of job updated: 22292
	1  -  MemoryUsage of job (MB)
	608  -  ResidentSetSize of job (KB)
...
006 (14998214.152.000) 2025-12-03 01:34:51 Image size of job updated: 22424
	1  -  MemoryUsage of job (MB)
	624  -  ResidentSetSize of job (KB)
...
006 (14998214.152.000) 2025-12-03 01:39:52 Image size of job updated: 22424
	1  -  MemoryUsage of job (MB)
	636  -  ResidentSetSize of job (KB)
...
006 (14998214.152.000) 2025-12-03 01:44:53 Image size of job updated: 22424
	1  -  MemoryUsage of job (MB)
	640  -  ResidentSetSize of job (KB)
...
006 (14998214.152.000) 2025-12-03 01:49:53 Image size of job updated: 22424
	1  -  MemoryUsage of job (MB)
	648  -  ResidentSetSize of job (KB)
...
006 (14998214.152.000) 2025-12-03 01:54:54 Image size of job updated: 22424
	1  -  MemoryUsage of job (MB)
	660  -  ResidentSetSize of job (KB)
...
006 (14998214.152.000) 2025-12-03 01:59:55 Image size of job updated: 22424
	1  -  MemoryUsage of job (MB)
	668  -  ResidentSetSize of job (KB)
...
006 (14998214.152.000) 2025-12-03 02:04:55 Image size of job updated: 22424
	1  -  MemoryUsage of job (MB)
	680  -  ResidentSetSize of job (KB)
...
006 (14998214.152.000) 2025-12-03 02:09:55 Image size of job updated: 22424
	1  -  MemoryUsage of job (MB)
	688  -  ResidentSetSize of job (KB)
...
006 (14998214.152.000) 2025-12-03 02:14:56 Image size of job updated: 22424
	1  -  MemoryUsage of job (MB)
	696  -  ResidentSetSize of job (KB)
...
006 (14998214.152.000) 2025-12-03 02:19:56 Image size of job updated: 22424
	1  -  MemoryUsage of job (MB)
	708  -  ResidentSetSize of job (KB)
...
006 (14998214.152.000) 2025-12-03 02:24:56 Image size of job updated: 22424
	1  -  MemoryUsage of job (MB)
	716  -  ResidentSetSize of job (KB)
...
006 (14998214.152.000) 2025-12-03 02:29:57 Image size of job updated: 22424
	1  -  MemoryUsage of job (MB)
	728  -  ResidentSetSize of job (KB)
...
006 (14998214.152.000) 2025-12-03 02:34:58 Image size of job updated: 22424
	1  -  MemoryUsage of job (MB)
	736  -  ResidentSetSize of job (KB)
...
006 (14998214.152.000) 2025-12-03 02:39:58 Image size of job updated: 22424
	1  -  MemoryUsage of job (MB)
	740  -  ResidentSetSize of job (KB)
...
006 (14998214.152.000) 2025-12-03 02:44:59 Image size of job updated: 22424
	1  -  MemoryUsage of job (MB)
	752  -  ResidentSetSize of job (KB)
...
006 (14998214.152.000) 2025-12-03 02:50:00 Image size of job updated: 22552
	1  -  MemoryUsage of job (MB)
	760  -  ResidentSetSize of job (KB)
...
006 (14998214.152.000) 2025-12-03 02:55:00 Image size of job updated: 22552
	1  -  MemoryUsage of job (MB)
	772  -  ResidentSetSize of job (KB)
...
006 (14998214.152.000) 2025-12-03 03:00:00 Image size of job updated: 22552
	1  -  MemoryUsage of job (MB)
	780  -  ResidentSetSize of job (KB)
...
006 (14998214.152.000) 2025-12-03 03:05:01 Image size of job updated: 22552
	1  -  MemoryUsage of job (MB)
	792  -  ResidentSetSize of job (KB)
...
006 (14998214.152.000) 2025-12-03 03:10:01 Image size of job updated: 22552
	1  -  MemoryUsage of job (MB)
	800  -  ResidentSetSize of job (KB)
...
006 (14998214.152.000) 2025-12-03 03:15:01 Image size of job updated: 22552
	1  -  MemoryUsage of job (MB)
	812  -  ResidentSetSize of job (KB)
...
006 (14998214.152.000) 2025-12-03 03:20:02 Image size of job updated: 22552
	1  -  MemoryUsage of job (MB)
	820  -  ResidentSetSize of job (KB)
...
006 (14998214.152.000) 2025-12-03 03:25:03 Image size of job updated: 22552
	1  -  MemoryUsage of job (MB)
	828  -  ResidentSetSize of job (KB)
...
006 (14998214.152.000) 2025-12-03 03:30:03 Image size of job updated: 22552
	1  -  MemoryUsage of job (MB)
	840  -  ResidentSetSize of job (KB)
...
006 (14998214.152.000) 2025-12-03 03:35:04 Image size of job updated: 22552
	1  -  MemoryUsage of job (MB)
	848  -  ResidentSetSize of job (KB)
...
006 (14998214.152.000) 2025-12-03 03:40:05 Image size of job updated: 22552
	1  -  MemoryUsage of job (MB)
	860  -  ResidentSetSize of job (KB)
...
006 (14998214.152.000) 2025-12-03 03:45:05 Image size of job updated: 22552
	1  -  MemoryUsage of job (MB)
	868  -  ResidentSetSize of job (KB)
...
006 (14998214.152.000) 2025-12-03 03:50:05 Image size of job updated: 22552
	1  -  MemoryUsage of job (MB)
	880  -  ResidentSetSize of job (KB)
...
006 (14998214.152.000) 2025-12-03 03:55:06 Image size of job updated: 22684
	1  -  MemoryUsage of job (MB)
	888  -  ResidentSetSize of job (KB)
...
006 (14998214.152.000) 2025-12-03 04:00:06 Image size of job updated: 22684
	1  -  MemoryUsage of job (MB)
	900  -  ResidentSetSize of job (KB)
...
006 (14998214.152.000) 2025-12-03 04:05:06 Image size of job updated: 22684
	1  -  MemoryUsage of job (MB)
	908  -  ResidentSetSize of job (KB)
...
006 (14998214.152.000) 2025-12-03 04:10:07 Image size of job updated: 22684
	1  -  MemoryUsage of job (MB)
	916  -  ResidentSetSize of job (KB)
...
006 (14998214.152.000) 2025-12-03 04:15:08 Image size of job updated: 22684
	1  -  MemoryUsage of job (MB)
	928  -  ResidentSetSize of job (KB)
...
006 (14998214.152.000) 2025-12-03 04:20:08 Image size of job updated: 22684
	1  -  MemoryUsage of job (MB)
	936  -  ResidentSetSize of job (KB)
...
006 (14998214.152.000) 2025-12-03 04:25:09 Image size of job updated: 22684
	1  -  MemoryUsage of job (MB)
	948  -  ResidentSetSize of job (KB)
...
006 (14998214.152.000) 2025-12-03 04:30:10 Image size of job updated: 22684
	1  -  MemoryUsage of job (MB)
	956  -  ResidentSetSize of job (KB)
...
006 (14998214.152.000) 2025-12-03 04:35:10 Image size of job updated: 22684
	1  -  MemoryUsage of job (MB)
	968  -  ResidentSetSize of job (KB)
...
006 (14998214.152.000) 2025-12-03 04:40:10 Image size of job updated: 22684
	1  -  MemoryUsage of job (MB)
	976  -  ResidentSetSize of job (KB)
...
006 (14998214.152.000) 2025-12-03 04:45:11 Image size of job updated: 22684
	1  -  MemoryUsage of job (MB)
	988  -  ResidentSetSize of job (KB)
...
006 (14998214.152.000) 2025-12-03 04:50:11 Image size of job updated: 22684
	1  -  MemoryUsage of job (MB)
	996  -  ResidentSetSize of job (KB)
...
006 (14998214.152.000) 2025-12-03 04:55:11 Image size of job updated: 22684
	1  -  MemoryUsage of job (MB)
	1008  -  ResidentSetSize of job (KB)
...
006 (14998214.152.000) 2025-12-03 05:00:12 Image size of job updated: 22684
	1  -  MemoryUsage of job (MB)
	1016  -  ResidentSetSize of job (KB)
...
006 (14998214.152.000) 2025-12-03 05:05:13 Image size of job updated: 22816
	1  -  MemoryUsage of job (MB)
	1024  -  ResidentSetSize of job (KB)
...
006 (14998214.152.000) 2025-12-03 05:10:13 Image size of job updated: 22816
	2  -  MemoryUsage of job (MB)
	1032  -  ResidentSetSize of job (KB)
...
006 (14998214.152.000) 2025-12-03 05:15:14 Image size of job updated: 22816
	2  -  MemoryUsage of job (MB)
	1040  -  ResidentSetSize of job (KB)
...
006 (14998214.152.000) 2025-12-03 05:20:15 Image size of job updated: 22816
	2  -  MemoryUsage of job (MB)
	1052  -  ResidentSetSize of job (KB)
...
006 (14998214.152.000) 2025-12-03 05:25:15 Image size of job updated: 22816
	2  -  MemoryUsage of job (MB)
	1060  -  ResidentSetSize of job (KB)
...
006 (14998214.152.000) 2025-12-03 05:30:15 Image size of job updated: 22816
	2  -  MemoryUsage of job (MB)
	1068  -  ResidentSetSize of job (KB)
...
006 (14998214.152.000) 2025-12-03 05:35:16 Image size of job updated: 22816
	2  -  MemoryUsage of job (MB)
	1080  -  ResidentSetSize of job (KB)
...
006 (14998214.152.000) 2025-12-03 05:40:16 Image size of job updated: 22816
	2  -  MemoryUsage of job (MB)
	1088  -  ResidentSetSize of job (KB)
...
006 (14998214.152.000) 2025-12-03 05:45:16 Image size of job updated: 22816
	2  -  MemoryUsage of job (MB)
	1100  -  ResidentSetSize of job (KB)
...
006 (14998214.152.000) 2025-12-03 05:50:17 Image size of job updated: 22816
	2  -  MemoryUsage of job (MB)
	1108  -  ResidentSetSize of job (KB)
...
006 (14998214.152.000) 2025-12-03 05:55:18 Image size of job updated: 22816
	2  -  MemoryUsage of job (MB)
	1120  -  ResidentSetSize of job (KB)
...
006 (14998214.152.000) 2025-12-03 06:00:18 Image size of job updated: 22816
	2  -  MemoryUsage of job (MB)
	1128  -  ResidentSetSize of job (KB)
...
006 (14998214.152.000) 2025-12-03 06:05:19 Image size of job updated: 22816
	2  -  MemoryUsage of job (MB)
	1140  -  ResidentSetSize of job (KB)
...
006 (14998214.152.000) 2025-12-03 06:10:20 Image size of job updated: 22948
	2  -  MemoryUsage of job (MB)
	1148  -  ResidentSetSize of job (KB)
...
006 (14998214.152.000) 2025-12-03 06:15:20 Image size of job updated: 22948
	2  -  MemoryUsage of job (MB)
	1156  -  ResidentSetSize of job (KB)
...
006 (14998214.152.000) 2025-12-03 06:20:21 Image size of job updated: 22948
	2  -  MemoryUsage of job (MB)
	1164  -  ResidentSetSize of job (KB)
...
006 (14998214.152.000) 2025-12-03 06:25:22 Image size of job updated: 22948
	2  -  MemoryUsage of job (MB)
	1172  -  ResidentSetSize of job (KB)
...
006 (14998214.152.000) 2025-12-03 06:30:22 Image size of job updated: 22948
	2  -  MemoryUsage of job (MB)
	1184  -  ResidentSetSize of job (KB)
...
006 (14998214.152.000) 2025-12-03 06:35:22 Image size of job updated: 22948
	2  -  MemoryUsage of job (MB)
	1192  -  ResidentSetSize of job (KB)
...
006 (14998214.152.000) 2025-12-03 06:40:23 Image size of job updated: 22948
	2  -  MemoryUsage of job (MB)
	1200  -  ResidentSetSize of job (KB)
...
006 (14998214.152.000) 2025-12-03 06:45:23 Image size of job updated: 22948
	2  -  MemoryUsage of job (MB)
	1212  -  ResidentSetSize of job (KB)
...
006 (14998214.152.000) 2025-12-03 06:50:23 Image size of job updated: 22948
	2  -  MemoryUsage of job (MB)
	1220  -  ResidentSetSize of job (KB)
...
006 (14998214.152.000) 2025-12-03 06:55:25 Image size of job updated: 22948
	2  -  MemoryUsage of job (MB)
	1232  -  ResidentSetSize of job (KB)
...
006 (14998214.152.000) 2025-12-03 07:00:25 Image size of job updated: 22948
	2  -  MemoryUsage of job (MB)
	1236  -  ResidentSetSize of job (KB)
...
006 (14998214.152.000) 2025-12-03 07:05:25 Image size of job updated: 22948
	2  -  MemoryUsage of job (MB)
	1244  -  ResidentSetSize of job (KB)
...
006 (14998214.152.000) 2025-12-03 07:10:26 Image size of job updated: 22948
	2  -  MemoryUsage of job (MB)
	1256  -  ResidentSetSize of job (KB)
...
006 (14998214.152.000) 2025-12-03 07:15:27 Image size of job updated: 22948
	2  -  MemoryUsage of job (MB)
	1264  -  ResidentSetSize of job (KB)
...
006 (14998214.152.000) 2025-12-03 07:20:27 Image size of job updated: 22948
	2  -  MemoryUsage of job (MB)
	1276  -  ResidentSetSize of job (KB)
...
006 (14998214.152.000) 2025-12-03 07:25:28 Image size of job updated: 23080
	2  -  MemoryUsage of job (MB)
	1280  -  ResidentSetSize of job (KB)
...
006 (14998214.152.000) 2025-12-03 07:30:29 Image size of job updated: 23080
	2  -  MemoryUsage of job (MB)
	1288  -  ResidentSetSize of job (KB)
...
006 (14998214.152.000) 2025-12-03 07:35:29 Image size of job updated: 23080
	2  -  MemoryUsage of job (MB)
	1300  -  ResidentSetSize of job (KB)
...
006 (14998214.152.000) 2025-12-03 07:40:29 Image size of job updated: 23080
	2  -  MemoryUsage of job (MB)
	1308  -  ResidentSetSize of job (KB)
...
006 (14998214.152.000) 2025-12-03 07:45:30 Image size of job updated: 23080
	2  -  MemoryUsage of job (MB)
	1320  -  ResidentSetSize of job (KB)
...
006 (14998214.152.000) 2025-12-03 07:50:30 Image size of job updated: 23080
	2  -  MemoryUsage of job (MB)
	1328  -  ResidentSetSize of job (KB)
...
006 (14998214.152.000) 2025-12-03 07:55:30 Image size of job updated: 23080
	2  -  MemoryUsage of job (MB)
	1332  -  ResidentSetSize of job (KB)
...
006 (14998214.152.000) 2025-12-03 08:00:31 Image size of job updated: 23080
	2  -  MemoryUsage of job (MB)
	1344  -  ResidentSetSize of job (KB)
...
006 (14998214.152.000) 2025-12-03 08:05:32 Image size of job updated: 23080
	2  -  MemoryUsage of job (MB)
	1352  -  ResidentSetSize of job (KB)
...
040 (14998214.152.000) 2025-12-03 08:09:37 Started transferring output files
...
040 (14998214.152.000) 2025-12-03 08:09:37 Finished transferring output files
...
005 (14998214.152.000) 2025-12-03 08:09:37 Job terminated.
	(1) Normal termination (return value 0)
		Usr 0 08:41:24, Sys 0 00:00:01  -  Run Remote Usage
		Usr 0 00:00:00, Sys 0 00:00:00  -  Run Local Usage
		Usr 0 08:41:24, Sys 0 00:00:01  -  Total Remote Usage
		Usr 0 00:00:00, Sys 0 00:00:00  -  Total Local Usage
	113365  -  Run Bytes Sent By Job
	294866  -  Run Bytes Received By Job
	113365  -  Total Bytes Sent By Job
	294866  -  Total Bytes Received By Job
	Partitionable Resources :    Usage  Request Allocated 
	   Cpus                 :     0.99        1         1 
	   Disk (KB)            :   431     2097152   6681557 
	   Memory (MB)          :     2        4096      4096 
	   xferslots            :                           0 

	Job terminated of its own accord at 2025-12-03T13:09:36Z with exit-code 0.
...
