000 (14998214.103.000) 2025-12-02 23:07:12 Job submitted from host: <130.199.48.129:9618?addrs=130.199.48.129-9618&alias=rcas6009.rcf.bnl.gov&noUDP&sock=schedd_22421_101d>
...
040 (14998214.103.000) 2025-12-02 23:14:37 Started transferring input files
	Transferring to host: <130.199.186.16:9618?addrs=130.199.186.16-9618&alias=spool1813.sdcc.bnl.gov&noUDP&sock=slot1_69_93983_6cf9_47619>
...
040 (14998214.103.000) 2025-12-02 23:14:38 Finished transferring input files
...
001 (14998214.103.000) 2025-12-02 23:14:40 Job executing on host: <130.199.186.16:9618?addrs=130.199.186.16-9618&alias=spool1813.sdcc.bnl.gov&noUDP&sock=startd_93974_af24>
...
006 (14998214.103.000) 2025-12-02 23:14:48 Image size of job updated: 51036
	1  -  MemoryUsage of job (MB)
	376  -  ResidentSetSize of job (KB)
...
006 (14998214.103.000) 2025-12-02 23:19:48 Image size of job updated: 51036
	1  -  MemoryUsage of job (MB)
	380  -  ResidentSetSize of job (KB)
...
006 (14998214.103.000) 2025-12-02 23:24:48 Image size of job updated: 51036
	1  -  MemoryUsage of job (MB)
	392  -  ResidentSetSize of job (KB)
...
006 (14998214.103.000) 2025-12-02 23:29:49 Image size of job updated: 51036
	1  -  MemoryUsage of job (MB)
	400  -  ResidentSetSize of job (KB)
...
006 (14998214.103.000) 2025-12-02 23:34:49 Image size of job updated: 51036
	1  -  MemoryUsage of job (MB)
	412  -  ResidentSetSize of job (KB)
...
006 (14998214.103.000) 2025-12-02 23:39:49 Image size of job updated: 51036
	1  -  MemoryUsage of job (MB)
	416  -  ResidentSetSize of job (KB)
...
006 (14998214.103.000) 2025-12-02 23:44:50 Image size of job updated: 51036
	1  -  MemoryUsage of job (MB)
	424  -  ResidentSetSize of job (KB)
...
006 (14998214.103.000) 2025-12-02 23:49:51 Image size of job updated: 51036
	1  -  MemoryUsage of job (MB)
	436  -  ResidentSetSize of job (KB)
...
006 (14998214.103.000) 2025-12-02 23:54:51 Image size of job updated: 51036
	1  -  MemoryUsage of job (MB)
	440  -  ResidentSetSize of job (KB)
...
006 (14998214.103.000) 2025-12-03 00:04:53 Image size of job updated: 51036
	1  -  MemoryUsage of job (MB)
	444  -  ResidentSetSize of job (KB)
...
006 (14998214.103.000) 2025-12-03 00:09:53 Image size of job updated: 51036
	1  -  MemoryUsage of job (MB)
	456  -  ResidentSetSize of job (KB)
...
006 (14998214.103.000) 2025-12-03 00:14:54 Image size of job updated: 51036
	1  -  MemoryUsage of job (MB)
	464  -  ResidentSetSize of job (KB)
...
006 (14998214.103.000) 2025-12-03 00:24:55 Image size of job updated: 51036
	1  -  MemoryUsage of job (MB)
	468  -  ResidentSetSize of job (KB)
...
006 (14998214.103.000) 2025-12-03 00:29:55 Image size of job updated: 51036
	1  -  MemoryUsage of job (MB)
	476  -  ResidentSetSize of job (KB)
...
006 (14998214.103.000) 2025-12-03 00:34:56 Image size of job updated: 51036
	1  -  MemoryUsage of job (MB)
	484  -  ResidentSetSize of job (KB)
...
006 (14998214.103.000) 2025-12-03 00:39:56 Image size of job updated: 51036
	1  -  MemoryUsage of job (MB)
	496  -  ResidentSetSize of job (KB)
...
006 (14998214.103.000) 2025-12-03 00:44:56 Image size of job updated: 51036
	1  -  MemoryUsage of job (MB)
	500  -  ResidentSetSize of job (KB)
...
006 (14998214.103.000) 2025-12-03 00:49:57 Image size of job updated: 51036
	1  -  MemoryUsage of job (MB)
	508  -  ResidentSetSize of job (KB)
...
006 (14998214.103.000) 2025-12-03 01:10:00 Image size of job updated: 51036
	1  -  MemoryUsage of job (MB)
	512  -  ResidentSetSize of job (KB)
...
006 (14998214.103.000) 2025-12-03 01:31:08 Image size of job updated: 51036
	1  -  MemoryUsage of job (MB)
	524  -  ResidentSetSize of job (KB)
...
006 (14998214.103.000) 2025-12-03 01:40:49 Image size of job updated: 51036
	1  -  MemoryUsage of job (MB)
	540  -  ResidentSetSize of job (KB)
...
006 (14998214.103.000) 2025-12-03 01:46:38 Image size of job updated: 51036
	1  -  MemoryUsage of job (MB)
	544  -  ResidentSetSize of job (KB)
...
006 (14998214.103.000) 2025-12-03 01:51:39 Image size of job updated: 51036
	1  -  MemoryUsage of job (MB)
	552  -  ResidentSetSize of job (KB)
...
006 (14998214.103.000) 2025-12-03 01:56:39 Image size of job updated: 51036
	1  -  MemoryUsage of job (MB)
	560  -  ResidentSetSize of job (KB)
...
006 (14998214.103.000) 2025-12-03 02:01:39 Image size of job updated: 51036
	1  -  MemoryUsage of job (MB)
	568  -  ResidentSetSize of job (KB)
...
006 (14998214.103.000) 2025-12-03 02:06:40 Image size of job updated: 51036
	1  -  MemoryUsage of job (MB)
	576  -  ResidentSetSize of job (KB)
...
006 (14998214.103.000) 2025-12-03 02:11:40 Image size of job updated: 51036
	1  -  MemoryUsage of job (MB)
	588  -  ResidentSetSize of job (KB)
...
006 (14998214.103.000) 2025-12-03 02:16:40 Image size of job updated: 51036
	1  -  MemoryUsage of job (MB)
	592  -  ResidentSetSize of job (KB)
...
006 (14998214.103.000) 2025-12-03 02:21:41 Image size of job updated: 51036
	1  -  MemoryUsage of job (MB)
	600  -  ResidentSetSize of job (KB)
...
006 (14998214.103.000) 2025-12-03 02:26:41 Image size of job updated: 51036
	1  -  MemoryUsage of job (MB)
	612  -  ResidentSetSize of job (KB)
...
006 (14998214.103.000) 2025-12-03 02:31:41 Image size of job updated: 51036
	1  -  MemoryUsage of job (MB)
	616  -  ResidentSetSize of job (KB)
...
006 (14998214.103.000) 2025-12-03 02:36:42 Image size of job updated: 51036
	1  -  MemoryUsage of job (MB)
	620  -  ResidentSetSize of job (KB)
...
006 (14998214.103.000) 2025-12-03 02:41:43 Image size of job updated: 51036
	1  -  MemoryUsage of job (MB)
	632  -  ResidentSetSize of job (KB)
...
006 (14998214.103.000) 2025-12-03 02:46:43 Image size of job updated: 51036
	1  -  MemoryUsage of job (MB)
	640  -  ResidentSetSize of job (KB)
...
006 (14998214.103.000) 2025-12-03 02:51:44 Image size of job updated: 51036
	1  -  MemoryUsage of job (MB)
	644  -  ResidentSetSize of job (KB)
...
006 (14998214.103.000) 2025-12-03 02:56:45 Image size of job updated: 51036
	1  -  MemoryUsage of job (MB)
	656  -  ResidentSetSize of job (KB)
...
006 (14998214.103.000) 2025-12-03 03:01:45 Image size of job updated: 51036
	1  -  MemoryUsage of job (MB)
	664  -  ResidentSetSize of job (KB)
...
006 (14998214.103.000) 2025-12-03 03:06:45 Image size of job updated: 51036
	1  -  MemoryUsage of job (MB)
	692  -  ResidentSetSize of job (KB)
...
006 (14998214.103.000) 2025-12-03 03:11:46 Image size of job updated: 51036
	1  -  MemoryUsage of job (MB)
	696  -  ResidentSetSize of job (KB)
...
006 (14998214.103.000) 2025-12-03 03:16:46 Image size of job updated: 51036
	1  -  MemoryUsage of job (MB)
	704  -  ResidentSetSize of job (KB)
...
006 (14998214.103.000) 2025-12-03 03:21:46 Image size of job updated: 51036
	1  -  MemoryUsage of job (MB)
	716  -  ResidentSetSize of job (KB)
...
006 (14998214.103.000) 2025-12-03 03:26:47 Image size of job updated: 51036
	1  -  MemoryUsage of job (MB)
	724  -  ResidentSetSize of job (KB)
...
006 (14998214.103.000) 2025-12-03 03:31:48 Image size of job updated: 51036
	1  -  MemoryUsage of job (MB)
	732  -  ResidentSetSize of job (KB)
...
006 (14998214.103.000) 2025-12-03 03:36:48 Image size of job updated: 51036
	1  -  MemoryUsage of job (MB)
	740  -  ResidentSetSize of job (KB)
...
006 (14998214.103.000) 2025-12-03 03:41:49 Image size of job updated: 51036
	1  -  MemoryUsage of job (MB)
	748  -  ResidentSetSize of job (KB)
...
006 (14998214.103.000) 2025-12-03 03:46:50 Image size of job updated: 51036
	1  -  MemoryUsage of job (MB)
	756  -  ResidentSetSize of job (KB)
...
006 (14998214.103.000) 2025-12-03 03:51:50 Image size of job updated: 51036
	1  -  MemoryUsage of job (MB)
	764  -  ResidentSetSize of job (KB)
...
006 (14998214.103.000) 2025-12-03 03:56:51 Image size of job updated: 51036
	1  -  MemoryUsage of job (MB)
	776  -  ResidentSetSize of job (KB)
...
006 (14998214.103.000) 2025-12-03 04:01:52 Image size of job updated: 51036
	1  -  MemoryUsage of job (MB)
	784  -  ResidentSetSize of job (KB)
...
006 (14998214.103.000) 2025-12-03 04:06:52 Image size of job updated: 51036
	1  -  MemoryUsage of job (MB)
	788  -  ResidentSetSize of job (KB)
...
006 (14998214.103.000) 2025-12-03 04:11:52 Image size of job updated: 51036
	1  -  MemoryUsage of job (MB)
	800  -  ResidentSetSize of job (KB)
...
006 (14998214.103.000) 2025-12-03 04:16:53 Image size of job updated: 51036
	1  -  MemoryUsage of job (MB)
	808  -  ResidentSetSize of job (KB)
...
006 (14998214.103.000) 2025-12-03 04:21:53 Image size of job updated: 51036
	1  -  MemoryUsage of job (MB)
	820  -  ResidentSetSize of job (KB)
...
006 (14998214.103.000) 2025-12-03 04:26:53 Image size of job updated: 51036
	1  -  MemoryUsage of job (MB)
	824  -  ResidentSetSize of job (KB)
...
006 (14998214.103.000) 2025-12-03 04:31:54 Image size of job updated: 51036
	1  -  MemoryUsage of job (MB)
	832  -  ResidentSetSize of job (KB)
...
006 (14998214.103.000) 2025-12-03 04:36:54 Image size of job updated: 51036
	1  -  MemoryUsage of job (MB)
	844  -  ResidentSetSize of job (KB)
...
006 (14998214.103.000) 2025-12-03 04:41:54 Image size of job updated: 51036
	1  -  MemoryUsage of job (MB)
	852  -  ResidentSetSize of job (KB)
...
006 (14998214.103.000) 2025-12-03 04:46:55 Image size of job updated: 51036
	1  -  MemoryUsage of job (MB)
	856  -  ResidentSetSize of job (KB)
...
006 (14998214.103.000) 2025-12-03 04:51:57 Image size of job updated: 51036
	1  -  MemoryUsage of job (MB)
	868  -  ResidentSetSize of job (KB)
...
006 (14998214.103.000) 2025-12-03 04:56:56 Image size of job updated: 51036
	1  -  MemoryUsage of job (MB)
	876  -  ResidentSetSize of job (KB)
...
006 (14998214.103.000) 2025-12-03 05:11:58 Image size of job updated: 51036
	1  -  MemoryUsage of job (MB)
	880  -  ResidentSetSize of job (KB)
...
006 (14998214.103.000) 2025-12-03 05:16:59 Image size of job updated: 51036
	1  -  MemoryUsage of job (MB)
	892  -  ResidentSetSize of job (KB)
...
006 (14998214.103.000) 2025-12-03 05:22:00 Image size of job updated: 51036
	1  -  MemoryUsage of job (MB)
	900  -  ResidentSetSize of job (KB)
...
006 (14998214.103.000) 2025-12-03 05:27:00 Image size of job updated: 51036
	1  -  MemoryUsage of job (MB)
	912  -  ResidentSetSize of job (KB)
...
006 (14998214.103.000) 2025-12-03 05:32:01 Image size of job updated: 51036
	1  -  MemoryUsage of job (MB)
	916  -  ResidentSetSize of job (KB)
...
006 (14998214.103.000) 2025-12-03 05:37:02 Image size of job updated: 51036
	1  -  MemoryUsage of job (MB)
	924  -  ResidentSetSize of job (KB)
...
006 (14998214.103.000) 2025-12-03 05:42:02 Image size of job updated: 51036
	1  -  MemoryUsage of job (MB)
	936  -  ResidentSetSize of job (KB)
...
006 (14998214.103.000) 2025-12-03 05:47:02 Image size of job updated: 51036
	1  -  MemoryUsage of job (MB)
	944  -  ResidentSetSize of job (KB)
...
006 (14998214.103.000) 2025-12-03 05:52:03 Image size of job updated: 51036
	1  -  MemoryUsage of job (MB)
	956  -  ResidentSetSize of job (KB)
...
006 (14998214.103.000) 2025-12-03 05:57:03 Image size of job updated: 51036
	1  -  MemoryUsage of job (MB)
	960  -  ResidentSetSize of job (KB)
...
006 (14998214.103.000) 2025-12-03 06:02:03 Image size of job updated: 51036
	1  -  MemoryUsage of job (MB)
	972  -  ResidentSetSize of job (KB)
...
006 (14998214.103.000) 2025-12-03 06:07:04 Image size of job updated: 51036
	1  -  MemoryUsage of job (MB)
	976  -  ResidentSetSize of job (KB)
...
006 (14998214.103.000) 2025-12-03 06:12:05 Image size of job updated: 51036
	1  -  MemoryUsage of job (MB)
	984  -  ResidentSetSize of job (KB)
...
006 (14998214.103.000) 2025-12-03 06:17:05 Image size of job updated: 51036
	1  -  MemoryUsage of job (MB)
	996  -  ResidentSetSize of job (KB)
...
006 (14998214.103.000) 2025-12-03 06:22:06 Image size of job updated: 51036
	1  -  MemoryUsage of job (MB)
	1004  -  ResidentSetSize of job (KB)
...
006 (14998214.103.000) 2025-12-03 06:27:07 Image size of job updated: 51036
	1  -  MemoryUsage of job (MB)
	1016  -  ResidentSetSize of job (KB)
...
006 (14998214.103.000) 2025-12-03 06:32:07 Image size of job updated: 51036
	1  -  MemoryUsage of job (MB)
	1020  -  ResidentSetSize of job (KB)
...
006 (14998214.103.000) 2025-12-03 06:37:08 Image size of job updated: 51036
	2  -  MemoryUsage of job (MB)
	1032  -  ResidentSetSize of job (KB)
...
006 (14998214.103.000) 2025-12-03 06:42:09 Image size of job updated: 51036
	2  -  MemoryUsage of job (MB)
	1040  -  ResidentSetSize of job (KB)
...
006 (14998214.103.000) 2025-12-03 06:47:09 Image size of job updated: 51036
	2  -  MemoryUsage of job (MB)
	1044  -  ResidentSetSize of job (KB)
...
006 (14998214.103.000) 2025-12-03 06:52:09 Image size of job updated: 51036
	2  -  MemoryUsage of job (MB)
	1048  -  ResidentSetSize of job (KB)
...
006 (14998214.103.000) 2025-12-03 06:57:10 Image size of job updated: 51036
	2  -  MemoryUsage of job (MB)
	1056  -  ResidentSetSize of job (KB)
...
006 (14998214.103.000) 2025-12-03 07:02:10 Image size of job updated: 51036
	2  -  MemoryUsage of job (MB)
	1068  -  ResidentSetSize of job (KB)
...
006 (14998214.103.000) 2025-12-03 07:07:10 Image size of job updated: 51036
	2  -  MemoryUsage of job (MB)
	1072  -  ResidentSetSize of job (KB)
...
006 (14998214.103.000) 2025-12-03 07:12:11 Image size of job updated: 51036
	2  -  MemoryUsage of job (MB)
	1080  -  ResidentSetSize of job (KB)
...
006 (14998214.103.000) 2025-12-03 07:17:11 Image size of job updated: 51036
	2  -  MemoryUsage of job (MB)
	1092  -  ResidentSetSize of job (KB)
...
006 (14998214.103.000) 2025-12-03 07:22:11 Image size of job updated: 51036
	2  -  MemoryUsage of job (MB)
	1100  -  ResidentSetSize of job (KB)
...
006 (14998214.103.000) 2025-12-03 07:27:12 Image size of job updated: 51036
	2  -  MemoryUsage of job (MB)
	1112  -  ResidentSetSize of job (KB)
...
006 (14998214.103.000) 2025-12-03 07:32:13 Image size of job updated: 51036
	2  -  MemoryUsage of job (MB)
	1116  -  ResidentSetSize of job (KB)
...
006 (14998214.103.000) 2025-12-03 07:37:13 Image size of job updated: 51036
	2  -  MemoryUsage of job (MB)
	1124  -  ResidentSetSize of job (KB)
...
006 (14998214.103.000) 2025-12-03 07:42:14 Image size of job updated: 51036
	2  -  MemoryUsage of job (MB)
	1136  -  ResidentSetSize of job (KB)
...
006 (14998214.103.000) 2025-12-03 07:47:15 Image size of job updated: 51036
	2  -  MemoryUsage of job (MB)
	1144  -  ResidentSetSize of job (KB)
...
006 (14998214.103.000) 2025-12-03 07:52:15 Image size of job updated: 51036
	2  -  MemoryUsage of job (MB)
	1148  -  ResidentSetSize of job (KB)
...
006 (14998214.103.000) 2025-12-03 07:57:16 Image size of job updated: 51036
	2  -  MemoryUsage of job (MB)
	1160  -  ResidentSetSize of job (KB)
...
006 (14998214.103.000) 2025-12-03 08:02:17 Image size of job updated: 51036
	2  -  MemoryUsage of job (MB)
	1168  -  ResidentSetSize of job (KB)
...
006 (14998214.103.000) 2025-12-03 08:07:17 Image size of job updated: 51036
	2  -  MemoryUsage of job (MB)
	1180  -  ResidentSetSize of job (KB)
...
006 (14998214.103.000) 2025-12-03 08:12:18 Image size of job updated: 51036
	2  -  MemoryUsage of job (MB)
	1184  -  ResidentSetSize of job (KB)
...
006 (14998214.103.000) 2025-12-03 08:17:19 Image size of job updated: 51036
	2  -  MemoryUsage of job (MB)
	1192  -  ResidentSetSize of job (KB)
...
006 (14998214.103.000) 2025-12-03 08:22:19 Image size of job updated: 51036
	2  -  MemoryUsage of job (MB)
	1204  -  ResidentSetSize of job (KB)
...
006 (14998214.103.000) 2025-12-03 08:27:20 Image size of job updated: 51036
	2  -  MemoryUsage of job (MB)
	1208  -  ResidentSetSize of job (KB)
...
006 (14998214.103.000) 2025-12-03 08:32:21 Image size of job updated: 51036
	2  -  MemoryUsage of job (MB)
	1216  -  ResidentSetSize of job (KB)
...
006 (14998214.103.000) 2025-12-03 08:37:21 Image size of job updated: 51036
	2  -  MemoryUsage of job (MB)
	1228  -  ResidentSetSize of job (KB)
...
006 (14998214.103.000) 2025-12-03 08:42:21 Image size of job updated: 51036
	2  -  MemoryUsage of job (MB)
	1236  -  ResidentSetSize of job (KB)
...
006 (14998214.103.000) 2025-12-03 08:47:22 Image size of job updated: 51036
	2  -  MemoryUsage of job (MB)
	1244  -  ResidentSetSize of job (KB)
...
040 (14998214.103.000) 2025-12-03 08:47:48 Started transferring output files
...
040 (14998214.103.000) 2025-12-03 08:47:48 Finished transferring output files
...
005 (14998214.103.000) 2025-12-03 08:47:48 Job terminated.
	(1) Normal termination (return value 0)
		Usr 0 09:32:14, Sys 0 00:00:02  -  Run Remote Usage
		Usr 0 00:00:00, Sys 0 00:00:00  -  Run Local Usage
		Usr 0 09:32:14, Sys 0 00:00:02  -  Total Remote Usage
		Usr 0 00:00:00, Sys 0 00:00:00  -  Total Local Usage
	113365  -  Run Bytes Sent By Job
	208081  -  Run Bytes Received By Job
	113365  -  Total Bytes Sent By Job
	208081  -  Total Bytes Received By Job
	Partitionable Resources :    Usage  Request Allocated 
	   Cpus                 :     1.00        1         1 
	   Disk (KB)            :   347     2097152   6681559 
	   Memory (MB)          :     2        4096      4096 
	   xferslots            :                           0 

	Job terminated of its own accord at 2025-12-03T13:47:48Z with exit-code 0.
...
