000 (14998214.098.000) 2025-12-02 23:07:12 Job submitted from host: <130.199.48.129:9618?addrs=130.199.48.129-9618&alias=rcas6009.rcf.bnl.gov&noUDP&sock=schedd_22421_101d>
...
040 (14998214.098.000) 2025-12-02 23:14:36 Started transferring input files
	Transferring to host: <130.199.186.30:9618?addrs=130.199.186.30-9618&alias=spool1827.sdcc.bnl.gov&noUDP&sock=slot1_75_48535_8d3f_58482>
...
040 (14998214.098.000) 2025-12-02 23:14:38 Finished transferring input files
...
001 (14998214.098.000) 2025-12-02 23:14:39 Job executing on host: <130.199.186.30:9618?addrs=130.199.186.30-9618&alias=spool1827.sdcc.bnl.gov&noUDP&sock=startd_48526_f744>
...
006 (14998214.098.000) 2025-12-02 23:14:47 Image size of job updated: 51036
	1  -  MemoryUsage of job (MB)
	376  -  ResidentSetSize of job (KB)
...
006 (14998214.098.000) 2025-12-02 23:19:47 Image size of job updated: 51036
	1  -  MemoryUsage of job (MB)
	380  -  ResidentSetSize of job (KB)
...
006 (14998214.098.000) 2025-12-02 23:24:48 Image size of job updated: 51036
	1  -  MemoryUsage of job (MB)
	392  -  ResidentSetSize of job (KB)
...
006 (14998214.098.000) 2025-12-02 23:29:48 Image size of job updated: 51036
	1  -  MemoryUsage of job (MB)
	400  -  ResidentSetSize of job (KB)
...
006 (14998214.098.000) 2025-12-02 23:34:48 Image size of job updated: 51036
	1  -  MemoryUsage of job (MB)
	412  -  ResidentSetSize of job (KB)
...
006 (14998214.098.000) 2025-12-02 23:39:49 Image size of job updated: 51036
	1  -  MemoryUsage of job (MB)
	420  -  ResidentSetSize of job (KB)
...
006 (14998214.098.000) 2025-12-02 23:44:49 Image size of job updated: 51036
	1  -  MemoryUsage of job (MB)
	428  -  ResidentSetSize of job (KB)
...
006 (14998214.098.000) 2025-12-02 23:49:49 Image size of job updated: 51036
	1  -  MemoryUsage of job (MB)
	440  -  ResidentSetSize of job (KB)
...
006 (14998214.098.000) 2025-12-02 23:54:50 Image size of job updated: 51036
	1  -  MemoryUsage of job (MB)
	448  -  ResidentSetSize of job (KB)
...
006 (14998214.098.000) 2025-12-02 23:59:51 Image size of job updated: 51036
	1  -  MemoryUsage of job (MB)
	456  -  ResidentSetSize of job (KB)
...
006 (14998214.098.000) 2025-12-03 00:04:51 Image size of job updated: 51036
	1  -  MemoryUsage of job (MB)
	468  -  ResidentSetSize of job (KB)
...
006 (14998214.098.000) 2025-12-03 00:09:52 Image size of job updated: 51036
	1  -  MemoryUsage of job (MB)
	472  -  ResidentSetSize of job (KB)
...
006 (14998214.098.000) 2025-12-03 00:14:53 Image size of job updated: 51036
	1  -  MemoryUsage of job (MB)
	484  -  ResidentSetSize of job (KB)
...
006 (14998214.098.000) 2025-12-03 00:19:53 Image size of job updated: 51036
	1  -  MemoryUsage of job (MB)
	492  -  ResidentSetSize of job (KB)
...
006 (14998214.098.000) 2025-12-03 00:24:54 Image size of job updated: 51036
	1  -  MemoryUsage of job (MB)
	500  -  ResidentSetSize of job (KB)
...
006 (14998214.098.000) 2025-12-03 00:29:55 Image size of job updated: 51036
	1  -  MemoryUsage of job (MB)
	508  -  ResidentSetSize of job (KB)
...
006 (14998214.098.000) 2025-12-03 00:34:55 Image size of job updated: 51036
	1  -  MemoryUsage of job (MB)
	516  -  ResidentSetSize of job (KB)
...
006 (14998214.098.000) 2025-12-03 00:39:55 Image size of job updated: 51036
	1  -  MemoryUsage of job (MB)
	520  -  ResidentSetSize of job (KB)
...
006 (14998214.098.000) 2025-12-03 00:44:56 Image size of job updated: 51036
	1  -  MemoryUsage of job (MB)
	528  -  ResidentSetSize of job (KB)
...
006 (14998214.098.000) 2025-12-03 00:49:58 Image size of job updated: 51036
	1  -  MemoryUsage of job (MB)
	540  -  ResidentSetSize of job (KB)
...
006 (14998214.098.000) 2025-12-03 00:54:56 Image size of job updated: 51036
	1  -  MemoryUsage of job (MB)
	548  -  ResidentSetSize of job (KB)
...
006 (14998214.098.000) 2025-12-03 00:59:56 Image size of job updated: 51036
	1  -  MemoryUsage of job (MB)
	560  -  ResidentSetSize of job (KB)
...
006 (14998214.098.000) 2025-12-03 01:04:57 Image size of job updated: 51036
	1  -  MemoryUsage of job (MB)
	568  -  ResidentSetSize of job (KB)
...
006 (14998214.098.000) 2025-12-03 01:09:57 Image size of job updated: 51036
	1  -  MemoryUsage of job (MB)
	580  -  ResidentSetSize of job (KB)
...
006 (14998214.098.000) 2025-12-03 01:18:32 Image size of job updated: 51036
	1  -  MemoryUsage of job (MB)
	588  -  ResidentSetSize of job (KB)
...
006 (14998214.098.000) 2025-12-03 01:29:17 Image size of job updated: 51036
	1  -  MemoryUsage of job (MB)
	604  -  ResidentSetSize of job (KB)
...
006 (14998214.098.000) 2025-12-03 01:37:53 Image size of job updated: 51036
	1  -  MemoryUsage of job (MB)
	624  -  ResidentSetSize of job (KB)
...
006 (14998214.098.000) 2025-12-03 01:43:03 Image size of job updated: 51036
	1  -  MemoryUsage of job (MB)
	632  -  ResidentSetSize of job (KB)
...
006 (14998214.098.000) 2025-12-03 01:48:04 Image size of job updated: 51036
	1  -  MemoryUsage of job (MB)
	644  -  ResidentSetSize of job (KB)
...
006 (14998214.098.000) 2025-12-03 01:58:05 Image size of job updated: 51036
	1  -  MemoryUsage of job (MB)
	656  -  ResidentSetSize of job (KB)
...
006 (14998214.098.000) 2025-12-03 02:03:06 Image size of job updated: 51036
	1  -  MemoryUsage of job (MB)
	664  -  ResidentSetSize of job (KB)
...
006 (14998214.098.000) 2025-12-03 02:08:06 Image size of job updated: 51036
	1  -  MemoryUsage of job (MB)
	672  -  ResidentSetSize of job (KB)
...
006 (14998214.098.000) 2025-12-03 02:13:06 Image size of job updated: 51036
	1  -  MemoryUsage of job (MB)
	684  -  ResidentSetSize of job (KB)
...
006 (14998214.098.000) 2025-12-03 02:18:07 Image size of job updated: 51036
	1  -  MemoryUsage of job (MB)
	692  -  ResidentSetSize of job (KB)
...
006 (14998214.098.000) 2025-12-03 02:23:07 Image size of job updated: 51036
	1  -  MemoryUsage of job (MB)
	704  -  ResidentSetSize of job (KB)
...
006 (14998214.098.000) 2025-12-03 02:28:07 Image size of job updated: 51036
	1  -  MemoryUsage of job (MB)
	708  -  ResidentSetSize of job (KB)
...
006 (14998214.098.000) 2025-12-03 02:33:08 Image size of job updated: 51036
	1  -  MemoryUsage of job (MB)
	716  -  ResidentSetSize of job (KB)
...
006 (14998214.098.000) 2025-12-03 02:38:09 Image size of job updated: 51036
	1  -  MemoryUsage of job (MB)
	728  -  ResidentSetSize of job (KB)
...
006 (14998214.098.000) 2025-12-03 02:43:09 Image size of job updated: 51036
	1  -  MemoryUsage of job (MB)
	736  -  ResidentSetSize of job (KB)
...
006 (14998214.098.000) 2025-12-03 02:48:10 Image size of job updated: 51036
	1  -  MemoryUsage of job (MB)
	748  -  ResidentSetSize of job (KB)
...
006 (14998214.098.000) 2025-12-03 02:53:11 Image size of job updated: 51036
	1  -  MemoryUsage of job (MB)
	756  -  ResidentSetSize of job (KB)
...
006 (14998214.098.000) 2025-12-03 02:58:11 Image size of job updated: 51036
	1  -  MemoryUsage of job (MB)
	760  -  ResidentSetSize of job (KB)
...
006 (14998214.098.000) 2025-12-03 03:03:12 Image size of job updated: 51036
	1  -  MemoryUsage of job (MB)
	768  -  ResidentSetSize of job (KB)
...
006 (14998214.098.000) 2025-12-03 03:08:13 Image size of job updated: 51036
	1  -  MemoryUsage of job (MB)
	772  -  ResidentSetSize of job (KB)
...
006 (14998214.098.000) 2025-12-03 03:13:13 Image size of job updated: 51036
	1  -  MemoryUsage of job (MB)
	780  -  ResidentSetSize of job (KB)
...
006 (14998214.098.000) 2025-12-03 03:18:13 Image size of job updated: 51036
	1  -  MemoryUsage of job (MB)
	788  -  ResidentSetSize of job (KB)
...
006 (14998214.098.000) 2025-12-03 03:23:14 Image size of job updated: 51036
	1  -  MemoryUsage of job (MB)
	800  -  ResidentSetSize of job (KB)
...
006 (14998214.098.000) 2025-12-03 03:28:14 Image size of job updated: 51036
	1  -  MemoryUsage of job (MB)
	808  -  ResidentSetSize of job (KB)
...
006 (14998214.098.000) 2025-12-03 03:33:14 Image size of job updated: 51036
	1  -  MemoryUsage of job (MB)
	820  -  ResidentSetSize of job (KB)
...
006 (14998214.098.000) 2025-12-03 03:38:15 Image size of job updated: 51036
	1  -  MemoryUsage of job (MB)
	828  -  ResidentSetSize of job (KB)
...
006 (14998214.098.000) 2025-12-03 03:43:16 Image size of job updated: 51036
	1  -  MemoryUsage of job (MB)
	836  -  ResidentSetSize of job (KB)
...
006 (14998214.098.000) 2025-12-03 03:48:16 Image size of job updated: 51036
	1  -  MemoryUsage of job (MB)
	848  -  ResidentSetSize of job (KB)
...
006 (14998214.098.000) 2025-12-03 03:53:17 Image size of job updated: 51036
	1  -  MemoryUsage of job (MB)
	856  -  ResidentSetSize of job (KB)
...
006 (14998214.098.000) 2025-12-03 03:58:18 Image size of job updated: 51036
	1  -  MemoryUsage of job (MB)
	868  -  ResidentSetSize of job (KB)
...
006 (14998214.098.000) 2025-12-03 04:03:18 Image size of job updated: 51036
	1  -  MemoryUsage of job (MB)
	876  -  ResidentSetSize of job (KB)
...
006 (14998214.098.000) 2025-12-03 04:08:19 Image size of job updated: 51036
	1  -  MemoryUsage of job (MB)
	888  -  ResidentSetSize of job (KB)
...
006 (14998214.098.000) 2025-12-03 04:13:20 Image size of job updated: 51036
	1  -  MemoryUsage of job (MB)
	896  -  ResidentSetSize of job (KB)
...
006 (14998214.098.000) 2025-12-03 04:18:20 Image size of job updated: 51036
	1  -  MemoryUsage of job (MB)
	908  -  ResidentSetSize of job (KB)
...
006 (14998214.098.000) 2025-12-03 04:23:20 Image size of job updated: 51036
	1  -  MemoryUsage of job (MB)
	916  -  ResidentSetSize of job (KB)
...
006 (14998214.098.000) 2025-12-03 04:28:21 Image size of job updated: 51036
	1  -  MemoryUsage of job (MB)
	928  -  ResidentSetSize of job (KB)
...
006 (14998214.098.000) 2025-12-03 04:33:21 Image size of job updated: 51036
	1  -  MemoryUsage of job (MB)
	936  -  ResidentSetSize of job (KB)
...
006 (14998214.098.000) 2025-12-03 04:38:21 Image size of job updated: 51036
	1  -  MemoryUsage of job (MB)
	944  -  ResidentSetSize of job (KB)
...
006 (14998214.098.000) 2025-12-03 04:43:22 Image size of job updated: 51036
	1  -  MemoryUsage of job (MB)
	956  -  ResidentSetSize of job (KB)
...
006 (14998214.098.000) 2025-12-03 04:48:23 Image size of job updated: 51036
	1  -  MemoryUsage of job (MB)
	964  -  ResidentSetSize of job (KB)
...
006 (14998214.098.000) 2025-12-03 04:53:23 Image size of job updated: 51036
	1  -  MemoryUsage of job (MB)
	976  -  ResidentSetSize of job (KB)
...
006 (14998214.098.000) 2025-12-03 05:03:25 Image size of job updated: 51036
	1  -  MemoryUsage of job (MB)
	984  -  ResidentSetSize of job (KB)
...
006 (14998214.098.000) 2025-12-03 05:08:25 Image size of job updated: 51036
	1  -  MemoryUsage of job (MB)
	992  -  ResidentSetSize of job (KB)
...
006 (14998214.098.000) 2025-12-03 05:13:26 Image size of job updated: 51036
	1  -  MemoryUsage of job (MB)
	1004  -  ResidentSetSize of job (KB)
...
006 (14998214.098.000) 2025-12-03 05:28:27 Image size of job updated: 51036
	1  -  MemoryUsage of job (MB)
	1016  -  ResidentSetSize of job (KB)
...
006 (14998214.098.000) 2025-12-03 05:33:29 Image size of job updated: 51036
	1  -  MemoryUsage of job (MB)
	1020  -  ResidentSetSize of job (KB)
...
006 (14998214.098.000) 2025-12-03 05:38:29 Image size of job updated: 51036
	2  -  MemoryUsage of job (MB)
	1032  -  ResidentSetSize of job (KB)
...
006 (14998214.098.000) 2025-12-03 05:43:29 Image size of job updated: 51036
	2  -  MemoryUsage of job (MB)
	1040  -  ResidentSetSize of job (KB)
...
006 (14998214.098.000) 2025-12-03 05:48:30 Image size of job updated: 51036
	2  -  MemoryUsage of job (MB)
	1052  -  ResidentSetSize of job (KB)
...
006 (14998214.098.000) 2025-12-03 05:53:31 Image size of job updated: 51036
	2  -  MemoryUsage of job (MB)
	1060  -  ResidentSetSize of job (KB)
...
006 (14998214.098.000) 2025-12-03 05:58:31 Image size of job updated: 51036
	2  -  MemoryUsage of job (MB)
	1072  -  ResidentSetSize of job (KB)
...
006 (14998214.098.000) 2025-12-03 06:03:32 Image size of job updated: 51036
	2  -  MemoryUsage of job (MB)
	1080  -  ResidentSetSize of job (KB)
...
006 (14998214.098.000) 2025-12-03 06:08:33 Image size of job updated: 51036
	2  -  MemoryUsage of job (MB)
	1092  -  ResidentSetSize of job (KB)
...
006 (14998214.098.000) 2025-12-03 06:13:33 Image size of job updated: 51036
	2  -  MemoryUsage of job (MB)
	1096  -  ResidentSetSize of job (KB)
...
006 (14998214.098.000) 2025-12-03 06:18:33 Image size of job updated: 51036
	2  -  MemoryUsage of job (MB)
	1104  -  ResidentSetSize of job (KB)
...
006 (14998214.098.000) 2025-12-03 06:23:34 Image size of job updated: 51036
	2  -  MemoryUsage of job (MB)
	1116  -  ResidentSetSize of job (KB)
...
006 (14998214.098.000) 2025-12-03 06:28:34 Image size of job updated: 51036
	2  -  MemoryUsage of job (MB)
	1124  -  ResidentSetSize of job (KB)
...
006 (14998214.098.000) 2025-12-03 06:33:34 Image size of job updated: 51036
	2  -  MemoryUsage of job (MB)
	1136  -  ResidentSetSize of job (KB)
...
006 (14998214.098.000) 2025-12-03 06:38:36 Image size of job updated: 51036
	2  -  MemoryUsage of job (MB)
	1144  -  ResidentSetSize of job (KB)
...
006 (14998214.098.000) 2025-12-03 06:43:36 Image size of job updated: 51036
	2  -  MemoryUsage of job (MB)
	1156  -  ResidentSetSize of job (KB)
...
006 (14998214.098.000) 2025-12-03 06:48:36 Image size of job updated: 51036
	2  -  MemoryUsage of job (MB)
	1164  -  ResidentSetSize of job (KB)
...
006 (14998214.098.000) 2025-12-03 06:53:37 Image size of job updated: 51036
	2  -  MemoryUsage of job (MB)
	1172  -  ResidentSetSize of job (KB)
...
006 (14998214.098.000) 2025-12-03 06:58:37 Image size of job updated: 51036
	2  -  MemoryUsage of job (MB)
	1184  -  ResidentSetSize of job (KB)
...
006 (14998214.098.000) 2025-12-03 07:03:37 Image size of job updated: 51036
	2  -  MemoryUsage of job (MB)
	1192  -  ResidentSetSize of job (KB)
...
006 (14998214.098.000) 2025-12-03 07:08:38 Image size of job updated: 51036
	2  -  MemoryUsage of job (MB)
	1204  -  ResidentSetSize of job (KB)
...
006 (14998214.098.000) 2025-12-03 07:13:38 Image size of job updated: 51036
	2  -  MemoryUsage of job (MB)
	1212  -  ResidentSetSize of job (KB)
...
006 (14998214.098.000) 2025-12-03 07:18:38 Image size of job updated: 51036
	2  -  MemoryUsage of job (MB)
	1216  -  ResidentSetSize of job (KB)
...
006 (14998214.098.000) 2025-12-03 07:23:40 Image size of job updated: 51036
	2  -  MemoryUsage of job (MB)
	1228  -  ResidentSetSize of job (KB)
...
006 (14998214.098.000) 2025-12-03 07:33:41 Image size of job updated: 51036
	2  -  MemoryUsage of job (MB)
	1240  -  ResidentSetSize of job (KB)
...
006 (14998214.098.000) 2025-12-03 07:38:42 Image size of job updated: 51036
	2  -  MemoryUsage of job (MB)
	1248  -  ResidentSetSize of job (KB)
...
006 (14998214.098.000) 2025-12-03 07:43:42 Image size of job updated: 51036
	2  -  MemoryUsage of job (MB)
	1260  -  ResidentSetSize of job (KB)
...
006 (14998214.098.000) 2025-12-03 07:48:42 Image size of job updated: 51036
	2  -  MemoryUsage of job (MB)
	1268  -  ResidentSetSize of job (KB)
...
006 (14998214.098.000) 2025-12-03 07:53:43 Image size of job updated: 51036
	2  -  MemoryUsage of job (MB)
	1280  -  ResidentSetSize of job (KB)
...
040 (14998214.098.000) 2025-12-03 07:55:02 Started transferring output files
...
040 (14998214.098.000) 2025-12-03 07:55:02 Finished transferring output files
...
005 (14998214.098.000) 2025-12-03 07:55:02 Job terminated.
	(1) Normal termination (return value 0)
		Usr 0 08:39:46, Sys 0 00:00:29  -  Run Remote Usage
		Usr 0 00:00:00, Sys 0 00:00:00  -  Run Local Usage
		Usr 0 08:39:46, Sys 0 00:00:29  -  Total Remote Usage
		Usr 0 00:00:00, Sys 0 00:00:00  -  Total Local Usage
	113365  -  Run Bytes Sent By Job
	203261  -  Run Bytes Received By Job
	113365  -  Total Bytes Sent By Job
	203261  -  Total Bytes Received By Job
	Partitionable Resources :    Usage  Request Allocated 
	   Cpus                 :     1.00        1         1 
	   Disk (KB)            :   342     2097152   6681569 
	   Memory (MB)          :     2        4096      4096 
	   xferslots            :                           0 

	Job terminated of its own accord at 2025-12-03T12:55:02Z with exit-code 0.
...
