000 (14998214.135.000) 2025-12-02 23:07:12 Job submitted from host: <130.199.48.129:9618?addrs=130.199.48.129-9618&alias=rcas6009.rcf.bnl.gov&noUDP&sock=schedd_22421_101d>
...
040 (14998214.135.000) 2025-12-02 23:22:25 Started transferring input files
	Transferring to host: <130.199.184.159:9618?addrs=130.199.184.159-9618&alias=spool1768.sdcc.bnl.gov&noUDP&sock=slot1_15_6355_eafc_54839>
...
040 (14998214.135.000) 2025-12-02 23:22:26 Finished transferring input files
...
001 (14998214.135.000) 2025-12-02 23:22:27 Job executing on host: <130.199.184.159:9618?addrs=130.199.184.159-9618&alias=spool1768.sdcc.bnl.gov&noUDP&sock=startd_6346_8743>
...
006 (14998214.135.000) 2025-12-02 23:22:36 Image size of job updated: 51036
	1  -  MemoryUsage of job (MB)
	380  -  ResidentSetSize of job (KB)
...
006 (14998214.135.000) 2025-12-02 23:27:36 Image size of job updated: 51036
	1  -  MemoryUsage of job (MB)
	384  -  ResidentSetSize of job (KB)
...
006 (14998214.135.000) 2025-12-02 23:32:36 Image size of job updated: 51036
	1  -  MemoryUsage of job (MB)
	396  -  ResidentSetSize of job (KB)
...
006 (14998214.135.000) 2025-12-02 23:37:37 Image size of job updated: 51036
	1  -  MemoryUsage of job (MB)
	404  -  ResidentSetSize of job (KB)
...
006 (14998214.135.000) 2025-12-02 23:42:37 Image size of job updated: 51036
	1  -  MemoryUsage of job (MB)
	416  -  ResidentSetSize of job (KB)
...
006 (14998214.135.000) 2025-12-02 23:47:37 Image size of job updated: 51036
	1  -  MemoryUsage of job (MB)
	424  -  ResidentSetSize of job (KB)
...
006 (14998214.135.000) 2025-12-02 23:52:38 Image size of job updated: 51036
	1  -  MemoryUsage of job (MB)
	432  -  ResidentSetSize of job (KB)
...
006 (14998214.135.000) 2025-12-02 23:57:39 Image size of job updated: 51036
	1  -  MemoryUsage of job (MB)
	440  -  ResidentSetSize of job (KB)
...
006 (14998214.135.000) 2025-12-03 00:02:39 Image size of job updated: 51036
	1  -  MemoryUsage of job (MB)
	448  -  ResidentSetSize of job (KB)
...
006 (14998214.135.000) 2025-12-03 00:07:40 Image size of job updated: 51036
	1  -  MemoryUsage of job (MB)
	460  -  ResidentSetSize of job (KB)
...
006 (14998214.135.000) 2025-12-03 00:12:41 Image size of job updated: 51036
	1  -  MemoryUsage of job (MB)
	472  -  ResidentSetSize of job (KB)
...
006 (14998214.135.000) 2025-12-03 00:17:41 Image size of job updated: 51036
	1  -  MemoryUsage of job (MB)
	480  -  ResidentSetSize of job (KB)
...
006 (14998214.135.000) 2025-12-03 00:22:41 Image size of job updated: 51036
	1  -  MemoryUsage of job (MB)
	492  -  ResidentSetSize of job (KB)
...
006 (14998214.135.000) 2025-12-03 00:27:42 Image size of job updated: 51036
	1  -  MemoryUsage of job (MB)
	496  -  ResidentSetSize of job (KB)
...
006 (14998214.135.000) 2025-12-03 00:32:42 Image size of job updated: 51036
	1  -  MemoryUsage of job (MB)
	508  -  ResidentSetSize of job (KB)
...
006 (14998214.135.000) 2025-12-03 00:37:42 Image size of job updated: 51036
	1  -  MemoryUsage of job (MB)
	516  -  ResidentSetSize of job (KB)
...
006 (14998214.135.000) 2025-12-03 00:42:43 Image size of job updated: 51036
	1  -  MemoryUsage of job (MB)
	524  -  ResidentSetSize of job (KB)
...
006 (14998214.135.000) 2025-12-03 00:47:44 Image size of job updated: 51036
	1  -  MemoryUsage of job (MB)
	536  -  ResidentSetSize of job (KB)
...
006 (14998214.135.000) 2025-12-03 00:52:44 Image size of job updated: 51036
	1  -  MemoryUsage of job (MB)
	544  -  ResidentSetSize of job (KB)
...
006 (14998214.135.000) 2025-12-03 00:57:45 Image size of job updated: 51036
	1  -  MemoryUsage of job (MB)
	556  -  ResidentSetSize of job (KB)
...
006 (14998214.135.000) 2025-12-03 01:02:46 Image size of job updated: 51036
	1  -  MemoryUsage of job (MB)
	560  -  ResidentSetSize of job (KB)
...
006 (14998214.135.000) 2025-12-03 01:07:46 Image size of job updated: 51036
	1  -  MemoryUsage of job (MB)
	568  -  ResidentSetSize of job (KB)
...
006 (14998214.135.000) 2025-12-03 01:15:27 Image size of job updated: 51036
	1  -  MemoryUsage of job (MB)
	580  -  ResidentSetSize of job (KB)
...
006 (14998214.135.000) 2025-12-03 01:23:32 Image size of job updated: 51036
	1  -  MemoryUsage of job (MB)
	600  -  ResidentSetSize of job (KB)
...
006 (14998214.135.000) 2025-12-03 01:30:00 Image size of job updated: 51036
	1  -  MemoryUsage of job (MB)
	612  -  ResidentSetSize of job (KB)
...
006 (14998214.135.000) 2025-12-03 01:35:01 Image size of job updated: 51036
	1  -  MemoryUsage of job (MB)
	620  -  ResidentSetSize of job (KB)
...
006 (14998214.135.000) 2025-12-03 01:40:01 Image size of job updated: 51036
	1  -  MemoryUsage of job (MB)
	628  -  ResidentSetSize of job (KB)
...
006 (14998214.135.000) 2025-12-03 01:45:01 Image size of job updated: 51036
	1  -  MemoryUsage of job (MB)
	640  -  ResidentSetSize of job (KB)
...
006 (14998214.135.000) 2025-12-03 01:50:02 Image size of job updated: 51036
	1  -  MemoryUsage of job (MB)
	648  -  ResidentSetSize of job (KB)
...
006 (14998214.135.000) 2025-12-03 01:55:02 Image size of job updated: 51036
	1  -  MemoryUsage of job (MB)
	656  -  ResidentSetSize of job (KB)
...
006 (14998214.135.000) 2025-12-03 02:00:02 Image size of job updated: 51036
	1  -  MemoryUsage of job (MB)
	668  -  ResidentSetSize of job (KB)
...
006 (14998214.135.000) 2025-12-03 02:05:03 Image size of job updated: 51036
	1  -  MemoryUsage of job (MB)
	672  -  ResidentSetSize of job (KB)
...
006 (14998214.135.000) 2025-12-03 02:10:03 Image size of job updated: 51036
	1  -  MemoryUsage of job (MB)
	684  -  ResidentSetSize of job (KB)
...
006 (14998214.135.000) 2025-12-03 02:15:03 Image size of job updated: 51036
	1  -  MemoryUsage of job (MB)
	692  -  ResidentSetSize of job (KB)
...
006 (14998214.135.000) 2025-12-03 02:20:04 Image size of job updated: 51036
	1  -  MemoryUsage of job (MB)
	700  -  ResidentSetSize of job (KB)
...
006 (14998214.135.000) 2025-12-03 02:25:05 Image size of job updated: 51036
	1  -  MemoryUsage of job (MB)
	712  -  ResidentSetSize of job (KB)
...
006 (14998214.135.000) 2025-12-03 02:30:05 Image size of job updated: 51036
	1  -  MemoryUsage of job (MB)
	720  -  ResidentSetSize of job (KB)
...
006 (14998214.135.000) 2025-12-03 02:35:06 Image size of job updated: 51036
	1  -  MemoryUsage of job (MB)
	728  -  ResidentSetSize of job (KB)
...
006 (14998214.135.000) 2025-12-03 02:40:07 Image size of job updated: 51036
	1  -  MemoryUsage of job (MB)
	736  -  ResidentSetSize of job (KB)
...
006 (14998214.135.000) 2025-12-03 02:45:07 Image size of job updated: 51036
	1  -  MemoryUsage of job (MB)
	744  -  ResidentSetSize of job (KB)
...
006 (14998214.135.000) 2025-12-03 02:50:07 Image size of job updated: 51036
	1  -  MemoryUsage of job (MB)
	756  -  ResidentSetSize of job (KB)
...
006 (14998214.135.000) 2025-12-03 02:55:08 Image size of job updated: 51036
	1  -  MemoryUsage of job (MB)
	764  -  ResidentSetSize of job (KB)
...
006 (14998214.135.000) 2025-12-03 03:00:08 Image size of job updated: 51036
	1  -  MemoryUsage of job (MB)
	772  -  ResidentSetSize of job (KB)
...
006 (14998214.135.000) 2025-12-03 03:05:08 Image size of job updated: 51036
	1  -  MemoryUsage of job (MB)
	780  -  ResidentSetSize of job (KB)
...
006 (14998214.135.000) 2025-12-03 03:10:10 Image size of job updated: 51036
	1  -  MemoryUsage of job (MB)
	784  -  ResidentSetSize of job (KB)
...
006 (14998214.135.000) 2025-12-03 03:15:10 Image size of job updated: 51036
	1  -  MemoryUsage of job (MB)
	796  -  ResidentSetSize of job (KB)
...
006 (14998214.135.000) 2025-12-03 03:20:10 Image size of job updated: 51036
	1  -  MemoryUsage of job (MB)
	804  -  ResidentSetSize of job (KB)
...
006 (14998214.135.000) 2025-12-03 03:25:11 Image size of job updated: 51036
	1  -  MemoryUsage of job (MB)
	816  -  ResidentSetSize of job (KB)
...
006 (14998214.135.000) 2025-12-03 03:30:12 Image size of job updated: 51036
	1  -  MemoryUsage of job (MB)
	824  -  ResidentSetSize of job (KB)
...
006 (14998214.135.000) 2025-12-03 03:35:12 Image size of job updated: 51036
	1  -  MemoryUsage of job (MB)
	828  -  ResidentSetSize of job (KB)
...
006 (14998214.135.000) 2025-12-03 03:40:12 Image size of job updated: 51036
	1  -  MemoryUsage of job (MB)
	836  -  ResidentSetSize of job (KB)
...
006 (14998214.135.000) 2025-12-03 03:45:13 Image size of job updated: 51036
	1  -  MemoryUsage of job (MB)
	848  -  ResidentSetSize of job (KB)
...
006 (14998214.135.000) 2025-12-03 03:50:13 Image size of job updated: 51036
	1  -  MemoryUsage of job (MB)
	856  -  ResidentSetSize of job (KB)
...
006 (14998214.135.000) 2025-12-03 03:55:13 Image size of job updated: 51036
	1  -  MemoryUsage of job (MB)
	864  -  ResidentSetSize of job (KB)
...
006 (14998214.135.000) 2025-12-03 04:00:14 Image size of job updated: 51036
	1  -  MemoryUsage of job (MB)
	876  -  ResidentSetSize of job (KB)
...
006 (14998214.135.000) 2025-12-03 04:05:15 Image size of job updated: 51036
	1  -  MemoryUsage of job (MB)
	884  -  ResidentSetSize of job (KB)
...
006 (14998214.135.000) 2025-12-03 04:10:15 Image size of job updated: 51036
	1  -  MemoryUsage of job (MB)
	896  -  ResidentSetSize of job (KB)
...
006 (14998214.135.000) 2025-12-03 04:15:16 Image size of job updated: 51036
	1  -  MemoryUsage of job (MB)
	904  -  ResidentSetSize of job (KB)
...
006 (14998214.135.000) 2025-12-03 04:20:17 Image size of job updated: 51036
	1  -  MemoryUsage of job (MB)
	916  -  ResidentSetSize of job (KB)
...
006 (14998214.135.000) 2025-12-03 04:25:17 Image size of job updated: 51036
	1  -  MemoryUsage of job (MB)
	924  -  ResidentSetSize of job (KB)
...
006 (14998214.135.000) 2025-12-03 04:30:18 Image size of job updated: 51036
	1  -  MemoryUsage of job (MB)
	936  -  ResidentSetSize of job (KB)
...
006 (14998214.135.000) 2025-12-03 04:35:19 Image size of job updated: 51036
	1  -  MemoryUsage of job (MB)
	944  -  ResidentSetSize of job (KB)
...
006 (14998214.135.000) 2025-12-03 04:40:19 Image size of job updated: 51036
	1  -  MemoryUsage of job (MB)
	956  -  ResidentSetSize of job (KB)
...
006 (14998214.135.000) 2025-12-03 04:45:19 Image size of job updated: 51036
	1  -  MemoryUsage of job (MB)
	964  -  ResidentSetSize of job (KB)
...
006 (14998214.135.000) 2025-12-03 04:50:20 Image size of job updated: 51036
	1  -  MemoryUsage of job (MB)
	972  -  ResidentSetSize of job (KB)
...
006 (14998214.135.000) 2025-12-03 04:55:20 Image size of job updated: 51036
	1  -  MemoryUsage of job (MB)
	984  -  ResidentSetSize of job (KB)
...
006 (14998214.135.000) 2025-12-03 05:00:20 Image size of job updated: 51036
	1  -  MemoryUsage of job (MB)
	992  -  ResidentSetSize of job (KB)
...
006 (14998214.135.000) 2025-12-03 05:05:21 Image size of job updated: 51036
	1  -  MemoryUsage of job (MB)
	1004  -  ResidentSetSize of job (KB)
...
006 (14998214.135.000) 2025-12-03 05:10:22 Image size of job updated: 51036
	1  -  MemoryUsage of job (MB)
	1012  -  ResidentSetSize of job (KB)
...
006 (14998214.135.000) 2025-12-03 05:15:22 Image size of job updated: 51036
	1  -  MemoryUsage of job (MB)
	1024  -  ResidentSetSize of job (KB)
...
006 (14998214.135.000) 2025-12-03 05:20:23 Image size of job updated: 51036
	2  -  MemoryUsage of job (MB)
	1032  -  ResidentSetSize of job (KB)
...
006 (14998214.135.000) 2025-12-03 05:25:24 Image size of job updated: 51036
	2  -  MemoryUsage of job (MB)
	1044  -  ResidentSetSize of job (KB)
...
006 (14998214.135.000) 2025-12-03 05:30:24 Image size of job updated: 51036
	2  -  MemoryUsage of job (MB)
	1048  -  ResidentSetSize of job (KB)
...
006 (14998214.135.000) 2025-12-03 05:35:24 Image size of job updated: 51036
	2  -  MemoryUsage of job (MB)
	1056  -  ResidentSetSize of job (KB)
...
006 (14998214.135.000) 2025-12-03 05:40:25 Image size of job updated: 51036
	2  -  MemoryUsage of job (MB)
	1068  -  ResidentSetSize of job (KB)
...
006 (14998214.135.000) 2025-12-03 05:45:25 Image size of job updated: 51036
	2  -  MemoryUsage of job (MB)
	1076  -  ResidentSetSize of job (KB)
...
006 (14998214.135.000) 2025-12-03 05:50:25 Image size of job updated: 51036
	2  -  MemoryUsage of job (MB)
	1088  -  ResidentSetSize of job (KB)
...
006 (14998214.135.000) 2025-12-03 05:55:26 Image size of job updated: 51036
	2  -  MemoryUsage of job (MB)
	1096  -  ResidentSetSize of job (KB)
...
006 (14998214.135.000) 2025-12-03 06:15:28 Image size of job updated: 51036
	2  -  MemoryUsage of job (MB)
	1108  -  ResidentSetSize of job (KB)
...
006 (14998214.135.000) 2025-12-03 06:25:29 Image size of job updated: 51036
	2  -  MemoryUsage of job (MB)
	1120  -  ResidentSetSize of job (KB)
...
006 (14998214.135.000) 2025-12-03 06:30:29 Image size of job updated: 51036
	2  -  MemoryUsage of job (MB)
	1128  -  ResidentSetSize of job (KB)
...
006 (14998214.135.000) 2025-12-03 06:35:29 Image size of job updated: 51036
	2  -  MemoryUsage of job (MB)
	1140  -  ResidentSetSize of job (KB)
...
006 (14998214.135.000) 2025-12-03 06:40:30 Image size of job updated: 51036
	2  -  MemoryUsage of job (MB)
	1148  -  ResidentSetSize of job (KB)
...
006 (14998214.135.000) 2025-12-03 06:45:30 Image size of job updated: 51036
	2  -  MemoryUsage of job (MB)
	1156  -  ResidentSetSize of job (KB)
...
006 (14998214.135.000) 2025-12-03 06:50:30 Image size of job updated: 51036
	2  -  MemoryUsage of job (MB)
	1164  -  ResidentSetSize of job (KB)
...
006 (14998214.135.000) 2025-12-03 07:00:31 Image size of job updated: 51036
	2  -  MemoryUsage of job (MB)
	1176  -  ResidentSetSize of job (KB)
...
006 (14998214.135.000) 2025-12-03 07:05:31 Image size of job updated: 51036
	2  -  MemoryUsage of job (MB)
	1184  -  ResidentSetSize of job (KB)
...
006 (14998214.135.000) 2025-12-03 07:10:32 Image size of job updated: 51036
	2  -  MemoryUsage of job (MB)
	1192  -  ResidentSetSize of job (KB)
...
006 (14998214.135.000) 2025-12-03 07:15:33 Image size of job updated: 51036
	2  -  MemoryUsage of job (MB)
	1200  -  ResidentSetSize of job (KB)
...
006 (14998214.135.000) 2025-12-03 07:20:33 Image size of job updated: 51036
	2  -  MemoryUsage of job (MB)
	1208  -  ResidentSetSize of job (KB)
...
006 (14998214.135.000) 2025-12-03 07:25:34 Image size of job updated: 51036
	2  -  MemoryUsage of job (MB)
	1220  -  ResidentSetSize of job (KB)
...
006 (14998214.135.000) 2025-12-03 07:30:35 Image size of job updated: 51036
	2  -  MemoryUsage of job (MB)
	1228  -  ResidentSetSize of job (KB)
...
006 (14998214.135.000) 2025-12-03 07:35:35 Image size of job updated: 51036
	2  -  MemoryUsage of job (MB)
	1236  -  ResidentSetSize of job (KB)
...
006 (14998214.135.000) 2025-12-03 07:40:35 Image size of job updated: 51036
	2  -  MemoryUsage of job (MB)
	1244  -  ResidentSetSize of job (KB)
...
006 (14998214.135.000) 2025-12-03 07:45:36 Image size of job updated: 51036
	2  -  MemoryUsage of job (MB)
	1252  -  ResidentSetSize of job (KB)
...
006 (14998214.135.000) 2025-12-03 07:50:36 Image size of job updated: 51036
	2  -  MemoryUsage of job (MB)
	1264  -  ResidentSetSize of job (KB)
...
006 (14998214.135.000) 2025-12-03 07:55:36 Image size of job updated: 51036
	2  -  MemoryUsage of job (MB)
	1272  -  ResidentSetSize of job (KB)
...
006 (14998214.135.000) 2025-12-03 08:00:37 Image size of job updated: 51036
	2  -  MemoryUsage of job (MB)
	1280  -  ResidentSetSize of job (KB)
...
006 (14998214.135.000) 2025-12-03 08:05:38 Image size of job updated: 51036
	2  -  MemoryUsage of job (MB)
	1292  -  ResidentSetSize of job (KB)
...
006 (14998214.135.000) 2025-12-03 08:10:38 Image size of job updated: 51036
	2  -  MemoryUsage of job (MB)
	1300  -  ResidentSetSize of job (KB)
...
006 (14998214.135.000) 2025-12-03 08:15:39 Image size of job updated: 51036
	2  -  MemoryUsage of job (MB)
	1308  -  ResidentSetSize of job (KB)
...
040 (14998214.135.000) 2025-12-03 08:15:42 Started transferring output files
...
040 (14998214.135.000) 2025-12-03 08:15:42 Finished transferring output files
...
005 (14998214.135.000) 2025-12-03 08:15:42 Job terminated.
	(1) Normal termination (return value 0)
		Usr 0 08:52:34, Sys 0 00:00:26  -  Run Remote Usage
		Usr 0 00:00:00, Sys 0 00:00:00  -  Run Local Usage
		Usr 0 08:52:34, Sys 0 00:00:26  -  Total Remote Usage
		Usr 0 00:00:00, Sys 0 00:00:00  -  Total Local Usage
	113365  -  Run Bytes Sent By Job
	260330  -  Run Bytes Received By Job
	113365  -  Total Bytes Sent By Job
	260330  -  Total Bytes Received By Job
	Partitionable Resources :    Usage  Request Allocated 
	   Cpus                 :     1.00        1         1 
	   Disk (KB)            :   398     2097152   6681586 
	   Memory (MB)          :     2        4096      4096 
	   xferslots            :                           0 

	Job terminated of its own accord at 2025-12-03T13:15:42Z with exit-code 0.
...
