000 (14998214.116.000) 2025-12-02 23:07:12 Job submitted from host: <130.199.48.129:9618?addrs=130.199.48.129-9618&alias=rcas6009.rcf.bnl.gov&noUDP&sock=schedd_22421_101d>
...
040 (14998214.116.000) 2025-12-02 23:14:38 Started transferring input files
	Transferring to host: <130.199.150.68:9618?addrs=130.199.150.68-9618&alias=spool1549.sdcc.bnl.gov&noUDP&sock=slot1_75_55458_cf75_49014>
...
040 (14998214.116.000) 2025-12-02 23:14:39 Finished transferring input files
...
001 (14998214.116.000) 2025-12-02 23:14:40 Job executing on host: <130.199.150.68:9618?addrs=130.199.150.68-9618&alias=spool1549.sdcc.bnl.gov&noUDP&sock=startd_55447_6001>
...
006 (14998214.116.000) 2025-12-02 23:14:49 Image size of job updated: 51036
	1  -  MemoryUsage of job (MB)
	380  -  ResidentSetSize of job (KB)
...
006 (14998214.116.000) 2025-12-02 23:19:49 Image size of job updated: 51036
	1  -  MemoryUsage of job (MB)
	388  -  ResidentSetSize of job (KB)
...
006 (14998214.116.000) 2025-12-02 23:24:49 Image size of job updated: 51036
	1  -  MemoryUsage of job (MB)
	400  -  ResidentSetSize of job (KB)
...
006 (14998214.116.000) 2025-12-02 23:54:52 Image size of job updated: 51036
	1  -  MemoryUsage of job (MB)
	408  -  ResidentSetSize of job (KB)
...
006 (14998214.116.000) 2025-12-02 23:59:53 Image size of job updated: 51036
	1  -  MemoryUsage of job (MB)
	420  -  ResidentSetSize of job (KB)
...
006 (14998214.116.000) 2025-12-03 00:59:58 Image size of job updated: 51036
	1  -  MemoryUsage of job (MB)
	424  -  ResidentSetSize of job (KB)
...
006 (14998214.116.000) 2025-12-03 01:04:59 Image size of job updated: 51036
	1  -  MemoryUsage of job (MB)
	432  -  ResidentSetSize of job (KB)
...
006 (14998214.116.000) 2025-12-03 01:10:00 Image size of job updated: 51036
	1  -  MemoryUsage of job (MB)
	444  -  ResidentSetSize of job (KB)
...
006 (14998214.116.000) 2025-12-03 01:16:55 Image size of job updated: 51036
	1  -  MemoryUsage of job (MB)
	452  -  ResidentSetSize of job (KB)
...
006 (14998214.116.000) 2025-12-03 01:22:40 Image size of job updated: 51036
	1  -  MemoryUsage of job (MB)
	468  -  ResidentSetSize of job (KB)
...
006 (14998214.116.000) 2025-12-03 01:27:41 Image size of job updated: 51036
	1  -  MemoryUsage of job (MB)
	476  -  ResidentSetSize of job (KB)
...
006 (14998214.116.000) 2025-12-03 01:32:41 Image size of job updated: 51036
	1  -  MemoryUsage of job (MB)
	484  -  ResidentSetSize of job (KB)
...
006 (14998214.116.000) 2025-12-03 01:37:42 Image size of job updated: 51036
	1  -  MemoryUsage of job (MB)
	492  -  ResidentSetSize of job (KB)
...
006 (14998214.116.000) 2025-12-03 01:42:43 Image size of job updated: 51036
	1  -  MemoryUsage of job (MB)
	496  -  ResidentSetSize of job (KB)
...
006 (14998214.116.000) 2025-12-03 01:47:43 Image size of job updated: 51036
	1  -  MemoryUsage of job (MB)
	508  -  ResidentSetSize of job (KB)
...
006 (14998214.116.000) 2025-12-03 01:57:44 Image size of job updated: 51036
	1  -  MemoryUsage of job (MB)
	520  -  ResidentSetSize of job (KB)
...
006 (14998214.116.000) 2025-12-03 02:02:44 Image size of job updated: 51036
	1  -  MemoryUsage of job (MB)
	528  -  ResidentSetSize of job (KB)
...
006 (14998214.116.000) 2025-12-03 02:07:44 Image size of job updated: 51036
	1  -  MemoryUsage of job (MB)
	540  -  ResidentSetSize of job (KB)
...
006 (14998214.116.000) 2025-12-03 02:12:45 Image size of job updated: 51036
	1  -  MemoryUsage of job (MB)
	544  -  ResidentSetSize of job (KB)
...
006 (14998214.116.000) 2025-12-03 02:17:46 Image size of job updated: 51036
	1  -  MemoryUsage of job (MB)
	552  -  ResidentSetSize of job (KB)
...
006 (14998214.116.000) 2025-12-03 02:22:46 Image size of job updated: 51036
	1  -  MemoryUsage of job (MB)
	564  -  ResidentSetSize of job (KB)
...
006 (14998214.116.000) 2025-12-03 02:27:47 Image size of job updated: 51036
	1  -  MemoryUsage of job (MB)
	568  -  ResidentSetSize of job (KB)
...
006 (14998214.116.000) 2025-12-03 02:32:48 Image size of job updated: 51036
	1  -  MemoryUsage of job (MB)
	580  -  ResidentSetSize of job (KB)
...
006 (14998214.116.000) 2025-12-03 02:37:48 Image size of job updated: 51036
	1  -  MemoryUsage of job (MB)
	588  -  ResidentSetSize of job (KB)
...
006 (14998214.116.000) 2025-12-03 02:42:49 Image size of job updated: 51036
	1  -  MemoryUsage of job (MB)
	592  -  ResidentSetSize of job (KB)
...
006 (14998214.116.000) 2025-12-03 02:47:50 Image size of job updated: 51036
	1  -  MemoryUsage of job (MB)
	604  -  ResidentSetSize of job (KB)
...
006 (14998214.116.000) 2025-12-03 02:52:50 Image size of job updated: 51036
	1  -  MemoryUsage of job (MB)
	612  -  ResidentSetSize of job (KB)
...
006 (14998214.116.000) 2025-12-03 02:57:50 Image size of job updated: 51036
	1  -  MemoryUsage of job (MB)
	620  -  ResidentSetSize of job (KB)
...
006 (14998214.116.000) 2025-12-03 03:02:52 Image size of job updated: 51036
	1  -  MemoryUsage of job (MB)
	628  -  ResidentSetSize of job (KB)
...
006 (14998214.116.000) 2025-12-03 03:07:52 Image size of job updated: 51036
	1  -  MemoryUsage of job (MB)
	640  -  ResidentSetSize of job (KB)
...
006 (14998214.116.000) 2025-12-03 03:12:52 Image size of job updated: 51036
	1  -  MemoryUsage of job (MB)
	644  -  ResidentSetSize of job (KB)
...
006 (14998214.116.000) 2025-12-03 03:32:55 Image size of job updated: 51036
	1  -  MemoryUsage of job (MB)
	652  -  ResidentSetSize of job (KB)
...
006 (14998214.116.000) 2025-12-03 03:37:56 Image size of job updated: 51036
	1  -  MemoryUsage of job (MB)
	660  -  ResidentSetSize of job (KB)
...
006 (14998214.116.000) 2025-12-03 03:42:56 Image size of job updated: 51036
	1  -  MemoryUsage of job (MB)
	668  -  ResidentSetSize of job (KB)
...
006 (14998214.116.000) 2025-12-03 03:47:56 Image size of job updated: 51036
	1  -  MemoryUsage of job (MB)
	680  -  ResidentSetSize of job (KB)
...
006 (14998214.116.000) 2025-12-03 03:52:57 Image size of job updated: 51036
	1  -  MemoryUsage of job (MB)
	688  -  ResidentSetSize of job (KB)
...
006 (14998214.116.000) 2025-12-03 03:57:57 Image size of job updated: 51036
	1  -  MemoryUsage of job (MB)
	696  -  ResidentSetSize of job (KB)
...
006 (14998214.116.000) 2025-12-03 04:02:57 Image size of job updated: 51036
	1  -  MemoryUsage of job (MB)
	704  -  ResidentSetSize of job (KB)
...
006 (14998214.116.000) 2025-12-03 04:07:59 Image size of job updated: 51036
	1  -  MemoryUsage of job (MB)
	712  -  ResidentSetSize of job (KB)
...
006 (14998214.116.000) 2025-12-03 04:12:59 Image size of job updated: 51036
	1  -  MemoryUsage of job (MB)
	724  -  ResidentSetSize of job (KB)
...
006 (14998214.116.000) 2025-12-03 04:17:59 Image size of job updated: 51036
	1  -  MemoryUsage of job (MB)
	732  -  ResidentSetSize of job (KB)
...
006 (14998214.116.000) 2025-12-03 04:23:00 Image size of job updated: 51036
	1  -  MemoryUsage of job (MB)
	744  -  ResidentSetSize of job (KB)
...
006 (14998214.116.000) 2025-12-03 04:28:01 Image size of job updated: 51036
	1  -  MemoryUsage of job (MB)
	752  -  ResidentSetSize of job (KB)
...
006 (14998214.116.000) 2025-12-03 04:33:01 Image size of job updated: 51036
	1  -  MemoryUsage of job (MB)
	756  -  ResidentSetSize of job (KB)
...
006 (14998214.116.000) 2025-12-03 04:53:03 Image size of job updated: 51036
	1  -  MemoryUsage of job (MB)
	760  -  ResidentSetSize of job (KB)
...
006 (14998214.116.000) 2025-12-03 04:58:04 Image size of job updated: 51036
	1  -  MemoryUsage of job (MB)
	772  -  ResidentSetSize of job (KB)
...
006 (14998214.116.000) 2025-12-03 05:03:04 Image size of job updated: 51036
	1  -  MemoryUsage of job (MB)
	780  -  ResidentSetSize of job (KB)
...
006 (14998214.116.000) 2025-12-03 05:08:04 Image size of job updated: 51036
	1  -  MemoryUsage of job (MB)
	792  -  ResidentSetSize of job (KB)
...
006 (14998214.116.000) 2025-12-03 05:13:05 Image size of job updated: 51036
	1  -  MemoryUsage of job (MB)
	796  -  ResidentSetSize of job (KB)
...
006 (14998214.116.000) 2025-12-03 05:18:06 Image size of job updated: 51036
	1  -  MemoryUsage of job (MB)
	804  -  ResidentSetSize of job (KB)
...
006 (14998214.116.000) 2025-12-03 05:23:06 Image size of job updated: 51036
	1  -  MemoryUsage of job (MB)
	816  -  ResidentSetSize of job (KB)
...
006 (14998214.116.000) 2025-12-03 05:28:07 Image size of job updated: 51036
	1  -  MemoryUsage of job (MB)
	824  -  ResidentSetSize of job (KB)
...
006 (14998214.116.000) 2025-12-03 05:33:08 Image size of job updated: 51036
	1  -  MemoryUsage of job (MB)
	836  -  ResidentSetSize of job (KB)
...
006 (14998214.116.000) 2025-12-03 05:38:08 Image size of job updated: 51036
	1  -  MemoryUsage of job (MB)
	844  -  ResidentSetSize of job (KB)
...
006 (14998214.116.000) 2025-12-03 05:43:09 Image size of job updated: 51036
	1  -  MemoryUsage of job (MB)
	856  -  ResidentSetSize of job (KB)
...
006 (14998214.116.000) 2025-12-03 05:48:10 Image size of job updated: 51036
	1  -  MemoryUsage of job (MB)
	864  -  ResidentSetSize of job (KB)
...
006 (14998214.116.000) 2025-12-03 05:53:10 Image size of job updated: 51036
	1  -  MemoryUsage of job (MB)
	872  -  ResidentSetSize of job (KB)
...
006 (14998214.116.000) 2025-12-03 05:58:10 Image size of job updated: 51036
	1  -  MemoryUsage of job (MB)
	884  -  ResidentSetSize of job (KB)
...
006 (14998214.116.000) 2025-12-03 06:03:11 Image size of job updated: 51036
	1  -  MemoryUsage of job (MB)
	892  -  ResidentSetSize of job (KB)
...
006 (14998214.116.000) 2025-12-03 06:08:11 Image size of job updated: 51036
	1  -  MemoryUsage of job (MB)
	904  -  ResidentSetSize of job (KB)
...
006 (14998214.116.000) 2025-12-03 06:13:11 Image size of job updated: 51036
	1  -  MemoryUsage of job (MB)
	912  -  ResidentSetSize of job (KB)
...
006 (14998214.116.000) 2025-12-03 06:18:12 Image size of job updated: 51036
	1  -  MemoryUsage of job (MB)
	924  -  ResidentSetSize of job (KB)
...
006 (14998214.116.000) 2025-12-03 06:23:13 Image size of job updated: 51036
	1  -  MemoryUsage of job (MB)
	932  -  ResidentSetSize of job (KB)
...
006 (14998214.116.000) 2025-12-03 06:28:13 Image size of job updated: 51036
	1  -  MemoryUsage of job (MB)
	944  -  ResidentSetSize of job (KB)
...
006 (14998214.116.000) 2025-12-03 06:33:14 Image size of job updated: 51036
	1  -  MemoryUsage of job (MB)
	952  -  ResidentSetSize of job (KB)
...
006 (14998214.116.000) 2025-12-03 06:38:15 Image size of job updated: 51036
	1  -  MemoryUsage of job (MB)
	960  -  ResidentSetSize of job (KB)
...
006 (14998214.116.000) 2025-12-03 06:43:15 Image size of job updated: 51036
	1  -  MemoryUsage of job (MB)
	968  -  ResidentSetSize of job (KB)
...
006 (14998214.116.000) 2025-12-03 06:48:16 Image size of job updated: 51036
	1  -  MemoryUsage of job (MB)
	976  -  ResidentSetSize of job (KB)
...
006 (14998214.116.000) 2025-12-03 06:53:17 Image size of job updated: 51036
	1  -  MemoryUsage of job (MB)
	988  -  ResidentSetSize of job (KB)
...
006 (14998214.116.000) 2025-12-03 06:58:17 Image size of job updated: 51036
	1  -  MemoryUsage of job (MB)
	992  -  ResidentSetSize of job (KB)
...
006 (14998214.116.000) 2025-12-03 07:03:17 Image size of job updated: 51036
	1  -  MemoryUsage of job (MB)
	1000  -  ResidentSetSize of job (KB)
...
006 (14998214.116.000) 2025-12-03 07:08:18 Image size of job updated: 51036
	1  -  MemoryUsage of job (MB)
	1012  -  ResidentSetSize of job (KB)
...
006 (14998214.116.000) 2025-12-03 07:13:18 Image size of job updated: 51036
	1  -  MemoryUsage of job (MB)
	1020  -  ResidentSetSize of job (KB)
...
006 (14998214.116.000) 2025-12-03 07:18:18 Image size of job updated: 51036
	2  -  MemoryUsage of job (MB)
	1028  -  ResidentSetSize of job (KB)
...
006 (14998214.116.000) 2025-12-03 07:23:19 Image size of job updated: 51036
	2  -  MemoryUsage of job (MB)
	1036  -  ResidentSetSize of job (KB)
...
006 (14998214.116.000) 2025-12-03 07:28:19 Image size of job updated: 51036
	2  -  MemoryUsage of job (MB)
	1044  -  ResidentSetSize of job (KB)
...
006 (14998214.116.000) 2025-12-03 07:33:19 Image size of job updated: 51036
	2  -  MemoryUsage of job (MB)
	1056  -  ResidentSetSize of job (KB)
...
006 (14998214.116.000) 2025-12-03 07:43:21 Image size of job updated: 51036
	2  -  MemoryUsage of job (MB)
	1060  -  ResidentSetSize of job (KB)
...
040 (14998214.116.000) 2025-12-03 08:07:24 Started transferring output files
...
040 (14998214.116.000) 2025-12-03 08:07:24 Finished transferring output files
...
005 (14998214.116.000) 2025-12-03 08:07:24 Job terminated.
	(1) Normal termination (return value 0)
		Usr 0 08:52:02, Sys 0 00:00:30  -  Run Remote Usage
		Usr 0 00:00:00, Sys 0 00:00:00  -  Run Local Usage
		Usr 0 08:52:02, Sys 0 00:00:30  -  Total Remote Usage
		Usr 0 00:00:00, Sys 0 00:00:00  -  Total Local Usage
	113365  -  Run Bytes Sent By Job
	213333  -  Run Bytes Received By Job
	113365  -  Total Bytes Sent By Job
	213333  -  Total Bytes Received By Job
	Partitionable Resources :    Usage  Request Allocated 
	   Cpus                 :     0.99        1         1 
	   Disk (KB)            :   352     2097152   6681104 
	   Memory (MB)          :     2        4096      4096 
	   xferslots            :                           0 

	Job terminated of its own accord at 2025-12-03T13:07:24Z with exit-code 0.
...
