000 (14998214.002.000) 2025-12-02 23:07:12 Job submitted from host: <130.199.48.129:9618?addrs=130.199.48.129-9618&alias=rcas6009.rcf.bnl.gov&noUDP&sock=schedd_22421_101d>
...
040 (14998214.002.000) 2025-12-02 23:12:24 Started transferring input files
	Transferring to host: <130.199.184.213:9618?addrs=130.199.184.213-9618&alias=spool1788.sdcc.bnl.gov&noUDP&sock=slot1_88_95861_39f8_62424>
...
040 (14998214.002.000) 2025-12-02 23:12:26 Finished transferring input files
...
001 (14998214.002.000) 2025-12-02 23:12:27 Job executing on host: <130.199.184.213:9618?addrs=130.199.184.213-9618&alias=spool1788.sdcc.bnl.gov&noUDP&sock=startd_95852_0c25>
...
006 (14998214.002.000) 2025-12-02 23:12:35 Image size of job updated: 51036
	1  -  MemoryUsage of job (MB)
	376  -  ResidentSetSize of job (KB)
...
006 (14998214.002.000) 2025-12-02 23:17:35 Image size of job updated: 51036
	1  -  MemoryUsage of job (MB)
	384  -  ResidentSetSize of job (KB)
...
006 (14998214.002.000) 2025-12-02 23:22:36 Image size of job updated: 51036
	1  -  MemoryUsage of job (MB)
	392  -  ResidentSetSize of job (KB)
...
006 (14998214.002.000) 2025-12-02 23:27:37 Image size of job updated: 51036
	1  -  MemoryUsage of job (MB)
	396  -  ResidentSetSize of job (KB)
...
006 (14998214.002.000) 2025-12-02 23:32:37 Image size of job updated: 51036
	1  -  MemoryUsage of job (MB)
	408  -  ResidentSetSize of job (KB)
...
006 (14998214.002.000) 2025-12-02 23:37:38 Image size of job updated: 51036
	1  -  MemoryUsage of job (MB)
	416  -  ResidentSetSize of job (KB)
...
006 (14998214.002.000) 2025-12-02 23:42:39 Image size of job updated: 51036
	1  -  MemoryUsage of job (MB)
	424  -  ResidentSetSize of job (KB)
...
006 (14998214.002.000) 2025-12-02 23:47:39 Image size of job updated: 51036
	1  -  MemoryUsage of job (MB)
	436  -  ResidentSetSize of job (KB)
...
006 (14998214.002.000) 2025-12-02 23:52:40 Image size of job updated: 51036
	1  -  MemoryUsage of job (MB)
	444  -  ResidentSetSize of job (KB)
...
006 (14998214.002.000) 2025-12-02 23:57:41 Image size of job updated: 51036
	1  -  MemoryUsage of job (MB)
	456  -  ResidentSetSize of job (KB)
...
006 (14998214.002.000) 2025-12-03 00:07:41 Image size of job updated: 51036
	1  -  MemoryUsage of job (MB)
	468  -  ResidentSetSize of job (KB)
...
006 (14998214.002.000) 2025-12-03 00:12:42 Image size of job updated: 51036
	1  -  MemoryUsage of job (MB)
	472  -  ResidentSetSize of job (KB)
...
006 (14998214.002.000) 2025-12-03 00:17:42 Image size of job updated: 51036
	1  -  MemoryUsage of job (MB)
	480  -  ResidentSetSize of job (KB)
...
006 (14998214.002.000) 2025-12-03 00:22:43 Image size of job updated: 51036
	1  -  MemoryUsage of job (MB)
	484  -  ResidentSetSize of job (KB)
...
006 (14998214.002.000) 2025-12-03 00:27:44 Image size of job updated: 51036
	1  -  MemoryUsage of job (MB)
	492  -  ResidentSetSize of job (KB)
...
006 (14998214.002.000) 2025-12-03 00:32:44 Image size of job updated: 51036
	1  -  MemoryUsage of job (MB)
	504  -  ResidentSetSize of job (KB)
...
006 (14998214.002.000) 2025-12-03 00:37:44 Image size of job updated: 51036
	1  -  MemoryUsage of job (MB)
	512  -  ResidentSetSize of job (KB)
...
006 (14998214.002.000) 2025-12-03 00:42:45 Image size of job updated: 51036
	1  -  MemoryUsage of job (MB)
	524  -  ResidentSetSize of job (KB)
...
006 (14998214.002.000) 2025-12-03 00:47:45 Image size of job updated: 51036
	1  -  MemoryUsage of job (MB)
	532  -  ResidentSetSize of job (KB)
...
006 (14998214.002.000) 2025-12-03 00:57:46 Image size of job updated: 51036
	1  -  MemoryUsage of job (MB)
	540  -  ResidentSetSize of job (KB)
...
006 (14998214.002.000) 2025-12-03 01:07:47 Image size of job updated: 51036
	1  -  MemoryUsage of job (MB)
	552  -  ResidentSetSize of job (KB)
...
006 (14998214.002.000) 2025-12-03 01:14:15 Image size of job updated: 51036
	1  -  MemoryUsage of job (MB)
	560  -  ResidentSetSize of job (KB)
...
006 (14998214.002.000) 2025-12-03 01:18:34 Image size of job updated: 51036
	1  -  MemoryUsage of job (MB)
	576  -  ResidentSetSize of job (KB)
...
006 (14998214.002.000) 2025-12-03 01:23:34 Image size of job updated: 51036
	1  -  MemoryUsage of job (MB)
	580  -  ResidentSetSize of job (KB)
...
006 (14998214.002.000) 2025-12-03 01:28:35 Image size of job updated: 51036
	1  -  MemoryUsage of job (MB)
	588  -  ResidentSetSize of job (KB)
...
006 (14998214.002.000) 2025-12-03 01:33:35 Image size of job updated: 51036
	1  -  MemoryUsage of job (MB)
	600  -  ResidentSetSize of job (KB)
...
006 (14998214.002.000) 2025-12-03 01:38:35 Image size of job updated: 51036
	1  -  MemoryUsage of job (MB)
	608  -  ResidentSetSize of job (KB)
...
006 (14998214.002.000) 2025-12-03 01:43:36 Image size of job updated: 51036
	1  -  MemoryUsage of job (MB)
	620  -  ResidentSetSize of job (KB)
...
006 (14998214.002.000) 2025-12-03 01:48:37 Image size of job updated: 51036
	1  -  MemoryUsage of job (MB)
	628  -  ResidentSetSize of job (KB)
...
006 (14998214.002.000) 2025-12-03 01:53:37 Image size of job updated: 51036
	1  -  MemoryUsage of job (MB)
	640  -  ResidentSetSize of job (KB)
...
006 (14998214.002.000) 2025-12-03 01:58:38 Image size of job updated: 51036
	1  -  MemoryUsage of job (MB)
	648  -  ResidentSetSize of job (KB)
...
006 (14998214.002.000) 2025-12-03 02:03:39 Image size of job updated: 51036
	1  -  MemoryUsage of job (MB)
	656  -  ResidentSetSize of job (KB)
...
006 (14998214.002.000) 2025-12-03 02:08:39 Image size of job updated: 51036
	1  -  MemoryUsage of job (MB)
	668  -  ResidentSetSize of job (KB)
...
006 (14998214.002.000) 2025-12-03 02:13:40 Image size of job updated: 51036
	1  -  MemoryUsage of job (MB)
	676  -  ResidentSetSize of job (KB)
...
006 (14998214.002.000) 2025-12-03 02:18:40 Image size of job updated: 51036
	1  -  MemoryUsage of job (MB)
	684  -  ResidentSetSize of job (KB)
...
006 (14998214.002.000) 2025-12-03 02:23:41 Image size of job updated: 51036
	1  -  MemoryUsage of job (MB)
	692  -  ResidentSetSize of job (KB)
...
006 (14998214.002.000) 2025-12-03 02:28:42 Image size of job updated: 51036
	1  -  MemoryUsage of job (MB)
	700  -  ResidentSetSize of job (KB)
...
006 (14998214.002.000) 2025-12-03 02:33:42 Image size of job updated: 51036
	1  -  MemoryUsage of job (MB)
	712  -  ResidentSetSize of job (KB)
...
006 (14998214.002.000) 2025-12-03 02:38:43 Image size of job updated: 51036
	1  -  MemoryUsage of job (MB)
	720  -  ResidentSetSize of job (KB)
...
006 (14998214.002.000) 2025-12-03 02:43:44 Image size of job updated: 51036
	1  -  MemoryUsage of job (MB)
	732  -  ResidentSetSize of job (KB)
...
006 (14998214.002.000) 2025-12-03 02:48:44 Image size of job updated: 51036
	1  -  MemoryUsage of job (MB)
	740  -  ResidentSetSize of job (KB)
...
006 (14998214.002.000) 2025-12-03 02:53:44 Image size of job updated: 51036
	1  -  MemoryUsage of job (MB)
	752  -  ResidentSetSize of job (KB)
...
006 (14998214.002.000) 2025-12-03 02:58:45 Image size of job updated: 51036
	1  -  MemoryUsage of job (MB)
	760  -  ResidentSetSize of job (KB)
...
006 (14998214.002.000) 2025-12-03 03:03:45 Image size of job updated: 51036
	1  -  MemoryUsage of job (MB)
	772  -  ResidentSetSize of job (KB)
...
006 (14998214.002.000) 2025-12-03 03:08:45 Image size of job updated: 51036
	1  -  MemoryUsage of job (MB)
	780  -  ResidentSetSize of job (KB)
...
006 (14998214.002.000) 2025-12-03 03:13:46 Image size of job updated: 51036
	1  -  MemoryUsage of job (MB)
	788  -  ResidentSetSize of job (KB)
...
006 (14998214.002.000) 2025-12-03 03:18:47 Image size of job updated: 51036
	1  -  MemoryUsage of job (MB)
	800  -  ResidentSetSize of job (KB)
...
006 (14998214.002.000) 2025-12-03 03:23:47 Image size of job updated: 51036
	1  -  MemoryUsage of job (MB)
	808  -  ResidentSetSize of job (KB)
...
006 (14998214.002.000) 2025-12-03 03:28:48 Image size of job updated: 51036
	1  -  MemoryUsage of job (MB)
	816  -  ResidentSetSize of job (KB)
...
006 (14998214.002.000) 2025-12-03 03:33:49 Image size of job updated: 51036
	1  -  MemoryUsage of job (MB)
	824  -  ResidentSetSize of job (KB)
...
006 (14998214.002.000) 2025-12-03 03:38:58 Image size of job updated: 51036
	1  -  MemoryUsage of job (MB)
	832  -  ResidentSetSize of job (KB)
...
006 (14998214.002.000) 2025-12-03 03:43:49 Image size of job updated: 51036
	1  -  MemoryUsage of job (MB)
	844  -  ResidentSetSize of job (KB)
...
006 (14998214.002.000) 2025-12-03 03:48:49 Image size of job updated: 51036
	1  -  MemoryUsage of job (MB)
	852  -  ResidentSetSize of job (KB)
...
006 (14998214.002.000) 2025-12-03 03:53:49 Image size of job updated: 51036
	1  -  MemoryUsage of job (MB)
	864  -  ResidentSetSize of job (KB)
...
006 (14998214.002.000) 2025-12-03 03:58:50 Image size of job updated: 51036
	1  -  MemoryUsage of job (MB)
	872  -  ResidentSetSize of job (KB)
...
006 (14998214.002.000) 2025-12-03 04:03:51 Image size of job updated: 51036
	1  -  MemoryUsage of job (MB)
	884  -  ResidentSetSize of job (KB)
...
006 (14998214.002.000) 2025-12-03 04:08:51 Image size of job updated: 51036
	1  -  MemoryUsage of job (MB)
	896  -  ResidentSetSize of job (KB)
...
006 (14998214.002.000) 2025-12-03 04:13:52 Image size of job updated: 51036
	1  -  MemoryUsage of job (MB)
	908  -  ResidentSetSize of job (KB)
...
006 (14998214.002.000) 2025-12-03 04:18:53 Image size of job updated: 51036
	1  -  MemoryUsage of job (MB)
	916  -  ResidentSetSize of job (KB)
...
006 (14998214.002.000) 2025-12-03 04:23:53 Image size of job updated: 51036
	1  -  MemoryUsage of job (MB)
	928  -  ResidentSetSize of job (KB)
...
006 (14998214.002.000) 2025-12-03 04:28:54 Image size of job updated: 51036
	1  -  MemoryUsage of job (MB)
	936  -  ResidentSetSize of job (KB)
...
006 (14998214.002.000) 2025-12-03 04:33:55 Image size of job updated: 51036
	1  -  MemoryUsage of job (MB)
	948  -  ResidentSetSize of job (KB)
...
006 (14998214.002.000) 2025-12-03 04:38:55 Image size of job updated: 51036
	1  -  MemoryUsage of job (MB)
	956  -  ResidentSetSize of job (KB)
...
006 (14998214.002.000) 2025-12-03 04:43:56 Image size of job updated: 51036
	1  -  MemoryUsage of job (MB)
	968  -  ResidentSetSize of job (KB)
...
006 (14998214.002.000) 2025-12-03 04:48:57 Image size of job updated: 51036
	1  -  MemoryUsage of job (MB)
	976  -  ResidentSetSize of job (KB)
...
006 (14998214.002.000) 2025-12-03 04:53:57 Image size of job updated: 51036
	1  -  MemoryUsage of job (MB)
	984  -  ResidentSetSize of job (KB)
...
006 (14998214.002.000) 2025-12-03 04:58:57 Image size of job updated: 51036
	1  -  MemoryUsage of job (MB)
	996  -  ResidentSetSize of job (KB)
...
006 (14998214.002.000) 2025-12-03 05:03:58 Image size of job updated: 51036
	1  -  MemoryUsage of job (MB)
	1004  -  ResidentSetSize of job (KB)
...
006 (14998214.002.000) 2025-12-03 05:08:58 Image size of job updated: 51036
	1  -  MemoryUsage of job (MB)
	1016  -  ResidentSetSize of job (KB)
...
006 (14998214.002.000) 2025-12-03 05:13:58 Image size of job updated: 51036
	1  -  MemoryUsage of job (MB)
	1024  -  ResidentSetSize of job (KB)
...
006 (14998214.002.000) 2025-12-03 05:18:59 Image size of job updated: 51036
	2  -  MemoryUsage of job (MB)
	1036  -  ResidentSetSize of job (KB)
...
006 (14998214.002.000) 2025-12-03 05:23:59 Image size of job updated: 51036
	2  -  MemoryUsage of job (MB)
	1044  -  ResidentSetSize of job (KB)
...
006 (14998214.002.000) 2025-12-03 05:28:59 Image size of job updated: 51036
	2  -  MemoryUsage of job (MB)
	1056  -  ResidentSetSize of job (KB)
...
006 (14998214.002.000) 2025-12-03 05:34:01 Image size of job updated: 51036
	2  -  MemoryUsage of job (MB)
	1060  -  ResidentSetSize of job (KB)
...
006 (14998214.002.000) 2025-12-03 05:39:01 Image size of job updated: 51036
	2  -  MemoryUsage of job (MB)
	1068  -  ResidentSetSize of job (KB)
...
006 (14998214.002.000) 2025-12-03 05:44:01 Image size of job updated: 51036
	2  -  MemoryUsage of job (MB)
	1080  -  ResidentSetSize of job (KB)
...
006 (14998214.002.000) 2025-12-03 05:49:03 Image size of job updated: 51036
	2  -  MemoryUsage of job (MB)
	1088  -  ResidentSetSize of job (KB)
...
006 (14998214.002.000) 2025-12-03 05:54:03 Image size of job updated: 51036
	2  -  MemoryUsage of job (MB)
	1100  -  ResidentSetSize of job (KB)
...
006 (14998214.002.000) 2025-12-03 05:59:03 Image size of job updated: 51036
	2  -  MemoryUsage of job (MB)
	1108  -  ResidentSetSize of job (KB)
...
006 (14998214.002.000) 2025-12-03 06:04:04 Image size of job updated: 51036
	2  -  MemoryUsage of job (MB)
	1116  -  ResidentSetSize of job (KB)
...
006 (14998214.002.000) 2025-12-03 06:09:05 Image size of job updated: 51036
	2  -  MemoryUsage of job (MB)
	1128  -  ResidentSetSize of job (KB)
...
006 (14998214.002.000) 2025-12-03 06:14:05 Image size of job updated: 51036
	2  -  MemoryUsage of job (MB)
	1136  -  ResidentSetSize of job (KB)
...
006 (14998214.002.000) 2025-12-03 06:19:06 Image size of job updated: 51036
	2  -  MemoryUsage of job (MB)
	1148  -  ResidentSetSize of job (KB)
...
006 (14998214.002.000) 2025-12-03 06:24:07 Image size of job updated: 51036
	2  -  MemoryUsage of job (MB)
	1156  -  ResidentSetSize of job (KB)
...
006 (14998214.002.000) 2025-12-03 06:29:07 Image size of job updated: 51036
	2  -  MemoryUsage of job (MB)
	1168  -  ResidentSetSize of job (KB)
...
006 (14998214.002.000) 2025-12-03 06:34:07 Image size of job updated: 51036
	2  -  MemoryUsage of job (MB)
	1172  -  ResidentSetSize of job (KB)
...
006 (14998214.002.000) 2025-12-03 06:49:08 Image size of job updated: 51036
	2  -  MemoryUsage of job (MB)
	1180  -  ResidentSetSize of job (KB)
...
006 (14998214.002.000) 2025-12-03 06:54:09 Image size of job updated: 51036
	2  -  MemoryUsage of job (MB)
	1184  -  ResidentSetSize of job (KB)
...
006 (14998214.002.000) 2025-12-03 06:59:09 Image size of job updated: 51036
	2  -  MemoryUsage of job (MB)
	1192  -  ResidentSetSize of job (KB)
...
006 (14998214.002.000) 2025-12-03 07:04:10 Image size of job updated: 51036
	2  -  MemoryUsage of job (MB)
	1196  -  ResidentSetSize of job (KB)
...
006 (14998214.002.000) 2025-12-03 07:09:11 Image size of job updated: 51036
	2  -  MemoryUsage of job (MB)
	1208  -  ResidentSetSize of job (KB)
...
006 (14998214.002.000) 2025-12-03 07:14:11 Image size of job updated: 51036
	2  -  MemoryUsage of job (MB)
	1216  -  ResidentSetSize of job (KB)
...
006 (14998214.002.000) 2025-12-03 07:19:12 Image size of job updated: 51036
	2  -  MemoryUsage of job (MB)
	1228  -  ResidentSetSize of job (KB)
...
006 (14998214.002.000) 2025-12-03 07:24:13 Image size of job updated: 51036
	2  -  MemoryUsage of job (MB)
	1236  -  ResidentSetSize of job (KB)
...
006 (14998214.002.000) 2025-12-03 07:34:14 Image size of job updated: 51036
	2  -  MemoryUsage of job (MB)
	1248  -  ResidentSetSize of job (KB)
...
006 (14998214.002.000) 2025-12-03 07:39:15 Image size of job updated: 51036
	2  -  MemoryUsage of job (MB)
	1256  -  ResidentSetSize of job (KB)
...
006 (14998214.002.000) 2025-12-03 07:44:15 Image size of job updated: 51036
	2  -  MemoryUsage of job (MB)
	1268  -  ResidentSetSize of job (KB)
...
006 (14998214.002.000) 2025-12-03 07:49:15 Image size of job updated: 51036
	2  -  MemoryUsage of job (MB)
	1276  -  ResidentSetSize of job (KB)
...
040 (14998214.002.000) 2025-12-03 07:57:25 Started transferring output files
...
040 (14998214.002.000) 2025-12-03 07:57:25 Finished transferring output files
...
005 (14998214.002.000) 2025-12-03 07:57:25 Job terminated.
	(1) Normal termination (return value 0)
		Usr 0 08:44:18, Sys 0 00:00:26  -  Run Remote Usage
		Usr 0 00:00:00, Sys 0 00:00:00  -  Run Local Usage
		Usr 0 08:44:18, Sys 0 00:00:26  -  Total Remote Usage
		Usr 0 00:00:00, Sys 0 00:00:00  -  Total Local Usage
	113365  -  Run Bytes Sent By Job
	158157  -  Run Bytes Received By Job
	113365  -  Total Bytes Sent By Job
	158157  -  Total Bytes Received By Job
	Partitionable Resources :    Usage  Request Allocated 
	   Cpus                 :     1.00        1         1 
	   Disk (KB)            :   298     2097152   6681567 
	   Memory (MB)          :     2        4096      4096 
	   xferslots            :                           0 

	Job terminated of its own accord at 2025-12-03T12:57:25Z with exit-code 0.
...
