000 (14998214.154.000) 2025-12-02 23:07:12 Job submitted from host: <130.199.48.129:9618?addrs=130.199.48.129-9618&alias=rcas6009.rcf.bnl.gov&noUDP&sock=schedd_22421_101d>
...
040 (14998214.154.000) 2025-12-02 23:27:52 Started transferring input files
	Transferring to host: <130.199.184.209:9618?addrs=130.199.184.209-9618&alias=spool1784.sdcc.bnl.gov&noUDP&sock=slot1_15_94260_f99f_57145>
...
040 (14998214.154.000) 2025-12-02 23:27:54 Finished transferring input files
...
001 (14998214.154.000) 2025-12-02 23:27:55 Job executing on host: <130.199.184.209:9618?addrs=130.199.184.209-9618&alias=spool1784.sdcc.bnl.gov&noUDP&sock=startd_94248_66d5>
...
006 (14998214.154.000) 2025-12-02 23:28:03 Image size of job updated: 22160
	1  -  MemoryUsage of job (MB)
	372  -  ResidentSetSize of job (KB)
...
006 (14998214.154.000) 2025-12-02 23:33:03 Image size of job updated: 22160
	1  -  MemoryUsage of job (MB)
	380  -  ResidentSetSize of job (KB)
...
006 (14998214.154.000) 2025-12-02 23:38:04 Image size of job updated: 22160
	1  -  MemoryUsage of job (MB)
	392  -  ResidentSetSize of job (KB)
...
006 (14998214.154.000) 2025-12-02 23:43:05 Image size of job updated: 22160
	1  -  MemoryUsage of job (MB)
	400  -  ResidentSetSize of job (KB)
...
006 (14998214.154.000) 2025-12-02 23:48:05 Image size of job updated: 22160
	1  -  MemoryUsage of job (MB)
	412  -  ResidentSetSize of job (KB)
...
006 (14998214.154.000) 2025-12-02 23:53:06 Image size of job updated: 22160
	1  -  MemoryUsage of job (MB)
	420  -  ResidentSetSize of job (KB)
...
006 (14998214.154.000) 2025-12-02 23:58:07 Image size of job updated: 22160
	1  -  MemoryUsage of job (MB)
	432  -  ResidentSetSize of job (KB)
...
006 (14998214.154.000) 2025-12-03 00:03:07 Image size of job updated: 22160
	1  -  MemoryUsage of job (MB)
	440  -  ResidentSetSize of job (KB)
...
006 (14998214.154.000) 2025-12-03 00:08:08 Image size of job updated: 22160
	1  -  MemoryUsage of job (MB)
	452  -  ResidentSetSize of job (KB)
...
006 (14998214.154.000) 2025-12-03 00:13:09 Image size of job updated: 22160
	1  -  MemoryUsage of job (MB)
	456  -  ResidentSetSize of job (KB)
...
006 (14998214.154.000) 2025-12-03 00:18:09 Image size of job updated: 22160
	1  -  MemoryUsage of job (MB)
	464  -  ResidentSetSize of job (KB)
...
006 (14998214.154.000) 2025-12-03 00:23:09 Image size of job updated: 22160
	1  -  MemoryUsage of job (MB)
	468  -  ResidentSetSize of job (KB)
...
006 (14998214.154.000) 2025-12-03 00:28:10 Image size of job updated: 22292
	1  -  MemoryUsage of job (MB)
	476  -  ResidentSetSize of job (KB)
...
006 (14998214.154.000) 2025-12-03 00:33:10 Image size of job updated: 22292
	1  -  MemoryUsage of job (MB)
	488  -  ResidentSetSize of job (KB)
...
006 (14998214.154.000) 2025-12-03 00:38:10 Image size of job updated: 22292
	1  -  MemoryUsage of job (MB)
	496  -  ResidentSetSize of job (KB)
...
006 (14998214.154.000) 2025-12-03 00:43:11 Image size of job updated: 22292
	1  -  MemoryUsage of job (MB)
	500  -  ResidentSetSize of job (KB)
...
006 (14998214.154.000) 2025-12-03 00:48:12 Image size of job updated: 22292
	1  -  MemoryUsage of job (MB)
	512  -  ResidentSetSize of job (KB)
...
006 (14998214.154.000) 2025-12-03 00:53:12 Image size of job updated: 22292
	1  -  MemoryUsage of job (MB)
	520  -  ResidentSetSize of job (KB)
...
006 (14998214.154.000) 2025-12-03 00:58:13 Image size of job updated: 22292
	1  -  MemoryUsage of job (MB)
	524  -  ResidentSetSize of job (KB)
...
006 (14998214.154.000) 2025-12-03 01:03:14 Image size of job updated: 22292
	1  -  MemoryUsage of job (MB)
	532  -  ResidentSetSize of job (KB)
...
006 (14998214.154.000) 2025-12-03 01:08:14 Image size of job updated: 22292
	1  -  MemoryUsage of job (MB)
	544  -  ResidentSetSize of job (KB)
...
006 (14998214.154.000) 2025-12-03 01:13:15 Image size of job updated: 22292
	1  -  MemoryUsage of job (MB)
	552  -  ResidentSetSize of job (KB)
...
006 (14998214.154.000) 2025-12-03 01:19:55 Image size of job updated: 22292
	1  -  MemoryUsage of job (MB)
	564  -  ResidentSetSize of job (KB)
...
006 (14998214.154.000) 2025-12-03 01:24:53 Image size of job updated: 22292
	1  -  MemoryUsage of job (MB)
	572  -  ResidentSetSize of job (KB)
...
006 (14998214.154.000) 2025-12-03 01:29:54 Image size of job updated: 22292
	1  -  MemoryUsage of job (MB)
	580  -  ResidentSetSize of job (KB)
...
006 (14998214.154.000) 2025-12-03 01:34:55 Image size of job updated: 22292
	1  -  MemoryUsage of job (MB)
	592  -  ResidentSetSize of job (KB)
...
006 (14998214.154.000) 2025-12-03 01:39:55 Image size of job updated: 22424
	1  -  MemoryUsage of job (MB)
	600  -  ResidentSetSize of job (KB)
...
006 (14998214.154.000) 2025-12-03 01:44:56 Image size of job updated: 22424
	1  -  MemoryUsage of job (MB)
	612  -  ResidentSetSize of job (KB)
...
006 (14998214.154.000) 2025-12-03 01:49:57 Image size of job updated: 22424
	1  -  MemoryUsage of job (MB)
	616  -  ResidentSetSize of job (KB)
...
006 (14998214.154.000) 2025-12-03 01:54:57 Image size of job updated: 22424
	1  -  MemoryUsage of job (MB)
	624  -  ResidentSetSize of job (KB)
...
006 (14998214.154.000) 2025-12-03 02:00:00 Image size of job updated: 22424
	1  -  MemoryUsage of job (MB)
	636  -  ResidentSetSize of job (KB)
...
006 (14998214.154.000) 2025-12-03 02:04:58 Image size of job updated: 22424
	1  -  MemoryUsage of job (MB)
	644  -  ResidentSetSize of job (KB)
...
006 (14998214.154.000) 2025-12-03 02:09:58 Image size of job updated: 22424
	1  -  MemoryUsage of job (MB)
	656  -  ResidentSetSize of job (KB)
...
006 (14998214.154.000) 2025-12-03 02:14:59 Image size of job updated: 22424
	1  -  MemoryUsage of job (MB)
	664  -  ResidentSetSize of job (KB)
...
006 (14998214.154.000) 2025-12-03 02:20:00 Image size of job updated: 22424
	1  -  MemoryUsage of job (MB)
	668  -  ResidentSetSize of job (KB)
...
006 (14998214.154.000) 2025-12-03 02:25:00 Image size of job updated: 22424
	1  -  MemoryUsage of job (MB)
	680  -  ResidentSetSize of job (KB)
...
006 (14998214.154.000) 2025-12-03 02:30:00 Image size of job updated: 22424
	1  -  MemoryUsage of job (MB)
	688  -  ResidentSetSize of job (KB)
...
006 (14998214.154.000) 2025-12-03 02:35:01 Image size of job updated: 22424
	1  -  MemoryUsage of job (MB)
	700  -  ResidentSetSize of job (KB)
...
006 (14998214.154.000) 2025-12-03 02:40:01 Image size of job updated: 22424
	1  -  MemoryUsage of job (MB)
	708  -  ResidentSetSize of job (KB)
...
006 (14998214.154.000) 2025-12-03 02:45:01 Image size of job updated: 22424
	1  -  MemoryUsage of job (MB)
	720  -  ResidentSetSize of job (KB)
...
006 (14998214.154.000) 2025-12-03 02:50:03 Image size of job updated: 22424
	1  -  MemoryUsage of job (MB)
	724  -  ResidentSetSize of job (KB)
...
006 (14998214.154.000) 2025-12-03 02:55:03 Image size of job updated: 22552
	1  -  MemoryUsage of job (MB)
	732  -  ResidentSetSize of job (KB)
...
006 (14998214.154.000) 2025-12-03 03:00:03 Image size of job updated: 22552
	1  -  MemoryUsage of job (MB)
	744  -  ResidentSetSize of job (KB)
...
006 (14998214.154.000) 2025-12-03 03:05:04 Image size of job updated: 22552
	1  -  MemoryUsage of job (MB)
	752  -  ResidentSetSize of job (KB)
...
006 (14998214.154.000) 2025-12-03 03:10:05 Image size of job updated: 22552
	1  -  MemoryUsage of job (MB)
	764  -  ResidentSetSize of job (KB)
...
006 (14998214.154.000) 2025-12-03 03:15:05 Image size of job updated: 22552
	1  -  MemoryUsage of job (MB)
	772  -  ResidentSetSize of job (KB)
...
006 (14998214.154.000) 2025-12-03 03:20:06 Image size of job updated: 22552
	1  -  MemoryUsage of job (MB)
	784  -  ResidentSetSize of job (KB)
...
006 (14998214.154.000) 2025-12-03 03:25:07 Image size of job updated: 22552
	1  -  MemoryUsage of job (MB)
	792  -  ResidentSetSize of job (KB)
...
006 (14998214.154.000) 2025-12-03 03:30:07 Image size of job updated: 22552
	1  -  MemoryUsage of job (MB)
	800  -  ResidentSetSize of job (KB)
...
006 (14998214.154.000) 2025-12-03 03:35:08 Image size of job updated: 22552
	1  -  MemoryUsage of job (MB)
	812  -  ResidentSetSize of job (KB)
...
006 (14998214.154.000) 2025-12-03 03:40:08 Image size of job updated: 22552
	1  -  MemoryUsage of job (MB)
	820  -  ResidentSetSize of job (KB)
...
006 (14998214.154.000) 2025-12-03 03:45:08 Image size of job updated: 22552
	1  -  MemoryUsage of job (MB)
	832  -  ResidentSetSize of job (KB)
...
006 (14998214.154.000) 2025-12-03 03:50:09 Image size of job updated: 22552
	1  -  MemoryUsage of job (MB)
	840  -  ResidentSetSize of job (KB)
...
006 (14998214.154.000) 2025-12-03 03:55:10 Image size of job updated: 22552
	1  -  MemoryUsage of job (MB)
	852  -  ResidentSetSize of job (KB)
...
006 (14998214.154.000) 2025-12-03 04:00:10 Image size of job updated: 22684
	1  -  MemoryUsage of job (MB)
	860  -  ResidentSetSize of job (KB)
...
006 (14998214.154.000) 2025-12-03 04:05:10 Image size of job updated: 22684
	1  -  MemoryUsage of job (MB)
	872  -  ResidentSetSize of job (KB)
...
006 (14998214.154.000) 2025-12-03 04:10:11 Image size of job updated: 22684
	1  -  MemoryUsage of job (MB)
	884  -  ResidentSetSize of job (KB)
...
006 (14998214.154.000) 2025-12-03 04:15:11 Image size of job updated: 22684
	1  -  MemoryUsage of job (MB)
	896  -  ResidentSetSize of job (KB)
...
006 (14998214.154.000) 2025-12-03 04:20:11 Image size of job updated: 22684
	1  -  MemoryUsage of job (MB)
	904  -  ResidentSetSize of job (KB)
...
006 (14998214.154.000) 2025-12-03 04:25:12 Image size of job updated: 22684
	1  -  MemoryUsage of job (MB)
	916  -  ResidentSetSize of job (KB)
...
006 (14998214.154.000) 2025-12-03 04:30:13 Image size of job updated: 22684
	1  -  MemoryUsage of job (MB)
	928  -  ResidentSetSize of job (KB)
...
006 (14998214.154.000) 2025-12-03 04:35:13 Image size of job updated: 22684
	1  -  MemoryUsage of job (MB)
	940  -  ResidentSetSize of job (KB)
...
006 (14998214.154.000) 2025-12-03 04:40:14 Image size of job updated: 22684
	1  -  MemoryUsage of job (MB)
	948  -  ResidentSetSize of job (KB)
...
006 (14998214.154.000) 2025-12-03 04:45:15 Image size of job updated: 22684
	1  -  MemoryUsage of job (MB)
	960  -  ResidentSetSize of job (KB)
...
006 (14998214.154.000) 2025-12-03 04:50:15 Image size of job updated: 22684
	1  -  MemoryUsage of job (MB)
	964  -  ResidentSetSize of job (KB)
...
006 (14998214.154.000) 2025-12-03 04:55:15 Image size of job updated: 22684
	1  -  MemoryUsage of job (MB)
	972  -  ResidentSetSize of job (KB)
...
006 (14998214.154.000) 2025-12-03 05:00:16 Image size of job updated: 22684
	1  -  MemoryUsage of job (MB)
	984  -  ResidentSetSize of job (KB)
...
006 (14998214.154.000) 2025-12-03 05:05:16 Image size of job updated: 22816
	1  -  MemoryUsage of job (MB)
	992  -  ResidentSetSize of job (KB)
...
006 (14998214.154.000) 2025-12-03 05:10:16 Image size of job updated: 22816
	1  -  MemoryUsage of job (MB)
	1004  -  ResidentSetSize of job (KB)
...
006 (14998214.154.000) 2025-12-03 05:15:18 Image size of job updated: 22816
	1  -  MemoryUsage of job (MB)
	1012  -  ResidentSetSize of job (KB)
...
006 (14998214.154.000) 2025-12-03 05:20:18 Image size of job updated: 22816
	1  -  MemoryUsage of job (MB)
	1016  -  ResidentSetSize of job (KB)
...
006 (14998214.154.000) 2025-12-03 05:35:20 Image size of job updated: 22816
	1  -  MemoryUsage of job (MB)
	1020  -  ResidentSetSize of job (KB)
...
006 (14998214.154.000) 2025-12-03 05:40:20 Image size of job updated: 22816
	2  -  MemoryUsage of job (MB)
	1032  -  ResidentSetSize of job (KB)
...
006 (14998214.154.000) 2025-12-03 05:45:20 Image size of job updated: 22816
	2  -  MemoryUsage of job (MB)
	1040  -  ResidentSetSize of job (KB)
...
006 (14998214.154.000) 2025-12-03 05:50:21 Image size of job updated: 22816
	2  -  MemoryUsage of job (MB)
	1056  -  ResidentSetSize of job (KB)
...
006 (14998214.154.000) 2025-12-03 05:55:21 Image size of job updated: 22816
	2  -  MemoryUsage of job (MB)
	1064  -  ResidentSetSize of job (KB)
...
006 (14998214.154.000) 2025-12-03 06:00:21 Image size of job updated: 22816
	2  -  MemoryUsage of job (MB)
	1076  -  ResidentSetSize of job (KB)
...
006 (14998214.154.000) 2025-12-03 06:05:22 Image size of job updated: 22948
	2  -  MemoryUsage of job (MB)
	1084  -  ResidentSetSize of job (KB)
...
006 (14998214.154.000) 2025-12-03 06:10:23 Image size of job updated: 22948
	2  -  MemoryUsage of job (MB)
	1092  -  ResidentSetSize of job (KB)
...
006 (14998214.154.000) 2025-12-03 06:15:23 Image size of job updated: 22948
	2  -  MemoryUsage of job (MB)
	1104  -  ResidentSetSize of job (KB)
...
006 (14998214.154.000) 2025-12-03 06:20:24 Image size of job updated: 22948
	2  -  MemoryUsage of job (MB)
	1112  -  ResidentSetSize of job (KB)
...
006 (14998214.154.000) 2025-12-03 06:25:25 Image size of job updated: 22948
	2  -  MemoryUsage of job (MB)
	1124  -  ResidentSetSize of job (KB)
...
006 (14998214.154.000) 2025-12-03 06:45:26 Image size of job updated: 22948
	2  -  MemoryUsage of job (MB)
	1128  -  ResidentSetSize of job (KB)
...
006 (14998214.154.000) 2025-12-03 06:50:26 Image size of job updated: 22948
	2  -  MemoryUsage of job (MB)
	1136  -  ResidentSetSize of job (KB)
...
006 (14998214.154.000) 2025-12-03 06:55:27 Image size of job updated: 22948
	2  -  MemoryUsage of job (MB)
	1144  -  ResidentSetSize of job (KB)
...
006 (14998214.154.000) 2025-12-03 07:00:27 Image size of job updated: 22948
	2  -  MemoryUsage of job (MB)
	1156  -  ResidentSetSize of job (KB)
...
006 (14998214.154.000) 2025-12-03 07:05:27 Image size of job updated: 22948
	2  -  MemoryUsage of job (MB)
	1164  -  ResidentSetSize of job (KB)
...
006 (14998214.154.000) 2025-12-03 07:10:28 Image size of job updated: 22948
	2  -  MemoryUsage of job (MB)
	1176  -  ResidentSetSize of job (KB)
...
006 (14998214.154.000) 2025-12-03 07:15:28 Image size of job updated: 23080
	2  -  MemoryUsage of job (MB)
	1184  -  ResidentSetSize of job (KB)
...
006 (14998214.154.000) 2025-12-03 07:20:28 Image size of job updated: 23080
	2  -  MemoryUsage of job (MB)
	1196  -  ResidentSetSize of job (KB)
...
006 (14998214.154.000) 2025-12-03 07:25:30 Image size of job updated: 23080
	2  -  MemoryUsage of job (MB)
	1200  -  ResidentSetSize of job (KB)
...
006 (14998214.154.000) 2025-12-03 07:30:30 Image size of job updated: 23080
	2  -  MemoryUsage of job (MB)
	1208  -  ResidentSetSize of job (KB)
...
006 (14998214.154.000) 2025-12-03 07:35:30 Image size of job updated: 23080
	2  -  MemoryUsage of job (MB)
	1220  -  ResidentSetSize of job (KB)
...
006 (14998214.154.000) 2025-12-03 07:40:31 Image size of job updated: 23080
	2  -  MemoryUsage of job (MB)
	1228  -  ResidentSetSize of job (KB)
...
006 (14998214.154.000) 2025-12-03 07:45:32 Image size of job updated: 23080
	2  -  MemoryUsage of job (MB)
	1240  -  ResidentSetSize of job (KB)
...
006 (14998214.154.000) 2025-12-03 07:50:32 Image size of job updated: 23080
	2  -  MemoryUsage of job (MB)
	1248  -  ResidentSetSize of job (KB)
...
006 (14998214.154.000) 2025-12-03 07:55:33 Image size of job updated: 23080
	2  -  MemoryUsage of job (MB)
	1260  -  ResidentSetSize of job (KB)
...
040 (14998214.154.000) 2025-12-03 07:56:35 Started transferring output files
...
040 (14998214.154.000) 2025-12-03 07:56:35 Finished transferring output files
...
005 (14998214.154.000) 2025-12-03 07:56:35 Job terminated.
	(1) Normal termination (return value 0)
		Usr 0 08:28:23, Sys 0 00:00:01  -  Run Remote Usage
		Usr 0 00:00:00, Sys 0 00:00:00  -  Run Local Usage
		Usr 0 08:28:23, Sys 0 00:00:01  -  Total Remote Usage
		Usr 0 00:00:00, Sys 0 00:00:00  -  Total Local Usage
	113365  -  Run Bytes Sent By Job
	294866  -  Run Bytes Received By Job
	113365  -  Total Bytes Sent By Job
	294866  -  Total Bytes Received By Job
	Partitionable Resources :    Usage  Request Allocated 
	   Cpus                 :     1.00        1         1 
	   Disk (KB)            :   432     2097152   6681570 
	   Memory (MB)          :     2        4096      4096 
	   xferslots            :                           0 

	Job terminated of its own accord at 2025-12-03T12:56:35Z with exit-code 0.
...
