000 (14998214.132.000) 2025-12-02 23:07:12 Job submitted from host: <130.199.48.129:9618?addrs=130.199.48.129-9618&alias=rcas6009.rcf.bnl.gov&noUDP&sock=schedd_22421_101d>
...
040 (14998214.132.000) 2025-12-02 23:22:25 Started transferring input files
	Transferring to host: <130.199.150.77:9618?addrs=130.199.150.77-9618&alias=spool1558.sdcc.bnl.gov&noUDP&sock=slot1_73_49269_921f_51575>
...
040 (14998214.132.000) 2025-12-02 23:22:26 Finished transferring input files
...
001 (14998214.132.000) 2025-12-02 23:22:27 Job executing on host: <130.199.150.77:9618?addrs=130.199.150.77-9618&alias=spool1558.sdcc.bnl.gov&noUDP&sock=startd_49259_f37d>
...
006 (14998214.132.000) 2025-12-02 23:22:36 Image size of job updated: 376
	1  -  MemoryUsage of job (MB)
	376  -  ResidentSetSize of job (KB)
...
006 (14998214.132.000) 2025-12-02 23:27:36 Image size of job updated: 22160
	1  -  MemoryUsage of job (MB)
	384  -  ResidentSetSize of job (KB)
...
006 (14998214.132.000) 2025-12-02 23:32:36 Image size of job updated: 22160
	1  -  MemoryUsage of job (MB)
	396  -  ResidentSetSize of job (KB)
...
006 (14998214.132.000) 2025-12-02 23:37:37 Image size of job updated: 22160
	1  -  MemoryUsage of job (MB)
	404  -  ResidentSetSize of job (KB)
...
006 (14998214.132.000) 2025-12-02 23:42:37 Image size of job updated: 22160
	1  -  MemoryUsage of job (MB)
	416  -  ResidentSetSize of job (KB)
...
006 (14998214.132.000) 2025-12-02 23:47:37 Image size of job updated: 22160
	1  -  MemoryUsage of job (MB)
	424  -  ResidentSetSize of job (KB)
...
006 (14998214.132.000) 2025-12-02 23:52:38 Image size of job updated: 22160
	1  -  MemoryUsage of job (MB)
	436  -  ResidentSetSize of job (KB)
...
006 (14998214.132.000) 2025-12-02 23:57:39 Image size of job updated: 22160
	1  -  MemoryUsage of job (MB)
	444  -  ResidentSetSize of job (KB)
...
006 (14998214.132.000) 2025-12-03 00:02:39 Image size of job updated: 22160
	1  -  MemoryUsage of job (MB)
	456  -  ResidentSetSize of job (KB)
...
006 (14998214.132.000) 2025-12-03 00:07:40 Image size of job updated: 22160
	1  -  MemoryUsage of job (MB)
	468  -  ResidentSetSize of job (KB)
...
006 (14998214.132.000) 2025-12-03 00:12:41 Image size of job updated: 22160
	1  -  MemoryUsage of job (MB)
	476  -  ResidentSetSize of job (KB)
...
006 (14998214.132.000) 2025-12-03 00:17:41 Image size of job updated: 22160
	1  -  MemoryUsage of job (MB)
	488  -  ResidentSetSize of job (KB)
...
006 (14998214.132.000) 2025-12-03 00:22:41 Image size of job updated: 22292
	1  -  MemoryUsage of job (MB)
	504  -  ResidentSetSize of job (KB)
...
006 (14998214.132.000) 2025-12-03 00:27:42 Image size of job updated: 22292
	1  -  MemoryUsage of job (MB)
	512  -  ResidentSetSize of job (KB)
...
006 (14998214.132.000) 2025-12-03 00:37:42 Image size of job updated: 22292
	1  -  MemoryUsage of job (MB)
	524  -  ResidentSetSize of job (KB)
...
006 (14998214.132.000) 2025-12-03 00:42:43 Image size of job updated: 22292
	1  -  MemoryUsage of job (MB)
	532  -  ResidentSetSize of job (KB)
...
006 (14998214.132.000) 2025-12-03 00:47:43 Image size of job updated: 22292
	1  -  MemoryUsage of job (MB)
	540  -  ResidentSetSize of job (KB)
...
006 (14998214.132.000) 2025-12-03 00:52:43 Image size of job updated: 22292
	1  -  MemoryUsage of job (MB)
	548  -  ResidentSetSize of job (KB)
...
006 (14998214.132.000) 2025-12-03 00:57:44 Image size of job updated: 22292
	1  -  MemoryUsage of job (MB)
	556  -  ResidentSetSize of job (KB)
...
006 (14998214.132.000) 2025-12-03 01:02:45 Image size of job updated: 22292
	1  -  MemoryUsage of job (MB)
	568  -  ResidentSetSize of job (KB)
...
006 (14998214.132.000) 2025-12-03 01:07:45 Image size of job updated: 22292
	1  -  MemoryUsage of job (MB)
	576  -  ResidentSetSize of job (KB)
...
006 (14998214.132.000) 2025-12-03 01:15:27 Image size of job updated: 22292
	1  -  MemoryUsage of job (MB)
	588  -  ResidentSetSize of job (KB)
...
006 (14998214.132.000) 2025-12-03 01:23:31 Image size of job updated: 22292
	1  -  MemoryUsage of job (MB)
	612  -  ResidentSetSize of job (KB)
...
006 (14998214.132.000) 2025-12-03 01:30:07 Image size of job updated: 22424
	1  -  MemoryUsage of job (MB)
	620  -  ResidentSetSize of job (KB)
...
006 (14998214.132.000) 2025-12-03 01:34:59 Image size of job updated: 22424
	1  -  MemoryUsage of job (MB)
	632  -  ResidentSetSize of job (KB)
...
006 (14998214.132.000) 2025-12-03 01:39:59 Image size of job updated: 22424
	1  -  MemoryUsage of job (MB)
	640  -  ResidentSetSize of job (KB)
...
006 (14998214.132.000) 2025-12-03 01:44:59 Image size of job updated: 22424
	1  -  MemoryUsage of job (MB)
	652  -  ResidentSetSize of job (KB)
...
006 (14998214.132.000) 2025-12-03 01:50:00 Image size of job updated: 22424
	1  -  MemoryUsage of job (MB)
	660  -  ResidentSetSize of job (KB)
...
006 (14998214.132.000) 2025-12-03 01:55:00 Image size of job updated: 22424
	1  -  MemoryUsage of job (MB)
	672  -  ResidentSetSize of job (KB)
...
006 (14998214.132.000) 2025-12-03 02:00:00 Image size of job updated: 22424
	1  -  MemoryUsage of job (MB)
	680  -  ResidentSetSize of job (KB)
...
006 (14998214.132.000) 2025-12-03 02:05:01 Image size of job updated: 22424
	1  -  MemoryUsage of job (MB)
	688  -  ResidentSetSize of job (KB)
...
006 (14998214.132.000) 2025-12-03 02:10:01 Image size of job updated: 22424
	1  -  MemoryUsage of job (MB)
	700  -  ResidentSetSize of job (KB)
...
006 (14998214.132.000) 2025-12-03 02:15:01 Image size of job updated: 22424
	1  -  MemoryUsage of job (MB)
	708  -  ResidentSetSize of job (KB)
...
006 (14998214.132.000) 2025-12-03 02:20:02 Image size of job updated: 22424
	1  -  MemoryUsage of job (MB)
	720  -  ResidentSetSize of job (KB)
...
006 (14998214.132.000) 2025-12-03 02:25:03 Image size of job updated: 22424
	1  -  MemoryUsage of job (MB)
	728  -  ResidentSetSize of job (KB)
...
006 (14998214.132.000) 2025-12-03 02:30:03 Image size of job updated: 22424
	1  -  MemoryUsage of job (MB)
	732  -  ResidentSetSize of job (KB)
...
006 (14998214.132.000) 2025-12-03 02:35:04 Image size of job updated: 22424
	1  -  MemoryUsage of job (MB)
	744  -  ResidentSetSize of job (KB)
...
006 (14998214.132.000) 2025-12-03 02:40:05 Image size of job updated: 22552
	1  -  MemoryUsage of job (MB)
	752  -  ResidentSetSize of job (KB)
...
006 (14998214.132.000) 2025-12-03 02:45:05 Image size of job updated: 22552
	1  -  MemoryUsage of job (MB)
	764  -  ResidentSetSize of job (KB)
...
006 (14998214.132.000) 2025-12-03 02:50:06 Image size of job updated: 22552
	1  -  MemoryUsage of job (MB)
	772  -  ResidentSetSize of job (KB)
...
006 (14998214.132.000) 2025-12-03 02:55:07 Image size of job updated: 22552
	1  -  MemoryUsage of job (MB)
	784  -  ResidentSetSize of job (KB)
...
006 (14998214.132.000) 2025-12-03 03:00:07 Image size of job updated: 22552
	1  -  MemoryUsage of job (MB)
	792  -  ResidentSetSize of job (KB)
...
006 (14998214.132.000) 2025-12-03 03:05:07 Image size of job updated: 22552
	1  -  MemoryUsage of job (MB)
	804  -  ResidentSetSize of job (KB)
...
006 (14998214.132.000) 2025-12-03 03:10:09 Image size of job updated: 22552
	1  -  MemoryUsage of job (MB)
	812  -  ResidentSetSize of job (KB)
...
006 (14998214.132.000) 2025-12-03 03:15:09 Image size of job updated: 22552
	1  -  MemoryUsage of job (MB)
	820  -  ResidentSetSize of job (KB)
...
006 (14998214.132.000) 2025-12-03 03:20:09 Image size of job updated: 22552
	1  -  MemoryUsage of job (MB)
	832  -  ResidentSetSize of job (KB)
...
006 (14998214.132.000) 2025-12-03 03:25:10 Image size of job updated: 22552
	1  -  MemoryUsage of job (MB)
	840  -  ResidentSetSize of job (KB)
...
006 (14998214.132.000) 2025-12-03 03:30:11 Image size of job updated: 22552
	1  -  MemoryUsage of job (MB)
	852  -  ResidentSetSize of job (KB)
...
006 (14998214.132.000) 2025-12-03 03:35:11 Image size of job updated: 22552
	1  -  MemoryUsage of job (MB)
	860  -  ResidentSetSize of job (KB)
...
006 (14998214.132.000) 2025-12-03 03:40:12 Image size of job updated: 22552
	1  -  MemoryUsage of job (MB)
	876  -  ResidentSetSize of job (KB)
...
006 (14998214.132.000) 2025-12-03 03:45:13 Image size of job updated: 22684
	1  -  MemoryUsage of job (MB)
	884  -  ResidentSetSize of job (KB)
...
006 (14998214.132.000) 2025-12-03 03:50:13 Image size of job updated: 22684
	1  -  MemoryUsage of job (MB)
	896  -  ResidentSetSize of job (KB)
...
006 (14998214.132.000) 2025-12-03 03:55:13 Image size of job updated: 22684
	1  -  MemoryUsage of job (MB)
	904  -  ResidentSetSize of job (KB)
...
006 (14998214.132.000) 2025-12-03 04:00:14 Image size of job updated: 22684
	1  -  MemoryUsage of job (MB)
	916  -  ResidentSetSize of job (KB)
...
006 (14998214.132.000) 2025-12-03 04:05:14 Image size of job updated: 22684
	1  -  MemoryUsage of job (MB)
	924  -  ResidentSetSize of job (KB)
...
006 (14998214.132.000) 2025-12-03 04:10:14 Image size of job updated: 22684
	1  -  MemoryUsage of job (MB)
	936  -  ResidentSetSize of job (KB)
...
006 (14998214.132.000) 2025-12-03 04:15:15 Image size of job updated: 22684
	1  -  MemoryUsage of job (MB)
	944  -  ResidentSetSize of job (KB)
...
006 (14998214.132.000) 2025-12-03 04:20:15 Image size of job updated: 22684
	1  -  MemoryUsage of job (MB)
	948  -  ResidentSetSize of job (KB)
...
006 (14998214.132.000) 2025-12-03 04:25:15 Image size of job updated: 22684
	1  -  MemoryUsage of job (MB)
	956  -  ResidentSetSize of job (KB)
...
006 (14998214.132.000) 2025-12-03 04:30:16 Image size of job updated: 22684
	1  -  MemoryUsage of job (MB)
	964  -  ResidentSetSize of job (KB)
...
006 (14998214.132.000) 2025-12-03 04:40:17 Image size of job updated: 22684
	1  -  MemoryUsage of job (MB)
	972  -  ResidentSetSize of job (KB)
...
006 (14998214.132.000) 2025-12-03 04:45:18 Image size of job updated: 22684
	1  -  MemoryUsage of job (MB)
	984  -  ResidentSetSize of job (KB)
...
006 (14998214.132.000) 2025-12-03 04:50:19 Image size of job updated: 22816
	1  -  MemoryUsage of job (MB)
	988  -  ResidentSetSize of job (KB)
...
006 (14998214.132.000) 2025-12-03 04:55:19 Image size of job updated: 22816
	1  -  MemoryUsage of job (MB)
	1000  -  ResidentSetSize of job (KB)
...
006 (14998214.132.000) 2025-12-03 05:00:20 Image size of job updated: 22816
	1  -  MemoryUsage of job (MB)
	1008  -  ResidentSetSize of job (KB)
...
006 (14998214.132.000) 2025-12-03 05:05:21 Image size of job updated: 22816
	1  -  MemoryUsage of job (MB)
	1020  -  ResidentSetSize of job (KB)
...
006 (14998214.132.000) 2025-12-03 05:10:21 Image size of job updated: 22816
	2  -  MemoryUsage of job (MB)
	1028  -  ResidentSetSize of job (KB)
...
006 (14998214.132.000) 2025-12-03 05:15:21 Image size of job updated: 22816
	2  -  MemoryUsage of job (MB)
	1036  -  ResidentSetSize of job (KB)
...
006 (14998214.132.000) 2025-12-03 05:20:22 Image size of job updated: 22816
	2  -  MemoryUsage of job (MB)
	1048  -  ResidentSetSize of job (KB)
...
006 (14998214.132.000) 2025-12-03 05:25:22 Image size of job updated: 22816
	2  -  MemoryUsage of job (MB)
	1056  -  ResidentSetSize of job (KB)
...
006 (14998214.132.000) 2025-12-03 05:30:22 Image size of job updated: 22816
	2  -  MemoryUsage of job (MB)
	1068  -  ResidentSetSize of job (KB)
...
006 (14998214.132.000) 2025-12-03 05:35:23 Image size of job updated: 22816
	2  -  MemoryUsage of job (MB)
	1076  -  ResidentSetSize of job (KB)
...
006 (14998214.132.000) 2025-12-03 05:40:24 Image size of job updated: 22816
	2  -  MemoryUsage of job (MB)
	1088  -  ResidentSetSize of job (KB)
...
006 (14998214.132.000) 2025-12-03 05:45:24 Image size of job updated: 22816
	2  -  MemoryUsage of job (MB)
	1096  -  ResidentSetSize of job (KB)
...
006 (14998214.132.000) 2025-12-03 05:50:25 Image size of job updated: 22816
	2  -  MemoryUsage of job (MB)
	1108  -  ResidentSetSize of job (KB)
...
006 (14998214.132.000) 2025-12-03 05:55:25 Image size of job updated: 22948
	2  -  MemoryUsage of job (MB)
	1116  -  ResidentSetSize of job (KB)
...
006 (14998214.132.000) 2025-12-03 06:00:25 Image size of job updated: 22948
	2  -  MemoryUsage of job (MB)
	1124  -  ResidentSetSize of job (KB)
...
006 (14998214.132.000) 2025-12-03 06:05:27 Image size of job updated: 22948
	2  -  MemoryUsage of job (MB)
	1132  -  ResidentSetSize of job (KB)
...
006 (14998214.132.000) 2025-12-03 06:10:27 Image size of job updated: 22948
	2  -  MemoryUsage of job (MB)
	1140  -  ResidentSetSize of job (KB)
...
006 (14998214.132.000) 2025-12-03 06:15:27 Image size of job updated: 22948
	2  -  MemoryUsage of job (MB)
	1152  -  ResidentSetSize of job (KB)
...
006 (14998214.132.000) 2025-12-03 06:20:28 Image size of job updated: 22948
	2  -  MemoryUsage of job (MB)
	1160  -  ResidentSetSize of job (KB)
...
006 (14998214.132.000) 2025-12-03 06:25:29 Image size of job updated: 22948
	2  -  MemoryUsage of job (MB)
	1168  -  ResidentSetSize of job (KB)
...
006 (14998214.132.000) 2025-12-03 06:30:29 Image size of job updated: 22948
	2  -  MemoryUsage of job (MB)
	1180  -  ResidentSetSize of job (KB)
...
006 (14998214.132.000) 2025-12-03 06:35:30 Image size of job updated: 22948
	2  -  MemoryUsage of job (MB)
	1188  -  ResidentSetSize of job (KB)
...
006 (14998214.132.000) 2025-12-03 06:40:31 Image size of job updated: 22948
	2  -  MemoryUsage of job (MB)
	1200  -  ResidentSetSize of job (KB)
...
006 (14998214.132.000) 2025-12-03 06:45:31 Image size of job updated: 22948
	2  -  MemoryUsage of job (MB)
	1208  -  ResidentSetSize of job (KB)
...
006 (14998214.132.000) 2025-12-03 06:50:31 Image size of job updated: 22948
	2  -  MemoryUsage of job (MB)
	1220  -  ResidentSetSize of job (KB)
...
006 (14998214.132.000) 2025-12-03 07:00:32 Image size of job updated: 22948
	2  -  MemoryUsage of job (MB)
	1232  -  ResidentSetSize of job (KB)
...
006 (14998214.132.000) 2025-12-03 07:05:32 Image size of job updated: 22948
	2  -  MemoryUsage of job (MB)
	1240  -  ResidentSetSize of job (KB)
...
006 (14998214.132.000) 2025-12-03 07:10:34 Image size of job updated: 23080
	2  -  MemoryUsage of job (MB)
	1244  -  ResidentSetSize of job (KB)
...
006 (14998214.132.000) 2025-12-03 07:15:34 Image size of job updated: 23080
	2  -  MemoryUsage of job (MB)
	1256  -  ResidentSetSize of job (KB)
...
006 (14998214.132.000) 2025-12-03 07:20:34 Image size of job updated: 23080
	2  -  MemoryUsage of job (MB)
	1264  -  ResidentSetSize of job (KB)
...
006 (14998214.132.000) 2025-12-03 07:25:35 Image size of job updated: 23080
	2  -  MemoryUsage of job (MB)
	1276  -  ResidentSetSize of job (KB)
...
006 (14998214.132.000) 2025-12-03 07:30:36 Image size of job updated: 23080
	2  -  MemoryUsage of job (MB)
	1284  -  ResidentSetSize of job (KB)
...
006 (14998214.132.000) 2025-12-03 07:35:36 Image size of job updated: 23080
	2  -  MemoryUsage of job (MB)
	1292  -  ResidentSetSize of job (KB)
...
006 (14998214.132.000) 2025-12-03 07:40:37 Image size of job updated: 23080
	2  -  MemoryUsage of job (MB)
	1304  -  ResidentSetSize of job (KB)
...
006 (14998214.132.000) 2025-12-03 07:45:37 Image size of job updated: 23080
	2  -  MemoryUsage of job (MB)
	1312  -  ResidentSetSize of job (KB)
...
040 (14998214.132.000) 2025-12-03 07:50:07 Started transferring output files
...
040 (14998214.132.000) 2025-12-03 07:50:07 Finished transferring output files
...
005 (14998214.132.000) 2025-12-03 07:50:07 Job terminated.
	(1) Normal termination (return value 0)
		Usr 0 08:27:28, Sys 0 00:00:01  -  Run Remote Usage
		Usr 0 00:00:00, Sys 0 00:00:00  -  Run Local Usage
		Usr 0 08:27:28, Sys 0 00:00:01  -  Total Remote Usage
		Usr 0 00:00:00, Sys 0 00:00:00  -  Total Local Usage
	113365  -  Run Bytes Sent By Job
	260330  -  Run Bytes Received By Job
	113365  -  Total Bytes Sent By Job
	260330  -  Total Bytes Received By Job
	Partitionable Resources :    Usage  Request Allocated 
	   Cpus                 :     1.00        1         1 
	   Disk (KB)            :   398     2097152   6681195 
	   Memory (MB)          :     2        4096      4096 
	   xferslots            :                           0 

	Job terminated of its own accord at 2025-12-03T12:50:07Z with exit-code 0.
...
