000 (14998214.153.000) 2025-12-02 23:07:12 Job submitted from host: <130.199.48.129:9618?addrs=130.199.48.129-9618&alias=rcas6009.rcf.bnl.gov&noUDP&sock=schedd_22421_101d>
...
040 (14998214.153.000) 2025-12-02 23:27:52 Started transferring input files
	Transferring to host: <130.199.186.67:9618?addrs=130.199.186.67-9618&alias=spool1830.sdcc.bnl.gov&noUDP&sock=slot1_11_93693_46c6_55591>
...
040 (14998214.153.000) 2025-12-02 23:27:54 Finished transferring input files
...
001 (14998214.153.000) 2025-12-02 23:27:55 Job executing on host: <130.199.186.67:9618?addrs=130.199.186.67-9618&alias=spool1830.sdcc.bnl.gov&noUDP&sock=startd_93684_e71e>
...
006 (14998214.153.000) 2025-12-02 23:28:03 Image size of job updated: 22160
	1  -  MemoryUsage of job (MB)
	380  -  ResidentSetSize of job (KB)
...
006 (14998214.153.000) 2025-12-02 23:33:03 Image size of job updated: 22160
	1  -  MemoryUsage of job (MB)
	388  -  ResidentSetSize of job (KB)
...
006 (14998214.153.000) 2025-12-02 23:38:04 Image size of job updated: 22160
	1  -  MemoryUsage of job (MB)
	404  -  ResidentSetSize of job (KB)
...
006 (14998214.153.000) 2025-12-02 23:43:04 Image size of job updated: 22160
	1  -  MemoryUsage of job (MB)
	416  -  ResidentSetSize of job (KB)
...
006 (14998214.153.000) 2025-12-02 23:48:04 Image size of job updated: 22160
	1  -  MemoryUsage of job (MB)
	424  -  ResidentSetSize of job (KB)
...
006 (14998214.153.000) 2025-12-02 23:53:05 Image size of job updated: 22160
	1  -  MemoryUsage of job (MB)
	432  -  ResidentSetSize of job (KB)
...
006 (14998214.153.000) 2025-12-02 23:58:06 Image size of job updated: 22160
	1  -  MemoryUsage of job (MB)
	448  -  ResidentSetSize of job (KB)
...
006 (14998214.153.000) 2025-12-03 00:03:06 Image size of job updated: 22160
	1  -  MemoryUsage of job (MB)
	460  -  ResidentSetSize of job (KB)
...
006 (14998214.153.000) 2025-12-03 00:08:07 Image size of job updated: 22160
	1  -  MemoryUsage of job (MB)
	472  -  ResidentSetSize of job (KB)
...
006 (14998214.153.000) 2025-12-03 00:13:08 Image size of job updated: 22160
	1  -  MemoryUsage of job (MB)
	480  -  ResidentSetSize of job (KB)
...
006 (14998214.153.000) 2025-12-03 00:18:08 Image size of job updated: 22160
	1  -  MemoryUsage of job (MB)
	492  -  ResidentSetSize of job (KB)
...
006 (14998214.153.000) 2025-12-03 00:23:09 Image size of job updated: 22292
	1  -  MemoryUsage of job (MB)
	500  -  ResidentSetSize of job (KB)
...
006 (14998214.153.000) 2025-12-03 00:28:10 Image size of job updated: 22292
	1  -  MemoryUsage of job (MB)
	512  -  ResidentSetSize of job (KB)
...
006 (14998214.153.000) 2025-12-03 00:33:10 Image size of job updated: 22292
	1  -  MemoryUsage of job (MB)
	520  -  ResidentSetSize of job (KB)
...
006 (14998214.153.000) 2025-12-03 01:03:13 Image size of job updated: 22292
	1  -  MemoryUsage of job (MB)
	524  -  ResidentSetSize of job (KB)
...
006 (14998214.153.000) 2025-12-03 01:08:13 Image size of job updated: 22292
	1  -  MemoryUsage of job (MB)
	532  -  ResidentSetSize of job (KB)
...
006 (14998214.153.000) 2025-12-03 01:13:14 Image size of job updated: 22292
	1  -  MemoryUsage of job (MB)
	544  -  ResidentSetSize of job (KB)
...
006 (14998214.153.000) 2025-12-03 01:18:15 Image size of job updated: 22292
	1  -  MemoryUsage of job (MB)
	552  -  ResidentSetSize of job (KB)
...
006 (14998214.153.000) 2025-12-03 01:23:15 Image size of job updated: 22292
	1  -  MemoryUsage of job (MB)
	556  -  ResidentSetSize of job (KB)
...
006 (14998214.153.000) 2025-12-03 01:28:15 Image size of job updated: 22424
	1  -  MemoryUsage of job (MB)
	564  -  ResidentSetSize of job (KB)
...
006 (14998214.153.000) 2025-12-03 01:33:16 Image size of job updated: 22424
	1  -  MemoryUsage of job (MB)
	580  -  ResidentSetSize of job (KB)
...
006 (14998214.153.000) 2025-12-03 01:38:16 Image size of job updated: 22424
	1  -  MemoryUsage of job (MB)
	588  -  ResidentSetSize of job (KB)
...
006 (14998214.153.000) 2025-12-03 01:43:17 Image size of job updated: 22424
	1  -  MemoryUsage of job (MB)
	600  -  ResidentSetSize of job (KB)
...
006 (14998214.153.000) 2025-12-03 01:48:18 Image size of job updated: 22424
	1  -  MemoryUsage of job (MB)
	604  -  ResidentSetSize of job (KB)
...
006 (14998214.153.000) 2025-12-03 01:53:18 Image size of job updated: 22424
	1  -  MemoryUsage of job (MB)
	612  -  ResidentSetSize of job (KB)
...
006 (14998214.153.000) 2025-12-03 01:58:18 Image size of job updated: 22424
	1  -  MemoryUsage of job (MB)
	624  -  ResidentSetSize of job (KB)
...
006 (14998214.153.000) 2025-12-03 02:03:19 Image size of job updated: 22424
	1  -  MemoryUsage of job (MB)
	632  -  ResidentSetSize of job (KB)
...
006 (14998214.153.000) 2025-12-03 02:08:19 Image size of job updated: 22424
	1  -  MemoryUsage of job (MB)
	644  -  ResidentSetSize of job (KB)
...
006 (14998214.153.000) 2025-12-03 02:13:19 Image size of job updated: 22424
	1  -  MemoryUsage of job (MB)
	652  -  ResidentSetSize of job (KB)
...
006 (14998214.153.000) 2025-12-03 02:18:20 Image size of job updated: 22424
	1  -  MemoryUsage of job (MB)
	664  -  ResidentSetSize of job (KB)
...
006 (14998214.153.000) 2025-12-03 02:23:21 Image size of job updated: 22424
	1  -  MemoryUsage of job (MB)
	672  -  ResidentSetSize of job (KB)
...
006 (14998214.153.000) 2025-12-03 02:28:29 Image size of job updated: 22424
	1  -  MemoryUsage of job (MB)
	680  -  ResidentSetSize of job (KB)
...
006 (14998214.153.000) 2025-12-03 02:33:22 Image size of job updated: 22424
	1  -  MemoryUsage of job (MB)
	692  -  ResidentSetSize of job (KB)
...
006 (14998214.153.000) 2025-12-03 02:38:23 Image size of job updated: 22552
	1  -  MemoryUsage of job (MB)
	696  -  ResidentSetSize of job (KB)
...
006 (14998214.153.000) 2025-12-03 02:43:23 Image size of job updated: 22552
	1  -  MemoryUsage of job (MB)
	708  -  ResidentSetSize of job (KB)
...
006 (14998214.153.000) 2025-12-03 02:48:24 Image size of job updated: 22552
	1  -  MemoryUsage of job (MB)
	712  -  ResidentSetSize of job (KB)
...
006 (14998214.153.000) 2025-12-03 02:53:25 Image size of job updated: 22552
	1  -  MemoryUsage of job (MB)
	720  -  ResidentSetSize of job (KB)
...
006 (14998214.153.000) 2025-12-03 02:58:25 Image size of job updated: 22552
	1  -  MemoryUsage of job (MB)
	732  -  ResidentSetSize of job (KB)
...
006 (14998214.153.000) 2025-12-03 03:03:26 Image size of job updated: 22552
	1  -  MemoryUsage of job (MB)
	740  -  ResidentSetSize of job (KB)
...
006 (14998214.153.000) 2025-12-03 03:08:27 Image size of job updated: 22552
	1  -  MemoryUsage of job (MB)
	752  -  ResidentSetSize of job (KB)
...
006 (14998214.153.000) 2025-12-03 03:13:27 Image size of job updated: 22552
	1  -  MemoryUsage of job (MB)
	760  -  ResidentSetSize of job (KB)
...
006 (14998214.153.000) 2025-12-03 03:18:28 Image size of job updated: 22552
	1  -  MemoryUsage of job (MB)
	772  -  ResidentSetSize of job (KB)
...
006 (14998214.153.000) 2025-12-03 03:23:29 Image size of job updated: 22552
	1  -  MemoryUsage of job (MB)
	780  -  ResidentSetSize of job (KB)
...
006 (14998214.153.000) 2025-12-03 03:28:29 Image size of job updated: 22552
	1  -  MemoryUsage of job (MB)
	792  -  ResidentSetSize of job (KB)
...
006 (14998214.153.000) 2025-12-03 03:33:29 Image size of job updated: 22552
	1  -  MemoryUsage of job (MB)
	800  -  ResidentSetSize of job (KB)
...
006 (14998214.153.000) 2025-12-03 03:38:31 Image size of job updated: 22552
	1  -  MemoryUsage of job (MB)
	812  -  ResidentSetSize of job (KB)
...
006 (14998214.153.000) 2025-12-03 03:43:31 Image size of job updated: 22684
	1  -  MemoryUsage of job (MB)
	820  -  ResidentSetSize of job (KB)
...
006 (14998214.153.000) 2025-12-03 03:48:31 Image size of job updated: 22684
	1  -  MemoryUsage of job (MB)
	832  -  ResidentSetSize of job (KB)
...
006 (14998214.153.000) 2025-12-03 03:53:32 Image size of job updated: 22684
	1  -  MemoryUsage of job (MB)
	840  -  ResidentSetSize of job (KB)
...
006 (14998214.153.000) 2025-12-03 03:58:33 Image size of job updated: 22684
	1  -  MemoryUsage of job (MB)
	848  -  ResidentSetSize of job (KB)
...
006 (14998214.153.000) 2025-12-03 04:03:33 Image size of job updated: 22684
	1  -  MemoryUsage of job (MB)
	860  -  ResidentSetSize of job (KB)
...
006 (14998214.153.000) 2025-12-03 04:08:33 Image size of job updated: 22684
	1  -  MemoryUsage of job (MB)
	876  -  ResidentSetSize of job (KB)
...
006 (14998214.153.000) 2025-12-03 04:13:34 Image size of job updated: 22684
	1  -  MemoryUsage of job (MB)
	884  -  ResidentSetSize of job (KB)
...
006 (14998214.153.000) 2025-12-03 04:18:34 Image size of job updated: 22684
	1  -  MemoryUsage of job (MB)
	896  -  ResidentSetSize of job (KB)
...
006 (14998214.153.000) 2025-12-03 04:23:34 Image size of job updated: 22684
	1  -  MemoryUsage of job (MB)
	904  -  ResidentSetSize of job (KB)
...
006 (14998214.153.000) 2025-12-03 04:28:35 Image size of job updated: 22684
	1  -  MemoryUsage of job (MB)
	912  -  ResidentSetSize of job (KB)
...
006 (14998214.153.000) 2025-12-03 04:33:36 Image size of job updated: 22684
	1  -  MemoryUsage of job (MB)
	924  -  ResidentSetSize of job (KB)
...
006 (14998214.153.000) 2025-12-03 04:43:37 Image size of job updated: 22684
	1  -  MemoryUsage of job (MB)
	932  -  ResidentSetSize of job (KB)
...
006 (14998214.153.000) 2025-12-03 04:48:38 Image size of job updated: 22816
	1  -  MemoryUsage of job (MB)
	940  -  ResidentSetSize of job (KB)
...
006 (14998214.153.000) 2025-12-03 04:53:38 Image size of job updated: 22816
	1  -  MemoryUsage of job (MB)
	952  -  ResidentSetSize of job (KB)
...
006 (14998214.153.000) 2025-12-03 04:58:38 Image size of job updated: 22816
	1  -  MemoryUsage of job (MB)
	960  -  ResidentSetSize of job (KB)
...
006 (14998214.153.000) 2025-12-03 05:03:39 Image size of job updated: 22816
	1  -  MemoryUsage of job (MB)
	972  -  ResidentSetSize of job (KB)
...
006 (14998214.153.000) 2025-12-03 05:08:39 Image size of job updated: 22816
	1  -  MemoryUsage of job (MB)
	980  -  ResidentSetSize of job (KB)
...
006 (14998214.153.000) 2025-12-03 05:13:39 Image size of job updated: 22816
	1  -  MemoryUsage of job (MB)
	988  -  ResidentSetSize of job (KB)
...
006 (14998214.153.000) 2025-12-03 05:23:40 Image size of job updated: 22816
	1  -  MemoryUsage of job (MB)
	992  -  ResidentSetSize of job (KB)
...
006 (14998214.153.000) 2025-12-03 05:28:40 Image size of job updated: 22816
	1  -  MemoryUsage of job (MB)
	1004  -  ResidentSetSize of job (KB)
...
006 (14998214.153.000) 2025-12-03 05:33:42 Image size of job updated: 22816
	1  -  MemoryUsage of job (MB)
	1012  -  ResidentSetSize of job (KB)
...
006 (14998214.153.000) 2025-12-03 05:38:42 Image size of job updated: 22816
	1  -  MemoryUsage of job (MB)
	1024  -  ResidentSetSize of job (KB)
...
006 (14998214.153.000) 2025-12-03 05:43:42 Image size of job updated: 22816
	2  -  MemoryUsage of job (MB)
	1032  -  ResidentSetSize of job (KB)
...
006 (14998214.153.000) 2025-12-03 05:48:43 Image size of job updated: 22816
	2  -  MemoryUsage of job (MB)
	1036  -  ResidentSetSize of job (KB)
...
006 (14998214.153.000) 2025-12-03 05:53:44 Image size of job updated: 22948
	2  -  MemoryUsage of job (MB)
	1044  -  ResidentSetSize of job (KB)
...
006 (14998214.153.000) 2025-12-03 05:58:44 Image size of job updated: 22948
	2  -  MemoryUsage of job (MB)
	1052  -  ResidentSetSize of job (KB)
...
006 (14998214.153.000) 2025-12-03 06:08:46 Image size of job updated: 22948
	2  -  MemoryUsage of job (MB)
	1060  -  ResidentSetSize of job (KB)
...
006 (14998214.153.000) 2025-12-03 06:13:46 Image size of job updated: 22948
	2  -  MemoryUsage of job (MB)
	1072  -  ResidentSetSize of job (KB)
...
006 (14998214.153.000) 2025-12-03 06:18:47 Image size of job updated: 22948
	2  -  MemoryUsage of job (MB)
	1080  -  ResidentSetSize of job (KB)
...
006 (14998214.153.000) 2025-12-03 06:23:48 Image size of job updated: 22948
	2  -  MemoryUsage of job (MB)
	1092  -  ResidentSetSize of job (KB)
...
006 (14998214.153.000) 2025-12-03 06:28:48 Image size of job updated: 22948
	2  -  MemoryUsage of job (MB)
	1100  -  ResidentSetSize of job (KB)
...
006 (14998214.153.000) 2025-12-03 06:33:49 Image size of job updated: 22948
	2  -  MemoryUsage of job (MB)
	1104  -  ResidentSetSize of job (KB)
...
006 (14998214.153.000) 2025-12-03 06:48:50 Image size of job updated: 22948
	2  -  MemoryUsage of job (MB)
	1112  -  ResidentSetSize of job (KB)
...
006 (14998214.153.000) 2025-12-03 06:53:51 Image size of job updated: 22948
	2  -  MemoryUsage of job (MB)
	1120  -  ResidentSetSize of job (KB)
...
006 (14998214.153.000) 2025-12-03 06:58:51 Image size of job updated: 22948
	2  -  MemoryUsage of job (MB)
	1132  -  ResidentSetSize of job (KB)
...
006 (14998214.153.000) 2025-12-03 07:03:51 Image size of job updated: 22948
	2  -  MemoryUsage of job (MB)
	1136  -  ResidentSetSize of job (KB)
...
006 (14998214.153.000) 2025-12-03 07:08:52 Image size of job updated: 23080
	2  -  MemoryUsage of job (MB)
	1144  -  ResidentSetSize of job (KB)
...
006 (14998214.153.000) 2025-12-03 07:13:53 Image size of job updated: 23080
	2  -  MemoryUsage of job (MB)
	1156  -  ResidentSetSize of job (KB)
...
006 (14998214.153.000) 2025-12-03 07:18:53 Image size of job updated: 23080
	2  -  MemoryUsage of job (MB)
	1164  -  ResidentSetSize of job (KB)
...
006 (14998214.153.000) 2025-12-03 07:23:54 Image size of job updated: 23080
	2  -  MemoryUsage of job (MB)
	1176  -  ResidentSetSize of job (KB)
...
006 (14998214.153.000) 2025-12-03 07:28:55 Image size of job updated: 23080
	2  -  MemoryUsage of job (MB)
	1180  -  ResidentSetSize of job (KB)
...
006 (14998214.153.000) 2025-12-03 07:33:55 Image size of job updated: 23080
	2  -  MemoryUsage of job (MB)
	1188  -  ResidentSetSize of job (KB)
...
006 (14998214.153.000) 2025-12-03 07:38:56 Image size of job updated: 23080
	2  -  MemoryUsage of job (MB)
	1200  -  ResidentSetSize of job (KB)
...
006 (14998214.153.000) 2025-12-03 07:43:57 Image size of job updated: 23080
	2  -  MemoryUsage of job (MB)
	1208  -  ResidentSetSize of job (KB)
...
006 (14998214.153.000) 2025-12-03 07:48:57 Image size of job updated: 23080
	2  -  MemoryUsage of job (MB)
	1220  -  ResidentSetSize of job (KB)
...
040 (14998214.153.000) 2025-12-03 07:51:00 Started transferring output files
...
040 (14998214.153.000) 2025-12-03 07:51:00 Finished transferring output files
...
005 (14998214.153.000) 2025-12-03 07:51:00 Job terminated.
	(1) Normal termination (return value 0)
		Usr 0 08:22:29, Sys 0 00:00:18  -  Run Remote Usage
		Usr 0 00:00:00, Sys 0 00:00:00  -  Run Local Usage
		Usr 0 08:22:29, Sys 0 00:00:18  -  Total Remote Usage
		Usr 0 00:00:00, Sys 0 00:00:00  -  Total Local Usage
	113365  -  Run Bytes Sent By Job
	294866  -  Run Bytes Received By Job
	113365  -  Total Bytes Sent By Job
	294866  -  Total Bytes Received By Job
	Partitionable Resources :    Usage  Request Allocated 
	   Cpus                 :     1.00        1         1 
	   Disk (KB)            :   432     2097152   6681578 
	   Memory (MB)          :     2        4096      4096 
	   xferslots            :                           0 

	Job terminated of its own accord at 2025-12-03T12:51:00Z with exit-code 0.
...
