000 (14998214.012.000) 2025-12-02 23:07:12 Job submitted from host: <130.199.48.129:9618?addrs=130.199.48.129-9618&alias=rcas6009.rcf.bnl.gov&noUDP&sock=schedd_22421_101d>
...
040 (14998214.012.000) 2025-12-02 23:14:24 Started transferring input files
	Transferring to host: <130.199.184.216:9618?addrs=130.199.184.216-9618&alias=spool1791.sdcc.bnl.gov&noUDP&sock=slot1_13_95931_eae9_46456>
...
040 (14998214.012.000) 2025-12-02 23:14:26 Finished transferring input files
...
001 (14998214.012.000) 2025-12-02 23:14:27 Job executing on host: <130.199.184.216:9618?addrs=130.199.184.216-9618&alias=spool1791.sdcc.bnl.gov&noUDP&sock=startd_95922_3399>
...
006 (14998214.012.000) 2025-12-02 23:14:35 Image size of job updated: 22160
	1  -  MemoryUsage of job (MB)
	376  -  ResidentSetSize of job (KB)
...
006 (14998214.012.000) 2025-12-02 23:19:35 Image size of job updated: 22160
	1  -  MemoryUsage of job (MB)
	384  -  ResidentSetSize of job (KB)
...
006 (14998214.012.000) 2025-12-02 23:24:36 Image size of job updated: 22160
	1  -  MemoryUsage of job (MB)
	396  -  ResidentSetSize of job (KB)
...
006 (14998214.012.000) 2025-12-02 23:29:37 Image size of job updated: 22160
	1  -  MemoryUsage of job (MB)
	412  -  ResidentSetSize of job (KB)
...
006 (14998214.012.000) 2025-12-02 23:34:37 Image size of job updated: 22160
	1  -  MemoryUsage of job (MB)
	420  -  ResidentSetSize of job (KB)
...
006 (14998214.012.000) 2025-12-02 23:39:38 Image size of job updated: 22160
	1  -  MemoryUsage of job (MB)
	428  -  ResidentSetSize of job (KB)
...
006 (14998214.012.000) 2025-12-02 23:44:39 Image size of job updated: 22160
	1  -  MemoryUsage of job (MB)
	440  -  ResidentSetSize of job (KB)
...
006 (14998214.012.000) 2025-12-02 23:49:39 Image size of job updated: 22160
	1  -  MemoryUsage of job (MB)
	448  -  ResidentSetSize of job (KB)
...
006 (14998214.012.000) 2025-12-02 23:54:39 Image size of job updated: 22160
	1  -  MemoryUsage of job (MB)
	456  -  ResidentSetSize of job (KB)
...
006 (14998214.012.000) 2025-12-02 23:59:40 Image size of job updated: 22160
	1  -  MemoryUsage of job (MB)
	468  -  ResidentSetSize of job (KB)
...
006 (14998214.012.000) 2025-12-03 00:04:40 Image size of job updated: 22160
	1  -  MemoryUsage of job (MB)
	484  -  ResidentSetSize of job (KB)
...
006 (14998214.012.000) 2025-12-03 00:09:40 Image size of job updated: 22292
	1  -  MemoryUsage of job (MB)
	492  -  ResidentSetSize of job (KB)
...
006 (14998214.012.000) 2025-12-03 00:14:41 Image size of job updated: 22292
	1  -  MemoryUsage of job (MB)
	504  -  ResidentSetSize of job (KB)
...
006 (14998214.012.000) 2025-12-03 00:19:41 Image size of job updated: 22292
	1  -  MemoryUsage of job (MB)
	512  -  ResidentSetSize of job (KB)
...
006 (14998214.012.000) 2025-12-03 00:24:41 Image size of job updated: 22292
	1  -  MemoryUsage of job (MB)
	520  -  ResidentSetSize of job (KB)
...
006 (14998214.012.000) 2025-12-03 00:29:42 Image size of job updated: 22292
	1  -  MemoryUsage of job (MB)
	532  -  ResidentSetSize of job (KB)
...
006 (14998214.012.000) 2025-12-03 00:39:42 Image size of job updated: 22292
	1  -  MemoryUsage of job (MB)
	540  -  ResidentSetSize of job (KB)
...
006 (14998214.012.000) 2025-12-03 00:44:43 Image size of job updated: 22292
	1  -  MemoryUsage of job (MB)
	548  -  ResidentSetSize of job (KB)
...
006 (14998214.012.000) 2025-12-03 00:49:43 Image size of job updated: 22292
	1  -  MemoryUsage of job (MB)
	556  -  ResidentSetSize of job (KB)
...
006 (14998214.012.000) 2025-12-03 00:54:43 Image size of job updated: 22292
	1  -  MemoryUsage of job (MB)
	568  -  ResidentSetSize of job (KB)
...
006 (14998214.012.000) 2025-12-03 00:59:44 Image size of job updated: 22292
	1  -  MemoryUsage of job (MB)
	576  -  ResidentSetSize of job (KB)
...
006 (14998214.012.000) 2025-12-03 01:04:45 Image size of job updated: 22292
	1  -  MemoryUsage of job (MB)
	588  -  ResidentSetSize of job (KB)
...
006 (14998214.012.000) 2025-12-03 01:09:45 Image size of job updated: 22292
	1  -  MemoryUsage of job (MB)
	596  -  ResidentSetSize of job (KB)
...
006 (14998214.012.000) 2025-12-03 01:19:27 Image size of job updated: 22292
	1  -  MemoryUsage of job (MB)
	608  -  ResidentSetSize of job (KB)
...
006 (14998214.012.000) 2025-12-03 01:33:29 Image size of job updated: 22424
	1  -  MemoryUsage of job (MB)
	636  -  ResidentSetSize of job (KB)
...
006 (14998214.012.000) 2025-12-03 01:44:42 Image size of job updated: 22424
	1  -  MemoryUsage of job (MB)
	656  -  ResidentSetSize of job (KB)
...
006 (14998214.012.000) 2025-12-03 01:51:26 Image size of job updated: 22424
	1  -  MemoryUsage of job (MB)
	668  -  ResidentSetSize of job (KB)
...
006 (14998214.012.000) 2025-12-03 01:56:26 Image size of job updated: 22424
	1  -  MemoryUsage of job (MB)
	676  -  ResidentSetSize of job (KB)
...
006 (14998214.012.000) 2025-12-03 02:01:26 Image size of job updated: 22424
	1  -  MemoryUsage of job (MB)
	684  -  ResidentSetSize of job (KB)
...
006 (14998214.012.000) 2025-12-03 02:16:28 Image size of job updated: 22424
	1  -  MemoryUsage of job (MB)
	688  -  ResidentSetSize of job (KB)
...
006 (14998214.012.000) 2025-12-03 02:21:29 Image size of job updated: 22424
	1  -  MemoryUsage of job (MB)
	696  -  ResidentSetSize of job (KB)
...
006 (14998214.012.000) 2025-12-03 02:26:30 Image size of job updated: 22424
	1  -  MemoryUsage of job (MB)
	704  -  ResidentSetSize of job (KB)
...
006 (14998214.012.000) 2025-12-03 02:31:30 Image size of job updated: 22424
	1  -  MemoryUsage of job (MB)
	716  -  ResidentSetSize of job (KB)
...
006 (14998214.012.000) 2025-12-03 02:36:31 Image size of job updated: 22552
	1  -  MemoryUsage of job (MB)
	724  -  ResidentSetSize of job (KB)
...
006 (14998214.012.000) 2025-12-03 02:41:32 Image size of job updated: 22552
	1  -  MemoryUsage of job (MB)
	732  -  ResidentSetSize of job (KB)
...
006 (14998214.012.000) 2025-12-03 02:46:32 Image size of job updated: 22552
	1  -  MemoryUsage of job (MB)
	740  -  ResidentSetSize of job (KB)
...
006 (14998214.012.000) 2025-12-03 02:51:32 Image size of job updated: 22552
	1  -  MemoryUsage of job (MB)
	748  -  ResidentSetSize of job (KB)
...
006 (14998214.012.000) 2025-12-03 02:56:33 Image size of job updated: 22552
	1  -  MemoryUsage of job (MB)
	760  -  ResidentSetSize of job (KB)
...
006 (14998214.012.000) 2025-12-03 03:01:33 Image size of job updated: 22552
	1  -  MemoryUsage of job (MB)
	768  -  ResidentSetSize of job (KB)
...
006 (14998214.012.000) 2025-12-03 03:06:33 Image size of job updated: 22552
	1  -  MemoryUsage of job (MB)
	780  -  ResidentSetSize of job (KB)
...
006 (14998214.012.000) 2025-12-03 03:11:34 Image size of job updated: 22552
	1  -  MemoryUsage of job (MB)
	784  -  ResidentSetSize of job (KB)
...
006 (14998214.012.000) 2025-12-03 03:31:36 Image size of job updated: 22552
	1  -  MemoryUsage of job (MB)
	792  -  ResidentSetSize of job (KB)
...
006 (14998214.012.000) 2025-12-03 03:36:36 Image size of job updated: 22552
	1  -  MemoryUsage of job (MB)
	800  -  ResidentSetSize of job (KB)
...
006 (14998214.012.000) 2025-12-03 03:41:37 Image size of job updated: 22552
	1  -  MemoryUsage of job (MB)
	812  -  ResidentSetSize of job (KB)
...
006 (14998214.012.000) 2025-12-03 03:46:38 Image size of job updated: 22684
	1  -  MemoryUsage of job (MB)
	820  -  ResidentSetSize of job (KB)
...
006 (14998214.012.000) 2025-12-03 03:51:38 Image size of job updated: 22684
	1  -  MemoryUsage of job (MB)
	832  -  ResidentSetSize of job (KB)
...
006 (14998214.012.000) 2025-12-03 04:06:40 Image size of job updated: 22684
	1  -  MemoryUsage of job (MB)
	840  -  ResidentSetSize of job (KB)
...
006 (14998214.012.000) 2025-12-03 04:11:40 Image size of job updated: 22684
	1  -  MemoryUsage of job (MB)
	848  -  ResidentSetSize of job (KB)
...
006 (14998214.012.000) 2025-12-03 04:16:41 Image size of job updated: 22684
	1  -  MemoryUsage of job (MB)
	856  -  ResidentSetSize of job (KB)
...
006 (14998214.012.000) 2025-12-03 04:21:42 Image size of job updated: 22684
	1  -  MemoryUsage of job (MB)
	864  -  ResidentSetSize of job (KB)
...
006 (14998214.012.000) 2025-12-03 04:26:42 Image size of job updated: 22684
	1  -  MemoryUsage of job (MB)
	876  -  ResidentSetSize of job (KB)
...
006 (14998214.012.000) 2025-12-03 04:31:42 Image size of job updated: 22684
	1  -  MemoryUsage of job (MB)
	884  -  ResidentSetSize of job (KB)
...
006 (14998214.012.000) 2025-12-03 04:36:43 Image size of job updated: 22684
	1  -  MemoryUsage of job (MB)
	892  -  ResidentSetSize of job (KB)
...
006 (14998214.012.000) 2025-12-03 04:41:43 Image size of job updated: 22684
	1  -  MemoryUsage of job (MB)
	904  -  ResidentSetSize of job (KB)
...
006 (14998214.012.000) 2025-12-03 04:46:43 Image size of job updated: 22684
	1  -  MemoryUsage of job (MB)
	912  -  ResidentSetSize of job (KB)
...
006 (14998214.012.000) 2025-12-03 04:51:45 Image size of job updated: 22684
	1  -  MemoryUsage of job (MB)
	920  -  ResidentSetSize of job (KB)
...
006 (14998214.012.000) 2025-12-03 04:56:45 Image size of job updated: 22816
	1  -  MemoryUsage of job (MB)
	928  -  ResidentSetSize of job (KB)
...
006 (14998214.012.000) 2025-12-03 05:01:45 Image size of job updated: 22816
	1  -  MemoryUsage of job (MB)
	936  -  ResidentSetSize of job (KB)
...
006 (14998214.012.000) 2025-12-03 05:06:46 Image size of job updated: 22816
	1  -  MemoryUsage of job (MB)
	948  -  ResidentSetSize of job (KB)
...
006 (14998214.012.000) 2025-12-03 05:11:47 Image size of job updated: 22816
	1  -  MemoryUsage of job (MB)
	956  -  ResidentSetSize of job (KB)
...
006 (14998214.012.000) 2025-12-03 05:16:47 Image size of job updated: 22816
	1  -  MemoryUsage of job (MB)
	968  -  ResidentSetSize of job (KB)
...
006 (14998214.012.000) 2025-12-03 05:21:47 Image size of job updated: 22816
	1  -  MemoryUsage of job (MB)
	972  -  ResidentSetSize of job (KB)
...
006 (14998214.012.000) 2025-12-03 05:26:48 Image size of job updated: 22816
	1  -  MemoryUsage of job (MB)
	980  -  ResidentSetSize of job (KB)
...
006 (14998214.012.000) 2025-12-03 05:31:48 Image size of job updated: 22816
	1  -  MemoryUsage of job (MB)
	992  -  ResidentSetSize of job (KB)
...
006 (14998214.012.000) 2025-12-03 05:36:48 Image size of job updated: 22816
	1  -  MemoryUsage of job (MB)
	1000  -  ResidentSetSize of job (KB)
...
006 (14998214.012.000) 2025-12-03 05:41:49 Image size of job updated: 22816
	1  -  MemoryUsage of job (MB)
	1012  -  ResidentSetSize of job (KB)
...
006 (14998214.012.000) 2025-12-03 05:46:50 Image size of job updated: 22816
	1  -  MemoryUsage of job (MB)
	1020  -  ResidentSetSize of job (KB)
...
006 (14998214.012.000) 2025-12-03 05:51:50 Image size of job updated: 22816
	2  -  MemoryUsage of job (MB)
	1032  -  ResidentSetSize of job (KB)
...
006 (14998214.012.000) 2025-12-03 05:56:51 Image size of job updated: 22816
	2  -  MemoryUsage of job (MB)
	1040  -  ResidentSetSize of job (KB)
...
006 (14998214.012.000) 2025-12-03 06:01:52 Image size of job updated: 22816
	2  -  MemoryUsage of job (MB)
	1052  -  ResidentSetSize of job (KB)
...
006 (14998214.012.000) 2025-12-03 06:06:52 Image size of job updated: 22948
	2  -  MemoryUsage of job (MB)
	1060  -  ResidentSetSize of job (KB)
...
006 (14998214.012.000) 2025-12-03 06:11:52 Image size of job updated: 22948
	2  -  MemoryUsage of job (MB)
	1068  -  ResidentSetSize of job (KB)
...
006 (14998214.012.000) 2025-12-03 06:16:53 Image size of job updated: 22948
	2  -  MemoryUsage of job (MB)
	1076  -  ResidentSetSize of job (KB)
...
006 (14998214.012.000) 2025-12-03 06:21:53 Image size of job updated: 22948
	2  -  MemoryUsage of job (MB)
	1084  -  ResidentSetSize of job (KB)
...
006 (14998214.012.000) 2025-12-03 06:26:53 Image size of job updated: 22948
	2  -  MemoryUsage of job (MB)
	1096  -  ResidentSetSize of job (KB)
...
006 (14998214.012.000) 2025-12-03 06:31:55 Image size of job updated: 22948
	2  -  MemoryUsage of job (MB)
	1104  -  ResidentSetSize of job (KB)
...
006 (14998214.012.000) 2025-12-03 06:36:55 Image size of job updated: 22948
	2  -  MemoryUsage of job (MB)
	1112  -  ResidentSetSize of job (KB)
...
006 (14998214.012.000) 2025-12-03 07:01:58 Image size of job updated: 22948
	2  -  MemoryUsage of job (MB)
	1120  -  ResidentSetSize of job (KB)
...
006 (14998214.012.000) 2025-12-03 07:11:59 Image size of job updated: 22948
	2  -  MemoryUsage of job (MB)
	1124  -  ResidentSetSize of job (KB)
...
006 (14998214.012.000) 2025-12-03 07:16:59 Image size of job updated: 22948
	2  -  MemoryUsage of job (MB)
	1136  -  ResidentSetSize of job (KB)
...
006 (14998214.012.000) 2025-12-03 07:22:00 Image size of job updated: 23080
	2  -  MemoryUsage of job (MB)
	1144  -  ResidentSetSize of job (KB)
...
006 (14998214.012.000) 2025-12-03 07:27:01 Image size of job updated: 23080
	2  -  MemoryUsage of job (MB)
	1156  -  ResidentSetSize of job (KB)
...
006 (14998214.012.000) 2025-12-03 07:32:01 Image size of job updated: 23080
	2  -  MemoryUsage of job (MB)
	1160  -  ResidentSetSize of job (KB)
...
006 (14998214.012.000) 2025-12-03 07:37:02 Image size of job updated: 23080
	2  -  MemoryUsage of job (MB)
	1168  -  ResidentSetSize of job (KB)
...
006 (14998214.012.000) 2025-12-03 07:42:03 Image size of job updated: 23080
	2  -  MemoryUsage of job (MB)
	1180  -  ResidentSetSize of job (KB)
...
006 (14998214.012.000) 2025-12-03 07:47:03 Image size of job updated: 23080
	2  -  MemoryUsage of job (MB)
	1184  -  ResidentSetSize of job (KB)
...
006 (14998214.012.000) 2025-12-03 07:52:03 Image size of job updated: 23080
	2  -  MemoryUsage of job (MB)
	1196  -  ResidentSetSize of job (KB)
...
006 (14998214.012.000) 2025-12-03 07:57:04 Image size of job updated: 23080
	2  -  MemoryUsage of job (MB)
	1200  -  ResidentSetSize of job (KB)
...
006 (14998214.012.000) 2025-12-03 08:02:04 Image size of job updated: 23080
	2  -  MemoryUsage of job (MB)
	1208  -  ResidentSetSize of job (KB)
...
040 (14998214.012.000) 2025-12-03 08:05:26 Started transferring output files
...
040 (14998214.012.000) 2025-12-03 08:05:26 Finished transferring output files
...
005 (14998214.012.000) 2025-12-03 08:05:26 Job terminated.
	(1) Normal termination (return value 0)
		Usr 0 08:50:51, Sys 0 00:00:02  -  Run Remote Usage
		Usr 0 00:00:00, Sys 0 00:00:00  -  Run Local Usage
		Usr 0 08:50:51, Sys 0 00:00:02  -  Total Remote Usage
		Usr 0 00:00:00, Sys 0 00:00:00  -  Total Local Usage
	113365  -  Run Bytes Sent By Job
	164136  -  Run Bytes Received By Job
	113365  -  Total Bytes Sent By Job
	164136  -  Total Bytes Received By Job
	Partitionable Resources :    Usage  Request Allocated 
	   Cpus                 :     1.00        1         1 
	   Disk (KB)            :   304     2097152   6681570 
	   Memory (MB)          :     2        4096      4096 
	   xferslots            :                           0 

	Job terminated of its own accord at 2025-12-03T13:05:26Z with exit-code 0.
...
