000 (14998214.184.000) 2025-12-02 23:07:12 Job submitted from host: <130.199.48.129:9618?addrs=130.199.48.129-9618&alias=rcas6009.rcf.bnl.gov&noUDP&sock=schedd_22421_101d>
...
040 (14998214.184.000) 2025-12-02 23:40:10 Started transferring input files
	Transferring to host: <130.199.184.203:9618?addrs=130.199.184.203-9618&alias=spool1778.sdcc.bnl.gov&noUDP&sock=slot1_38_94071_68ac_52424>
...
040 (14998214.184.000) 2025-12-02 23:40:13 Finished transferring input files
...
001 (14998214.184.000) 2025-12-02 23:40:14 Job executing on host: <130.199.184.203:9618?addrs=130.199.184.203-9618&alias=spool1778.sdcc.bnl.gov&noUDP&sock=startd_94062_88f8>
...
006 (14998214.184.000) 2025-12-02 23:40:22 Image size of job updated: 51036
	1  -  MemoryUsage of job (MB)
	372  -  ResidentSetSize of job (KB)
...
006 (14998214.184.000) 2025-12-02 23:45:22 Image size of job updated: 51036
	1  -  MemoryUsage of job (MB)
	376  -  ResidentSetSize of job (KB)
...
006 (14998214.184.000) 2025-12-02 23:50:23 Image size of job updated: 51036
	1  -  MemoryUsage of job (MB)
	388  -  ResidentSetSize of job (KB)
...
006 (14998214.184.000) 2025-12-02 23:55:23 Image size of job updated: 51036
	1  -  MemoryUsage of job (MB)
	396  -  ResidentSetSize of job (KB)
...
006 (14998214.184.000) 2025-12-03 00:00:23 Image size of job updated: 51036
	1  -  MemoryUsage of job (MB)
	408  -  ResidentSetSize of job (KB)
...
006 (14998214.184.000) 2025-12-03 00:05:24 Image size of job updated: 51036
	1  -  MemoryUsage of job (MB)
	412  -  ResidentSetSize of job (KB)
...
006 (14998214.184.000) 2025-12-03 00:10:25 Image size of job updated: 51036
	1  -  MemoryUsage of job (MB)
	420  -  ResidentSetSize of job (KB)
...
006 (14998214.184.000) 2025-12-03 00:15:25 Image size of job updated: 51036
	1  -  MemoryUsage of job (MB)
	428  -  ResidentSetSize of job (KB)
...
006 (14998214.184.000) 2025-12-03 00:20:26 Image size of job updated: 51036
	1  -  MemoryUsage of job (MB)
	436  -  ResidentSetSize of job (KB)
...
006 (14998214.184.000) 2025-12-03 00:25:27 Image size of job updated: 51036
	1  -  MemoryUsage of job (MB)
	448  -  ResidentSetSize of job (KB)
...
006 (14998214.184.000) 2025-12-03 00:30:27 Image size of job updated: 51036
	1  -  MemoryUsage of job (MB)
	460  -  ResidentSetSize of job (KB)
...
006 (14998214.184.000) 2025-12-03 00:35:27 Image size of job updated: 51036
	1  -  MemoryUsage of job (MB)
	468  -  ResidentSetSize of job (KB)
...
006 (14998214.184.000) 2025-12-03 00:40:28 Image size of job updated: 51036
	1  -  MemoryUsage of job (MB)
	476  -  ResidentSetSize of job (KB)
...
006 (14998214.184.000) 2025-12-03 00:45:28 Image size of job updated: 51036
	1  -  MemoryUsage of job (MB)
	484  -  ResidentSetSize of job (KB)
...
006 (14998214.184.000) 2025-12-03 00:50:28 Image size of job updated: 51036
	1  -  MemoryUsage of job (MB)
	496  -  ResidentSetSize of job (KB)
...
006 (14998214.184.000) 2025-12-03 00:55:29 Image size of job updated: 51036
	1  -  MemoryUsage of job (MB)
	504  -  ResidentSetSize of job (KB)
...
006 (14998214.184.000) 2025-12-03 01:05:30 Image size of job updated: 51036
	1  -  MemoryUsage of job (MB)
	508  -  ResidentSetSize of job (KB)
...
006 (14998214.184.000) 2025-12-03 01:10:31 Image size of job updated: 51036
	1  -  MemoryUsage of job (MB)
	516  -  ResidentSetSize of job (KB)
...
006 (14998214.184.000) 2025-12-03 01:32:28 Image size of job updated: 51036
	1  -  MemoryUsage of job (MB)
	528  -  ResidentSetSize of job (KB)
...
006 (14998214.184.000) 2025-12-03 01:38:10 Image size of job updated: 51036
	1  -  MemoryUsage of job (MB)
	536  -  ResidentSetSize of job (KB)
...
006 (14998214.184.000) 2025-12-03 01:43:11 Image size of job updated: 51036
	1  -  MemoryUsage of job (MB)
	548  -  ResidentSetSize of job (KB)
...
006 (14998214.184.000) 2025-12-03 01:48:12 Image size of job updated: 51036
	1  -  MemoryUsage of job (MB)
	556  -  ResidentSetSize of job (KB)
...
006 (14998214.184.000) 2025-12-03 01:53:12 Image size of job updated: 51036
	1  -  MemoryUsage of job (MB)
	564  -  ResidentSetSize of job (KB)
...
006 (14998214.184.000) 2025-12-03 01:58:12 Image size of job updated: 51036
	1  -  MemoryUsage of job (MB)
	572  -  ResidentSetSize of job (KB)
...
006 (14998214.184.000) 2025-12-03 02:03:14 Image size of job updated: 51036
	1  -  MemoryUsage of job (MB)
	580  -  ResidentSetSize of job (KB)
...
006 (14998214.184.000) 2025-12-03 02:08:14 Image size of job updated: 51036
	1  -  MemoryUsage of job (MB)
	592  -  ResidentSetSize of job (KB)
...
006 (14998214.184.000) 2025-12-03 02:13:14 Image size of job updated: 51036
	1  -  MemoryUsage of job (MB)
	600  -  ResidentSetSize of job (KB)
...
006 (14998214.184.000) 2025-12-03 02:18:15 Image size of job updated: 51036
	1  -  MemoryUsage of job (MB)
	604  -  ResidentSetSize of job (KB)
...
006 (14998214.184.000) 2025-12-03 02:23:16 Image size of job updated: 51036
	1  -  MemoryUsage of job (MB)
	616  -  ResidentSetSize of job (KB)
...
006 (14998214.184.000) 2025-12-03 02:28:16 Image size of job updated: 51036
	1  -  MemoryUsage of job (MB)
	624  -  ResidentSetSize of job (KB)
...
006 (14998214.184.000) 2025-12-03 02:33:17 Image size of job updated: 51036
	1  -  MemoryUsage of job (MB)
	636  -  ResidentSetSize of job (KB)
...
006 (14998214.184.000) 2025-12-03 02:38:18 Image size of job updated: 51036
	1  -  MemoryUsage of job (MB)
	640  -  ResidentSetSize of job (KB)
...
006 (14998214.184.000) 2025-12-03 02:43:18 Image size of job updated: 51036
	1  -  MemoryUsage of job (MB)
	648  -  ResidentSetSize of job (KB)
...
006 (14998214.184.000) 2025-12-03 02:48:18 Image size of job updated: 51036
	1  -  MemoryUsage of job (MB)
	660  -  ResidentSetSize of job (KB)
...
006 (14998214.184.000) 2025-12-03 02:53:19 Image size of job updated: 51036
	1  -  MemoryUsage of job (MB)
	668  -  ResidentSetSize of job (KB)
...
006 (14998214.184.000) 2025-12-03 02:58:19 Image size of job updated: 51036
	1  -  MemoryUsage of job (MB)
	680  -  ResidentSetSize of job (KB)
...
006 (14998214.184.000) 2025-12-03 03:03:19 Image size of job updated: 51036
	1  -  MemoryUsage of job (MB)
	688  -  ResidentSetSize of job (KB)
...
006 (14998214.184.000) 2025-12-03 03:08:20 Image size of job updated: 51036
	1  -  MemoryUsage of job (MB)
	696  -  ResidentSetSize of job (KB)
...
006 (14998214.184.000) 2025-12-03 03:13:21 Image size of job updated: 51036
	1  -  MemoryUsage of job (MB)
	704  -  ResidentSetSize of job (KB)
...
006 (14998214.184.000) 2025-12-03 03:18:22 Image size of job updated: 51036
	1  -  MemoryUsage of job (MB)
	712  -  ResidentSetSize of job (KB)
...
006 (14998214.184.000) 2025-12-03 03:23:23 Image size of job updated: 51036
	1  -  MemoryUsage of job (MB)
	724  -  ResidentSetSize of job (KB)
...
006 (14998214.184.000) 2025-12-03 03:28:23 Image size of job updated: 51036
	1  -  MemoryUsage of job (MB)
	732  -  ResidentSetSize of job (KB)
...
006 (14998214.184.000) 2025-12-03 03:33:23 Image size of job updated: 51036
	1  -  MemoryUsage of job (MB)
	740  -  ResidentSetSize of job (KB)
...
006 (14998214.184.000) 2025-12-03 03:38:24 Image size of job updated: 51036
	1  -  MemoryUsage of job (MB)
	756  -  ResidentSetSize of job (KB)
...
006 (14998214.184.000) 2025-12-03 03:43:25 Image size of job updated: 51036
	1  -  MemoryUsage of job (MB)
	768  -  ResidentSetSize of job (KB)
...
006 (14998214.184.000) 2025-12-03 03:48:25 Image size of job updated: 51036
	1  -  MemoryUsage of job (MB)
	776  -  ResidentSetSize of job (KB)
...
006 (14998214.184.000) 2025-12-03 03:53:26 Image size of job updated: 51036
	1  -  MemoryUsage of job (MB)
	784  -  ResidentSetSize of job (KB)
...
006 (14998214.184.000) 2025-12-03 03:58:27 Image size of job updated: 51036
	1  -  MemoryUsage of job (MB)
	796  -  ResidentSetSize of job (KB)
...
006 (14998214.184.000) 2025-12-03 04:03:27 Image size of job updated: 51036
	1  -  MemoryUsage of job (MB)
	804  -  ResidentSetSize of job (KB)
...
006 (14998214.184.000) 2025-12-03 04:08:27 Image size of job updated: 51036
	1  -  MemoryUsage of job (MB)
	812  -  ResidentSetSize of job (KB)
...
006 (14998214.184.000) 2025-12-03 04:13:28 Image size of job updated: 51036
	1  -  MemoryUsage of job (MB)
	820  -  ResidentSetSize of job (KB)
...
006 (14998214.184.000) 2025-12-03 04:18:28 Image size of job updated: 51036
	1  -  MemoryUsage of job (MB)
	832  -  ResidentSetSize of job (KB)
...
006 (14998214.184.000) 2025-12-03 04:23:29 Image size of job updated: 51036
	1  -  MemoryUsage of job (MB)
	840  -  ResidentSetSize of job (KB)
...
006 (14998214.184.000) 2025-12-03 04:28:30 Image size of job updated: 51036
	1  -  MemoryUsage of job (MB)
	852  -  ResidentSetSize of job (KB)
...
006 (14998214.184.000) 2025-12-03 04:33:30 Image size of job updated: 51036
	1  -  MemoryUsage of job (MB)
	860  -  ResidentSetSize of job (KB)
...
006 (14998214.184.000) 2025-12-03 04:43:32 Image size of job updated: 51036
	1  -  MemoryUsage of job (MB)
	872  -  ResidentSetSize of job (KB)
...
006 (14998214.184.000) 2025-12-03 04:48:32 Image size of job updated: 51036
	1  -  MemoryUsage of job (MB)
	880  -  ResidentSetSize of job (KB)
...
006 (14998214.184.000) 2025-12-03 04:53:33 Image size of job updated: 51036
	1  -  MemoryUsage of job (MB)
	892  -  ResidentSetSize of job (KB)
...
006 (14998214.184.000) 2025-12-03 04:58:34 Image size of job updated: 51036
	1  -  MemoryUsage of job (MB)
	900  -  ResidentSetSize of job (KB)
...
006 (14998214.184.000) 2025-12-03 05:03:34 Image size of job updated: 51036
	1  -  MemoryUsage of job (MB)
	912  -  ResidentSetSize of job (KB)
...
006 (14998214.184.000) 2025-12-03 05:08:35 Image size of job updated: 51036
	1  -  MemoryUsage of job (MB)
	920  -  ResidentSetSize of job (KB)
...
006 (14998214.184.000) 2025-12-03 05:13:36 Image size of job updated: 51036
	1  -  MemoryUsage of job (MB)
	932  -  ResidentSetSize of job (KB)
...
006 (14998214.184.000) 2025-12-03 05:18:36 Image size of job updated: 51036
	1  -  MemoryUsage of job (MB)
	940  -  ResidentSetSize of job (KB)
...
006 (14998214.184.000) 2025-12-03 05:23:37 Image size of job updated: 51036
	1  -  MemoryUsage of job (MB)
	952  -  ResidentSetSize of job (KB)
...
006 (14998214.184.000) 2025-12-03 05:28:38 Image size of job updated: 51036
	1  -  MemoryUsage of job (MB)
	960  -  ResidentSetSize of job (KB)
...
006 (14998214.184.000) 2025-12-03 05:33:38 Image size of job updated: 51036
	1  -  MemoryUsage of job (MB)
	968  -  ResidentSetSize of job (KB)
...
006 (14998214.184.000) 2025-12-03 05:38:39 Image size of job updated: 51036
	1  -  MemoryUsage of job (MB)
	980  -  ResidentSetSize of job (KB)
...
006 (14998214.184.000) 2025-12-03 05:43:40 Image size of job updated: 51036
	1  -  MemoryUsage of job (MB)
	988  -  ResidentSetSize of job (KB)
...
006 (14998214.184.000) 2025-12-03 05:48:40 Image size of job updated: 51036
	1  -  MemoryUsage of job (MB)
	996  -  ResidentSetSize of job (KB)
...
006 (14998214.184.000) 2025-12-03 05:53:40 Image size of job updated: 51036
	1  -  MemoryUsage of job (MB)
	1008  -  ResidentSetSize of job (KB)
...
006 (14998214.184.000) 2025-12-03 05:58:41 Image size of job updated: 51036
	1  -  MemoryUsage of job (MB)
	1020  -  ResidentSetSize of job (KB)
...
006 (14998214.184.000) 2025-12-03 06:03:41 Image size of job updated: 51036
	2  -  MemoryUsage of job (MB)
	1028  -  ResidentSetSize of job (KB)
...
006 (14998214.184.000) 2025-12-03 06:08:41 Image size of job updated: 51036
	2  -  MemoryUsage of job (MB)
	1040  -  ResidentSetSize of job (KB)
...
006 (14998214.184.000) 2025-12-03 06:13:42 Image size of job updated: 51036
	2  -  MemoryUsage of job (MB)
	1052  -  ResidentSetSize of job (KB)
...
006 (14998214.184.000) 2025-12-03 06:18:42 Image size of job updated: 51036
	2  -  MemoryUsage of job (MB)
	1064  -  ResidentSetSize of job (KB)
...
006 (14998214.184.000) 2025-12-03 06:23:42 Image size of job updated: 51036
	2  -  MemoryUsage of job (MB)
	1072  -  ResidentSetSize of job (KB)
...
006 (14998214.184.000) 2025-12-03 06:28:43 Image size of job updated: 51036
	2  -  MemoryUsage of job (MB)
	1084  -  ResidentSetSize of job (KB)
...
006 (14998214.184.000) 2025-12-03 06:33:44 Image size of job updated: 51036
	2  -  MemoryUsage of job (MB)
	1092  -  ResidentSetSize of job (KB)
...
006 (14998214.184.000) 2025-12-03 06:48:46 Image size of job updated: 51036
	2  -  MemoryUsage of job (MB)
	1096  -  ResidentSetSize of job (KB)
...
006 (14998214.184.000) 2025-12-03 06:53:46 Image size of job updated: 51036
	2  -  MemoryUsage of job (MB)
	1108  -  ResidentSetSize of job (KB)
...
006 (14998214.184.000) 2025-12-03 06:58:46 Image size of job updated: 51036
	2  -  MemoryUsage of job (MB)
	1112  -  ResidentSetSize of job (KB)
...
006 (14998214.184.000) 2025-12-03 07:03:54 Image size of job updated: 51036
	2  -  MemoryUsage of job (MB)
	1116  -  ResidentSetSize of job (KB)
...
006 (14998214.184.000) 2025-12-03 07:08:47 Image size of job updated: 51036
	2  -  MemoryUsage of job (MB)
	1124  -  ResidentSetSize of job (KB)
...
006 (14998214.184.000) 2025-12-03 07:13:47 Image size of job updated: 51036
	2  -  MemoryUsage of job (MB)
	1136  -  ResidentSetSize of job (KB)
...
006 (14998214.184.000) 2025-12-03 07:18:48 Image size of job updated: 51036
	2  -  MemoryUsage of job (MB)
	1144  -  ResidentSetSize of job (KB)
...
006 (14998214.184.000) 2025-12-03 07:28:48 Image size of job updated: 51036
	2  -  MemoryUsage of job (MB)
	1156  -  ResidentSetSize of job (KB)
...
006 (14998214.184.000) 2025-12-03 07:33:49 Image size of job updated: 51036
	2  -  MemoryUsage of job (MB)
	1164  -  ResidentSetSize of job (KB)
...
006 (14998214.184.000) 2025-12-03 07:38:50 Image size of job updated: 51036
	2  -  MemoryUsage of job (MB)
	1176  -  ResidentSetSize of job (KB)
...
006 (14998214.184.000) 2025-12-03 07:43:50 Image size of job updated: 51036
	2  -  MemoryUsage of job (MB)
	1184  -  ResidentSetSize of job (KB)
...
006 (14998214.184.000) 2025-12-03 07:48:51 Image size of job updated: 51036
	2  -  MemoryUsage of job (MB)
	1196  -  ResidentSetSize of job (KB)
...
006 (14998214.184.000) 2025-12-03 07:53:52 Image size of job updated: 51036
	2  -  MemoryUsage of job (MB)
	1204  -  ResidentSetSize of job (KB)
...
006 (14998214.184.000) 2025-12-03 07:58:52 Image size of job updated: 51036
	2  -  MemoryUsage of job (MB)
	1216  -  ResidentSetSize of job (KB)
...
006 (14998214.184.000) 2025-12-03 08:03:53 Image size of job updated: 51036
	2  -  MemoryUsage of job (MB)
	1224  -  ResidentSetSize of job (KB)
...
006 (14998214.184.000) 2025-12-03 08:08:54 Image size of job updated: 51036
	2  -  MemoryUsage of job (MB)
	1232  -  ResidentSetSize of job (KB)
...
006 (14998214.184.000) 2025-12-03 08:13:54 Image size of job updated: 51036
	2  -  MemoryUsage of job (MB)
	1240  -  ResidentSetSize of job (KB)
...
006 (14998214.184.000) 2025-12-03 08:18:54 Image size of job updated: 51036
	2  -  MemoryUsage of job (MB)
	1248  -  ResidentSetSize of job (KB)
...
006 (14998214.184.000) 2025-12-03 08:23:55 Image size of job updated: 51036
	2  -  MemoryUsage of job (MB)
	1260  -  ResidentSetSize of job (KB)
...
040 (14998214.184.000) 2025-12-03 08:24:30 Started transferring output files
...
040 (14998214.184.000) 2025-12-03 08:24:30 Finished transferring output files
...
005 (14998214.184.000) 2025-12-03 08:24:30 Job terminated.
	(1) Normal termination (return value 0)
		Usr 0 08:43:09, Sys 0 00:00:01  -  Run Remote Usage
		Usr 0 00:00:00, Sys 0 00:00:00  -  Run Local Usage
		Usr 0 08:43:09, Sys 0 00:00:01  -  Total Remote Usage
		Usr 0 00:00:00, Sys 0 00:00:00  -  Total Local Usage
	113365  -  Run Bytes Sent By Job
	371787  -  Run Bytes Received By Job
	113365  -  Total Bytes Sent By Job
	371787  -  Total Bytes Received By Job
	Partitionable Resources :    Usage  Request Allocated 
	   Cpus                 :     1.00        1         1 
	   Disk (KB)            :   507     2097152   6681575 
	   Memory (MB)          :     2        4096      4096 
	   xferslots            :                           0 

	Job terminated of its own accord at 2025-12-03T13:24:30Z with exit-code 0.
...
