000 (14998214.209.000) 2025-12-02 23:07:12 Job submitted from host: <130.199.48.129:9618?addrs=130.199.48.129-9618&alias=rcas6009.rcf.bnl.gov&noUDP&sock=schedd_22421_101d>
...
040 (14998214.209.000) 2025-12-02 23:52:38 Started transferring input files
	Transferring to host: <130.199.184.194:9618?addrs=130.199.184.194-9618&alias=spool1769.sdcc.bnl.gov&noUDP&sock=slot1_38_95939_d340_57302>
...
040 (14998214.209.000) 2025-12-02 23:52:39 Finished transferring input files
...
001 (14998214.209.000) 2025-12-02 23:52:40 Job executing on host: <130.199.184.194:9618?addrs=130.199.184.194-9618&alias=spool1769.sdcc.bnl.gov&noUDP&sock=startd_95928_19b9>
...
006 (14998214.209.000) 2025-12-02 23:52:49 Image size of job updated: 380
	1  -  MemoryUsage of job (MB)
	380  -  ResidentSetSize of job (KB)
...
006 (14998214.209.000) 2025-12-02 23:57:49 Image size of job updated: 22160
	1  -  MemoryUsage of job (MB)
	388  -  ResidentSetSize of job (KB)
...
006 (14998214.209.000) 2025-12-03 00:02:49 Image size of job updated: 22160
	1  -  MemoryUsage of job (MB)
	400  -  ResidentSetSize of job (KB)
...
006 (14998214.209.000) 2025-12-03 00:07:51 Image size of job updated: 22160
	1  -  MemoryUsage of job (MB)
	408  -  ResidentSetSize of job (KB)
...
006 (14998214.209.000) 2025-12-03 00:12:51 Image size of job updated: 22160
	1  -  MemoryUsage of job (MB)
	420  -  ResidentSetSize of job (KB)
...
006 (14998214.209.000) 2025-12-03 00:17:51 Image size of job updated: 22160
	1  -  MemoryUsage of job (MB)
	428  -  ResidentSetSize of job (KB)
...
006 (14998214.209.000) 2025-12-03 00:22:52 Image size of job updated: 22160
	1  -  MemoryUsage of job (MB)
	444  -  ResidentSetSize of job (KB)
...
006 (14998214.209.000) 2025-12-03 00:27:53 Image size of job updated: 22160
	1  -  MemoryUsage of job (MB)
	452  -  ResidentSetSize of job (KB)
...
006 (14998214.209.000) 2025-12-03 00:32:53 Image size of job updated: 22160
	1  -  MemoryUsage of job (MB)
	464  -  ResidentSetSize of job (KB)
...
006 (14998214.209.000) 2025-12-03 00:37:54 Image size of job updated: 22160
	1  -  MemoryUsage of job (MB)
	476  -  ResidentSetSize of job (KB)
...
006 (14998214.209.000) 2025-12-03 00:42:55 Image size of job updated: 22160
	1  -  MemoryUsage of job (MB)
	484  -  ResidentSetSize of job (KB)
...
006 (14998214.209.000) 2025-12-03 00:47:55 Image size of job updated: 22292
	1  -  MemoryUsage of job (MB)
	484  -  ResidentSetSize of job (KB)
...
006 (14998214.209.000) 2025-12-03 01:07:57 Image size of job updated: 22292
	1  -  MemoryUsage of job (MB)
	492  -  ResidentSetSize of job (KB)
...
006 (14998214.209.000) 2025-12-03 01:12:58 Image size of job updated: 22292
	1  -  MemoryUsage of job (MB)
	500  -  ResidentSetSize of job (KB)
...
006 (14998214.209.000) 2025-12-03 01:21:40 Image size of job updated: 22292
	1  -  MemoryUsage of job (MB)
	508  -  ResidentSetSize of job (KB)
...
006 (14998214.209.000) 2025-12-03 01:32:47 Image size of job updated: 22292
	1  -  MemoryUsage of job (MB)
	536  -  ResidentSetSize of job (KB)
...
006 (14998214.209.000) 2025-12-03 01:41:41 Image size of job updated: 22292
	1  -  MemoryUsage of job (MB)
	556  -  ResidentSetSize of job (KB)
...
006 (14998214.209.000) 2025-12-03 01:47:02 Image size of job updated: 22292
	1  -  MemoryUsage of job (MB)
	564  -  ResidentSetSize of job (KB)
...
006 (14998214.209.000) 2025-12-03 01:52:02 Image size of job updated: 22292
	1  -  MemoryUsage of job (MB)
	576  -  ResidentSetSize of job (KB)
...
006 (14998214.209.000) 2025-12-03 01:57:02 Image size of job updated: 22424
	1  -  MemoryUsage of job (MB)
	584  -  ResidentSetSize of job (KB)
...
006 (14998214.209.000) 2025-12-03 02:02:03 Image size of job updated: 22424
	1  -  MemoryUsage of job (MB)
	596  -  ResidentSetSize of job (KB)
...
006 (14998214.209.000) 2025-12-03 02:07:03 Image size of job updated: 22424
	1  -  MemoryUsage of job (MB)
	600  -  ResidentSetSize of job (KB)
...
006 (14998214.209.000) 2025-12-03 02:12:03 Image size of job updated: 22424
	1  -  MemoryUsage of job (MB)
	608  -  ResidentSetSize of job (KB)
...
006 (14998214.209.000) 2025-12-03 02:17:04 Image size of job updated: 22424
	1  -  MemoryUsage of job (MB)
	620  -  ResidentSetSize of job (KB)
...
006 (14998214.209.000) 2025-12-03 02:22:04 Image size of job updated: 22424
	1  -  MemoryUsage of job (MB)
	628  -  ResidentSetSize of job (KB)
...
006 (14998214.209.000) 2025-12-03 02:27:04 Image size of job updated: 22424
	1  -  MemoryUsage of job (MB)
	640  -  ResidentSetSize of job (KB)
...
006 (14998214.209.000) 2025-12-03 02:32:05 Image size of job updated: 22424
	1  -  MemoryUsage of job (MB)
	648  -  ResidentSetSize of job (KB)
...
006 (14998214.209.000) 2025-12-03 02:37:06 Image size of job updated: 22424
	1  -  MemoryUsage of job (MB)
	656  -  ResidentSetSize of job (KB)
...
006 (14998214.209.000) 2025-12-03 02:42:06 Image size of job updated: 22424
	1  -  MemoryUsage of job (MB)
	668  -  ResidentSetSize of job (KB)
...
006 (14998214.209.000) 2025-12-03 02:47:07 Image size of job updated: 22424
	1  -  MemoryUsage of job (MB)
	672  -  ResidentSetSize of job (KB)
...
006 (14998214.209.000) 2025-12-03 02:52:08 Image size of job updated: 22424
	1  -  MemoryUsage of job (MB)
	684  -  ResidentSetSize of job (KB)
...
006 (14998214.209.000) 2025-12-03 02:57:08 Image size of job updated: 22424
	1  -  MemoryUsage of job (MB)
	692  -  ResidentSetSize of job (KB)
...
006 (14998214.209.000) 2025-12-03 03:02:08 Image size of job updated: 22424
	1  -  MemoryUsage of job (MB)
	700  -  ResidentSetSize of job (KB)
...
006 (14998214.209.000) 2025-12-03 03:07:09 Image size of job updated: 22424
	1  -  MemoryUsage of job (MB)
	712  -  ResidentSetSize of job (KB)
...
006 (14998214.209.000) 2025-12-03 03:12:09 Image size of job updated: 22552
	1  -  MemoryUsage of job (MB)
	720  -  ResidentSetSize of job (KB)
...
006 (14998214.209.000) 2025-12-03 03:17:09 Image size of job updated: 22552
	1  -  MemoryUsage of job (MB)
	732  -  ResidentSetSize of job (KB)
...
006 (14998214.209.000) 2025-12-03 03:22:10 Image size of job updated: 22552
	1  -  MemoryUsage of job (MB)
	740  -  ResidentSetSize of job (KB)
...
006 (14998214.209.000) 2025-12-03 03:27:10 Image size of job updated: 22552
	1  -  MemoryUsage of job (MB)
	752  -  ResidentSetSize of job (KB)
...
006 (14998214.209.000) 2025-12-03 03:32:10 Image size of job updated: 22552
	1  -  MemoryUsage of job (MB)
	760  -  ResidentSetSize of job (KB)
...
006 (14998214.209.000) 2025-12-03 03:37:12 Image size of job updated: 22552
	1  -  MemoryUsage of job (MB)
	772  -  ResidentSetSize of job (KB)
...
006 (14998214.209.000) 2025-12-03 03:42:12 Image size of job updated: 22552
	1  -  MemoryUsage of job (MB)
	780  -  ResidentSetSize of job (KB)
...
006 (14998214.209.000) 2025-12-03 03:47:12 Image size of job updated: 22552
	1  -  MemoryUsage of job (MB)
	788  -  ResidentSetSize of job (KB)
...
006 (14998214.209.000) 2025-12-03 03:52:13 Image size of job updated: 22552
	1  -  MemoryUsage of job (MB)
	800  -  ResidentSetSize of job (KB)
...
006 (14998214.209.000) 2025-12-03 03:57:14 Image size of job updated: 22552
	1  -  MemoryUsage of job (MB)
	808  -  ResidentSetSize of job (KB)
...
006 (14998214.209.000) 2025-12-03 04:02:14 Image size of job updated: 22552
	1  -  MemoryUsage of job (MB)
	820  -  ResidentSetSize of job (KB)
...
006 (14998214.209.000) 2025-12-03 04:07:15 Image size of job updated: 22552
	1  -  MemoryUsage of job (MB)
	828  -  ResidentSetSize of job (KB)
...
006 (14998214.209.000) 2025-12-03 04:12:16 Image size of job updated: 22684
	1  -  MemoryUsage of job (MB)
	844  -  ResidentSetSize of job (KB)
...
006 (14998214.209.000) 2025-12-03 04:17:16 Image size of job updated: 22684
	1  -  MemoryUsage of job (MB)
	852  -  ResidentSetSize of job (KB)
...
006 (14998214.209.000) 2025-12-03 04:22:16 Image size of job updated: 22684
	1  -  MemoryUsage of job (MB)
	864  -  ResidentSetSize of job (KB)
...
006 (14998214.209.000) 2025-12-03 04:27:18 Image size of job updated: 22684
	1  -  MemoryUsage of job (MB)
	872  -  ResidentSetSize of job (KB)
...
006 (14998214.209.000) 2025-12-03 04:32:18 Image size of job updated: 22684
	1  -  MemoryUsage of job (MB)
	884  -  ResidentSetSize of job (KB)
...
006 (14998214.209.000) 2025-12-03 04:37:18 Image size of job updated: 22684
	1  -  MemoryUsage of job (MB)
	892  -  ResidentSetSize of job (KB)
...
006 (14998214.209.000) 2025-12-03 04:42:19 Image size of job updated: 22684
	1  -  MemoryUsage of job (MB)
	904  -  ResidentSetSize of job (KB)
...
006 (14998214.209.000) 2025-12-03 04:47:20 Image size of job updated: 22684
	1  -  MemoryUsage of job (MB)
	912  -  ResidentSetSize of job (KB)
...
006 (14998214.209.000) 2025-12-03 04:57:21 Image size of job updated: 22684
	1  -  MemoryUsage of job (MB)
	916  -  ResidentSetSize of job (KB)
...
006 (14998214.209.000) 2025-12-03 05:02:22 Image size of job updated: 22684
	1  -  MemoryUsage of job (MB)
	924  -  ResidentSetSize of job (KB)
...
006 (14998214.209.000) 2025-12-03 05:07:22 Image size of job updated: 22684
	1  -  MemoryUsage of job (MB)
	936  -  ResidentSetSize of job (KB)
...
006 (14998214.209.000) 2025-12-03 05:12:22 Image size of job updated: 22684
	1  -  MemoryUsage of job (MB)
	944  -  ResidentSetSize of job (KB)
...
006 (14998214.209.000) 2025-12-03 05:17:23 Image size of job updated: 22684
	1  -  MemoryUsage of job (MB)
	956  -  ResidentSetSize of job (KB)
...
006 (14998214.209.000) 2025-12-03 05:22:23 Image size of job updated: 22816
	1  -  MemoryUsage of job (MB)
	964  -  ResidentSetSize of job (KB)
...
006 (14998214.209.000) 2025-12-03 05:27:23 Image size of job updated: 22816
	1  -  MemoryUsage of job (MB)
	972  -  ResidentSetSize of job (KB)
...
006 (14998214.209.000) 2025-12-03 05:32:25 Image size of job updated: 22816
	1  -  MemoryUsage of job (MB)
	984  -  ResidentSetSize of job (KB)
...
006 (14998214.209.000) 2025-12-03 05:37:25 Image size of job updated: 22816
	1  -  MemoryUsage of job (MB)
	992  -  ResidentSetSize of job (KB)
...
006 (14998214.209.000) 2025-12-03 05:42:25 Image size of job updated: 22816
	1  -  MemoryUsage of job (MB)
	1004  -  ResidentSetSize of job (KB)
...
006 (14998214.209.000) 2025-12-03 05:47:26 Image size of job updated: 22816
	1  -  MemoryUsage of job (MB)
	1012  -  ResidentSetSize of job (KB)
...
006 (14998214.209.000) 2025-12-03 05:52:27 Image size of job updated: 22816
	1  -  MemoryUsage of job (MB)
	1024  -  ResidentSetSize of job (KB)
...
006 (14998214.209.000) 2025-12-03 05:57:27 Image size of job updated: 22816
	2  -  MemoryUsage of job (MB)
	1032  -  ResidentSetSize of job (KB)
...
006 (14998214.209.000) 2025-12-03 06:02:28 Image size of job updated: 22816
	2  -  MemoryUsage of job (MB)
	1044  -  ResidentSetSize of job (KB)
...
006 (14998214.209.000) 2025-12-03 06:07:29 Image size of job updated: 22816
	2  -  MemoryUsage of job (MB)
	1052  -  ResidentSetSize of job (KB)
...
006 (14998214.209.000) 2025-12-03 06:12:29 Image size of job updated: 22816
	2  -  MemoryUsage of job (MB)
	1060  -  ResidentSetSize of job (KB)
...
006 (14998214.209.000) 2025-12-03 06:17:29 Image size of job updated: 22816
	2  -  MemoryUsage of job (MB)
	1072  -  ResidentSetSize of job (KB)
...
006 (14998214.209.000) 2025-12-03 06:22:30 Image size of job updated: 22816
	2  -  MemoryUsage of job (MB)
	1080  -  ResidentSetSize of job (KB)
...
006 (14998214.209.000) 2025-12-03 06:27:30 Image size of job updated: 22816
	2  -  MemoryUsage of job (MB)
	1092  -  ResidentSetSize of job (KB)
...
006 (14998214.209.000) 2025-12-03 06:32:30 Image size of job updated: 22948
	2  -  MemoryUsage of job (MB)
	1100  -  ResidentSetSize of job (KB)
...
006 (14998214.209.000) 2025-12-03 06:37:31 Image size of job updated: 22948
	2  -  MemoryUsage of job (MB)
	1112  -  ResidentSetSize of job (KB)
...
006 (14998214.209.000) 2025-12-03 06:42:31 Image size of job updated: 22948
	2  -  MemoryUsage of job (MB)
	1120  -  ResidentSetSize of job (KB)
...
006 (14998214.209.000) 2025-12-03 06:47:31 Image size of job updated: 22948
	2  -  MemoryUsage of job (MB)
	1132  -  ResidentSetSize of job (KB)
...
006 (14998214.209.000) 2025-12-03 06:52:32 Image size of job updated: 22948
	2  -  MemoryUsage of job (MB)
	1136  -  ResidentSetSize of job (KB)
...
006 (14998214.209.000) 2025-12-03 06:57:33 Image size of job updated: 22948
	2  -  MemoryUsage of job (MB)
	1144  -  ResidentSetSize of job (KB)
...
006 (14998214.209.000) 2025-12-03 07:02:33 Image size of job updated: 22948
	2  -  MemoryUsage of job (MB)
	1156  -  ResidentSetSize of job (KB)
...
006 (14998214.209.000) 2025-12-03 07:07:33 Image size of job updated: 22948
	2  -  MemoryUsage of job (MB)
	1160  -  ResidentSetSize of job (KB)
...
006 (14998214.209.000) 2025-12-03 07:12:34 Image size of job updated: 22948
	2  -  MemoryUsage of job (MB)
	1168  -  ResidentSetSize of job (KB)
...
006 (14998214.209.000) 2025-12-03 07:17:34 Image size of job updated: 22948
	2  -  MemoryUsage of job (MB)
	1180  -  ResidentSetSize of job (KB)
...
006 (14998214.209.000) 2025-12-03 07:27:36 Image size of job updated: 22948
	2  -  MemoryUsage of job (MB)
	1192  -  ResidentSetSize of job (KB)
...
006 (14998214.209.000) 2025-12-03 07:32:36 Image size of job updated: 22948
	2  -  MemoryUsage of job (MB)
	1200  -  ResidentSetSize of job (KB)
...
006 (14998214.209.000) 2025-12-03 07:37:36 Image size of job updated: 22948
	2  -  MemoryUsage of job (MB)
	1204  -  ResidentSetSize of job (KB)
...
006 (14998214.209.000) 2025-12-03 07:42:37 Image size of job updated: 22948
	2  -  MemoryUsage of job (MB)
	1216  -  ResidentSetSize of job (KB)
...
006 (14998214.209.000) 2025-12-03 07:47:37 Image size of job updated: 23080
	2  -  MemoryUsage of job (MB)
	1224  -  ResidentSetSize of job (KB)
...
006 (14998214.209.000) 2025-12-03 07:52:37 Image size of job updated: 23080
	2  -  MemoryUsage of job (MB)
	1236  -  ResidentSetSize of job (KB)
...
006 (14998214.209.000) 2025-12-03 07:57:38 Image size of job updated: 23080
	2  -  MemoryUsage of job (MB)
	1244  -  ResidentSetSize of job (KB)
...
006 (14998214.209.000) 2025-12-03 08:02:39 Image size of job updated: 23080
	2  -  MemoryUsage of job (MB)
	1256  -  ResidentSetSize of job (KB)
...
006 (14998214.209.000) 2025-12-03 08:07:39 Image size of job updated: 23080
	2  -  MemoryUsage of job (MB)
	1264  -  ResidentSetSize of job (KB)
...
006 (14998214.209.000) 2025-12-03 08:12:40 Image size of job updated: 23080
	2  -  MemoryUsage of job (MB)
	1268  -  ResidentSetSize of job (KB)
...
006 (14998214.209.000) 2025-12-03 08:17:41 Image size of job updated: 23080
	2  -  MemoryUsage of job (MB)
	1280  -  ResidentSetSize of job (KB)
...
006 (14998214.209.000) 2025-12-03 08:22:41 Image size of job updated: 23080
	2  -  MemoryUsage of job (MB)
	1288  -  ResidentSetSize of job (KB)
...
006 (14998214.209.000) 2025-12-03 08:27:41 Image size of job updated: 23080
	2  -  MemoryUsage of job (MB)
	1300  -  ResidentSetSize of job (KB)
...
040 (14998214.209.000) 2025-12-03 08:29:38 Started transferring output files
...
040 (14998214.209.000) 2025-12-03 08:29:38 Finished transferring output files
...
005 (14998214.209.000) 2025-12-03 08:29:38 Job terminated.
	(1) Normal termination (return value 0)
		Usr 0 08:29:37, Sys 0 00:00:06  -  Run Remote Usage
		Usr 0 00:00:00, Sys 0 00:00:00  -  Run Local Usage
		Usr 0 08:29:37, Sys 0 00:00:06  -  Total Remote Usage
		Usr 0 00:00:00, Sys 0 00:00:00  -  Total Local Usage
	113365  -  Run Bytes Sent By Job
	444975  -  Run Bytes Received By Job
	113365  -  Total Bytes Sent By Job
	444975  -  Total Bytes Received By Job
	Partitionable Resources :    Usage  Request Allocated 
	   Cpus                 :     1.00        1         1 
	   Disk (KB)            :   579     2097152   6681581 
	   Memory (MB)          :     2        4096      4096 
	   xferslots            :                           0 

	Job terminated of its own accord at 2025-12-03T13:29:38Z with exit-code 0.
...
