000 (14998214.141.000) 2025-12-02 23:07:12 Job submitted from host: <130.199.48.129:9618?addrs=130.199.48.129-9618&alias=rcas6009.rcf.bnl.gov&noUDP&sock=schedd_22421_101d>
...
040 (14998214.141.000) 2025-12-02 23:22:25 Started transferring input files
	Transferring to host: <130.199.184.197:9618?addrs=130.199.184.197-9618&alias=spool1772.sdcc.bnl.gov&noUDP&sock=slot1_38_95968_3d78_56086>
...
040 (14998214.141.000) 2025-12-02 23:22:26 Finished transferring input files
...
001 (14998214.141.000) 2025-12-02 23:22:27 Job executing on host: <130.199.184.197:9618?addrs=130.199.184.197-9618&alias=spool1772.sdcc.bnl.gov&noUDP&sock=startd_95960_3a63>
...
006 (14998214.141.000) 2025-12-02 23:22:36 Image size of job updated: 51036
	1  -  MemoryUsage of job (MB)
	380  -  ResidentSetSize of job (KB)
...
006 (14998214.141.000) 2025-12-02 23:27:36 Image size of job updated: 51036
	1  -  MemoryUsage of job (MB)
	384  -  ResidentSetSize of job (KB)
...
006 (14998214.141.000) 2025-12-02 23:32:36 Image size of job updated: 51036
	1  -  MemoryUsage of job (MB)
	396  -  ResidentSetSize of job (KB)
...
006 (14998214.141.000) 2025-12-02 23:37:37 Image size of job updated: 51036
	1  -  MemoryUsage of job (MB)
	404  -  ResidentSetSize of job (KB)
...
006 (14998214.141.000) 2025-12-02 23:42:38 Image size of job updated: 51036
	1  -  MemoryUsage of job (MB)
	416  -  ResidentSetSize of job (KB)
...
006 (14998214.141.000) 2025-12-02 23:47:38 Image size of job updated: 51036
	1  -  MemoryUsage of job (MB)
	424  -  ResidentSetSize of job (KB)
...
006 (14998214.141.000) 2025-12-03 00:12:41 Image size of job updated: 51036
	1  -  MemoryUsage of job (MB)
	432  -  ResidentSetSize of job (KB)
...
006 (14998214.141.000) 2025-12-03 00:27:43 Image size of job updated: 51036
	1  -  MemoryUsage of job (MB)
	440  -  ResidentSetSize of job (KB)
...
006 (14998214.141.000) 2025-12-03 00:32:43 Image size of job updated: 51036
	1  -  MemoryUsage of job (MB)
	452  -  ResidentSetSize of job (KB)
...
006 (14998214.141.000) 2025-12-03 00:37:43 Image size of job updated: 51036
	1  -  MemoryUsage of job (MB)
	460  -  ResidentSetSize of job (KB)
...
006 (14998214.141.000) 2025-12-03 00:42:44 Image size of job updated: 51036
	1  -  MemoryUsage of job (MB)
	464  -  ResidentSetSize of job (KB)
...
006 (14998214.141.000) 2025-12-03 00:47:45 Image size of job updated: 51036
	1  -  MemoryUsage of job (MB)
	476  -  ResidentSetSize of job (KB)
...
006 (14998214.141.000) 2025-12-03 00:52:45 Image size of job updated: 51036
	1  -  MemoryUsage of job (MB)
	484  -  ResidentSetSize of job (KB)
...
006 (14998214.141.000) 2025-12-03 00:57:46 Image size of job updated: 51036
	1  -  MemoryUsage of job (MB)
	496  -  ResidentSetSize of job (KB)
...
006 (14998214.141.000) 2025-12-03 01:02:47 Image size of job updated: 51036
	1  -  MemoryUsage of job (MB)
	504  -  ResidentSetSize of job (KB)
...
006 (14998214.141.000) 2025-12-03 01:07:47 Image size of job updated: 51036
	1  -  MemoryUsage of job (MB)
	516  -  ResidentSetSize of job (KB)
...
006 (14998214.141.000) 2025-12-03 01:15:27 Image size of job updated: 51036
	1  -  MemoryUsage of job (MB)
	520  -  ResidentSetSize of job (KB)
...
006 (14998214.141.000) 2025-12-03 01:23:22 Image size of job updated: 51036
	1  -  MemoryUsage of job (MB)
	536  -  ResidentSetSize of job (KB)
...
006 (14998214.141.000) 2025-12-03 01:29:43 Image size of job updated: 51036
	1  -  MemoryUsage of job (MB)
	548  -  ResidentSetSize of job (KB)
...
006 (14998214.141.000) 2025-12-03 01:34:46 Image size of job updated: 51036
	1  -  MemoryUsage of job (MB)
	556  -  ResidentSetSize of job (KB)
...
006 (14998214.141.000) 2025-12-03 01:39:44 Image size of job updated: 51036
	1  -  MemoryUsage of job (MB)
	564  -  ResidentSetSize of job (KB)
...
006 (14998214.141.000) 2025-12-03 01:44:45 Image size of job updated: 51036
	1  -  MemoryUsage of job (MB)
	572  -  ResidentSetSize of job (KB)
...
006 (14998214.141.000) 2025-12-03 01:49:45 Image size of job updated: 51036
	1  -  MemoryUsage of job (MB)
	580  -  ResidentSetSize of job (KB)
...
006 (14998214.141.000) 2025-12-03 01:54:45 Image size of job updated: 51036
	1  -  MemoryUsage of job (MB)
	588  -  ResidentSetSize of job (KB)
...
006 (14998214.141.000) 2025-12-03 01:59:46 Image size of job updated: 51036
	1  -  MemoryUsage of job (MB)
	600  -  ResidentSetSize of job (KB)
...
006 (14998214.141.000) 2025-12-03 02:04:50 Image size of job updated: 51036
	1  -  MemoryUsage of job (MB)
	608  -  ResidentSetSize of job (KB)
...
006 (14998214.141.000) 2025-12-03 02:09:46 Image size of job updated: 51036
	1  -  MemoryUsage of job (MB)
	620  -  ResidentSetSize of job (KB)
...
006 (14998214.141.000) 2025-12-03 02:14:47 Image size of job updated: 51036
	1  -  MemoryUsage of job (MB)
	628  -  ResidentSetSize of job (KB)
...
006 (14998214.141.000) 2025-12-03 02:19:48 Image size of job updated: 51036
	1  -  MemoryUsage of job (MB)
	640  -  ResidentSetSize of job (KB)
...
006 (14998214.141.000) 2025-12-03 02:24:48 Image size of job updated: 51036
	1  -  MemoryUsage of job (MB)
	648  -  ResidentSetSize of job (KB)
...
006 (14998214.141.000) 2025-12-03 02:29:48 Image size of job updated: 51036
	1  -  MemoryUsage of job (MB)
	660  -  ResidentSetSize of job (KB)
...
006 (14998214.141.000) 2025-12-03 02:34:49 Image size of job updated: 51036
	1  -  MemoryUsage of job (MB)
	668  -  ResidentSetSize of job (KB)
...
006 (14998214.141.000) 2025-12-03 02:39:49 Image size of job updated: 51036
	1  -  MemoryUsage of job (MB)
	676  -  ResidentSetSize of job (KB)
...
006 (14998214.141.000) 2025-12-03 02:44:49 Image size of job updated: 51036
	1  -  MemoryUsage of job (MB)
	684  -  ResidentSetSize of job (KB)
...
006 (14998214.141.000) 2025-12-03 02:49:50 Image size of job updated: 51036
	1  -  MemoryUsage of job (MB)
	692  -  ResidentSetSize of job (KB)
...
006 (14998214.141.000) 2025-12-03 02:54:50 Image size of job updated: 51036
	1  -  MemoryUsage of job (MB)
	704  -  ResidentSetSize of job (KB)
...
006 (14998214.141.000) 2025-12-03 02:59:50 Image size of job updated: 51036
	1  -  MemoryUsage of job (MB)
	712  -  ResidentSetSize of job (KB)
...
006 (14998214.141.000) 2025-12-03 03:04:51 Image size of job updated: 51036
	1  -  MemoryUsage of job (MB)
	720  -  ResidentSetSize of job (KB)
...
006 (14998214.141.000) 2025-12-03 03:09:52 Image size of job updated: 51036
	1  -  MemoryUsage of job (MB)
	732  -  ResidentSetSize of job (KB)
...
006 (14998214.141.000) 2025-12-03 03:14:52 Image size of job updated: 51036
	1  -  MemoryUsage of job (MB)
	740  -  ResidentSetSize of job (KB)
...
006 (14998214.141.000) 2025-12-03 03:19:52 Image size of job updated: 51036
	1  -  MemoryUsage of job (MB)
	752  -  ResidentSetSize of job (KB)
...
006 (14998214.141.000) 2025-12-03 03:24:53 Image size of job updated: 51036
	1  -  MemoryUsage of job (MB)
	760  -  ResidentSetSize of job (KB)
...
006 (14998214.141.000) 2025-12-03 03:29:53 Image size of job updated: 51036
	1  -  MemoryUsage of job (MB)
	772  -  ResidentSetSize of job (KB)
...
006 (14998214.141.000) 2025-12-03 03:34:53 Image size of job updated: 51036
	1  -  MemoryUsage of job (MB)
	780  -  ResidentSetSize of job (KB)
...
006 (14998214.141.000) 2025-12-03 03:39:55 Image size of job updated: 51036
	1  -  MemoryUsage of job (MB)
	792  -  ResidentSetSize of job (KB)
...
006 (14998214.141.000) 2025-12-03 03:44:55 Image size of job updated: 51036
	1  -  MemoryUsage of job (MB)
	800  -  ResidentSetSize of job (KB)
...
006 (14998214.141.000) 2025-12-03 03:49:55 Image size of job updated: 51036
	1  -  MemoryUsage of job (MB)
	808  -  ResidentSetSize of job (KB)
...
006 (14998214.141.000) 2025-12-03 03:54:56 Image size of job updated: 51036
	1  -  MemoryUsage of job (MB)
	824  -  ResidentSetSize of job (KB)
...
006 (14998214.141.000) 2025-12-03 03:59:56 Image size of job updated: 51036
	1  -  MemoryUsage of job (MB)
	836  -  ResidentSetSize of job (KB)
...
006 (14998214.141.000) 2025-12-03 04:04:56 Image size of job updated: 51036
	1  -  MemoryUsage of job (MB)
	844  -  ResidentSetSize of job (KB)
...
006 (14998214.141.000) 2025-12-03 04:09:57 Image size of job updated: 51036
	1  -  MemoryUsage of job (MB)
	852  -  ResidentSetSize of job (KB)
...
006 (14998214.141.000) 2025-12-03 04:15:09 Image size of job updated: 51036
	1  -  MemoryUsage of job (MB)
	868  -  ResidentSetSize of job (KB)
...
006 (14998214.141.000) 2025-12-03 04:19:57 Image size of job updated: 51036
	1  -  MemoryUsage of job (MB)
	880  -  ResidentSetSize of job (KB)
...
006 (14998214.141.000) 2025-12-03 04:24:58 Image size of job updated: 51036
	1  -  MemoryUsage of job (MB)
	888  -  ResidentSetSize of job (KB)
...
006 (14998214.141.000) 2025-12-03 04:29:59 Image size of job updated: 51036
	1  -  MemoryUsage of job (MB)
	900  -  ResidentSetSize of job (KB)
...
006 (14998214.141.000) 2025-12-03 04:34:59 Image size of job updated: 51036
	1  -  MemoryUsage of job (MB)
	908  -  ResidentSetSize of job (KB)
...
006 (14998214.141.000) 2025-12-03 04:40:19 Image size of job updated: 51036
	1  -  MemoryUsage of job (MB)
	916  -  ResidentSetSize of job (KB)
...
006 (14998214.141.000) 2025-12-03 04:45:01 Image size of job updated: 51036
	1  -  MemoryUsage of job (MB)
	928  -  ResidentSetSize of job (KB)
...
006 (14998214.141.000) 2025-12-03 04:50:01 Image size of job updated: 51036
	1  -  MemoryUsage of job (MB)
	936  -  ResidentSetSize of job (KB)
...
006 (14998214.141.000) 2025-12-03 04:55:02 Image size of job updated: 51036
	1  -  MemoryUsage of job (MB)
	948  -  ResidentSetSize of job (KB)
...
006 (14998214.141.000) 2025-12-03 05:00:03 Image size of job updated: 51036
	1  -  MemoryUsage of job (MB)
	956  -  ResidentSetSize of job (KB)
...
006 (14998214.141.000) 2025-12-03 05:05:03 Image size of job updated: 51036
	1  -  MemoryUsage of job (MB)
	968  -  ResidentSetSize of job (KB)
...
006 (14998214.141.000) 2025-12-03 05:10:04 Image size of job updated: 51036
	1  -  MemoryUsage of job (MB)
	976  -  ResidentSetSize of job (KB)
...
006 (14998214.141.000) 2025-12-03 05:15:05 Image size of job updated: 51036
	1  -  MemoryUsage of job (MB)
	988  -  ResidentSetSize of job (KB)
...
006 (14998214.141.000) 2025-12-03 05:20:05 Image size of job updated: 51036
	1  -  MemoryUsage of job (MB)
	996  -  ResidentSetSize of job (KB)
...
006 (14998214.141.000) 2025-12-03 05:25:05 Image size of job updated: 51036
	1  -  MemoryUsage of job (MB)
	1004  -  ResidentSetSize of job (KB)
...
006 (14998214.141.000) 2025-12-03 05:30:06 Image size of job updated: 51036
	1  -  MemoryUsage of job (MB)
	1016  -  ResidentSetSize of job (KB)
...
006 (14998214.141.000) 2025-12-03 05:35:06 Image size of job updated: 51036
	1  -  MemoryUsage of job (MB)
	1024  -  ResidentSetSize of job (KB)
...
006 (14998214.141.000) 2025-12-03 05:40:06 Image size of job updated: 51036
	2  -  MemoryUsage of job (MB)
	1036  -  ResidentSetSize of job (KB)
...
006 (14998214.141.000) 2025-12-03 05:45:08 Image size of job updated: 51036
	2  -  MemoryUsage of job (MB)
	1048  -  ResidentSetSize of job (KB)
...
006 (14998214.141.000) 2025-12-03 05:50:08 Image size of job updated: 51036
	2  -  MemoryUsage of job (MB)
	1060  -  ResidentSetSize of job (KB)
...
006 (14998214.141.000) 2025-12-03 05:55:08 Image size of job updated: 51036
	2  -  MemoryUsage of job (MB)
	1068  -  ResidentSetSize of job (KB)
...
006 (14998214.141.000) 2025-12-03 06:00:09 Image size of job updated: 51036
	2  -  MemoryUsage of job (MB)
	1080  -  ResidentSetSize of job (KB)
...
006 (14998214.141.000) 2025-12-03 06:05:09 Image size of job updated: 51036
	2  -  MemoryUsage of job (MB)
	1088  -  ResidentSetSize of job (KB)
...
006 (14998214.141.000) 2025-12-03 06:10:09 Image size of job updated: 51036
	2  -  MemoryUsage of job (MB)
	1100  -  ResidentSetSize of job (KB)
...
006 (14998214.141.000) 2025-12-03 06:15:10 Image size of job updated: 51036
	2  -  MemoryUsage of job (MB)
	1108  -  ResidentSetSize of job (KB)
...
006 (14998214.141.000) 2025-12-03 06:20:11 Image size of job updated: 51036
	2  -  MemoryUsage of job (MB)
	1120  -  ResidentSetSize of job (KB)
...
006 (14998214.141.000) 2025-12-03 06:25:11 Image size of job updated: 51036
	2  -  MemoryUsage of job (MB)
	1128  -  ResidentSetSize of job (KB)
...
006 (14998214.141.000) 2025-12-03 06:30:12 Image size of job updated: 51036
	2  -  MemoryUsage of job (MB)
	1144  -  ResidentSetSize of job (KB)
...
006 (14998214.141.000) 2025-12-03 06:35:13 Image size of job updated: 51036
	2  -  MemoryUsage of job (MB)
	1152  -  ResidentSetSize of job (KB)
...
006 (14998214.141.000) 2025-12-03 06:40:13 Image size of job updated: 51036
	2  -  MemoryUsage of job (MB)
	1164  -  ResidentSetSize of job (KB)
...
006 (14998214.141.000) 2025-12-03 06:45:13 Image size of job updated: 51036
	2  -  MemoryUsage of job (MB)
	1172  -  ResidentSetSize of job (KB)
...
006 (14998214.141.000) 2025-12-03 06:50:14 Image size of job updated: 51036
	2  -  MemoryUsage of job (MB)
	1180  -  ResidentSetSize of job (KB)
...
006 (14998214.141.000) 2025-12-03 06:55:15 Image size of job updated: 51036
	2  -  MemoryUsage of job (MB)
	1192  -  ResidentSetSize of job (KB)
...
006 (14998214.141.000) 2025-12-03 07:00:15 Image size of job updated: 51036
	2  -  MemoryUsage of job (MB)
	1196  -  ResidentSetSize of job (KB)
...
006 (14998214.141.000) 2025-12-03 07:05:17 Image size of job updated: 51036
	2  -  MemoryUsage of job (MB)
	1208  -  ResidentSetSize of job (KB)
...
006 (14998214.141.000) 2025-12-03 07:10:17 Image size of job updated: 51036
	2  -  MemoryUsage of job (MB)
	1216  -  ResidentSetSize of job (KB)
...
006 (14998214.141.000) 2025-12-03 07:15:18 Image size of job updated: 51036
	2  -  MemoryUsage of job (MB)
	1224  -  ResidentSetSize of job (KB)
...
006 (14998214.141.000) 2025-12-03 07:20:19 Image size of job updated: 51036
	2  -  MemoryUsage of job (MB)
	1236  -  ResidentSetSize of job (KB)
...
006 (14998214.141.000) 2025-12-03 07:25:19 Image size of job updated: 51036
	2  -  MemoryUsage of job (MB)
	1244  -  ResidentSetSize of job (KB)
...
006 (14998214.141.000) 2025-12-03 07:30:19 Image size of job updated: 51036
	2  -  MemoryUsage of job (MB)
	1256  -  ResidentSetSize of job (KB)
...
006 (14998214.141.000) 2025-12-03 07:35:20 Image size of job updated: 51036
	2  -  MemoryUsage of job (MB)
	1264  -  ResidentSetSize of job (KB)
...
006 (14998214.141.000) 2025-12-03 07:40:20 Image size of job updated: 51036
	2  -  MemoryUsage of job (MB)
	1276  -  ResidentSetSize of job (KB)
...
006 (14998214.141.000) 2025-12-03 07:45:20 Image size of job updated: 51036
	2  -  MemoryUsage of job (MB)
	1284  -  ResidentSetSize of job (KB)
...
006 (14998214.141.000) 2025-12-03 07:50:21 Image size of job updated: 51036
	2  -  MemoryUsage of job (MB)
	1296  -  ResidentSetSize of job (KB)
...
040 (14998214.141.000) 2025-12-03 07:52:07 Started transferring output files
...
040 (14998214.141.000) 2025-12-03 07:52:07 Finished transferring output files
...
005 (14998214.141.000) 2025-12-03 07:52:07 Job terminated.
	(1) Normal termination (return value 0)
		Usr 0 08:28:55, Sys 0 00:00:30  -  Run Remote Usage
		Usr 0 00:00:00, Sys 0 00:00:00  -  Run Local Usage
		Usr 0 08:28:55, Sys 0 00:00:30  -  Total Remote Usage
		Usr 0 00:00:00, Sys 0 00:00:00  -  Total Local Usage
	113365  -  Run Bytes Sent By Job
	260330  -  Run Bytes Received By Job
	113365  -  Total Bytes Sent By Job
	260330  -  Total Bytes Received By Job
	Partitionable Resources :    Usage  Request Allocated 
	   Cpus                 :     1.00        1         1 
	   Disk (KB)            :   398     2097152   6681570 
	   Memory (MB)          :     2        4096      4096 
	   xferslots            :                           0 

	Job terminated of its own accord at 2025-12-03T12:52:07Z with exit-code 0.
...
