000 (14998214.161.000) 2025-12-02 23:07:12 Job submitted from host: <130.199.48.129:9618?addrs=130.199.48.129-9618&alias=rcas6009.rcf.bnl.gov&noUDP&sock=schedd_22421_101d>
...
040 (14998214.161.000) 2025-12-02 23:27:53 Started transferring input files
	Transferring to host: <130.199.186.67:9618?addrs=130.199.186.67-9618&alias=spool1830.sdcc.bnl.gov&noUDP&sock=slot1_73_93693_46c6_55592>
...
040 (14998214.161.000) 2025-12-02 23:27:55 Finished transferring input files
...
001 (14998214.161.000) 2025-12-02 23:27:56 Job executing on host: <130.199.186.67:9618?addrs=130.199.186.67-9618&alias=spool1830.sdcc.bnl.gov&noUDP&sock=startd_93684_e71e>
...
006 (14998214.161.000) 2025-12-02 23:28:04 Image size of job updated: 22160
	1  -  MemoryUsage of job (MB)
	376  -  ResidentSetSize of job (KB)
...
006 (14998214.161.000) 2025-12-02 23:33:04 Image size of job updated: 22160
	1  -  MemoryUsage of job (MB)
	384  -  ResidentSetSize of job (KB)
...
006 (14998214.161.000) 2025-12-02 23:38:05 Image size of job updated: 22160
	1  -  MemoryUsage of job (MB)
	400  -  ResidentSetSize of job (KB)
...
006 (14998214.161.000) 2025-12-02 23:43:05 Image size of job updated: 22160
	1  -  MemoryUsage of job (MB)
	412  -  ResidentSetSize of job (KB)
...
006 (14998214.161.000) 2025-12-02 23:48:05 Image size of job updated: 22160
	1  -  MemoryUsage of job (MB)
	420  -  ResidentSetSize of job (KB)
...
006 (14998214.161.000) 2025-12-02 23:53:07 Image size of job updated: 22160
	1  -  MemoryUsage of job (MB)
	436  -  ResidentSetSize of job (KB)
...
006 (14998214.161.000) 2025-12-02 23:58:07 Image size of job updated: 22160
	1  -  MemoryUsage of job (MB)
	444  -  ResidentSetSize of job (KB)
...
006 (14998214.161.000) 2025-12-03 00:03:07 Image size of job updated: 22160
	1  -  MemoryUsage of job (MB)
	456  -  ResidentSetSize of job (KB)
...
006 (14998214.161.000) 2025-12-03 00:08:08 Image size of job updated: 22160
	1  -  MemoryUsage of job (MB)
	468  -  ResidentSetSize of job (KB)
...
006 (14998214.161.000) 2025-12-03 00:13:09 Image size of job updated: 22160
	1  -  MemoryUsage of job (MB)
	476  -  ResidentSetSize of job (KB)
...
006 (14998214.161.000) 2025-12-03 00:18:09 Image size of job updated: 22160
	1  -  MemoryUsage of job (MB)
	492  -  ResidentSetSize of job (KB)
...
006 (14998214.161.000) 2025-12-03 00:23:10 Image size of job updated: 22292
	1  -  MemoryUsage of job (MB)
	504  -  ResidentSetSize of job (KB)
...
006 (14998214.161.000) 2025-12-03 00:28:11 Image size of job updated: 22292
	1  -  MemoryUsage of job (MB)
	512  -  ResidentSetSize of job (KB)
...
006 (14998214.161.000) 2025-12-03 00:33:11 Image size of job updated: 22292
	1  -  MemoryUsage of job (MB)
	520  -  ResidentSetSize of job (KB)
...
006 (14998214.161.000) 2025-12-03 00:58:14 Image size of job updated: 22292
	1  -  MemoryUsage of job (MB)
	528  -  ResidentSetSize of job (KB)
...
006 (14998214.161.000) 2025-12-03 01:03:14 Image size of job updated: 22292
	1  -  MemoryUsage of job (MB)
	540  -  ResidentSetSize of job (KB)
...
006 (14998214.161.000) 2025-12-03 01:08:15 Image size of job updated: 22292
	1  -  MemoryUsage of job (MB)
	552  -  ResidentSetSize of job (KB)
...
006 (14998214.161.000) 2025-12-03 01:13:16 Image size of job updated: 22292
	1  -  MemoryUsage of job (MB)
	556  -  ResidentSetSize of job (KB)
...
006 (14998214.161.000) 2025-12-03 01:18:16 Image size of job updated: 22292
	1  -  MemoryUsage of job (MB)
	568  -  ResidentSetSize of job (KB)
...
006 (14998214.161.000) 2025-12-03 01:23:17 Image size of job updated: 22292
	1  -  MemoryUsage of job (MB)
	580  -  ResidentSetSize of job (KB)
...
006 (14998214.161.000) 2025-12-03 01:28:18 Image size of job updated: 22424
	1  -  MemoryUsage of job (MB)
	588  -  ResidentSetSize of job (KB)
...
006 (14998214.161.000) 2025-12-03 01:33:18 Image size of job updated: 22424
	1  -  MemoryUsage of job (MB)
	600  -  ResidentSetSize of job (KB)
...
006 (14998214.161.000) 2025-12-03 01:38:18 Image size of job updated: 22424
	1  -  MemoryUsage of job (MB)
	608  -  ResidentSetSize of job (KB)
...
006 (14998214.161.000) 2025-12-03 01:43:19 Image size of job updated: 22424
	1  -  MemoryUsage of job (MB)
	620  -  ResidentSetSize of job (KB)
...
006 (14998214.161.000) 2025-12-03 01:48:20 Image size of job updated: 22424
	1  -  MemoryUsage of job (MB)
	628  -  ResidentSetSize of job (KB)
...
006 (14998214.161.000) 2025-12-03 01:53:20 Image size of job updated: 22424
	1  -  MemoryUsage of job (MB)
	632  -  ResidentSetSize of job (KB)
...
006 (14998214.161.000) 2025-12-03 01:58:21 Image size of job updated: 22424
	1  -  MemoryUsage of job (MB)
	644  -  ResidentSetSize of job (KB)
...
006 (14998214.161.000) 2025-12-03 02:03:22 Image size of job updated: 22424
	1  -  MemoryUsage of job (MB)
	652  -  ResidentSetSize of job (KB)
...
006 (14998214.161.000) 2025-12-03 02:08:22 Image size of job updated: 22424
	1  -  MemoryUsage of job (MB)
	664  -  ResidentSetSize of job (KB)
...
006 (14998214.161.000) 2025-12-03 02:13:22 Image size of job updated: 22424
	1  -  MemoryUsage of job (MB)
	672  -  ResidentSetSize of job (KB)
...
006 (14998214.161.000) 2025-12-03 02:18:23 Image size of job updated: 22424
	1  -  MemoryUsage of job (MB)
	684  -  ResidentSetSize of job (KB)
...
006 (14998214.161.000) 2025-12-03 02:23:23 Image size of job updated: 22424
	1  -  MemoryUsage of job (MB)
	692  -  ResidentSetSize of job (KB)
...
006 (14998214.161.000) 2025-12-03 02:28:29 Image size of job updated: 22424
	1  -  MemoryUsage of job (MB)
	700  -  ResidentSetSize of job (KB)
...
006 (14998214.161.000) 2025-12-03 02:33:24 Image size of job updated: 22424
	1  -  MemoryUsage of job (MB)
	712  -  ResidentSetSize of job (KB)
...
006 (14998214.161.000) 2025-12-03 02:38:25 Image size of job updated: 22552
	1  -  MemoryUsage of job (MB)
	720  -  ResidentSetSize of job (KB)
...
006 (14998214.161.000) 2025-12-03 02:43:25 Image size of job updated: 22552
	1  -  MemoryUsage of job (MB)
	732  -  ResidentSetSize of job (KB)
...
006 (14998214.161.000) 2025-12-03 02:48:26 Image size of job updated: 22552
	1  -  MemoryUsage of job (MB)
	736  -  ResidentSetSize of job (KB)
...
006 (14998214.161.000) 2025-12-03 02:53:27 Image size of job updated: 22552
	1  -  MemoryUsage of job (MB)
	740  -  ResidentSetSize of job (KB)
...
006 (14998214.161.000) 2025-12-03 02:58:27 Image size of job updated: 22552
	1  -  MemoryUsage of job (MB)
	752  -  ResidentSetSize of job (KB)
...
006 (14998214.161.000) 2025-12-03 03:03:27 Image size of job updated: 22552
	1  -  MemoryUsage of job (MB)
	760  -  ResidentSetSize of job (KB)
...
006 (14998214.161.000) 2025-12-03 03:08:28 Image size of job updated: 22552
	1  -  MemoryUsage of job (MB)
	772  -  ResidentSetSize of job (KB)
...
006 (14998214.161.000) 2025-12-03 03:13:28 Image size of job updated: 22552
	1  -  MemoryUsage of job (MB)
	784  -  ResidentSetSize of job (KB)
...
006 (14998214.161.000) 2025-12-03 03:18:28 Image size of job updated: 22552
	1  -  MemoryUsage of job (MB)
	796  -  ResidentSetSize of job (KB)
...
006 (14998214.161.000) 2025-12-03 03:23:29 Image size of job updated: 22552
	1  -  MemoryUsage of job (MB)
	800  -  ResidentSetSize of job (KB)
...
006 (14998214.161.000) 2025-12-03 03:28:29 Image size of job updated: 22552
	1  -  MemoryUsage of job (MB)
	812  -  ResidentSetSize of job (KB)
...
006 (14998214.161.000) 2025-12-03 03:33:29 Image size of job updated: 22552
	1  -  MemoryUsage of job (MB)
	820  -  ResidentSetSize of job (KB)
...
006 (14998214.161.000) 2025-12-03 03:38:30 Image size of job updated: 22552
	1  -  MemoryUsage of job (MB)
	832  -  ResidentSetSize of job (KB)
...
006 (14998214.161.000) 2025-12-03 03:43:31 Image size of job updated: 22684
	1  -  MemoryUsage of job (MB)
	840  -  ResidentSetSize of job (KB)
...
006 (14998214.161.000) 2025-12-03 03:48:31 Image size of job updated: 22684
	1  -  MemoryUsage of job (MB)
	852  -  ResidentSetSize of job (KB)
...
006 (14998214.161.000) 2025-12-03 03:53:32 Image size of job updated: 22684
	1  -  MemoryUsage of job (MB)
	860  -  ResidentSetSize of job (KB)
...
006 (14998214.161.000) 2025-12-03 03:58:33 Image size of job updated: 22684
	1  -  MemoryUsage of job (MB)
	868  -  ResidentSetSize of job (KB)
...
006 (14998214.161.000) 2025-12-03 04:03:33 Image size of job updated: 22684
	1  -  MemoryUsage of job (MB)
	884  -  ResidentSetSize of job (KB)
...
006 (14998214.161.000) 2025-12-03 04:08:33 Image size of job updated: 22684
	1  -  MemoryUsage of job (MB)
	896  -  ResidentSetSize of job (KB)
...
006 (14998214.161.000) 2025-12-03 04:13:34 Image size of job updated: 22684
	1  -  MemoryUsage of job (MB)
	904  -  ResidentSetSize of job (KB)
...
006 (14998214.161.000) 2025-12-03 04:18:34 Image size of job updated: 22684
	1  -  MemoryUsage of job (MB)
	920  -  ResidentSetSize of job (KB)
...
006 (14998214.161.000) 2025-12-03 04:23:35 Image size of job updated: 22684
	1  -  MemoryUsage of job (MB)
	928  -  ResidentSetSize of job (KB)
...
006 (14998214.161.000) 2025-12-03 04:28:36 Image size of job updated: 22684
	1  -  MemoryUsage of job (MB)
	940  -  ResidentSetSize of job (KB)
...
006 (14998214.161.000) 2025-12-03 04:33:36 Image size of job updated: 22684
	1  -  MemoryUsage of job (MB)
	952  -  ResidentSetSize of job (KB)
...
006 (14998214.161.000) 2025-12-03 04:38:36 Image size of job updated: 22684
	1  -  MemoryUsage of job (MB)
	960  -  ResidentSetSize of job (KB)
...
006 (14998214.161.000) 2025-12-03 04:43:37 Image size of job updated: 22816
	1  -  MemoryUsage of job (MB)
	968  -  ResidentSetSize of job (KB)
...
006 (14998214.161.000) 2025-12-03 04:48:37 Image size of job updated: 22816
	1  -  MemoryUsage of job (MB)
	980  -  ResidentSetSize of job (KB)
...
006 (14998214.161.000) 2025-12-03 04:53:37 Image size of job updated: 22816
	1  -  MemoryUsage of job (MB)
	988  -  ResidentSetSize of job (KB)
...
006 (14998214.161.000) 2025-12-03 04:58:39 Image size of job updated: 22816
	1  -  MemoryUsage of job (MB)
	1000  -  ResidentSetSize of job (KB)
...
006 (14998214.161.000) 2025-12-03 05:03:39 Image size of job updated: 22816
	1  -  MemoryUsage of job (MB)
	1008  -  ResidentSetSize of job (KB)
...
006 (14998214.161.000) 2025-12-03 05:08:39 Image size of job updated: 22816
	1  -  MemoryUsage of job (MB)
	1016  -  ResidentSetSize of job (KB)
...
006 (14998214.161.000) 2025-12-03 05:13:40 Image size of job updated: 22816
	2  -  MemoryUsage of job (MB)
	1028  -  ResidentSetSize of job (KB)
...
006 (14998214.161.000) 2025-12-03 05:18:41 Image size of job updated: 22816
	2  -  MemoryUsage of job (MB)
	1036  -  ResidentSetSize of job (KB)
...
006 (14998214.161.000) 2025-12-03 05:23:41 Image size of job updated: 22816
	2  -  MemoryUsage of job (MB)
	1048  -  ResidentSetSize of job (KB)
...
006 (14998214.161.000) 2025-12-03 05:28:42 Image size of job updated: 22816
	2  -  MemoryUsage of job (MB)
	1056  -  ResidentSetSize of job (KB)
...
006 (14998214.161.000) 2025-12-03 05:33:43 Image size of job updated: 22816
	2  -  MemoryUsage of job (MB)
	1068  -  ResidentSetSize of job (KB)
...
006 (14998214.161.000) 2025-12-03 05:38:43 Image size of job updated: 22816
	2  -  MemoryUsage of job (MB)
	1076  -  ResidentSetSize of job (KB)
...
006 (14998214.161.000) 2025-12-03 05:43:43 Image size of job updated: 22816
	2  -  MemoryUsage of job (MB)
	1088  -  ResidentSetSize of job (KB)
...
006 (14998214.161.000) 2025-12-03 05:48:44 Image size of job updated: 22948
	2  -  MemoryUsage of job (MB)
	1092  -  ResidentSetSize of job (KB)
...
006 (14998214.161.000) 2025-12-03 05:53:45 Image size of job updated: 22948
	2  -  MemoryUsage of job (MB)
	1100  -  ResidentSetSize of job (KB)
...
006 (14998214.161.000) 2025-12-03 05:58:45 Image size of job updated: 22948
	2  -  MemoryUsage of job (MB)
	1112  -  ResidentSetSize of job (KB)
...
006 (14998214.161.000) 2025-12-03 06:03:46 Image size of job updated: 22948
	2  -  MemoryUsage of job (MB)
	1120  -  ResidentSetSize of job (KB)
...
006 (14998214.161.000) 2025-12-03 06:08:47 Image size of job updated: 22948
	2  -  MemoryUsage of job (MB)
	1132  -  ResidentSetSize of job (KB)
...
006 (14998214.161.000) 2025-12-03 06:13:47 Image size of job updated: 22948
	2  -  MemoryUsage of job (MB)
	1140  -  ResidentSetSize of job (KB)
...
006 (14998214.161.000) 2025-12-03 06:18:47 Image size of job updated: 22948
	2  -  MemoryUsage of job (MB)
	1152  -  ResidentSetSize of job (KB)
...
006 (14998214.161.000) 2025-12-03 06:23:48 Image size of job updated: 22948
	2  -  MemoryUsage of job (MB)
	1160  -  ResidentSetSize of job (KB)
...
006 (14998214.161.000) 2025-12-03 06:28:48 Image size of job updated: 22948
	2  -  MemoryUsage of job (MB)
	1172  -  ResidentSetSize of job (KB)
...
006 (14998214.161.000) 2025-12-03 06:33:48 Image size of job updated: 22948
	2  -  MemoryUsage of job (MB)
	1180  -  ResidentSetSize of job (KB)
...
006 (14998214.161.000) 2025-12-03 06:38:49 Image size of job updated: 22948
	2  -  MemoryUsage of job (MB)
	1184  -  ResidentSetSize of job (KB)
...
006 (14998214.161.000) 2025-12-03 06:43:50 Image size of job updated: 22948
	2  -  MemoryUsage of job (MB)
	1196  -  ResidentSetSize of job (KB)
...
006 (14998214.161.000) 2025-12-03 06:48:50 Image size of job updated: 22948
	2  -  MemoryUsage of job (MB)
	1204  -  ResidentSetSize of job (KB)
...
006 (14998214.161.000) 2025-12-03 06:53:51 Image size of job updated: 22948
	2  -  MemoryUsage of job (MB)
	1216  -  ResidentSetSize of job (KB)
...
006 (14998214.161.000) 2025-12-03 06:58:52 Image size of job updated: 23080
	2  -  MemoryUsage of job (MB)
	1224  -  ResidentSetSize of job (KB)
...
006 (14998214.161.000) 2025-12-03 07:03:52 Image size of job updated: 23080
	2  -  MemoryUsage of job (MB)
	1232  -  ResidentSetSize of job (KB)
...
006 (14998214.161.000) 2025-12-03 07:08:53 Image size of job updated: 23080
	2  -  MemoryUsage of job (MB)
	1240  -  ResidentSetSize of job (KB)
...
006 (14998214.161.000) 2025-12-03 07:13:54 Image size of job updated: 23080
	2  -  MemoryUsage of job (MB)
	1248  -  ResidentSetSize of job (KB)
...
006 (14998214.161.000) 2025-12-03 07:18:54 Image size of job updated: 23080
	2  -  MemoryUsage of job (MB)
	1260  -  ResidentSetSize of job (KB)
...
006 (14998214.161.000) 2025-12-03 07:23:56 Image size of job updated: 23080
	2  -  MemoryUsage of job (MB)
	1268  -  ResidentSetSize of job (KB)
...
006 (14998214.161.000) 2025-12-03 07:28:56 Image size of job updated: 23080
	2  -  MemoryUsage of job (MB)
	1276  -  ResidentSetSize of job (KB)
...
006 (14998214.161.000) 2025-12-03 07:33:56 Image size of job updated: 23080
	2  -  MemoryUsage of job (MB)
	1284  -  ResidentSetSize of job (KB)
...
006 (14998214.161.000) 2025-12-03 07:38:57 Image size of job updated: 23080
	2  -  MemoryUsage of job (MB)
	1292  -  ResidentSetSize of job (KB)
...
006 (14998214.161.000) 2025-12-03 07:43:58 Image size of job updated: 23080
	2  -  MemoryUsage of job (MB)
	1300  -  ResidentSetSize of job (KB)
...
040 (14998214.161.000) 2025-12-03 07:44:52 Started transferring output files
...
040 (14998214.161.000) 2025-12-03 07:44:52 Finished transferring output files
...
005 (14998214.161.000) 2025-12-03 07:44:52 Job terminated.
	(1) Normal termination (return value 0)
		Usr 0 08:16:38, Sys 0 00:00:03  -  Run Remote Usage
		Usr 0 00:00:00, Sys 0 00:00:00  -  Run Local Usage
		Usr 0 08:16:38, Sys 0 00:00:03  -  Total Remote Usage
		Usr 0 00:00:00, Sys 0 00:00:00  -  Total Local Usage
	113365  -  Run Bytes Sent By Job
	295302  -  Run Bytes Received By Job
	113365  -  Total Bytes Sent By Job
	295302  -  Total Bytes Received By Job
	Partitionable Resources :    Usage  Request Allocated 
	   Cpus                 :     1.00        1         1 
	   Disk (KB)            :   432     2097152   6681578 
	   Memory (MB)          :     2        4096      4096 
	   xferslots            :                           0 

	Job terminated of its own accord at 2025-12-03T12:44:52Z with exit-code 0.
...
