000 (14998214.179.000) 2025-12-02 23:07:12 Job submitted from host: <130.199.48.129:9618?addrs=130.199.48.129-9618&alias=rcas6009.rcf.bnl.gov&noUDP&sock=schedd_22421_101d>
...
040 (14998214.179.000) 2025-12-02 23:40:10 Started transferring input files
	Transferring to host: <130.199.184.203:9618?addrs=130.199.184.203-9618&alias=spool1778.sdcc.bnl.gov&noUDP&sock=slot1_27_94071_68ac_52423>
...
040 (14998214.179.000) 2025-12-02 23:40:13 Finished transferring input files
...
001 (14998214.179.000) 2025-12-02 23:40:14 Job executing on host: <130.199.184.203:9618?addrs=130.199.184.203-9618&alias=spool1778.sdcc.bnl.gov&noUDP&sock=startd_94062_88f8>
...
006 (14998214.179.000) 2025-12-02 23:40:23 Image size of job updated: 22160
	1  -  MemoryUsage of job (MB)
	372  -  ResidentSetSize of job (KB)
...
006 (14998214.179.000) 2025-12-02 23:45:23 Image size of job updated: 22160
	1  -  MemoryUsage of job (MB)
	376  -  ResidentSetSize of job (KB)
...
006 (14998214.179.000) 2025-12-02 23:50:24 Image size of job updated: 22160
	1  -  MemoryUsage of job (MB)
	388  -  ResidentSetSize of job (KB)
...
006 (14998214.179.000) 2025-12-02 23:55:25 Image size of job updated: 22160
	1  -  MemoryUsage of job (MB)
	396  -  ResidentSetSize of job (KB)
...
006 (14998214.179.000) 2025-12-03 00:00:25 Image size of job updated: 22160
	1  -  MemoryUsage of job (MB)
	408  -  ResidentSetSize of job (KB)
...
006 (14998214.179.000) 2025-12-03 00:05:26 Image size of job updated: 22160
	1  -  MemoryUsage of job (MB)
	416  -  ResidentSetSize of job (KB)
...
006 (14998214.179.000) 2025-12-03 00:10:27 Image size of job updated: 22160
	1  -  MemoryUsage of job (MB)
	424  -  ResidentSetSize of job (KB)
...
006 (14998214.179.000) 2025-12-03 00:15:27 Image size of job updated: 22160
	1  -  MemoryUsage of job (MB)
	436  -  ResidentSetSize of job (KB)
...
006 (14998214.179.000) 2025-12-03 00:20:28 Image size of job updated: 22160
	1  -  MemoryUsage of job (MB)
	440  -  ResidentSetSize of job (KB)
...
006 (14998214.179.000) 2025-12-03 00:25:29 Image size of job updated: 22160
	1  -  MemoryUsage of job (MB)
	452  -  ResidentSetSize of job (KB)
...
006 (14998214.179.000) 2025-12-03 00:30:29 Image size of job updated: 22160
	1  -  MemoryUsage of job (MB)
	464  -  ResidentSetSize of job (KB)
...
006 (14998214.179.000) 2025-12-03 00:35:29 Image size of job updated: 22160
	1  -  MemoryUsage of job (MB)
	472  -  ResidentSetSize of job (KB)
...
006 (14998214.179.000) 2025-12-03 00:40:30 Image size of job updated: 22160
	1  -  MemoryUsage of job (MB)
	484  -  ResidentSetSize of job (KB)
...
006 (14998214.179.000) 2025-12-03 00:45:30 Image size of job updated: 22292
	1  -  MemoryUsage of job (MB)
	488  -  ResidentSetSize of job (KB)
...
006 (14998214.179.000) 2025-12-03 00:50:30 Image size of job updated: 22292
	1  -  MemoryUsage of job (MB)
	500  -  ResidentSetSize of job (KB)
...
006 (14998214.179.000) 2025-12-03 00:55:31 Image size of job updated: 22292
	1  -  MemoryUsage of job (MB)
	508  -  ResidentSetSize of job (KB)
...
006 (14998214.179.000) 2025-12-03 01:05:31 Image size of job updated: 22292
	1  -  MemoryUsage of job (MB)
	512  -  ResidentSetSize of job (KB)
...
006 (14998214.179.000) 2025-12-03 01:10:32 Image size of job updated: 22292
	1  -  MemoryUsage of job (MB)
	520  -  ResidentSetSize of job (KB)
...
006 (14998214.179.000) 2025-12-03 01:32:28 Image size of job updated: 22292
	1  -  MemoryUsage of job (MB)
	532  -  ResidentSetSize of job (KB)
...
006 (14998214.179.000) 2025-12-03 01:39:10 Image size of job updated: 22292
	1  -  MemoryUsage of job (MB)
	544  -  ResidentSetSize of job (KB)
...
006 (14998214.179.000) 2025-12-03 01:44:20 Image size of job updated: 22292
	1  -  MemoryUsage of job (MB)
	556  -  ResidentSetSize of job (KB)
...
006 (14998214.179.000) 2025-12-03 01:49:21 Image size of job updated: 22292
	1  -  MemoryUsage of job (MB)
	560  -  ResidentSetSize of job (KB)
...
006 (14998214.179.000) 2025-12-03 01:54:21 Image size of job updated: 22292
	1  -  MemoryUsage of job (MB)
	568  -  ResidentSetSize of job (KB)
...
006 (14998214.179.000) 2025-12-03 01:59:21 Image size of job updated: 22292
	1  -  MemoryUsage of job (MB)
	580  -  ResidentSetSize of job (KB)
...
006 (14998214.179.000) 2025-12-03 02:04:22 Image size of job updated: 22424
	1  -  MemoryUsage of job (MB)
	588  -  ResidentSetSize of job (KB)
...
006 (14998214.179.000) 2025-12-03 02:09:22 Image size of job updated: 22424
	1  -  MemoryUsage of job (MB)
	596  -  ResidentSetSize of job (KB)
...
006 (14998214.179.000) 2025-12-03 02:14:22 Image size of job updated: 22424
	1  -  MemoryUsage of job (MB)
	604  -  ResidentSetSize of job (KB)
...
006 (14998214.179.000) 2025-12-03 02:19:24 Image size of job updated: 22424
	1  -  MemoryUsage of job (MB)
	612  -  ResidentSetSize of job (KB)
...
006 (14998214.179.000) 2025-12-03 02:24:24 Image size of job updated: 22424
	1  -  MemoryUsage of job (MB)
	620  -  ResidentSetSize of job (KB)
...
006 (14998214.179.000) 2025-12-03 02:29:24 Image size of job updated: 22424
	1  -  MemoryUsage of job (MB)
	628  -  ResidentSetSize of job (KB)
...
006 (14998214.179.000) 2025-12-03 02:34:25 Image size of job updated: 22424
	1  -  MemoryUsage of job (MB)
	640  -  ResidentSetSize of job (KB)
...
006 (14998214.179.000) 2025-12-03 02:39:26 Image size of job updated: 22424
	1  -  MemoryUsage of job (MB)
	648  -  ResidentSetSize of job (KB)
...
006 (14998214.179.000) 2025-12-03 02:44:26 Image size of job updated: 22424
	1  -  MemoryUsage of job (MB)
	656  -  ResidentSetSize of job (KB)
...
006 (14998214.179.000) 2025-12-03 02:49:27 Image size of job updated: 22424
	1  -  MemoryUsage of job (MB)
	668  -  ResidentSetSize of job (KB)
...
006 (14998214.179.000) 2025-12-03 02:59:28 Image size of job updated: 22424
	1  -  MemoryUsage of job (MB)
	680  -  ResidentSetSize of job (KB)
...
006 (14998214.179.000) 2025-12-03 03:04:28 Image size of job updated: 22424
	1  -  MemoryUsage of job (MB)
	688  -  ResidentSetSize of job (KB)
...
006 (14998214.179.000) 2025-12-03 03:09:30 Image size of job updated: 22424
	1  -  MemoryUsage of job (MB)
	696  -  ResidentSetSize of job (KB)
...
006 (14998214.179.000) 2025-12-03 03:14:30 Image size of job updated: 22424
	1  -  MemoryUsage of job (MB)
	708  -  ResidentSetSize of job (KB)
...
006 (14998214.179.000) 2025-12-03 03:19:31 Image size of job updated: 22552
	1  -  MemoryUsage of job (MB)
	716  -  ResidentSetSize of job (KB)
...
006 (14998214.179.000) 2025-12-03 03:24:32 Image size of job updated: 22552
	1  -  MemoryUsage of job (MB)
	728  -  ResidentSetSize of job (KB)
...
006 (14998214.179.000) 2025-12-03 03:29:32 Image size of job updated: 22552
	1  -  MemoryUsage of job (MB)
	736  -  ResidentSetSize of job (KB)
...
006 (14998214.179.000) 2025-12-03 03:34:32 Image size of job updated: 22552
	1  -  MemoryUsage of job (MB)
	748  -  ResidentSetSize of job (KB)
...
006 (14998214.179.000) 2025-12-03 03:39:33 Image size of job updated: 22552
	1  -  MemoryUsage of job (MB)
	756  -  ResidentSetSize of job (KB)
...
006 (14998214.179.000) 2025-12-03 03:44:33 Image size of job updated: 22552
	1  -  MemoryUsage of job (MB)
	768  -  ResidentSetSize of job (KB)
...
006 (14998214.179.000) 2025-12-03 03:49:33 Image size of job updated: 22552
	1  -  MemoryUsage of job (MB)
	776  -  ResidentSetSize of job (KB)
...
006 (14998214.179.000) 2025-12-03 03:54:34 Image size of job updated: 22552
	1  -  MemoryUsage of job (MB)
	784  -  ResidentSetSize of job (KB)
...
006 (14998214.179.000) 2025-12-03 03:59:35 Image size of job updated: 22552
	1  -  MemoryUsage of job (MB)
	796  -  ResidentSetSize of job (KB)
...
006 (14998214.179.000) 2025-12-03 04:04:35 Image size of job updated: 22552
	1  -  MemoryUsage of job (MB)
	804  -  ResidentSetSize of job (KB)
...
006 (14998214.179.000) 2025-12-03 04:09:36 Image size of job updated: 22552
	1  -  MemoryUsage of job (MB)
	816  -  ResidentSetSize of job (KB)
...
006 (14998214.179.000) 2025-12-03 04:14:36 Image size of job updated: 22552
	1  -  MemoryUsage of job (MB)
	824  -  ResidentSetSize of job (KB)
...
006 (14998214.179.000) 2025-12-03 04:19:36 Image size of job updated: 22684
	1  -  MemoryUsage of job (MB)
	836  -  ResidentSetSize of job (KB)
...
006 (14998214.179.000) 2025-12-03 04:24:37 Image size of job updated: 22684
	1  -  MemoryUsage of job (MB)
	844  -  ResidentSetSize of job (KB)
...
006 (14998214.179.000) 2025-12-03 04:29:38 Image size of job updated: 22684
	1  -  MemoryUsage of job (MB)
	852  -  ResidentSetSize of job (KB)
...
006 (14998214.179.000) 2025-12-03 04:34:38 Image size of job updated: 22684
	1  -  MemoryUsage of job (MB)
	856  -  ResidentSetSize of job (KB)
...
006 (14998214.179.000) 2025-12-03 04:39:39 Image size of job updated: 22684
	1  -  MemoryUsage of job (MB)
	864  -  ResidentSetSize of job (KB)
...
006 (14998214.179.000) 2025-12-03 04:44:40 Image size of job updated: 22684
	1  -  MemoryUsage of job (MB)
	876  -  ResidentSetSize of job (KB)
...
006 (14998214.179.000) 2025-12-03 04:49:40 Image size of job updated: 22684
	1  -  MemoryUsage of job (MB)
	884  -  ResidentSetSize of job (KB)
...
006 (14998214.179.000) 2025-12-03 04:54:40 Image size of job updated: 22684
	1  -  MemoryUsage of job (MB)
	896  -  ResidentSetSize of job (KB)
...
006 (14998214.179.000) 2025-12-03 04:59:41 Image size of job updated: 22684
	1  -  MemoryUsage of job (MB)
	904  -  ResidentSetSize of job (KB)
...
006 (14998214.179.000) 2025-12-03 05:04:41 Image size of job updated: 22684
	1  -  MemoryUsage of job (MB)
	916  -  ResidentSetSize of job (KB)
...
006 (14998214.179.000) 2025-12-03 05:09:41 Image size of job updated: 22684
	1  -  MemoryUsage of job (MB)
	924  -  ResidentSetSize of job (KB)
...
006 (14998214.179.000) 2025-12-03 05:14:42 Image size of job updated: 22684
	1  -  MemoryUsage of job (MB)
	936  -  ResidentSetSize of job (KB)
...
006 (14998214.179.000) 2025-12-03 05:19:43 Image size of job updated: 22684
	1  -  MemoryUsage of job (MB)
	944  -  ResidentSetSize of job (KB)
...
006 (14998214.179.000) 2025-12-03 05:24:43 Image size of job updated: 22684
	1  -  MemoryUsage of job (MB)
	956  -  ResidentSetSize of job (KB)
...
006 (14998214.179.000) 2025-12-03 05:29:44 Image size of job updated: 22816
	1  -  MemoryUsage of job (MB)
	964  -  ResidentSetSize of job (KB)
...
006 (14998214.179.000) 2025-12-03 05:34:45 Image size of job updated: 22816
	1  -  MemoryUsage of job (MB)
	972  -  ResidentSetSize of job (KB)
...
006 (14998214.179.000) 2025-12-03 05:39:45 Image size of job updated: 22816
	1  -  MemoryUsage of job (MB)
	984  -  ResidentSetSize of job (KB)
...
006 (14998214.179.000) 2025-12-03 05:44:45 Image size of job updated: 22816
	1  -  MemoryUsage of job (MB)
	992  -  ResidentSetSize of job (KB)
...
006 (14998214.179.000) 2025-12-03 05:49:46 Image size of job updated: 22816
	1  -  MemoryUsage of job (MB)
	1004  -  ResidentSetSize of job (KB)
...
006 (14998214.179.000) 2025-12-03 05:54:46 Image size of job updated: 22816
	1  -  MemoryUsage of job (MB)
	1012  -  ResidentSetSize of job (KB)
...
006 (14998214.179.000) 2025-12-03 05:59:46 Image size of job updated: 22816
	1  -  MemoryUsage of job (MB)
	1024  -  ResidentSetSize of job (KB)
...
006 (14998214.179.000) 2025-12-03 06:04:47 Image size of job updated: 22816
	2  -  MemoryUsage of job (MB)
	1036  -  ResidentSetSize of job (KB)
...
006 (14998214.179.000) 2025-12-03 06:09:48 Image size of job updated: 22816
	2  -  MemoryUsage of job (MB)
	1048  -  ResidentSetSize of job (KB)
...
006 (14998214.179.000) 2025-12-03 06:14:48 Image size of job updated: 22816
	2  -  MemoryUsage of job (MB)
	1056  -  ResidentSetSize of job (KB)
...
006 (14998214.179.000) 2025-12-03 06:19:49 Image size of job updated: 22816
	2  -  MemoryUsage of job (MB)
	1068  -  ResidentSetSize of job (KB)
...
006 (14998214.179.000) 2025-12-03 06:24:50 Image size of job updated: 22816
	2  -  MemoryUsage of job (MB)
	1076  -  ResidentSetSize of job (KB)
...
006 (14998214.179.000) 2025-12-03 06:29:50 Image size of job updated: 22816
	2  -  MemoryUsage of job (MB)
	1092  -  ResidentSetSize of job (KB)
...
006 (14998214.179.000) 2025-12-03 06:34:50 Image size of job updated: 22948
	2  -  MemoryUsage of job (MB)
	1100  -  ResidentSetSize of job (KB)
...
006 (14998214.179.000) 2025-12-03 06:49:51 Image size of job updated: 22948
	2  -  MemoryUsage of job (MB)
	1104  -  ResidentSetSize of job (KB)
...
006 (14998214.179.000) 2025-12-03 06:54:52 Image size of job updated: 22948
	2  -  MemoryUsage of job (MB)
	1112  -  ResidentSetSize of job (KB)
...
006 (14998214.179.000) 2025-12-03 06:59:53 Image size of job updated: 22948
	2  -  MemoryUsage of job (MB)
	1116  -  ResidentSetSize of job (KB)
...
006 (14998214.179.000) 2025-12-03 07:04:53 Image size of job updated: 22948
	2  -  MemoryUsage of job (MB)
	1120  -  ResidentSetSize of job (KB)
...
006 (14998214.179.000) 2025-12-03 07:09:54 Image size of job updated: 22948
	2  -  MemoryUsage of job (MB)
	1128  -  ResidentSetSize of job (KB)
...
006 (14998214.179.000) 2025-12-03 07:14:54 Image size of job updated: 22948
	2  -  MemoryUsage of job (MB)
	1140  -  ResidentSetSize of job (KB)
...
006 (14998214.179.000) 2025-12-03 07:19:54 Image size of job updated: 22948
	2  -  MemoryUsage of job (MB)
	1144  -  ResidentSetSize of job (KB)
...
006 (14998214.179.000) 2025-12-03 07:24:55 Image size of job updated: 22948
	2  -  MemoryUsage of job (MB)
	1156  -  ResidentSetSize of job (KB)
...
006 (14998214.179.000) 2025-12-03 07:29:55 Image size of job updated: 22948
	2  -  MemoryUsage of job (MB)
	1164  -  ResidentSetSize of job (KB)
...
006 (14998214.179.000) 2025-12-03 07:34:55 Image size of job updated: 22948
	2  -  MemoryUsage of job (MB)
	1176  -  ResidentSetSize of job (KB)
...
006 (14998214.179.000) 2025-12-03 07:39:56 Image size of job updated: 23080
	2  -  MemoryUsage of job (MB)
	1184  -  ResidentSetSize of job (KB)
...
006 (14998214.179.000) 2025-12-03 07:59:59 Image size of job updated: 23080
	2  -  MemoryUsage of job (MB)
	1188  -  ResidentSetSize of job (KB)
...
006 (14998214.179.000) 2025-12-03 08:04:59 Image size of job updated: 23080
	2  -  MemoryUsage of job (MB)
	1196  -  ResidentSetSize of job (KB)
...
006 (14998214.179.000) 2025-12-03 08:09:59 Image size of job updated: 23080
	2  -  MemoryUsage of job (MB)
	1204  -  ResidentSetSize of job (KB)
...
006 (14998214.179.000) 2025-12-03 08:15:00 Image size of job updated: 23080
	2  -  MemoryUsage of job (MB)
	1216  -  ResidentSetSize of job (KB)
...
006 (14998214.179.000) 2025-12-03 08:20:00 Image size of job updated: 23080
	2  -  MemoryUsage of job (MB)
	1224  -  ResidentSetSize of job (KB)
...
040 (14998214.179.000) 2025-12-03 08:24:03 Started transferring output files
...
040 (14998214.179.000) 2025-12-03 08:24:03 Finished transferring output files
...
005 (14998214.179.000) 2025-12-03 08:24:03 Job terminated.
	(1) Normal termination (return value 0)
		Usr 0 08:42:48, Sys 0 00:00:01  -  Run Remote Usage
		Usr 0 00:00:00, Sys 0 00:00:00  -  Run Local Usage
		Usr 0 08:42:48, Sys 0 00:00:01  -  Total Remote Usage
		Usr 0 00:00:00, Sys 0 00:00:00  -  Total Local Usage
	113365  -  Run Bytes Sent By Job
	371787  -  Run Bytes Received By Job
	113365  -  Total Bytes Sent By Job
	371787  -  Total Bytes Received By Job
	Partitionable Resources :    Usage  Request Allocated 
	   Cpus                 :     1.00        1         1 
	   Disk (KB)            :   507     2097152   6681575 
	   Memory (MB)          :     2        4096      4096 
	   xferslots            :                           0 

	Job terminated of its own accord at 2025-12-03T13:24:03Z with exit-code 0.
...
