000 (14998214.097.000) 2025-12-02 23:07:12 Job submitted from host: <130.199.48.129:9618?addrs=130.199.48.129-9618&alias=rcas6009.rcf.bnl.gov&noUDP&sock=schedd_22421_101d>
...
040 (14998214.097.000) 2025-12-02 23:14:36 Started transferring input files
	Transferring to host: <130.199.150.68:9618?addrs=130.199.150.68-9618&alias=spool1549.sdcc.bnl.gov&noUDP&sock=slot1_66_55458_cf75_49012>
...
040 (14998214.097.000) 2025-12-02 23:14:38 Finished transferring input files
...
001 (14998214.097.000) 2025-12-02 23:14:39 Job executing on host: <130.199.150.68:9618?addrs=130.199.150.68-9618&alias=spool1549.sdcc.bnl.gov&noUDP&sock=startd_55447_6001>
...
006 (14998214.097.000) 2025-12-02 23:14:47 Image size of job updated: 22160
	1  -  MemoryUsage of job (MB)
	376  -  ResidentSetSize of job (KB)
...
006 (14998214.097.000) 2025-12-02 23:19:47 Image size of job updated: 22160
	1  -  MemoryUsage of job (MB)
	384  -  ResidentSetSize of job (KB)
...
006 (14998214.097.000) 2025-12-02 23:24:48 Image size of job updated: 22160
	1  -  MemoryUsage of job (MB)
	396  -  ResidentSetSize of job (KB)
...
006 (14998214.097.000) 2025-12-02 23:54:51 Image size of job updated: 22160
	1  -  MemoryUsage of job (MB)
	404  -  ResidentSetSize of job (KB)
...
006 (14998214.097.000) 2025-12-02 23:59:52 Image size of job updated: 22160
	1  -  MemoryUsage of job (MB)
	416  -  ResidentSetSize of job (KB)
...
006 (14998214.097.000) 2025-12-03 00:14:54 Image size of job updated: 22292
	1  -  MemoryUsage of job (MB)
	416  -  ResidentSetSize of job (KB)
...
006 (14998214.097.000) 2025-12-03 00:49:58 Image size of job updated: 22292
	1  -  MemoryUsage of job (MB)
	420  -  ResidentSetSize of job (KB)
...
006 (14998214.097.000) 2025-12-03 00:59:58 Image size of job updated: 22292
	1  -  MemoryUsage of job (MB)
	432  -  ResidentSetSize of job (KB)
...
006 (14998214.097.000) 2025-12-03 01:04:59 Image size of job updated: 22292
	1  -  MemoryUsage of job (MB)
	440  -  ResidentSetSize of job (KB)
...
006 (14998214.097.000) 2025-12-03 01:09:59 Image size of job updated: 22292
	1  -  MemoryUsage of job (MB)
	452  -  ResidentSetSize of job (KB)
...
006 (14998214.097.000) 2025-12-03 01:20:54 Image size of job updated: 22292
	1  -  MemoryUsage of job (MB)
	460  -  ResidentSetSize of job (KB)
...
022 (14998214.097.000) 2025-12-03 01:20:54 Job disconnected, attempting to reconnect
    Socket between submit and execute hosts closed unexpectedly
    Trying to reconnect to slot1_66@spool1549.sdcc.bnl.gov <130.199.150.68:9618?addrs=130.199.150.68-9618&alias=spool1549.sdcc.bnl.gov&noUDP&sock=startd_55447_6001>
...
023 (14998214.097.000) 2025-12-03 01:20:54 Job reconnected to slot1_66@spool1549.sdcc.bnl.gov
    startd address: <130.199.150.68:9618?addrs=130.199.150.68-9618&alias=spool1549.sdcc.bnl.gov&noUDP&sock=startd_55447_6001>
    starter address: <130.199.150.68:9618?addrs=130.199.150.68-9618&alias=spool1549.sdcc.bnl.gov&noUDP&sock=slot1_66_55458_cf75_49012>
...
006 (14998214.097.000) 2025-12-03 01:38:39 Image size of job updated: 22424
	1  -  MemoryUsage of job (MB)
	504  -  ResidentSetSize of job (KB)
...
006 (14998214.097.000) 2025-12-03 02:01:24 Image size of job updated: 22424
	1  -  MemoryUsage of job (MB)
	512  -  ResidentSetSize of job (KB)
...
006 (14998214.097.000) 2025-12-03 02:06:31 Image size of job updated: 22424
	1  -  MemoryUsage of job (MB)
	520  -  ResidentSetSize of job (KB)
...
006 (14998214.097.000) 2025-12-03 02:11:31 Image size of job updated: 22424
	1  -  MemoryUsage of job (MB)
	532  -  ResidentSetSize of job (KB)
...
006 (14998214.097.000) 2025-12-03 02:16:32 Image size of job updated: 22424
	1  -  MemoryUsage of job (MB)
	540  -  ResidentSetSize of job (KB)
...
006 (14998214.097.000) 2025-12-03 02:21:33 Image size of job updated: 22424
	1  -  MemoryUsage of job (MB)
	552  -  ResidentSetSize of job (KB)
...
006 (14998214.097.000) 2025-12-03 02:26:33 Image size of job updated: 22424
	1  -  MemoryUsage of job (MB)
	560  -  ResidentSetSize of job (KB)
...
006 (14998214.097.000) 2025-12-03 02:31:34 Image size of job updated: 22424
	1  -  MemoryUsage of job (MB)
	564  -  ResidentSetSize of job (KB)
...
006 (14998214.097.000) 2025-12-03 02:36:35 Image size of job updated: 22424
	1  -  MemoryUsage of job (MB)
	576  -  ResidentSetSize of job (KB)
...
006 (14998214.097.000) 2025-12-03 02:41:35 Image size of job updated: 22552
	1  -  MemoryUsage of job (MB)
	584  -  ResidentSetSize of job (KB)
...
006 (14998214.097.000) 2025-12-03 02:46:35 Image size of job updated: 22552
	1  -  MemoryUsage of job (MB)
	596  -  ResidentSetSize of job (KB)
...
006 (14998214.097.000) 2025-12-03 02:51:36 Image size of job updated: 22552
	1  -  MemoryUsage of job (MB)
	604  -  ResidentSetSize of job (KB)
...
006 (14998214.097.000) 2025-12-03 02:56:36 Image size of job updated: 22552
	1  -  MemoryUsage of job (MB)
	616  -  ResidentSetSize of job (KB)
...
006 (14998214.097.000) 2025-12-03 03:01:36 Image size of job updated: 22552
	1  -  MemoryUsage of job (MB)
	620  -  ResidentSetSize of job (KB)
...
006 (14998214.097.000) 2025-12-03 03:06:38 Image size of job updated: 22552
	1  -  MemoryUsage of job (MB)
	628  -  ResidentSetSize of job (KB)
...
006 (14998214.097.000) 2025-12-03 03:11:38 Image size of job updated: 22552
	1  -  MemoryUsage of job (MB)
	640  -  ResidentSetSize of job (KB)
...
006 (14998214.097.000) 2025-12-03 03:16:38 Image size of job updated: 22552
	1  -  MemoryUsage of job (MB)
	648  -  ResidentSetSize of job (KB)
...
006 (14998214.097.000) 2025-12-03 03:21:39 Image size of job updated: 22552
	1  -  MemoryUsage of job (MB)
	660  -  ResidentSetSize of job (KB)
...
006 (14998214.097.000) 2025-12-03 03:26:40 Image size of job updated: 22552
	1  -  MemoryUsage of job (MB)
	668  -  ResidentSetSize of job (KB)
...
006 (14998214.097.000) 2025-12-03 03:31:40 Image size of job updated: 22552
	1  -  MemoryUsage of job (MB)
	680  -  ResidentSetSize of job (KB)
...
006 (14998214.097.000) 2025-12-03 03:36:41 Image size of job updated: 22552
	1  -  MemoryUsage of job (MB)
	688  -  ResidentSetSize of job (KB)
...
006 (14998214.097.000) 2025-12-03 03:41:42 Image size of job updated: 22552
	1  -  MemoryUsage of job (MB)
	692  -  ResidentSetSize of job (KB)
...
006 (14998214.097.000) 2025-12-03 03:46:42 Image size of job updated: 22552
	1  -  MemoryUsage of job (MB)
	704  -  ResidentSetSize of job (KB)
...
006 (14998214.097.000) 2025-12-03 03:51:42 Image size of job updated: 22684
	1  -  MemoryUsage of job (MB)
	712  -  ResidentSetSize of job (KB)
...
006 (14998214.097.000) 2025-12-03 03:56:44 Image size of job updated: 22684
	1  -  MemoryUsage of job (MB)
	724  -  ResidentSetSize of job (KB)
...
006 (14998214.097.000) 2025-12-03 04:01:44 Image size of job updated: 22684
	1  -  MemoryUsage of job (MB)
	732  -  ResidentSetSize of job (KB)
...
006 (14998214.097.000) 2025-12-03 04:06:44 Image size of job updated: 22684
	1  -  MemoryUsage of job (MB)
	740  -  ResidentSetSize of job (KB)
...
006 (14998214.097.000) 2025-12-03 04:11:45 Image size of job updated: 22684
	1  -  MemoryUsage of job (MB)
	752  -  ResidentSetSize of job (KB)
...
006 (14998214.097.000) 2025-12-03 04:16:46 Image size of job updated: 22684
	1  -  MemoryUsage of job (MB)
	756  -  ResidentSetSize of job (KB)
...
006 (14998214.097.000) 2025-12-03 04:21:46 Image size of job updated: 22684
	1  -  MemoryUsage of job (MB)
	768  -  ResidentSetSize of job (KB)
...
006 (14998214.097.000) 2025-12-03 04:26:47 Image size of job updated: 22684
	1  -  MemoryUsage of job (MB)
	776  -  ResidentSetSize of job (KB)
...
006 (14998214.097.000) 2025-12-03 04:31:48 Image size of job updated: 22684
	1  -  MemoryUsage of job (MB)
	788  -  ResidentSetSize of job (KB)
...
006 (14998214.097.000) 2025-12-03 04:36:48 Image size of job updated: 22684
	1  -  MemoryUsage of job (MB)
	796  -  ResidentSetSize of job (KB)
...
006 (14998214.097.000) 2025-12-03 04:41:48 Image size of job updated: 22684
	1  -  MemoryUsage of job (MB)
	804  -  ResidentSetSize of job (KB)
...
006 (14998214.097.000) 2025-12-03 04:46:49 Image size of job updated: 22684
	1  -  MemoryUsage of job (MB)
	816  -  ResidentSetSize of job (KB)
...
006 (14998214.097.000) 2025-12-03 04:51:49 Image size of job updated: 22684
	1  -  MemoryUsage of job (MB)
	824  -  ResidentSetSize of job (KB)
...
006 (14998214.097.000) 2025-12-03 04:56:49 Image size of job updated: 22684
	1  -  MemoryUsage of job (MB)
	832  -  ResidentSetSize of job (KB)
...
006 (14998214.097.000) 2025-12-03 05:01:50 Image size of job updated: 22816
	1  -  MemoryUsage of job (MB)
	840  -  ResidentSetSize of job (KB)
...
006 (14998214.097.000) 2025-12-03 05:06:51 Image size of job updated: 22816
	1  -  MemoryUsage of job (MB)
	844  -  ResidentSetSize of job (KB)
...
006 (14998214.097.000) 2025-12-03 05:11:51 Image size of job updated: 22816
	1  -  MemoryUsage of job (MB)
	856  -  ResidentSetSize of job (KB)
...
006 (14998214.097.000) 2025-12-03 05:16:52 Image size of job updated: 22816
	1  -  MemoryUsage of job (MB)
	864  -  ResidentSetSize of job (KB)
...
006 (14998214.097.000) 2025-12-03 05:21:53 Image size of job updated: 22816
	1  -  MemoryUsage of job (MB)
	876  -  ResidentSetSize of job (KB)
...
006 (14998214.097.000) 2025-12-03 05:26:53 Image size of job updated: 22816
	1  -  MemoryUsage of job (MB)
	884  -  ResidentSetSize of job (KB)
...
006 (14998214.097.000) 2025-12-03 05:31:53 Image size of job updated: 22816
	1  -  MemoryUsage of job (MB)
	896  -  ResidentSetSize of job (KB)
...
006 (14998214.097.000) 2025-12-03 05:36:55 Image size of job updated: 22816
	1  -  MemoryUsage of job (MB)
	904  -  ResidentSetSize of job (KB)
...
006 (14998214.097.000) 2025-12-03 05:41:55 Image size of job updated: 22816
	1  -  MemoryUsage of job (MB)
	916  -  ResidentSetSize of job (KB)
...
006 (14998214.097.000) 2025-12-03 05:46:55 Image size of job updated: 22816
	1  -  MemoryUsage of job (MB)
	924  -  ResidentSetSize of job (KB)
...
006 (14998214.097.000) 2025-12-03 05:51:56 Image size of job updated: 22816
	1  -  MemoryUsage of job (MB)
	932  -  ResidentSetSize of job (KB)
...
006 (14998214.097.000) 2025-12-03 05:56:57 Image size of job updated: 22816
	1  -  MemoryUsage of job (MB)
	944  -  ResidentSetSize of job (KB)
...
006 (14998214.097.000) 2025-12-03 06:01:57 Image size of job updated: 22816
	1  -  MemoryUsage of job (MB)
	952  -  ResidentSetSize of job (KB)
...
006 (14998214.097.000) 2025-12-03 06:06:58 Image size of job updated: 22816
	1  -  MemoryUsage of job (MB)
	960  -  ResidentSetSize of job (KB)
...
006 (14998214.097.000) 2025-12-03 06:11:59 Image size of job updated: 22948
	1  -  MemoryUsage of job (MB)
	968  -  ResidentSetSize of job (KB)
...
006 (14998214.097.000) 2025-12-03 06:16:59 Image size of job updated: 22948
	1  -  MemoryUsage of job (MB)
	976  -  ResidentSetSize of job (KB)
...
006 (14998214.097.000) 2025-12-03 06:22:00 Image size of job updated: 22948
	1  -  MemoryUsage of job (MB)
	988  -  ResidentSetSize of job (KB)
...
006 (14998214.097.000) 2025-12-03 06:27:01 Image size of job updated: 22948
	1  -  MemoryUsage of job (MB)
	996  -  ResidentSetSize of job (KB)
...
006 (14998214.097.000) 2025-12-03 06:32:01 Image size of job updated: 22948
	1  -  MemoryUsage of job (MB)
	1008  -  ResidentSetSize of job (KB)
...
006 (14998214.097.000) 2025-12-03 06:37:01 Image size of job updated: 22948
	1  -  MemoryUsage of job (MB)
	1016  -  ResidentSetSize of job (KB)
...
006 (14998214.097.000) 2025-12-03 06:42:02 Image size of job updated: 22948
	2  -  MemoryUsage of job (MB)
	1028  -  ResidentSetSize of job (KB)
...
006 (14998214.097.000) 2025-12-03 06:47:02 Image size of job updated: 22948
	2  -  MemoryUsage of job (MB)
	1036  -  ResidentSetSize of job (KB)
...
006 (14998214.097.000) 2025-12-03 06:52:02 Image size of job updated: 22948
	2  -  MemoryUsage of job (MB)
	1048  -  ResidentSetSize of job (KB)
...
006 (14998214.097.000) 2025-12-03 06:57:03 Image size of job updated: 22948
	2  -  MemoryUsage of job (MB)
	1056  -  ResidentSetSize of job (KB)
...
006 (14998214.097.000) 2025-12-03 07:02:04 Image size of job updated: 22948
	2  -  MemoryUsage of job (MB)
	1060  -  ResidentSetSize of job (KB)
...
006 (14998214.097.000) 2025-12-03 07:07:04 Image size of job updated: 22948
	2  -  MemoryUsage of job (MB)
	1072  -  ResidentSetSize of job (KB)
...
006 (14998214.097.000) 2025-12-03 07:12:05 Image size of job updated: 22948
	2  -  MemoryUsage of job (MB)
	1080  -  ResidentSetSize of job (KB)
...
006 (14998214.097.000) 2025-12-03 07:17:06 Image size of job updated: 22948
	2  -  MemoryUsage of job (MB)
	1092  -  ResidentSetSize of job (KB)
...
006 (14998214.097.000) 2025-12-03 07:22:06 Image size of job updated: 23080
	2  -  MemoryUsage of job (MB)
	1100  -  ResidentSetSize of job (KB)
...
006 (14998214.097.000) 2025-12-03 07:27:07 Image size of job updated: 23080
	2  -  MemoryUsage of job (MB)
	1108  -  ResidentSetSize of job (KB)
...
006 (14998214.097.000) 2025-12-03 07:32:08 Image size of job updated: 23080
	2  -  MemoryUsage of job (MB)
	1120  -  ResidentSetSize of job (KB)
...
006 (14998214.097.000) 2025-12-03 07:37:08 Image size of job updated: 23080
	2  -  MemoryUsage of job (MB)
	1124  -  ResidentSetSize of job (KB)
...
006 (14998214.097.000) 2025-12-03 07:42:08 Image size of job updated: 23080
	2  -  MemoryUsage of job (MB)
	1136  -  ResidentSetSize of job (KB)
...
006 (14998214.097.000) 2025-12-03 07:47:09 Image size of job updated: 23080
	2  -  MemoryUsage of job (MB)
	1144  -  ResidentSetSize of job (KB)
...
006 (14998214.097.000) 2025-12-03 07:52:09 Image size of job updated: 23080
	2  -  MemoryUsage of job (MB)
	1152  -  ResidentSetSize of job (KB)
...
006 (14998214.097.000) 2025-12-03 07:57:09 Image size of job updated: 23080
	2  -  MemoryUsage of job (MB)
	1164  -  ResidentSetSize of job (KB)
...
006 (14998214.097.000) 2025-12-03 08:02:10 Image size of job updated: 23080
	2  -  MemoryUsage of job (MB)
	1172  -  ResidentSetSize of job (KB)
...
006 (14998214.097.000) 2025-12-03 08:07:11 Image size of job updated: 23080
	2  -  MemoryUsage of job (MB)
	1180  -  ResidentSetSize of job (KB)
...
022 (14998214.097.000) 2025-12-03 08:07:27 Job disconnected, attempting to reconnect
    Socket between submit and execute hosts closed unexpectedly
    Trying to reconnect to slot1_66@spool1549.sdcc.bnl.gov <130.199.150.68:9618?addrs=130.199.150.68-9618&alias=spool1549.sdcc.bnl.gov&noUDP&sock=startd_55447_6001>
...
023 (14998214.097.000) 2025-12-03 08:07:27 Job reconnected to slot1_66@spool1549.sdcc.bnl.gov
    startd address: <130.199.150.68:9618?addrs=130.199.150.68-9618&alias=spool1549.sdcc.bnl.gov&noUDP&sock=startd_55447_6001>
    starter address: <130.199.150.68:9618?addrs=130.199.150.68-9618&alias=spool1549.sdcc.bnl.gov&noUDP&sock=slot1_66_55458_cf75_49012>
...
022 (14998214.097.000) 2025-12-03 08:07:32 Job disconnected, attempting to reconnect
    Socket between submit and execute hosts closed unexpectedly
    Trying to reconnect to slot1_66@spool1549.sdcc.bnl.gov <130.199.150.68:9618?addrs=130.199.150.68-9618&alias=spool1549.sdcc.bnl.gov&noUDP&sock=startd_55447_6001>
...
023 (14998214.097.000) 2025-12-03 08:07:32 Job reconnected to slot1_66@spool1549.sdcc.bnl.gov
    startd address: <130.199.150.68:9618?addrs=130.199.150.68-9618&alias=spool1549.sdcc.bnl.gov&noUDP&sock=startd_55447_6001>
    starter address: <130.199.150.68:9618?addrs=130.199.150.68-9618&alias=spool1549.sdcc.bnl.gov&noUDP&sock=slot1_66_55458_cf75_49012>
...
022 (14998214.097.000) 2025-12-03 08:07:37 Job disconnected, attempting to reconnect
    Socket between submit and execute hosts closed unexpectedly
    Trying to reconnect to slot1_66@spool1549.sdcc.bnl.gov <130.199.150.68:9618?addrs=130.199.150.68-9618&alias=spool1549.sdcc.bnl.gov&noUDP&sock=startd_55447_6001>
...
023 (14998214.097.000) 2025-12-03 08:07:37 Job reconnected to slot1_66@spool1549.sdcc.bnl.gov
    startd address: <130.199.150.68:9618?addrs=130.199.150.68-9618&alias=spool1549.sdcc.bnl.gov&noUDP&sock=startd_55447_6001>
    starter address: <130.199.150.68:9618?addrs=130.199.150.68-9618&alias=spool1549.sdcc.bnl.gov&noUDP&sock=slot1_66_55458_cf75_49012>
...
022 (14998214.097.000) 2025-12-03 08:07:42 Job disconnected, attempting to reconnect
    Socket between submit and execute hosts closed unexpectedly
    Trying to reconnect to slot1_66@spool1549.sdcc.bnl.gov <130.199.150.68:9618?addrs=130.199.150.68-9618&alias=spool1549.sdcc.bnl.gov&noUDP&sock=startd_55447_6001>
...
023 (14998214.097.000) 2025-12-03 08:07:42 Job reconnected to slot1_66@spool1549.sdcc.bnl.gov
    startd address: <130.199.150.68:9618?addrs=130.199.150.68-9618&alias=spool1549.sdcc.bnl.gov&noUDP&sock=startd_55447_6001>
    starter address: <130.199.150.68:9618?addrs=130.199.150.68-9618&alias=spool1549.sdcc.bnl.gov&noUDP&sock=slot1_66_55458_cf75_49012>
...
007 (14998214.097.000) 2025-12-03 08:07:47 Shadow exception!
	Error from slot1_66@spool1549.sdcc.bnl.gov: Repeated attempts to transfer output failed for unknown reasons
	0  -  Run Bytes Sent By Job
	203261  -  Run Bytes Received By Job
...
040 (14998214.097.000) 2025-12-03 08:45:15 Started transferring input files
	Transferring to host: <130.199.151.5:9618?addrs=130.199.151.5-9618&alias=spool1583.sdcc.bnl.gov&noUDP&sock=slot1_91_95004_60eb_69340>
...
040 (14998214.097.000) 2025-12-03 08:45:21 Finished transferring input files
...
001 (14998214.097.000) 2025-12-03 08:45:22 Job executing on host: <130.199.151.5:9618?addrs=130.199.151.5-9618&alias=spool1583.sdcc.bnl.gov&noUDP&sock=startd_94995_d158>
...
