000 (14998214.102.000) 2025-12-02 23:07:12 Job submitted from host: <130.199.48.129:9618?addrs=130.199.48.129-9618&alias=rcas6009.rcf.bnl.gov&noUDP&sock=schedd_22421_101d>
...
040 (14998214.102.000) 2025-12-02 23:14:36 Started transferring input files
	Transferring to host: <130.199.184.154:9618?addrs=130.199.184.154-9618&alias=spool1763.sdcc.bnl.gov&noUDP&sock=slot1_68_56980_b97a_55568>
...
040 (14998214.102.000) 2025-12-02 23:14:38 Finished transferring input files
...
001 (14998214.102.000) 2025-12-02 23:14:39 Job executing on host: <130.199.184.154:9618?addrs=130.199.184.154-9618&alias=spool1763.sdcc.bnl.gov&noUDP&sock=startd_56971_b3a7>
...
006 (14998214.102.000) 2025-12-02 23:14:47 Image size of job updated: 22160
	1  -  MemoryUsage of job (MB)
	376  -  ResidentSetSize of job (KB)
...
006 (14998214.102.000) 2025-12-02 23:19:47 Image size of job updated: 22160
	1  -  MemoryUsage of job (MB)
	380  -  ResidentSetSize of job (KB)
...
006 (14998214.102.000) 2025-12-02 23:24:48 Image size of job updated: 22160
	1  -  MemoryUsage of job (MB)
	392  -  ResidentSetSize of job (KB)
...
006 (14998214.102.000) 2025-12-02 23:29:49 Image size of job updated: 22160
	1  -  MemoryUsage of job (MB)
	400  -  ResidentSetSize of job (KB)
...
006 (14998214.102.000) 2025-12-02 23:34:49 Image size of job updated: 22160
	1  -  MemoryUsage of job (MB)
	412  -  ResidentSetSize of job (KB)
...
006 (14998214.102.000) 2025-12-02 23:39:49 Image size of job updated: 22160
	1  -  MemoryUsage of job (MB)
	420  -  ResidentSetSize of job (KB)
...
006 (14998214.102.000) 2025-12-02 23:44:50 Image size of job updated: 22160
	1  -  MemoryUsage of job (MB)
	428  -  ResidentSetSize of job (KB)
...
006 (14998214.102.000) 2025-12-02 23:49:50 Image size of job updated: 22160
	1  -  MemoryUsage of job (MB)
	440  -  ResidentSetSize of job (KB)
...
006 (14998214.102.000) 2025-12-02 23:54:50 Image size of job updated: 22160
	1  -  MemoryUsage of job (MB)
	448  -  ResidentSetSize of job (KB)
...
006 (14998214.102.000) 2025-12-02 23:59:52 Image size of job updated: 22160
	1  -  MemoryUsage of job (MB)
	456  -  ResidentSetSize of job (KB)
...
006 (14998214.102.000) 2025-12-03 00:04:52 Image size of job updated: 22160
	1  -  MemoryUsage of job (MB)
	460  -  ResidentSetSize of job (KB)
...
006 (14998214.102.000) 2025-12-03 00:09:52 Image size of job updated: 22160
	1  -  MemoryUsage of job (MB)
	468  -  ResidentSetSize of job (KB)
...
006 (14998214.102.000) 2025-12-03 00:14:53 Image size of job updated: 22160
	1  -  MemoryUsage of job (MB)
	472  -  ResidentSetSize of job (KB)
...
006 (14998214.102.000) 2025-12-03 00:19:54 Image size of job updated: 22292
	1  -  MemoryUsage of job (MB)
	480  -  ResidentSetSize of job (KB)
...
006 (14998214.102.000) 2025-12-03 00:24:54 Image size of job updated: 22292
	1  -  MemoryUsage of job (MB)
	492  -  ResidentSetSize of job (KB)
...
006 (14998214.102.000) 2025-12-03 00:29:55 Image size of job updated: 22292
	1  -  MemoryUsage of job (MB)
	496  -  ResidentSetSize of job (KB)
...
006 (14998214.102.000) 2025-12-03 00:34:56 Image size of job updated: 22292
	1  -  MemoryUsage of job (MB)
	504  -  ResidentSetSize of job (KB)
...
006 (14998214.102.000) 2025-12-03 00:39:56 Image size of job updated: 22292
	1  -  MemoryUsage of job (MB)
	516  -  ResidentSetSize of job (KB)
...
006 (14998214.102.000) 2025-12-03 00:44:56 Image size of job updated: 22292
	1  -  MemoryUsage of job (MB)
	524  -  ResidentSetSize of job (KB)
...
006 (14998214.102.000) 2025-12-03 00:49:57 Image size of job updated: 22292
	1  -  MemoryUsage of job (MB)
	532  -  ResidentSetSize of job (KB)
...
006 (14998214.102.000) 2025-12-03 01:04:58 Image size of job updated: 22292
	1  -  MemoryUsage of job (MB)
	544  -  ResidentSetSize of job (KB)
...
006 (14998214.102.000) 2025-12-03 01:09:59 Image size of job updated: 22292
	1  -  MemoryUsage of job (MB)
	552  -  ResidentSetSize of job (KB)
...
006 (14998214.102.000) 2025-12-03 01:20:54 Image size of job updated: 22292
	1  -  MemoryUsage of job (MB)
	564  -  ResidentSetSize of job (KB)
...
022 (14998214.102.000) 2025-12-03 01:20:54 Job disconnected, attempting to reconnect
    Socket between submit and execute hosts closed unexpectedly
    Trying to reconnect to slot1_68@spool1763.sdcc.bnl.gov <130.199.184.154:9618?addrs=130.199.184.154-9618&alias=spool1763.sdcc.bnl.gov&noUDP&sock=startd_56971_b3a7>
...
023 (14998214.102.000) 2025-12-03 01:20:54 Job reconnected to slot1_68@spool1763.sdcc.bnl.gov
    startd address: <130.199.184.154:9618?addrs=130.199.184.154-9618&alias=spool1763.sdcc.bnl.gov&noUDP&sock=startd_56971_b3a7>
    starter address: <130.199.184.154:9618?addrs=130.199.184.154-9618&alias=spool1763.sdcc.bnl.gov&noUDP&sock=slot1_68_56980_b97a_55568>
...
006 (14998214.102.000) 2025-12-03 01:38:39 Image size of job updated: 22424
	1  -  MemoryUsage of job (MB)
	608  -  ResidentSetSize of job (KB)
...
006 (14998214.102.000) 2025-12-03 01:52:52 Image size of job updated: 22424
	1  -  MemoryUsage of job (MB)
	632  -  ResidentSetSize of job (KB)
...
006 (14998214.102.000) 2025-12-03 02:01:24 Image size of job updated: 22424
	1  -  MemoryUsage of job (MB)
	652  -  ResidentSetSize of job (KB)
...
006 (14998214.102.000) 2025-12-03 02:06:32 Image size of job updated: 22424
	1  -  MemoryUsage of job (MB)
	660  -  ResidentSetSize of job (KB)
...
006 (14998214.102.000) 2025-12-03 02:16:33 Image size of job updated: 22424
	1  -  MemoryUsage of job (MB)
	672  -  ResidentSetSize of job (KB)
...
006 (14998214.102.000) 2025-12-03 02:21:34 Image size of job updated: 22424
	1  -  MemoryUsage of job (MB)
	680  -  ResidentSetSize of job (KB)
...
006 (14998214.102.000) 2025-12-03 02:26:34 Image size of job updated: 22424
	1  -  MemoryUsage of job (MB)
	692  -  ResidentSetSize of job (KB)
...
006 (14998214.102.000) 2025-12-03 02:41:35 Image size of job updated: 22424
	1  -  MemoryUsage of job (MB)
	700  -  ResidentSetSize of job (KB)
...
006 (14998214.102.000) 2025-12-03 02:46:35 Image size of job updated: 22552
	1  -  MemoryUsage of job (MB)
	704  -  ResidentSetSize of job (KB)
...
006 (14998214.102.000) 2025-12-03 02:51:37 Image size of job updated: 22552
	1  -  MemoryUsage of job (MB)
	716  -  ResidentSetSize of job (KB)
...
006 (14998214.102.000) 2025-12-03 02:56:37 Image size of job updated: 22552
	1  -  MemoryUsage of job (MB)
	724  -  ResidentSetSize of job (KB)
...
006 (14998214.102.000) 2025-12-03 03:01:37 Image size of job updated: 22552
	1  -  MemoryUsage of job (MB)
	728  -  ResidentSetSize of job (KB)
...
006 (14998214.102.000) 2025-12-03 03:06:38 Image size of job updated: 22552
	1  -  MemoryUsage of job (MB)
	740  -  ResidentSetSize of job (KB)
...
006 (14998214.102.000) 2025-12-03 03:11:39 Image size of job updated: 22552
	1  -  MemoryUsage of job (MB)
	748  -  ResidentSetSize of job (KB)
...
006 (14998214.102.000) 2025-12-03 03:16:39 Image size of job updated: 22552
	1  -  MemoryUsage of job (MB)
	760  -  ResidentSetSize of job (KB)
...
006 (14998214.102.000) 2025-12-03 03:21:40 Image size of job updated: 22552
	1  -  MemoryUsage of job (MB)
	768  -  ResidentSetSize of job (KB)
...
006 (14998214.102.000) 2025-12-03 03:26:41 Image size of job updated: 22552
	1  -  MemoryUsage of job (MB)
	780  -  ResidentSetSize of job (KB)
...
006 (14998214.102.000) 2025-12-03 03:31:41 Image size of job updated: 22552
	1  -  MemoryUsage of job (MB)
	788  -  ResidentSetSize of job (KB)
...
006 (14998214.102.000) 2025-12-03 03:36:41 Image size of job updated: 22552
	1  -  MemoryUsage of job (MB)
	800  -  ResidentSetSize of job (KB)
...
006 (14998214.102.000) 2025-12-03 03:41:42 Image size of job updated: 22552
	1  -  MemoryUsage of job (MB)
	808  -  ResidentSetSize of job (KB)
...
006 (14998214.102.000) 2025-12-03 03:46:42 Image size of job updated: 22552
	1  -  MemoryUsage of job (MB)
	812  -  ResidentSetSize of job (KB)
...
006 (14998214.102.000) 2025-12-03 03:51:42 Image size of job updated: 22552
	1  -  MemoryUsage of job (MB)
	824  -  ResidentSetSize of job (KB)
...
006 (14998214.102.000) 2025-12-03 03:56:43 Image size of job updated: 22684
	1  -  MemoryUsage of job (MB)
	832  -  ResidentSetSize of job (KB)
...
006 (14998214.102.000) 2025-12-03 04:01:44 Image size of job updated: 22684
	1  -  MemoryUsage of job (MB)
	836  -  ResidentSetSize of job (KB)
...
006 (14998214.102.000) 2025-12-03 04:06:44 Image size of job updated: 22684
	1  -  MemoryUsage of job (MB)
	848  -  ResidentSetSize of job (KB)
...
006 (14998214.102.000) 2025-12-03 04:11:45 Image size of job updated: 22684
	1  -  MemoryUsage of job (MB)
	856  -  ResidentSetSize of job (KB)
...
006 (14998214.102.000) 2025-12-03 04:16:46 Image size of job updated: 22684
	1  -  MemoryUsage of job (MB)
	868  -  ResidentSetSize of job (KB)
...
006 (14998214.102.000) 2025-12-03 04:21:46 Image size of job updated: 22684
	1  -  MemoryUsage of job (MB)
	876  -  ResidentSetSize of job (KB)
...
006 (14998214.102.000) 2025-12-03 04:26:47 Image size of job updated: 22684
	1  -  MemoryUsage of job (MB)
	880  -  ResidentSetSize of job (KB)
...
006 (14998214.102.000) 2025-12-03 04:31:48 Image size of job updated: 22684
	1  -  MemoryUsage of job (MB)
	884  -  ResidentSetSize of job (KB)
...
006 (14998214.102.000) 2025-12-03 04:36:48 Image size of job updated: 22684
	1  -  MemoryUsage of job (MB)
	892  -  ResidentSetSize of job (KB)
...
006 (14998214.102.000) 2025-12-03 04:41:48 Image size of job updated: 22684
	1  -  MemoryUsage of job (MB)
	904  -  ResidentSetSize of job (KB)
...
006 (14998214.102.000) 2025-12-03 04:46:49 Image size of job updated: 22684
	1  -  MemoryUsage of job (MB)
	912  -  ResidentSetSize of job (KB)
...
006 (14998214.102.000) 2025-12-03 04:51:49 Image size of job updated: 22684
	1  -  MemoryUsage of job (MB)
	924  -  ResidentSetSize of job (KB)
...
006 (14998214.102.000) 2025-12-03 04:56:49 Image size of job updated: 22684
	1  -  MemoryUsage of job (MB)
	932  -  ResidentSetSize of job (KB)
...
006 (14998214.102.000) 2025-12-03 05:01:50 Image size of job updated: 22684
	1  -  MemoryUsage of job (MB)
	944  -  ResidentSetSize of job (KB)
...
006 (14998214.102.000) 2025-12-03 05:06:51 Image size of job updated: 22816
	1  -  MemoryUsage of job (MB)
	952  -  ResidentSetSize of job (KB)
...
006 (14998214.102.000) 2025-12-03 05:11:51 Image size of job updated: 22816
	1  -  MemoryUsage of job (MB)
	956  -  ResidentSetSize of job (KB)
...
006 (14998214.102.000) 2025-12-03 05:16:52 Image size of job updated: 22816
	1  -  MemoryUsage of job (MB)
	968  -  ResidentSetSize of job (KB)
...
006 (14998214.102.000) 2025-12-03 05:21:53 Image size of job updated: 22816
	1  -  MemoryUsage of job (MB)
	976  -  ResidentSetSize of job (KB)
...
006 (14998214.102.000) 2025-12-03 05:26:53 Image size of job updated: 22816
	1  -  MemoryUsage of job (MB)
	988  -  ResidentSetSize of job (KB)
...
006 (14998214.102.000) 2025-12-03 05:31:54 Image size of job updated: 22816
	1  -  MemoryUsage of job (MB)
	996  -  ResidentSetSize of job (KB)
...
006 (14998214.102.000) 2025-12-03 05:36:55 Image size of job updated: 22816
	1  -  MemoryUsage of job (MB)
	1000  -  ResidentSetSize of job (KB)
...
006 (14998214.102.000) 2025-12-03 05:41:55 Image size of job updated: 22816
	1  -  MemoryUsage of job (MB)
	1008  -  ResidentSetSize of job (KB)
...
006 (14998214.102.000) 2025-12-03 05:46:55 Image size of job updated: 22816
	1  -  MemoryUsage of job (MB)
	1016  -  ResidentSetSize of job (KB)
...
006 (14998214.102.000) 2025-12-03 05:56:56 Image size of job updated: 22816
	1  -  MemoryUsage of job (MB)
	1020  -  ResidentSetSize of job (KB)
...
006 (14998214.102.000) 2025-12-03 06:01:56 Image size of job updated: 22816
	2  -  MemoryUsage of job (MB)
	1028  -  ResidentSetSize of job (KB)
...
006 (14998214.102.000) 2025-12-03 06:06:58 Image size of job updated: 22816
	2  -  MemoryUsage of job (MB)
	1040  -  ResidentSetSize of job (KB)
...
006 (14998214.102.000) 2025-12-03 06:21:59 Image size of job updated: 22948
	2  -  MemoryUsage of job (MB)
	1040  -  ResidentSetSize of job (KB)
...
006 (14998214.102.000) 2025-12-03 06:32:00 Image size of job updated: 22948
	2  -  MemoryUsage of job (MB)
	1052  -  ResidentSetSize of job (KB)
...
006 (14998214.102.000) 2025-12-03 06:37:01 Image size of job updated: 22948
	2  -  MemoryUsage of job (MB)
	1060  -  ResidentSetSize of job (KB)
...
006 (14998214.102.000) 2025-12-03 06:42:02 Image size of job updated: 22948
	2  -  MemoryUsage of job (MB)
	1068  -  ResidentSetSize of job (KB)
...
006 (14998214.102.000) 2025-12-03 06:47:02 Image size of job updated: 22948
	2  -  MemoryUsage of job (MB)
	1076  -  ResidentSetSize of job (KB)
...
006 (14998214.102.000) 2025-12-03 06:52:02 Image size of job updated: 22948
	2  -  MemoryUsage of job (MB)
	1084  -  ResidentSetSize of job (KB)
...
006 (14998214.102.000) 2025-12-03 06:57:03 Image size of job updated: 22948
	2  -  MemoryUsage of job (MB)
	1096  -  ResidentSetSize of job (KB)
...
006 (14998214.102.000) 2025-12-03 07:02:03 Image size of job updated: 22948
	2  -  MemoryUsage of job (MB)
	1100  -  ResidentSetSize of job (KB)
...
006 (14998214.102.000) 2025-12-03 07:07:03 Image size of job updated: 22948
	2  -  MemoryUsage of job (MB)
	1112  -  ResidentSetSize of job (KB)
...
006 (14998214.102.000) 2025-12-03 07:12:04 Image size of job updated: 22948
	2  -  MemoryUsage of job (MB)
	1120  -  ResidentSetSize of job (KB)
...
006 (14998214.102.000) 2025-12-03 07:17:05 Image size of job updated: 22948
	2  -  MemoryUsage of job (MB)
	1124  -  ResidentSetSize of job (KB)
...
006 (14998214.102.000) 2025-12-03 07:22:05 Image size of job updated: 22948
	2  -  MemoryUsage of job (MB)
	1136  -  ResidentSetSize of job (KB)
...
006 (14998214.102.000) 2025-12-03 07:32:07 Image size of job updated: 22948
	2  -  MemoryUsage of job (MB)
	1144  -  ResidentSetSize of job (KB)
...
006 (14998214.102.000) 2025-12-03 07:37:07 Image size of job updated: 23080
	2  -  MemoryUsage of job (MB)
	1152  -  ResidentSetSize of job (KB)
...
006 (14998214.102.000) 2025-12-03 07:42:07 Image size of job updated: 23080
	2  -  MemoryUsage of job (MB)
	1160  -  ResidentSetSize of job (KB)
...
006 (14998214.102.000) 2025-12-03 07:47:08 Image size of job updated: 23080
	2  -  MemoryUsage of job (MB)
	1172  -  ResidentSetSize of job (KB)
...
006 (14998214.102.000) 2025-12-03 07:52:08 Image size of job updated: 23080
	2  -  MemoryUsage of job (MB)
	1176  -  ResidentSetSize of job (KB)
...
006 (14998214.102.000) 2025-12-03 07:57:08 Image size of job updated: 23080
	2  -  MemoryUsage of job (MB)
	1188  -  ResidentSetSize of job (KB)
...
006 (14998214.102.000) 2025-12-03 08:02:09 Image size of job updated: 23080
	2  -  MemoryUsage of job (MB)
	1196  -  ResidentSetSize of job (KB)
...
006 (14998214.102.000) 2025-12-03 08:07:09 Image size of job updated: 23080
	2  -  MemoryUsage of job (MB)
	1204  -  ResidentSetSize of job (KB)
...
006 (14998214.102.000) 2025-12-03 08:12:09 Image size of job updated: 23080
	2  -  MemoryUsage of job (MB)
	1216  -  ResidentSetSize of job (KB)
...
006 (14998214.102.000) 2025-12-03 08:17:10 Image size of job updated: 23080
	2  -  MemoryUsage of job (MB)
	1220  -  ResidentSetSize of job (KB)
...
006 (14998214.102.000) 2025-12-03 08:22:10 Image size of job updated: 23080
	2  -  MemoryUsage of job (MB)
	1232  -  ResidentSetSize of job (KB)
...
022 (14998214.102.000) 2025-12-03 08:23:15 Job disconnected, attempting to reconnect
    Socket between submit and execute hosts closed unexpectedly
    Trying to reconnect to slot1_68@spool1763.sdcc.bnl.gov <130.199.184.154:9618?addrs=130.199.184.154-9618&alias=spool1763.sdcc.bnl.gov&noUDP&sock=startd_56971_b3a7>
...
023 (14998214.102.000) 2025-12-03 08:23:15 Job reconnected to slot1_68@spool1763.sdcc.bnl.gov
    startd address: <130.199.184.154:9618?addrs=130.199.184.154-9618&alias=spool1763.sdcc.bnl.gov&noUDP&sock=startd_56971_b3a7>
    starter address: <130.199.184.154:9618?addrs=130.199.184.154-9618&alias=spool1763.sdcc.bnl.gov&noUDP&sock=slot1_68_56980_b97a_55568>
...
022 (14998214.102.000) 2025-12-03 08:23:20 Job disconnected, attempting to reconnect
    Socket between submit and execute hosts closed unexpectedly
    Trying to reconnect to slot1_68@spool1763.sdcc.bnl.gov <130.199.184.154:9618?addrs=130.199.184.154-9618&alias=spool1763.sdcc.bnl.gov&noUDP&sock=startd_56971_b3a7>
...
023 (14998214.102.000) 2025-12-03 08:23:20 Job reconnected to slot1_68@spool1763.sdcc.bnl.gov
    startd address: <130.199.184.154:9618?addrs=130.199.184.154-9618&alias=spool1763.sdcc.bnl.gov&noUDP&sock=startd_56971_b3a7>
    starter address: <130.199.184.154:9618?addrs=130.199.184.154-9618&alias=spool1763.sdcc.bnl.gov&noUDP&sock=slot1_68_56980_b97a_55568>
...
022 (14998214.102.000) 2025-12-03 08:23:25 Job disconnected, attempting to reconnect
    Socket between submit and execute hosts closed unexpectedly
    Trying to reconnect to slot1_68@spool1763.sdcc.bnl.gov <130.199.184.154:9618?addrs=130.199.184.154-9618&alias=spool1763.sdcc.bnl.gov&noUDP&sock=startd_56971_b3a7>
...
023 (14998214.102.000) 2025-12-03 08:23:25 Job reconnected to slot1_68@spool1763.sdcc.bnl.gov
    startd address: <130.199.184.154:9618?addrs=130.199.184.154-9618&alias=spool1763.sdcc.bnl.gov&noUDP&sock=startd_56971_b3a7>
    starter address: <130.199.184.154:9618?addrs=130.199.184.154-9618&alias=spool1763.sdcc.bnl.gov&noUDP&sock=slot1_68_56980_b97a_55568>
...
022 (14998214.102.000) 2025-12-03 08:23:30 Job disconnected, attempting to reconnect
    Socket between submit and execute hosts closed unexpectedly
    Trying to reconnect to slot1_68@spool1763.sdcc.bnl.gov <130.199.184.154:9618?addrs=130.199.184.154-9618&alias=spool1763.sdcc.bnl.gov&noUDP&sock=startd_56971_b3a7>
...
023 (14998214.102.000) 2025-12-03 08:23:30 Job reconnected to slot1_68@spool1763.sdcc.bnl.gov
    startd address: <130.199.184.154:9618?addrs=130.199.184.154-9618&alias=spool1763.sdcc.bnl.gov&noUDP&sock=startd_56971_b3a7>
    starter address: <130.199.184.154:9618?addrs=130.199.184.154-9618&alias=spool1763.sdcc.bnl.gov&noUDP&sock=slot1_68_56980_b97a_55568>
...
007 (14998214.102.000) 2025-12-03 08:23:35 Shadow exception!
	Error from slot1_68@spool1763.sdcc.bnl.gov: Repeated attempts to transfer output failed for unknown reasons
	0  -  Run Bytes Sent By Job
	203261  -  Run Bytes Received By Job
...
040 (14998214.102.000) 2025-12-03 08:46:56 Started transferring input files
	Transferring to host: <130.199.186.74:9618?addrs=130.199.186.74-9618&alias=spool1837.sdcc.bnl.gov&noUDP&sock=slot1_63_95670_2eef_56605>
...
040 (14998214.102.000) 2025-12-03 08:47:02 Finished transferring input files
...
001 (14998214.102.000) 2025-12-03 08:47:03 Job executing on host: <130.199.186.74:9618?addrs=130.199.186.74-9618&alias=spool1837.sdcc.bnl.gov&noUDP&sock=startd_95661_992d>
...
