000 (14998214.106.000) 2025-12-02 23:07:12 Job submitted from host: <130.199.48.129:9618?addrs=130.199.48.129-9618&alias=rcas6009.rcf.bnl.gov&noUDP&sock=schedd_22421_101d>
...
040 (14998214.106.000) 2025-12-02 23:14:36 Started transferring input files
	Transferring to host: <130.199.186.72:9618?addrs=130.199.186.72-9618&alias=spool1835.sdcc.bnl.gov&noUDP&sock=slot1_73_95827_1e8a_47437>
...
040 (14998214.106.000) 2025-12-02 23:14:38 Finished transferring input files
...
001 (14998214.106.000) 2025-12-02 23:14:39 Job executing on host: <130.199.186.72:9618?addrs=130.199.186.72-9618&alias=spool1835.sdcc.bnl.gov&noUDP&sock=startd_95818_4970>
...
006 (14998214.106.000) 2025-12-02 23:14:47 Image size of job updated: 22160
	1  -  MemoryUsage of job (MB)
	372  -  ResidentSetSize of job (KB)
...
006 (14998214.106.000) 2025-12-02 23:19:47 Image size of job updated: 22160
	1  -  MemoryUsage of job (MB)
	380  -  ResidentSetSize of job (KB)
...
006 (14998214.106.000) 2025-12-02 23:24:48 Image size of job updated: 22160
	1  -  MemoryUsage of job (MB)
	392  -  ResidentSetSize of job (KB)
...
006 (14998214.106.000) 2025-12-02 23:29:49 Image size of job updated: 22160
	1  -  MemoryUsage of job (MB)
	408  -  ResidentSetSize of job (KB)
...
006 (14998214.106.000) 2025-12-02 23:39:49 Image size of job updated: 22160
	1  -  MemoryUsage of job (MB)
	416  -  ResidentSetSize of job (KB)
...
006 (14998214.106.000) 2025-12-02 23:44:50 Image size of job updated: 22160
	1  -  MemoryUsage of job (MB)
	428  -  ResidentSetSize of job (KB)
...
006 (14998214.106.000) 2025-12-02 23:49:50 Image size of job updated: 22160
	1  -  MemoryUsage of job (MB)
	436  -  ResidentSetSize of job (KB)
...
006 (14998214.106.000) 2025-12-02 23:54:50 Image size of job updated: 22160
	1  -  MemoryUsage of job (MB)
	448  -  ResidentSetSize of job (KB)
...
006 (14998214.106.000) 2025-12-03 00:04:51 Image size of job updated: 22160
	1  -  MemoryUsage of job (MB)
	460  -  ResidentSetSize of job (KB)
...
006 (14998214.106.000) 2025-12-03 00:09:51 Image size of job updated: 22292
	1  -  MemoryUsage of job (MB)
	460  -  ResidentSetSize of job (KB)
...
006 (14998214.106.000) 2025-12-03 00:14:52 Image size of job updated: 22292
	1  -  MemoryUsage of job (MB)
	472  -  ResidentSetSize of job (KB)
...
006 (14998214.106.000) 2025-12-03 00:19:53 Image size of job updated: 22292
	1  -  MemoryUsage of job (MB)
	480  -  ResidentSetSize of job (KB)
...
006 (14998214.106.000) 2025-12-03 00:24:53 Image size of job updated: 22292
	1  -  MemoryUsage of job (MB)
	488  -  ResidentSetSize of job (KB)
...
006 (14998214.106.000) 2025-12-03 00:29:54 Image size of job updated: 22292
	1  -  MemoryUsage of job (MB)
	500  -  ResidentSetSize of job (KB)
...
006 (14998214.106.000) 2025-12-03 00:34:55 Image size of job updated: 22292
	1  -  MemoryUsage of job (MB)
	508  -  ResidentSetSize of job (KB)
...
006 (14998214.106.000) 2025-12-03 00:39:55 Image size of job updated: 22292
	1  -  MemoryUsage of job (MB)
	520  -  ResidentSetSize of job (KB)
...
006 (14998214.106.000) 2025-12-03 00:44:56 Image size of job updated: 22292
	1  -  MemoryUsage of job (MB)
	528  -  ResidentSetSize of job (KB)
...
006 (14998214.106.000) 2025-12-03 00:49:57 Image size of job updated: 22292
	1  -  MemoryUsage of job (MB)
	540  -  ResidentSetSize of job (KB)
...
006 (14998214.106.000) 2025-12-03 00:54:57 Image size of job updated: 22292
	1  -  MemoryUsage of job (MB)
	548  -  ResidentSetSize of job (KB)
...
006 (14998214.106.000) 2025-12-03 00:59:57 Image size of job updated: 22292
	1  -  MemoryUsage of job (MB)
	552  -  ResidentSetSize of job (KB)
...
006 (14998214.106.000) 2025-12-03 01:04:58 Image size of job updated: 22292
	1  -  MemoryUsage of job (MB)
	564  -  ResidentSetSize of job (KB)
...
006 (14998214.106.000) 2025-12-03 01:09:58 Image size of job updated: 22292
	1  -  MemoryUsage of job (MB)
	572  -  ResidentSetSize of job (KB)
...
006 (14998214.106.000) 2025-12-03 01:19:38 Image size of job updated: 22292
	1  -  MemoryUsage of job (MB)
	584  -  ResidentSetSize of job (KB)
...
006 (14998214.106.000) 2025-12-03 01:33:40 Image size of job updated: 22424
	1  -  MemoryUsage of job (MB)
	616  -  ResidentSetSize of job (KB)
...
006 (14998214.106.000) 2025-12-03 02:01:39 Image size of job updated: 22424
	1  -  MemoryUsage of job (MB)
	620  -  ResidentSetSize of job (KB)
...
006 (14998214.106.000) 2025-12-03 02:06:40 Image size of job updated: 22424
	1  -  MemoryUsage of job (MB)
	628  -  ResidentSetSize of job (KB)
...
006 (14998214.106.000) 2025-12-03 02:11:41 Image size of job updated: 22424
	1  -  MemoryUsage of job (MB)
	636  -  ResidentSetSize of job (KB)
...
006 (14998214.106.000) 2025-12-03 02:16:41 Image size of job updated: 22424
	1  -  MemoryUsage of job (MB)
	648  -  ResidentSetSize of job (KB)
...
006 (14998214.106.000) 2025-12-03 02:21:42 Image size of job updated: 22424
	1  -  MemoryUsage of job (MB)
	656  -  ResidentSetSize of job (KB)
...
006 (14998214.106.000) 2025-12-03 02:26:43 Image size of job updated: 22424
	1  -  MemoryUsage of job (MB)
	660  -  ResidentSetSize of job (KB)
...
006 (14998214.106.000) 2025-12-03 02:31:43 Image size of job updated: 22424
	1  -  MemoryUsage of job (MB)
	672  -  ResidentSetSize of job (KB)
...
006 (14998214.106.000) 2025-12-03 02:36:43 Image size of job updated: 22552
	1  -  MemoryUsage of job (MB)
	680  -  ResidentSetSize of job (KB)
...
006 (14998214.106.000) 2025-12-03 02:41:44 Image size of job updated: 22552
	1  -  MemoryUsage of job (MB)
	692  -  ResidentSetSize of job (KB)
...
006 (14998214.106.000) 2025-12-03 02:46:44 Image size of job updated: 22552
	1  -  MemoryUsage of job (MB)
	696  -  ResidentSetSize of job (KB)
...
006 (14998214.106.000) 2025-12-03 02:51:44 Image size of job updated: 22552
	1  -  MemoryUsage of job (MB)
	704  -  ResidentSetSize of job (KB)
...
006 (14998214.106.000) 2025-12-03 02:56:45 Image size of job updated: 22552
	1  -  MemoryUsage of job (MB)
	716  -  ResidentSetSize of job (KB)
...
006 (14998214.106.000) 2025-12-03 03:01:45 Image size of job updated: 22552
	1  -  MemoryUsage of job (MB)
	724  -  ResidentSetSize of job (KB)
...
006 (14998214.106.000) 2025-12-03 03:06:45 Image size of job updated: 22552
	1  -  MemoryUsage of job (MB)
	728  -  ResidentSetSize of job (KB)
...
006 (14998214.106.000) 2025-12-03 03:11:46 Image size of job updated: 22552
	1  -  MemoryUsage of job (MB)
	740  -  ResidentSetSize of job (KB)
...
006 (14998214.106.000) 2025-12-03 03:16:47 Image size of job updated: 22552
	1  -  MemoryUsage of job (MB)
	748  -  ResidentSetSize of job (KB)
...
006 (14998214.106.000) 2025-12-03 03:21:47 Image size of job updated: 22552
	1  -  MemoryUsage of job (MB)
	760  -  ResidentSetSize of job (KB)
...
006 (14998214.106.000) 2025-12-03 03:26:48 Image size of job updated: 22552
	1  -  MemoryUsage of job (MB)
	764  -  ResidentSetSize of job (KB)
...
006 (14998214.106.000) 2025-12-03 03:31:49 Image size of job updated: 22552
	1  -  MemoryUsage of job (MB)
	772  -  ResidentSetSize of job (KB)
...
006 (14998214.106.000) 2025-12-03 03:36:49 Image size of job updated: 22552
	1  -  MemoryUsage of job (MB)
	784  -  ResidentSetSize of job (KB)
...
006 (14998214.106.000) 2025-12-03 03:41:49 Image size of job updated: 22552
	1  -  MemoryUsage of job (MB)
	788  -  ResidentSetSize of job (KB)
...
006 (14998214.106.000) 2025-12-03 03:46:50 Image size of job updated: 22552
	1  -  MemoryUsage of job (MB)
	796  -  ResidentSetSize of job (KB)
...
006 (14998214.106.000) 2025-12-03 03:51:50 Image size of job updated: 22684
	1  -  MemoryUsage of job (MB)
	808  -  ResidentSetSize of job (KB)
...
006 (14998214.106.000) 2025-12-03 03:56:50 Image size of job updated: 22684
	1  -  MemoryUsage of job (MB)
	816  -  ResidentSetSize of job (KB)
...
006 (14998214.106.000) 2025-12-03 04:01:51 Image size of job updated: 22684
	1  -  MemoryUsage of job (MB)
	824  -  ResidentSetSize of job (KB)
...
006 (14998214.106.000) 2025-12-03 04:06:52 Image size of job updated: 22684
	1  -  MemoryUsage of job (MB)
	832  -  ResidentSetSize of job (KB)
...
006 (14998214.106.000) 2025-12-03 04:11:52 Image size of job updated: 22684
	1  -  MemoryUsage of job (MB)
	840  -  ResidentSetSize of job (KB)
...
006 (14998214.106.000) 2025-12-03 04:16:53 Image size of job updated: 22684
	1  -  MemoryUsage of job (MB)
	852  -  ResidentSetSize of job (KB)
...
006 (14998214.106.000) 2025-12-03 04:21:54 Image size of job updated: 22684
	1  -  MemoryUsage of job (MB)
	860  -  ResidentSetSize of job (KB)
...
006 (14998214.106.000) 2025-12-03 04:26:54 Image size of job updated: 22684
	1  -  MemoryUsage of job (MB)
	868  -  ResidentSetSize of job (KB)
...
006 (14998214.106.000) 2025-12-03 04:31:54 Image size of job updated: 22684
	1  -  MemoryUsage of job (MB)
	876  -  ResidentSetSize of job (KB)
...
006 (14998214.106.000) 2025-12-03 04:36:56 Image size of job updated: 22684
	1  -  MemoryUsage of job (MB)
	888  -  ResidentSetSize of job (KB)
...
006 (14998214.106.000) 2025-12-03 04:41:56 Image size of job updated: 22684
	1  -  MemoryUsage of job (MB)
	896  -  ResidentSetSize of job (KB)
...
006 (14998214.106.000) 2025-12-03 04:46:56 Image size of job updated: 22684
	1  -  MemoryUsage of job (MB)
	904  -  ResidentSetSize of job (KB)
...
006 (14998214.106.000) 2025-12-03 04:51:57 Image size of job updated: 22684
	1  -  MemoryUsage of job (MB)
	912  -  ResidentSetSize of job (KB)
...
006 (14998214.106.000) 2025-12-03 04:56:58 Image size of job updated: 22684
	1  -  MemoryUsage of job (MB)
	920  -  ResidentSetSize of job (KB)
...
006 (14998214.106.000) 2025-12-03 05:01:58 Image size of job updated: 22684
	1  -  MemoryUsage of job (MB)
	932  -  ResidentSetSize of job (KB)
...
006 (14998214.106.000) 2025-12-03 05:06:59 Image size of job updated: 22816
	1  -  MemoryUsage of job (MB)
	940  -  ResidentSetSize of job (KB)
...
006 (14998214.106.000) 2025-12-03 05:12:00 Image size of job updated: 22816
	1  -  MemoryUsage of job (MB)
	948  -  ResidentSetSize of job (KB)
...
006 (14998214.106.000) 2025-12-03 05:17:00 Image size of job updated: 22816
	1  -  MemoryUsage of job (MB)
	956  -  ResidentSetSize of job (KB)
...
006 (14998214.106.000) 2025-12-03 05:22:00 Image size of job updated: 22816
	1  -  MemoryUsage of job (MB)
	964  -  ResidentSetSize of job (KB)
...
006 (14998214.106.000) 2025-12-03 05:27:01 Image size of job updated: 22816
	1  -  MemoryUsage of job (MB)
	976  -  ResidentSetSize of job (KB)
...
006 (14998214.106.000) 2025-12-03 05:32:01 Image size of job updated: 22816
	1  -  MemoryUsage of job (MB)
	980  -  ResidentSetSize of job (KB)
...
006 (14998214.106.000) 2025-12-03 05:37:01 Image size of job updated: 22816
	1  -  MemoryUsage of job (MB)
	988  -  ResidentSetSize of job (KB)
...
006 (14998214.106.000) 2025-12-03 05:42:02 Image size of job updated: 22816
	1  -  MemoryUsage of job (MB)
	1000  -  ResidentSetSize of job (KB)
...
006 (14998214.106.000) 2025-12-03 05:47:03 Image size of job updated: 22816
	1  -  MemoryUsage of job (MB)
	1008  -  ResidentSetSize of job (KB)
...
006 (14998214.106.000) 2025-12-03 05:52:03 Image size of job updated: 22816
	1  -  MemoryUsage of job (MB)
	1012  -  ResidentSetSize of job (KB)
...
006 (14998214.106.000) 2025-12-03 05:57:04 Image size of job updated: 22816
	1  -  MemoryUsage of job (MB)
	1024  -  ResidentSetSize of job (KB)
...
006 (14998214.106.000) 2025-12-03 06:02:05 Image size of job updated: 22816
	2  -  MemoryUsage of job (MB)
	1032  -  ResidentSetSize of job (KB)
...
006 (14998214.106.000) 2025-12-03 06:07:05 Image size of job updated: 22816
	2  -  MemoryUsage of job (MB)
	1044  -  ResidentSetSize of job (KB)
...
006 (14998214.106.000) 2025-12-03 06:12:05 Image size of job updated: 22816
	2  -  MemoryUsage of job (MB)
	1052  -  ResidentSetSize of job (KB)
...
006 (14998214.106.000) 2025-12-03 06:17:06 Image size of job updated: 22816
	2  -  MemoryUsage of job (MB)
	1056  -  ResidentSetSize of job (KB)
...
006 (14998214.106.000) 2025-12-03 06:22:06 Image size of job updated: 22816
	2  -  MemoryUsage of job (MB)
	1068  -  ResidentSetSize of job (KB)
...
006 (14998214.106.000) 2025-12-03 06:27:06 Image size of job updated: 22948
	2  -  MemoryUsage of job (MB)
	1076  -  ResidentSetSize of job (KB)
...
006 (14998214.106.000) 2025-12-03 06:32:07 Image size of job updated: 22948
	2  -  MemoryUsage of job (MB)
	1088  -  ResidentSetSize of job (KB)
...
006 (14998214.106.000) 2025-12-03 06:37:08 Image size of job updated: 22948
	2  -  MemoryUsage of job (MB)
	1096  -  ResidentSetSize of job (KB)
...
006 (14998214.106.000) 2025-12-03 06:42:08 Image size of job updated: 22948
	2  -  MemoryUsage of job (MB)
	1100  -  ResidentSetSize of job (KB)
...
006 (14998214.106.000) 2025-12-03 06:47:09 Image size of job updated: 22948
	2  -  MemoryUsage of job (MB)
	1112  -  ResidentSetSize of job (KB)
...
006 (14998214.106.000) 2025-12-03 06:52:10 Image size of job updated: 22948
	2  -  MemoryUsage of job (MB)
	1120  -  ResidentSetSize of job (KB)
...
006 (14998214.106.000) 2025-12-03 06:57:10 Image size of job updated: 22948
	2  -  MemoryUsage of job (MB)
	1132  -  ResidentSetSize of job (KB)
...
006 (14998214.106.000) 2025-12-03 07:02:10 Image size of job updated: 22948
	2  -  MemoryUsage of job (MB)
	1136  -  ResidentSetSize of job (KB)
...
006 (14998214.106.000) 2025-12-03 07:07:11 Image size of job updated: 22948
	2  -  MemoryUsage of job (MB)
	1144  -  ResidentSetSize of job (KB)
...
006 (14998214.106.000) 2025-12-03 07:12:11 Image size of job updated: 22948
	2  -  MemoryUsage of job (MB)
	1156  -  ResidentSetSize of job (KB)
...
006 (14998214.106.000) 2025-12-03 07:17:11 Image size of job updated: 22948
	2  -  MemoryUsage of job (MB)
	1164  -  ResidentSetSize of job (KB)
...
006 (14998214.106.000) 2025-12-03 07:22:12 Image size of job updated: 22948
	2  -  MemoryUsage of job (MB)
	1176  -  ResidentSetSize of job (KB)
...
006 (14998214.106.000) 2025-12-03 07:27:12 Image size of job updated: 22948
	2  -  MemoryUsage of job (MB)
	1180  -  ResidentSetSize of job (KB)
...
006 (14998214.106.000) 2025-12-03 07:32:12 Image size of job updated: 22948
	2  -  MemoryUsage of job (MB)
	1188  -  ResidentSetSize of job (KB)
...
006 (14998214.106.000) 2025-12-03 07:37:13 Image size of job updated: 22948
	2  -  MemoryUsage of job (MB)
	1200  -  ResidentSetSize of job (KB)
...
006 (14998214.106.000) 2025-12-03 07:42:13 Image size of job updated: 23080
	2  -  MemoryUsage of job (MB)
	1208  -  ResidentSetSize of job (KB)
...
006 (14998214.106.000) 2025-12-03 07:47:13 Image size of job updated: 23080
	2  -  MemoryUsage of job (MB)
	1212  -  ResidentSetSize of job (KB)
...
006 (14998214.106.000) 2025-12-03 07:52:14 Image size of job updated: 23080
	2  -  MemoryUsage of job (MB)
	1224  -  ResidentSetSize of job (KB)
...
006 (14998214.106.000) 2025-12-03 07:57:14 Image size of job updated: 23080
	2  -  MemoryUsage of job (MB)
	1232  -  ResidentSetSize of job (KB)
...
006 (14998214.106.000) 2025-12-03 08:02:14 Image size of job updated: 23080
	2  -  MemoryUsage of job (MB)
	1244  -  ResidentSetSize of job (KB)
...
006 (14998214.106.000) 2025-12-03 08:07:15 Image size of job updated: 23080
	2  -  MemoryUsage of job (MB)
	1248  -  ResidentSetSize of job (KB)
...
006 (14998214.106.000) 2025-12-03 08:17:16 Image size of job updated: 23080
	2  -  MemoryUsage of job (MB)
	1256  -  ResidentSetSize of job (KB)
...
006 (14998214.106.000) 2025-12-03 08:22:17 Image size of job updated: 23080
	2  -  MemoryUsage of job (MB)
	1264  -  ResidentSetSize of job (KB)
...
006 (14998214.106.000) 2025-12-03 08:27:18 Image size of job updated: 23080
	2  -  MemoryUsage of job (MB)
	1272  -  ResidentSetSize of job (KB)
...
040 (14998214.106.000) 2025-12-03 08:27:42 Started transferring output files
...
040 (14998214.106.000) 2025-12-03 08:27:42 Finished transferring output files
...
005 (14998214.106.000) 2025-12-03 08:27:42 Job terminated.
	(1) Normal termination (return value 0)
		Usr 0 09:12:53, Sys 0 00:00:02  -  Run Remote Usage
		Usr 0 00:00:00, Sys 0 00:00:00  -  Run Local Usage
		Usr 0 09:12:53, Sys 0 00:00:02  -  Total Remote Usage
		Usr 0 00:00:00, Sys 0 00:00:00  -  Total Local Usage
	113365  -  Run Bytes Sent By Job
	203261  -  Run Bytes Received By Job
	113365  -  Total Bytes Sent By Job
	203261  -  Total Bytes Received By Job
	Partitionable Resources :    Usage  Request Allocated 
	   Cpus                 :     1.00        1         1 
	   Disk (KB)            :   342     2097152   6681562 
	   Memory (MB)          :     2        4096      4096 
	   xferslots            :                           0 

	Job terminated of its own accord at 2025-12-03T13:27:42Z with exit-code 0.
...
