000 (14998214.177.000) 2025-12-02 23:07:12 Job submitted from host: <130.199.48.129:9618?addrs=130.199.48.129-9618&alias=rcas6009.rcf.bnl.gov&noUDP&sock=schedd_22421_101d>
...
040 (14998214.177.000) 2025-12-02 23:40:10 Started transferring input files
	Transferring to host: <130.199.150.77:9618?addrs=130.199.150.77-9618&alias=spool1558.sdcc.bnl.gov&noUDP&sock=slot1_70_49269_921f_51602>
...
040 (14998214.177.000) 2025-12-02 23:40:13 Finished transferring input files
...
001 (14998214.177.000) 2025-12-02 23:40:14 Job executing on host: <130.199.150.77:9618?addrs=130.199.150.77-9618&alias=spool1558.sdcc.bnl.gov&noUDP&sock=startd_49259_f37d>
...
006 (14998214.177.000) 2025-12-02 23:40:22 Image size of job updated: 22160
	1  -  MemoryUsage of job (MB)
	376  -  ResidentSetSize of job (KB)
...
006 (14998214.177.000) 2025-12-02 23:45:22 Image size of job updated: 22160
	1  -  MemoryUsage of job (MB)
	384  -  ResidentSetSize of job (KB)
...
006 (14998214.177.000) 2025-12-02 23:50:23 Image size of job updated: 22160
	1  -  MemoryUsage of job (MB)
	396  -  ResidentSetSize of job (KB)
...
006 (14998214.177.000) 2025-12-02 23:55:24 Image size of job updated: 22160
	1  -  MemoryUsage of job (MB)
	404  -  ResidentSetSize of job (KB)
...
006 (14998214.177.000) 2025-12-03 00:00:24 Image size of job updated: 22160
	1  -  MemoryUsage of job (MB)
	416  -  ResidentSetSize of job (KB)
...
006 (14998214.177.000) 2025-12-03 00:05:25 Image size of job updated: 22160
	1  -  MemoryUsage of job (MB)
	424  -  ResidentSetSize of job (KB)
...
006 (14998214.177.000) 2025-12-03 00:10:26 Image size of job updated: 22160
	1  -  MemoryUsage of job (MB)
	436  -  ResidentSetSize of job (KB)
...
006 (14998214.177.000) 2025-12-03 00:15:26 Image size of job updated: 22160
	1  -  MemoryUsage of job (MB)
	444  -  ResidentSetSize of job (KB)
...
006 (14998214.177.000) 2025-12-03 00:20:27 Image size of job updated: 22160
	1  -  MemoryUsage of job (MB)
	456  -  ResidentSetSize of job (KB)
...
006 (14998214.177.000) 2025-12-03 00:25:28 Image size of job updated: 22160
	1  -  MemoryUsage of job (MB)
	468  -  ResidentSetSize of job (KB)
...
006 (14998214.177.000) 2025-12-03 00:30:28 Image size of job updated: 22160
	1  -  MemoryUsage of job (MB)
	476  -  ResidentSetSize of job (KB)
...
006 (14998214.177.000) 2025-12-03 00:35:28 Image size of job updated: 22160
	1  -  MemoryUsage of job (MB)
	488  -  ResidentSetSize of job (KB)
...
006 (14998214.177.000) 2025-12-03 00:40:29 Image size of job updated: 22292
	1  -  MemoryUsage of job (MB)
	492  -  ResidentSetSize of job (KB)
...
006 (14998214.177.000) 2025-12-03 00:45:29 Image size of job updated: 22292
	1  -  MemoryUsage of job (MB)
	500  -  ResidentSetSize of job (KB)
...
006 (14998214.177.000) 2025-12-03 00:50:29 Image size of job updated: 22292
	1  -  MemoryUsage of job (MB)
	508  -  ResidentSetSize of job (KB)
...
006 (14998214.177.000) 2025-12-03 00:55:30 Image size of job updated: 22292
	1  -  MemoryUsage of job (MB)
	520  -  ResidentSetSize of job (KB)
...
006 (14998214.177.000) 2025-12-03 01:00:31 Image size of job updated: 22292
	1  -  MemoryUsage of job (MB)
	528  -  ResidentSetSize of job (KB)
...
006 (14998214.177.000) 2025-12-03 01:05:31 Image size of job updated: 22292
	1  -  MemoryUsage of job (MB)
	540  -  ResidentSetSize of job (KB)
...
006 (14998214.177.000) 2025-12-03 01:10:32 Image size of job updated: 22292
	1  -  MemoryUsage of job (MB)
	548  -  ResidentSetSize of job (KB)
...
006 (14998214.177.000) 2025-12-03 01:15:33 Image size of job updated: 22292
	1  -  MemoryUsage of job (MB)
	556  -  ResidentSetSize of job (KB)
...
006 (14998214.177.000) 2025-12-03 01:21:13 Image size of job updated: 22292
	1  -  MemoryUsage of job (MB)
	568  -  ResidentSetSize of job (KB)
...
006 (14998214.177.000) 2025-12-03 01:25:33 Image size of job updated: 22292
	1  -  MemoryUsage of job (MB)
	576  -  ResidentSetSize of job (KB)
...
006 (14998214.177.000) 2025-12-03 01:30:33 Image size of job updated: 22292
	1  -  MemoryUsage of job (MB)
	588  -  ResidentSetSize of job (KB)
...
006 (14998214.177.000) 2025-12-03 01:35:34 Image size of job updated: 22292
	1  -  MemoryUsage of job (MB)
	596  -  ResidentSetSize of job (KB)
...
006 (14998214.177.000) 2025-12-03 01:40:35 Image size of job updated: 22292
	1  -  MemoryUsage of job (MB)
	608  -  ResidentSetSize of job (KB)
...
006 (14998214.177.000) 2025-12-03 01:45:35 Image size of job updated: 22424
	1  -  MemoryUsage of job (MB)
	616  -  ResidentSetSize of job (KB)
...
006 (14998214.177.000) 2025-12-03 01:50:35 Image size of job updated: 22424
	1  -  MemoryUsage of job (MB)
	628  -  ResidentSetSize of job (KB)
...
006 (14998214.177.000) 2025-12-03 01:55:36 Image size of job updated: 22424
	1  -  MemoryUsage of job (MB)
	636  -  ResidentSetSize of job (KB)
...
006 (14998214.177.000) 2025-12-03 02:00:36 Image size of job updated: 22424
	1  -  MemoryUsage of job (MB)
	644  -  ResidentSetSize of job (KB)
...
006 (14998214.177.000) 2025-12-03 02:05:36 Image size of job updated: 22424
	1  -  MemoryUsage of job (MB)
	656  -  ResidentSetSize of job (KB)
...
006 (14998214.177.000) 2025-12-03 02:10:37 Image size of job updated: 22424
	1  -  MemoryUsage of job (MB)
	664  -  ResidentSetSize of job (KB)
...
006 (14998214.177.000) 2025-12-03 02:15:38 Image size of job updated: 22424
	1  -  MemoryUsage of job (MB)
	676  -  ResidentSetSize of job (KB)
...
006 (14998214.177.000) 2025-12-03 02:20:38 Image size of job updated: 22424
	1  -  MemoryUsage of job (MB)
	680  -  ResidentSetSize of job (KB)
...
006 (14998214.177.000) 2025-12-03 02:25:39 Image size of job updated: 22424
	1  -  MemoryUsage of job (MB)
	688  -  ResidentSetSize of job (KB)
...
006 (14998214.177.000) 2025-12-03 02:30:40 Image size of job updated: 22424
	1  -  MemoryUsage of job (MB)
	700  -  ResidentSetSize of job (KB)
...
006 (14998214.177.000) 2025-12-03 02:35:40 Image size of job updated: 22424
	1  -  MemoryUsage of job (MB)
	708  -  ResidentSetSize of job (KB)
...
006 (14998214.177.000) 2025-12-03 02:40:40 Image size of job updated: 22424
	1  -  MemoryUsage of job (MB)
	720  -  ResidentSetSize of job (KB)
...
006 (14998214.177.000) 2025-12-03 02:45:41 Image size of job updated: 22424
	1  -  MemoryUsage of job (MB)
	728  -  ResidentSetSize of job (KB)
...
006 (14998214.177.000) 2025-12-03 02:50:41 Image size of job updated: 22424
	1  -  MemoryUsage of job (MB)
	740  -  ResidentSetSize of job (KB)
...
006 (14998214.177.000) 2025-12-03 02:55:41 Image size of job updated: 22552
	1  -  MemoryUsage of job (MB)
	748  -  ResidentSetSize of job (KB)
...
006 (14998214.177.000) 2025-12-03 03:00:42 Image size of job updated: 22552
	1  -  MemoryUsage of job (MB)
	760  -  ResidentSetSize of job (KB)
...
006 (14998214.177.000) 2025-12-03 03:05:42 Image size of job updated: 22552
	1  -  MemoryUsage of job (MB)
	768  -  ResidentSetSize of job (KB)
...
006 (14998214.177.000) 2025-12-03 03:10:43 Image size of job updated: 22552
	1  -  MemoryUsage of job (MB)
	776  -  ResidentSetSize of job (KB)
...
006 (14998214.177.000) 2025-12-03 03:15:44 Image size of job updated: 22552
	1  -  MemoryUsage of job (MB)
	788  -  ResidentSetSize of job (KB)
...
006 (14998214.177.000) 2025-12-03 03:20:44 Image size of job updated: 22552
	1  -  MemoryUsage of job (MB)
	796  -  ResidentSetSize of job (KB)
...
006 (14998214.177.000) 2025-12-03 03:25:45 Image size of job updated: 22552
	1  -  MemoryUsage of job (MB)
	808  -  ResidentSetSize of job (KB)
...
006 (14998214.177.000) 2025-12-03 03:30:46 Image size of job updated: 22552
	1  -  MemoryUsage of job (MB)
	816  -  ResidentSetSize of job (KB)
...
006 (14998214.177.000) 2025-12-03 03:35:46 Image size of job updated: 22552
	1  -  MemoryUsage of job (MB)
	828  -  ResidentSetSize of job (KB)
...
006 (14998214.177.000) 2025-12-03 03:40:47 Image size of job updated: 22552
	1  -  MemoryUsage of job (MB)
	836  -  ResidentSetSize of job (KB)
...
006 (14998214.177.000) 2025-12-03 03:45:48 Image size of job updated: 22552
	1  -  MemoryUsage of job (MB)
	852  -  ResidentSetSize of job (KB)
...
006 (14998214.177.000) 2025-12-03 03:50:48 Image size of job updated: 22552
	1  -  MemoryUsage of job (MB)
	860  -  ResidentSetSize of job (KB)
...
006 (14998214.177.000) 2025-12-03 03:55:49 Image size of job updated: 22552
	1  -  MemoryUsage of job (MB)
	872  -  ResidentSetSize of job (KB)
...
006 (14998214.177.000) 2025-12-03 04:00:50 Image size of job updated: 22684
	1  -  MemoryUsage of job (MB)
	880  -  ResidentSetSize of job (KB)
...
006 (14998214.177.000) 2025-12-03 04:05:50 Image size of job updated: 22684
	1  -  MemoryUsage of job (MB)
	892  -  ResidentSetSize of job (KB)
...
006 (14998214.177.000) 2025-12-03 04:10:53 Image size of job updated: 22684
	1  -  MemoryUsage of job (MB)
	900  -  ResidentSetSize of job (KB)
...
006 (14998214.177.000) 2025-12-03 04:20:51 Image size of job updated: 22684
	1  -  MemoryUsage of job (MB)
	908  -  ResidentSetSize of job (KB)
...
006 (14998214.177.000) 2025-12-03 04:25:52 Image size of job updated: 22684
	1  -  MemoryUsage of job (MB)
	916  -  ResidentSetSize of job (KB)
...
006 (14998214.177.000) 2025-12-03 04:45:54 Image size of job updated: 22684
	1  -  MemoryUsage of job (MB)
	924  -  ResidentSetSize of job (KB)
...
006 (14998214.177.000) 2025-12-03 04:55:54 Image size of job updated: 22684
	1  -  MemoryUsage of job (MB)
	928  -  ResidentSetSize of job (KB)
...
006 (14998214.177.000) 2025-12-03 05:00:55 Image size of job updated: 22684
	1  -  MemoryUsage of job (MB)
	940  -  ResidentSetSize of job (KB)
...
006 (14998214.177.000) 2025-12-03 05:05:56 Image size of job updated: 22816
	1  -  MemoryUsage of job (MB)
	948  -  ResidentSetSize of job (KB)
...
006 (14998214.177.000) 2025-12-03 05:10:56 Image size of job updated: 22816
	1  -  MemoryUsage of job (MB)
	956  -  ResidentSetSize of job (KB)
...
006 (14998214.177.000) 2025-12-03 05:15:57 Image size of job updated: 22816
	1  -  MemoryUsage of job (MB)
	968  -  ResidentSetSize of job (KB)
...
006 (14998214.177.000) 2025-12-03 05:20:58 Image size of job updated: 22816
	1  -  MemoryUsage of job (MB)
	976  -  ResidentSetSize of job (KB)
...
006 (14998214.177.000) 2025-12-03 05:25:58 Image size of job updated: 22816
	1  -  MemoryUsage of job (MB)
	988  -  ResidentSetSize of job (KB)
...
006 (14998214.177.000) 2025-12-03 05:30:59 Image size of job updated: 22816
	1  -  MemoryUsage of job (MB)
	996  -  ResidentSetSize of job (KB)
...
006 (14998214.177.000) 2025-12-03 05:36:00 Image size of job updated: 22816
	1  -  MemoryUsage of job (MB)
	1008  -  ResidentSetSize of job (KB)
...
006 (14998214.177.000) 2025-12-03 05:41:00 Image size of job updated: 22816
	1  -  MemoryUsage of job (MB)
	1016  -  ResidentSetSize of job (KB)
...
006 (14998214.177.000) 2025-12-03 05:46:00 Image size of job updated: 22816
	2  -  MemoryUsage of job (MB)
	1028  -  ResidentSetSize of job (KB)
...
006 (14998214.177.000) 2025-12-03 05:51:01 Image size of job updated: 22816
	2  -  MemoryUsage of job (MB)
	1036  -  ResidentSetSize of job (KB)
...
006 (14998214.177.000) 2025-12-03 05:56:01 Image size of job updated: 22816
	2  -  MemoryUsage of job (MB)
	1044  -  ResidentSetSize of job (KB)
...
006 (14998214.177.000) 2025-12-03 06:01:01 Image size of job updated: 22816
	2  -  MemoryUsage of job (MB)
	1056  -  ResidentSetSize of job (KB)
...
006 (14998214.177.000) 2025-12-03 06:06:02 Image size of job updated: 22816
	2  -  MemoryUsage of job (MB)
	1064  -  ResidentSetSize of job (KB)
...
006 (14998214.177.000) 2025-12-03 06:11:02 Image size of job updated: 22816
	2  -  MemoryUsage of job (MB)
	1072  -  ResidentSetSize of job (KB)
...
006 (14998214.177.000) 2025-12-03 06:16:02 Image size of job updated: 22948
	2  -  MemoryUsage of job (MB)
	1080  -  ResidentSetSize of job (KB)
...
006 (14998214.177.000) 2025-12-03 06:21:03 Image size of job updated: 22948
	2  -  MemoryUsage of job (MB)
	1088  -  ResidentSetSize of job (KB)
...
006 (14998214.177.000) 2025-12-03 06:26:03 Image size of job updated: 22948
	2  -  MemoryUsage of job (MB)
	1100  -  ResidentSetSize of job (KB)
...
006 (14998214.177.000) 2025-12-03 06:31:03 Image size of job updated: 22948
	2  -  MemoryUsage of job (MB)
	1108  -  ResidentSetSize of job (KB)
...
006 (14998214.177.000) 2025-12-03 06:36:04 Image size of job updated: 22948
	2  -  MemoryUsage of job (MB)
	1120  -  ResidentSetSize of job (KB)
...
006 (14998214.177.000) 2025-12-03 06:41:05 Image size of job updated: 22948
	2  -  MemoryUsage of job (MB)
	1128  -  ResidentSetSize of job (KB)
...
006 (14998214.177.000) 2025-12-03 06:46:05 Image size of job updated: 22948
	2  -  MemoryUsage of job (MB)
	1140  -  ResidentSetSize of job (KB)
...
006 (14998214.177.000) 2025-12-03 06:51:06 Image size of job updated: 22948
	2  -  MemoryUsage of job (MB)
	1148  -  ResidentSetSize of job (KB)
...
006 (14998214.177.000) 2025-12-03 07:06:07 Image size of job updated: 22948
	2  -  MemoryUsage of job (MB)
	1156  -  ResidentSetSize of job (KB)
...
006 (14998214.177.000) 2025-12-03 07:11:08 Image size of job updated: 22948
	2  -  MemoryUsage of job (MB)
	1168  -  ResidentSetSize of job (KB)
...
006 (14998214.177.000) 2025-12-03 07:16:09 Image size of job updated: 22948
	2  -  MemoryUsage of job (MB)
	1172  -  ResidentSetSize of job (KB)
...
006 (14998214.177.000) 2025-12-03 07:21:09 Image size of job updated: 22948
	2  -  MemoryUsage of job (MB)
	1184  -  ResidentSetSize of job (KB)
...
006 (14998214.177.000) 2025-12-03 07:26:10 Image size of job updated: 23080
	2  -  MemoryUsage of job (MB)
	1192  -  ResidentSetSize of job (KB)
...
006 (14998214.177.000) 2025-12-03 07:31:10 Image size of job updated: 23080
	2  -  MemoryUsage of job (MB)
	1200  -  ResidentSetSize of job (KB)
...
006 (14998214.177.000) 2025-12-03 07:36:10 Image size of job updated: 23080
	2  -  MemoryUsage of job (MB)
	1212  -  ResidentSetSize of job (KB)
...
006 (14998214.177.000) 2025-12-03 07:41:11 Image size of job updated: 23080
	2  -  MemoryUsage of job (MB)
	1220  -  ResidentSetSize of job (KB)
...
006 (14998214.177.000) 2025-12-03 07:46:12 Image size of job updated: 23080
	2  -  MemoryUsage of job (MB)
	1232  -  ResidentSetSize of job (KB)
...
006 (14998214.177.000) 2025-12-03 07:51:12 Image size of job updated: 23080
	2  -  MemoryUsage of job (MB)
	1240  -  ResidentSetSize of job (KB)
...
006 (14998214.177.000) 2025-12-03 07:56:13 Image size of job updated: 23080
	2  -  MemoryUsage of job (MB)
	1252  -  ResidentSetSize of job (KB)
...
006 (14998214.177.000) 2025-12-03 08:01:14 Image size of job updated: 23080
	2  -  MemoryUsage of job (MB)
	1260  -  ResidentSetSize of job (KB)
...
006 (14998214.177.000) 2025-12-03 08:06:14 Image size of job updated: 23080
	2  -  MemoryUsage of job (MB)
	1272  -  ResidentSetSize of job (KB)
...
040 (14998214.177.000) 2025-12-03 08:08:27 Started transferring output files
...
040 (14998214.177.000) 2025-12-03 08:08:27 Finished transferring output files
...
005 (14998214.177.000) 2025-12-03 08:08:27 Job terminated.
	(1) Normal termination (return value 0)
		Usr 0 08:28:01, Sys 0 00:00:01  -  Run Remote Usage
		Usr 0 00:00:00, Sys 0 00:00:00  -  Run Local Usage
		Usr 0 08:28:01, Sys 0 00:00:01  -  Total Remote Usage
		Usr 0 00:00:00, Sys 0 00:00:00  -  Total Local Usage
	113365  -  Run Bytes Sent By Job
	371787  -  Run Bytes Received By Job
	113365  -  Total Bytes Sent By Job
	371787  -  Total Bytes Received By Job
	Partitionable Resources :    Usage  Request Allocated 
	   Cpus                 :     1.00        1         1 
	   Disk (KB)            :   507     2097152   6681195 
	   Memory (MB)          :     2        4096      4096 
	   xferslots            :                           0 

	Job terminated of its own accord at 2025-12-03T13:08:27Z with exit-code 0.
...
