000 (14998214.134.000) 2025-12-02 23:07:12 Job submitted from host: <130.199.48.129:9618?addrs=130.199.48.129-9618&alias=rcas6009.rcf.bnl.gov&noUDP&sock=schedd_22421_101d>
...
040 (14998214.134.000) 2025-12-02 23:22:25 Started transferring input files
	Transferring to host: <130.199.184.151:9618?addrs=130.199.184.151-9618&alias=spool1760.sdcc.bnl.gov&noUDP&sock=slot1_17_32549_c2d0_51779>
...
040 (14998214.134.000) 2025-12-02 23:22:26 Finished transferring input files
...
001 (14998214.134.000) 2025-12-02 23:22:27 Job executing on host: <130.199.184.151:9618?addrs=130.199.184.151-9618&alias=spool1760.sdcc.bnl.gov&noUDP&sock=startd_32541_ea49>
...
006 (14998214.134.000) 2025-12-02 23:22:36 Image size of job updated: 22160
	1  -  MemoryUsage of job (MB)
	380  -  ResidentSetSize of job (KB)
...
006 (14998214.134.000) 2025-12-02 23:27:36 Image size of job updated: 22160
	1  -  MemoryUsage of job (MB)
	388  -  ResidentSetSize of job (KB)
...
006 (14998214.134.000) 2025-12-02 23:32:36 Image size of job updated: 22160
	1  -  MemoryUsage of job (MB)
	400  -  ResidentSetSize of job (KB)
...
006 (14998214.134.000) 2025-12-02 23:37:37 Image size of job updated: 22160
	1  -  MemoryUsage of job (MB)
	408  -  ResidentSetSize of job (KB)
...
006 (14998214.134.000) 2025-12-02 23:42:38 Image size of job updated: 22160
	1  -  MemoryUsage of job (MB)
	420  -  ResidentSetSize of job (KB)
...
006 (14998214.134.000) 2025-12-02 23:47:38 Image size of job updated: 22160
	1  -  MemoryUsage of job (MB)
	428  -  ResidentSetSize of job (KB)
...
006 (14998214.134.000) 2025-12-02 23:52:38 Image size of job updated: 22160
	1  -  MemoryUsage of job (MB)
	440  -  ResidentSetSize of job (KB)
...
006 (14998214.134.000) 2025-12-03 00:02:39 Image size of job updated: 22160
	1  -  MemoryUsage of job (MB)
	452  -  ResidentSetSize of job (KB)
...
006 (14998214.134.000) 2025-12-03 00:07:39 Image size of job updated: 22160
	1  -  MemoryUsage of job (MB)
	468  -  ResidentSetSize of job (KB)
...
006 (14998214.134.000) 2025-12-03 00:12:40 Image size of job updated: 22160
	1  -  MemoryUsage of job (MB)
	480  -  ResidentSetSize of job (KB)
...
006 (14998214.134.000) 2025-12-03 00:17:40 Image size of job updated: 22292
	1  -  MemoryUsage of job (MB)
	488  -  ResidentSetSize of job (KB)
...
006 (14998214.134.000) 2025-12-03 00:22:40 Image size of job updated: 22292
	1  -  MemoryUsage of job (MB)
	500  -  ResidentSetSize of job (KB)
...
006 (14998214.134.000) 2025-12-03 00:27:42 Image size of job updated: 22292
	1  -  MemoryUsage of job (MB)
	504  -  ResidentSetSize of job (KB)
...
006 (14998214.134.000) 2025-12-03 00:32:42 Image size of job updated: 22292
	1  -  MemoryUsage of job (MB)
	512  -  ResidentSetSize of job (KB)
...
006 (14998214.134.000) 2025-12-03 00:37:42 Image size of job updated: 22292
	1  -  MemoryUsage of job (MB)
	524  -  ResidentSetSize of job (KB)
...
006 (14998214.134.000) 2025-12-03 00:42:43 Image size of job updated: 22292
	1  -  MemoryUsage of job (MB)
	532  -  ResidentSetSize of job (KB)
...
006 (14998214.134.000) 2025-12-03 00:47:44 Image size of job updated: 22292
	1  -  MemoryUsage of job (MB)
	544  -  ResidentSetSize of job (KB)
...
006 (14998214.134.000) 2025-12-03 00:52:44 Image size of job updated: 22292
	1  -  MemoryUsage of job (MB)
	552  -  ResidentSetSize of job (KB)
...
006 (14998214.134.000) 2025-12-03 00:57:45 Image size of job updated: 22292
	1  -  MemoryUsage of job (MB)
	560  -  ResidentSetSize of job (KB)
...
006 (14998214.134.000) 2025-12-03 01:02:46 Image size of job updated: 22292
	1  -  MemoryUsage of job (MB)
	572  -  ResidentSetSize of job (KB)
...
006 (14998214.134.000) 2025-12-03 01:07:46 Image size of job updated: 22292
	1  -  MemoryUsage of job (MB)
	580  -  ResidentSetSize of job (KB)
...
006 (14998214.134.000) 2025-12-03 01:15:28 Image size of job updated: 22292
	1  -  MemoryUsage of job (MB)
	592  -  ResidentSetSize of job (KB)
...
006 (14998214.134.000) 2025-12-03 01:23:32 Image size of job updated: 22292
	1  -  MemoryUsage of job (MB)
	612  -  ResidentSetSize of job (KB)
...
006 (14998214.134.000) 2025-12-03 01:30:00 Image size of job updated: 22424
	1  -  MemoryUsage of job (MB)
	624  -  ResidentSetSize of job (KB)
...
006 (14998214.134.000) 2025-12-03 01:35:01 Image size of job updated: 22424
	1  -  MemoryUsage of job (MB)
	636  -  ResidentSetSize of job (KB)
...
006 (14998214.134.000) 2025-12-03 01:40:01 Image size of job updated: 22424
	1  -  MemoryUsage of job (MB)
	644  -  ResidentSetSize of job (KB)
...
006 (14998214.134.000) 2025-12-03 01:45:02 Image size of job updated: 22424
	1  -  MemoryUsage of job (MB)
	656  -  ResidentSetSize of job (KB)
...
006 (14998214.134.000) 2025-12-03 01:50:03 Image size of job updated: 22424
	1  -  MemoryUsage of job (MB)
	664  -  ResidentSetSize of job (KB)
...
006 (14998214.134.000) 2025-12-03 01:55:03 Image size of job updated: 22424
	1  -  MemoryUsage of job (MB)
	668  -  ResidentSetSize of job (KB)
...
006 (14998214.134.000) 2025-12-03 02:00:04 Image size of job updated: 22424
	1  -  MemoryUsage of job (MB)
	680  -  ResidentSetSize of job (KB)
...
006 (14998214.134.000) 2025-12-03 02:05:05 Image size of job updated: 22424
	1  -  MemoryUsage of job (MB)
	688  -  ResidentSetSize of job (KB)
...
006 (14998214.134.000) 2025-12-03 02:10:05 Image size of job updated: 22424
	1  -  MemoryUsage of job (MB)
	700  -  ResidentSetSize of job (KB)
...
006 (14998214.134.000) 2025-12-03 02:15:05 Image size of job updated: 22424
	1  -  MemoryUsage of job (MB)
	708  -  ResidentSetSize of job (KB)
...
006 (14998214.134.000) 2025-12-03 02:20:06 Image size of job updated: 22424
	1  -  MemoryUsage of job (MB)
	720  -  ResidentSetSize of job (KB)
...
006 (14998214.134.000) 2025-12-03 02:25:06 Image size of job updated: 22424
	1  -  MemoryUsage of job (MB)
	724  -  ResidentSetSize of job (KB)
...
006 (14998214.134.000) 2025-12-03 02:30:06 Image size of job updated: 22424
	1  -  MemoryUsage of job (MB)
	732  -  ResidentSetSize of job (KB)
...
006 (14998214.134.000) 2025-12-03 02:35:07 Image size of job updated: 22424
	1  -  MemoryUsage of job (MB)
	740  -  ResidentSetSize of job (KB)
...
006 (14998214.134.000) 2025-12-03 02:40:08 Image size of job updated: 22552
	1  -  MemoryUsage of job (MB)
	748  -  ResidentSetSize of job (KB)
...
006 (14998214.134.000) 2025-12-03 02:45:08 Image size of job updated: 22552
	1  -  MemoryUsage of job (MB)
	760  -  ResidentSetSize of job (KB)
...
006 (14998214.134.000) 2025-12-03 02:50:09 Image size of job updated: 22552
	1  -  MemoryUsage of job (MB)
	768  -  ResidentSetSize of job (KB)
...
006 (14998214.134.000) 2025-12-03 02:55:10 Image size of job updated: 22552
	1  -  MemoryUsage of job (MB)
	776  -  ResidentSetSize of job (KB)
...
006 (14998214.134.000) 2025-12-03 03:00:10 Image size of job updated: 22552
	1  -  MemoryUsage of job (MB)
	784  -  ResidentSetSize of job (KB)
...
006 (14998214.134.000) 2025-12-03 03:05:10 Image size of job updated: 22552
	1  -  MemoryUsage of job (MB)
	792  -  ResidentSetSize of job (KB)
...
006 (14998214.134.000) 2025-12-03 03:10:11 Image size of job updated: 22552
	1  -  MemoryUsage of job (MB)
	800  -  ResidentSetSize of job (KB)
...
006 (14998214.134.000) 2025-12-03 03:15:11 Image size of job updated: 22552
	1  -  MemoryUsage of job (MB)
	808  -  ResidentSetSize of job (KB)
...
006 (14998214.134.000) 2025-12-03 03:20:11 Image size of job updated: 22552
	1  -  MemoryUsage of job (MB)
	816  -  ResidentSetSize of job (KB)
...
006 (14998214.134.000) 2025-12-03 03:25:13 Image size of job updated: 22552
	1  -  MemoryUsage of job (MB)
	828  -  ResidentSetSize of job (KB)
...
006 (14998214.134.000) 2025-12-03 03:30:13 Image size of job updated: 22552
	1  -  MemoryUsage of job (MB)
	836  -  ResidentSetSize of job (KB)
...
006 (14998214.134.000) 2025-12-03 03:35:13 Image size of job updated: 22552
	1  -  MemoryUsage of job (MB)
	848  -  ResidentSetSize of job (KB)
...
006 (14998214.134.000) 2025-12-03 03:40:14 Image size of job updated: 22552
	1  -  MemoryUsage of job (MB)
	856  -  ResidentSetSize of job (KB)
...
006 (14998214.134.000) 2025-12-03 03:45:15 Image size of job updated: 22552
	1  -  MemoryUsage of job (MB)
	868  -  ResidentSetSize of job (KB)
...
006 (14998214.134.000) 2025-12-03 03:50:15 Image size of job updated: 22684
	1  -  MemoryUsage of job (MB)
	876  -  ResidentSetSize of job (KB)
...
006 (14998214.134.000) 2025-12-03 03:55:16 Image size of job updated: 22684
	1  -  MemoryUsage of job (MB)
	880  -  ResidentSetSize of job (KB)
...
006 (14998214.134.000) 2025-12-03 04:00:17 Image size of job updated: 22684
	1  -  MemoryUsage of job (MB)
	892  -  ResidentSetSize of job (KB)
...
006 (14998214.134.000) 2025-12-03 04:05:17 Image size of job updated: 22684
	1  -  MemoryUsage of job (MB)
	900  -  ResidentSetSize of job (KB)
...
006 (14998214.134.000) 2025-12-03 04:10:17 Image size of job updated: 22684
	1  -  MemoryUsage of job (MB)
	912  -  ResidentSetSize of job (KB)
...
006 (14998214.134.000) 2025-12-03 04:15:18 Image size of job updated: 22684
	1  -  MemoryUsage of job (MB)
	920  -  ResidentSetSize of job (KB)
...
006 (14998214.134.000) 2025-12-03 04:20:18 Image size of job updated: 22684
	1  -  MemoryUsage of job (MB)
	932  -  ResidentSetSize of job (KB)
...
006 (14998214.134.000) 2025-12-03 04:25:18 Image size of job updated: 22684
	1  -  MemoryUsage of job (MB)
	940  -  ResidentSetSize of job (KB)
...
006 (14998214.134.000) 2025-12-03 04:30:20 Image size of job updated: 22684
	1  -  MemoryUsage of job (MB)
	952  -  ResidentSetSize of job (KB)
...
006 (14998214.134.000) 2025-12-03 04:35:20 Image size of job updated: 22684
	1  -  MemoryUsage of job (MB)
	960  -  ResidentSetSize of job (KB)
...
006 (14998214.134.000) 2025-12-03 04:40:20 Image size of job updated: 22684
	1  -  MemoryUsage of job (MB)
	968  -  ResidentSetSize of job (KB)
...
006 (14998214.134.000) 2025-12-03 04:45:21 Image size of job updated: 22684
	1  -  MemoryUsage of job (MB)
	976  -  ResidentSetSize of job (KB)
...
006 (14998214.134.000) 2025-12-03 04:50:22 Image size of job updated: 22684
	1  -  MemoryUsage of job (MB)
	984  -  ResidentSetSize of job (KB)
...
006 (14998214.134.000) 2025-12-03 04:55:22 Image size of job updated: 22684
	1  -  MemoryUsage of job (MB)
	996  -  ResidentSetSize of job (KB)
...
006 (14998214.134.000) 2025-12-03 05:00:23 Image size of job updated: 22816
	1  -  MemoryUsage of job (MB)
	1004  -  ResidentSetSize of job (KB)
...
006 (14998214.134.000) 2025-12-03 05:05:24 Image size of job updated: 22816
	1  -  MemoryUsage of job (MB)
	1012  -  ResidentSetSize of job (KB)
...
006 (14998214.134.000) 2025-12-03 05:10:24 Image size of job updated: 22816
	1  -  MemoryUsage of job (MB)
	1024  -  ResidentSetSize of job (KB)
...
006 (14998214.134.000) 2025-12-03 05:15:24 Image size of job updated: 22816
	2  -  MemoryUsage of job (MB)
	1032  -  ResidentSetSize of job (KB)
...
006 (14998214.134.000) 2025-12-03 05:20:25 Image size of job updated: 22816
	2  -  MemoryUsage of job (MB)
	1044  -  ResidentSetSize of job (KB)
...
006 (14998214.134.000) 2025-12-03 05:25:25 Image size of job updated: 22816
	2  -  MemoryUsage of job (MB)
	1052  -  ResidentSetSize of job (KB)
...
006 (14998214.134.000) 2025-12-03 05:30:25 Image size of job updated: 22816
	2  -  MemoryUsage of job (MB)
	1064  -  ResidentSetSize of job (KB)
...
006 (14998214.134.000) 2025-12-03 05:35:27 Image size of job updated: 22816
	2  -  MemoryUsage of job (MB)
	1072  -  ResidentSetSize of job (KB)
...
006 (14998214.134.000) 2025-12-03 05:40:27 Image size of job updated: 22816
	2  -  MemoryUsage of job (MB)
	1084  -  ResidentSetSize of job (KB)
...
006 (14998214.134.000) 2025-12-03 05:45:27 Image size of job updated: 22816
	2  -  MemoryUsage of job (MB)
	1088  -  ResidentSetSize of job (KB)
...
006 (14998214.134.000) 2025-12-03 05:50:28 Image size of job updated: 22816
	2  -  MemoryUsage of job (MB)
	1096  -  ResidentSetSize of job (KB)
...
006 (14998214.134.000) 2025-12-03 05:55:29 Image size of job updated: 22816
	2  -  MemoryUsage of job (MB)
	1108  -  ResidentSetSize of job (KB)
...
006 (14998214.134.000) 2025-12-03 06:00:29 Image size of job updated: 22816
	2  -  MemoryUsage of job (MB)
	1116  -  ResidentSetSize of job (KB)
...
006 (14998214.134.000) 2025-12-03 06:05:30 Image size of job updated: 22816
	2  -  MemoryUsage of job (MB)
	1132  -  ResidentSetSize of job (KB)
...
006 (14998214.134.000) 2025-12-03 06:10:31 Image size of job updated: 22948
	2  -  MemoryUsage of job (MB)
	1140  -  ResidentSetSize of job (KB)
...
006 (14998214.134.000) 2025-12-03 06:20:31 Image size of job updated: 22948
	2  -  MemoryUsage of job (MB)
	1148  -  ResidentSetSize of job (KB)
...
006 (14998214.134.000) 2025-12-03 06:25:33 Image size of job updated: 22948
	2  -  MemoryUsage of job (MB)
	1152  -  ResidentSetSize of job (KB)
...
006 (14998214.134.000) 2025-12-03 06:30:33 Image size of job updated: 22948
	2  -  MemoryUsage of job (MB)
	1160  -  ResidentSetSize of job (KB)
...
006 (14998214.134.000) 2025-12-03 06:35:33 Image size of job updated: 22948
	2  -  MemoryUsage of job (MB)
	1168  -  ResidentSetSize of job (KB)
...
006 (14998214.134.000) 2025-12-03 06:40:34 Image size of job updated: 22948
	2  -  MemoryUsage of job (MB)
	1180  -  ResidentSetSize of job (KB)
...
006 (14998214.134.000) 2025-12-03 06:45:34 Image size of job updated: 22948
	2  -  MemoryUsage of job (MB)
	1184  -  ResidentSetSize of job (KB)
...
006 (14998214.134.000) 2025-12-03 06:50:34 Image size of job updated: 22948
	2  -  MemoryUsage of job (MB)
	1196  -  ResidentSetSize of job (KB)
...
006 (14998214.134.000) 2025-12-03 06:55:35 Image size of job updated: 22948
	2  -  MemoryUsage of job (MB)
	1204  -  ResidentSetSize of job (KB)
...
006 (14998214.134.000) 2025-12-03 07:00:36 Image size of job updated: 22948
	2  -  MemoryUsage of job (MB)
	1212  -  ResidentSetSize of job (KB)
...
006 (14998214.134.000) 2025-12-03 07:05:36 Image size of job updated: 22948
	2  -  MemoryUsage of job (MB)
	1224  -  ResidentSetSize of job (KB)
...
006 (14998214.134.000) 2025-12-03 07:10:37 Image size of job updated: 22948
	2  -  MemoryUsage of job (MB)
	1232  -  ResidentSetSize of job (KB)
...
006 (14998214.134.000) 2025-12-03 07:15:38 Image size of job updated: 22948
	2  -  MemoryUsage of job (MB)
	1244  -  ResidentSetSize of job (KB)
...
006 (14998214.134.000) 2025-12-03 07:20:38 Image size of job updated: 23080
	2  -  MemoryUsage of job (MB)
	1248  -  ResidentSetSize of job (KB)
...
006 (14998214.134.000) 2025-12-03 07:25:39 Image size of job updated: 23080
	2  -  MemoryUsage of job (MB)
	1252  -  ResidentSetSize of job (KB)
...
006 (14998214.134.000) 2025-12-03 08:00:42 Image size of job updated: 23080
	2  -  MemoryUsage of job (MB)
	1256  -  ResidentSetSize of job (KB)
...
006 (14998214.134.000) 2025-12-03 08:05:43 Image size of job updated: 23080
	2  -  MemoryUsage of job (MB)
	1268  -  ResidentSetSize of job (KB)
...
040 (14998214.134.000) 2025-12-03 08:06:35 Started transferring output files
...
040 (14998214.134.000) 2025-12-03 08:06:35 Finished transferring output files
...
005 (14998214.134.000) 2025-12-03 08:06:35 Job terminated.
	(1) Normal termination (return value 0)
		Usr 0 08:43:36, Sys 0 00:00:02  -  Run Remote Usage
		Usr 0 00:00:00, Sys 0 00:00:00  -  Run Local Usage
		Usr 0 08:43:36, Sys 0 00:00:02  -  Total Remote Usage
		Usr 0 00:00:00, Sys 0 00:00:00  -  Total Local Usage
	113365  -  Run Bytes Sent By Job
	260330  -  Run Bytes Received By Job
	113365  -  Total Bytes Sent By Job
	260330  -  Total Bytes Received By Job
	Partitionable Resources :    Usage  Request Allocated 
	   Cpus                 :     1.00        1         1 
	   Disk (KB)            :   398     2097152   6681582 
	   Memory (MB)          :     2        4096      4096 
	   xferslots            :                           0 

	Job terminated of its own accord at 2025-12-03T13:06:35Z with exit-code 0.
...
