000 (14998214.175.000) 2025-12-02 23:07:12 Job submitted from host: <130.199.48.129:9618?addrs=130.199.48.129-9618&alias=rcas6009.rcf.bnl.gov&noUDP&sock=schedd_22421_101d>
...
040 (14998214.175.000) 2025-12-02 23:38:25 Started transferring input files
	Transferring to host: <130.199.184.220:9618?addrs=130.199.184.220-9618&alias=spool1795.sdcc.bnl.gov&noUDP&sock=slot1_60_94169_c6cc_51691>
...
040 (14998214.175.000) 2025-12-02 23:38:27 Finished transferring input files
...
001 (14998214.175.000) 2025-12-02 23:38:28 Job executing on host: <130.199.184.220:9618?addrs=130.199.184.220-9618&alias=spool1795.sdcc.bnl.gov&noUDP&sock=startd_94161_de06>
...
006 (14998214.175.000) 2025-12-02 23:38:36 Image size of job updated: 22160
	1  -  MemoryUsage of job (MB)
	380  -  ResidentSetSize of job (KB)
...
006 (14998214.175.000) 2025-12-02 23:43:36 Image size of job updated: 22160
	1  -  MemoryUsage of job (MB)
	388  -  ResidentSetSize of job (KB)
...
006 (14998214.175.000) 2025-12-02 23:48:37 Image size of job updated: 22160
	1  -  MemoryUsage of job (MB)
	400  -  ResidentSetSize of job (KB)
...
006 (14998214.175.000) 2025-12-02 23:53:38 Image size of job updated: 22160
	1  -  MemoryUsage of job (MB)
	404  -  ResidentSetSize of job (KB)
...
006 (14998214.175.000) 2025-12-02 23:58:38 Image size of job updated: 22160
	1  -  MemoryUsage of job (MB)
	420  -  ResidentSetSize of job (KB)
...
006 (14998214.175.000) 2025-12-03 00:03:38 Image size of job updated: 22160
	1  -  MemoryUsage of job (MB)
	428  -  ResidentSetSize of job (KB)
...
006 (14998214.175.000) 2025-12-03 00:08:39 Image size of job updated: 22160
	1  -  MemoryUsage of job (MB)
	440  -  ResidentSetSize of job (KB)
...
006 (14998214.175.000) 2025-12-03 00:18:39 Image size of job updated: 22160
	1  -  MemoryUsage of job (MB)
	444  -  ResidentSetSize of job (KB)
...
006 (14998214.175.000) 2025-12-03 00:23:41 Image size of job updated: 22160
	1  -  MemoryUsage of job (MB)
	456  -  ResidentSetSize of job (KB)
...
006 (14998214.175.000) 2025-12-03 00:28:41 Image size of job updated: 22160
	1  -  MemoryUsage of job (MB)
	468  -  ResidentSetSize of job (KB)
...
006 (14998214.175.000) 2025-12-03 00:33:41 Image size of job updated: 22160
	1  -  MemoryUsage of job (MB)
	480  -  ResidentSetSize of job (KB)
...
006 (14998214.175.000) 2025-12-03 00:38:42 Image size of job updated: 22292
	1  -  MemoryUsage of job (MB)
	488  -  ResidentSetSize of job (KB)
...
006 (14998214.175.000) 2025-12-03 00:43:43 Image size of job updated: 22292
	1  -  MemoryUsage of job (MB)
	500  -  ResidentSetSize of job (KB)
...
006 (14998214.175.000) 2025-12-03 00:48:43 Image size of job updated: 22292
	1  -  MemoryUsage of job (MB)
	508  -  ResidentSetSize of job (KB)
...
006 (14998214.175.000) 2025-12-03 00:53:44 Image size of job updated: 22292
	1  -  MemoryUsage of job (MB)
	516  -  ResidentSetSize of job (KB)
...
006 (14998214.175.000) 2025-12-03 00:58:45 Image size of job updated: 22292
	1  -  MemoryUsage of job (MB)
	528  -  ResidentSetSize of job (KB)
...
006 (14998214.175.000) 2025-12-03 01:03:45 Image size of job updated: 22292
	1  -  MemoryUsage of job (MB)
	536  -  ResidentSetSize of job (KB)
...
006 (14998214.175.000) 2025-12-03 01:08:45 Image size of job updated: 22292
	1  -  MemoryUsage of job (MB)
	548  -  ResidentSetSize of job (KB)
...
006 (14998214.175.000) 2025-12-03 01:13:46 Image size of job updated: 22292
	1  -  MemoryUsage of job (MB)
	556  -  ResidentSetSize of job (KB)
...
006 (14998214.175.000) 2025-12-03 01:19:27 Image size of job updated: 22292
	1  -  MemoryUsage of job (MB)
	568  -  ResidentSetSize of job (KB)
...
006 (14998214.175.000) 2025-12-03 01:23:46 Image size of job updated: 22292
	1  -  MemoryUsage of job (MB)
	576  -  ResidentSetSize of job (KB)
...
006 (14998214.175.000) 2025-12-03 01:28:46 Image size of job updated: 22292
	1  -  MemoryUsage of job (MB)
	588  -  ResidentSetSize of job (KB)
...
006 (14998214.175.000) 2025-12-03 01:33:46 Image size of job updated: 22292
	1  -  MemoryUsage of job (MB)
	596  -  ResidentSetSize of job (KB)
...
006 (14998214.175.000) 2025-12-03 01:41:18 Image size of job updated: 22292
	1  -  MemoryUsage of job (MB)
	612  -  ResidentSetSize of job (KB)
...
006 (14998214.175.000) 2025-12-03 01:49:13 Image size of job updated: 22424
	1  -  MemoryUsage of job (MB)
	624  -  ResidentSetSize of job (KB)
...
006 (14998214.175.000) 2025-12-03 01:55:29 Image size of job updated: 22424
	1  -  MemoryUsage of job (MB)
	636  -  ResidentSetSize of job (KB)
...
006 (14998214.175.000) 2025-12-03 02:00:30 Image size of job updated: 22424
	1  -  MemoryUsage of job (MB)
	640  -  ResidentSetSize of job (KB)
...
006 (14998214.175.000) 2025-12-03 02:05:30 Image size of job updated: 22424
	1  -  MemoryUsage of job (MB)
	652  -  ResidentSetSize of job (KB)
...
006 (14998214.175.000) 2025-12-03 02:10:30 Image size of job updated: 22424
	1  -  MemoryUsage of job (MB)
	660  -  ResidentSetSize of job (KB)
...
006 (14998214.175.000) 2025-12-03 02:15:31 Image size of job updated: 22424
	1  -  MemoryUsage of job (MB)
	672  -  ResidentSetSize of job (KB)
...
006 (14998214.175.000) 2025-12-03 02:20:32 Image size of job updated: 22424
	1  -  MemoryUsage of job (MB)
	680  -  ResidentSetSize of job (KB)
...
006 (14998214.175.000) 2025-12-03 02:25:32 Image size of job updated: 22424
	1  -  MemoryUsage of job (MB)
	684  -  ResidentSetSize of job (KB)
...
006 (14998214.175.000) 2025-12-03 02:30:32 Image size of job updated: 22424
	1  -  MemoryUsage of job (MB)
	696  -  ResidentSetSize of job (KB)
...
006 (14998214.175.000) 2025-12-03 02:35:33 Image size of job updated: 22424
	1  -  MemoryUsage of job (MB)
	704  -  ResidentSetSize of job (KB)
...
006 (14998214.175.000) 2025-12-03 02:40:33 Image size of job updated: 22424
	1  -  MemoryUsage of job (MB)
	716  -  ResidentSetSize of job (KB)
...
006 (14998214.175.000) 2025-12-03 02:45:33 Image size of job updated: 22424
	1  -  MemoryUsage of job (MB)
	724  -  ResidentSetSize of job (KB)
...
006 (14998214.175.000) 2025-12-03 02:50:34 Image size of job updated: 22424
	1  -  MemoryUsage of job (MB)
	732  -  ResidentSetSize of job (KB)
...
006 (14998214.175.000) 2025-12-03 02:55:35 Image size of job updated: 22424
	1  -  MemoryUsage of job (MB)
	744  -  ResidentSetSize of job (KB)
...
006 (14998214.175.000) 2025-12-03 03:00:35 Image size of job updated: 22552
	1  -  MemoryUsage of job (MB)
	752  -  ResidentSetSize of job (KB)
...
006 (14998214.175.000) 2025-12-03 03:05:36 Image size of job updated: 22552
	1  -  MemoryUsage of job (MB)
	760  -  ResidentSetSize of job (KB)
...
006 (14998214.175.000) 2025-12-03 03:10:37 Image size of job updated: 22552
	1  -  MemoryUsage of job (MB)
	764  -  ResidentSetSize of job (KB)
...
006 (14998214.175.000) 2025-12-03 03:15:37 Image size of job updated: 22552
	1  -  MemoryUsage of job (MB)
	772  -  ResidentSetSize of job (KB)
...
006 (14998214.175.000) 2025-12-03 03:20:37 Image size of job updated: 22552
	1  -  MemoryUsage of job (MB)
	784  -  ResidentSetSize of job (KB)
...
006 (14998214.175.000) 2025-12-03 03:25:38 Image size of job updated: 22552
	1  -  MemoryUsage of job (MB)
	792  -  ResidentSetSize of job (KB)
...
006 (14998214.175.000) 2025-12-03 03:30:38 Image size of job updated: 22552
	1  -  MemoryUsage of job (MB)
	804  -  ResidentSetSize of job (KB)
...
006 (14998214.175.000) 2025-12-03 03:35:52 Image size of job updated: 22552
	1  -  MemoryUsage of job (MB)
	812  -  ResidentSetSize of job (KB)
...
006 (14998214.175.000) 2025-12-03 03:40:39 Image size of job updated: 22552
	1  -  MemoryUsage of job (MB)
	824  -  ResidentSetSize of job (KB)
...
006 (14998214.175.000) 2025-12-03 04:05:43 Image size of job updated: 22552
	1  -  MemoryUsage of job (MB)
	832  -  ResidentSetSize of job (KB)
...
006 (14998214.175.000) 2025-12-03 04:10:43 Image size of job updated: 22684
	1  -  MemoryUsage of job (MB)
	840  -  ResidentSetSize of job (KB)
...
006 (14998214.175.000) 2025-12-03 04:15:43 Image size of job updated: 22684
	1  -  MemoryUsage of job (MB)
	852  -  ResidentSetSize of job (KB)
...
006 (14998214.175.000) 2025-12-03 04:20:44 Image size of job updated: 22684
	1  -  MemoryUsage of job (MB)
	860  -  ResidentSetSize of job (KB)
...
006 (14998214.175.000) 2025-12-03 04:25:44 Image size of job updated: 22684
	1  -  MemoryUsage of job (MB)
	868  -  ResidentSetSize of job (KB)
...
006 (14998214.175.000) 2025-12-03 04:30:44 Image size of job updated: 22684
	1  -  MemoryUsage of job (MB)
	880  -  ResidentSetSize of job (KB)
...
006 (14998214.175.000) 2025-12-03 04:35:46 Image size of job updated: 22684
	1  -  MemoryUsage of job (MB)
	884  -  ResidentSetSize of job (KB)
...
006 (14998214.175.000) 2025-12-03 04:40:46 Image size of job updated: 22684
	1  -  MemoryUsage of job (MB)
	896  -  ResidentSetSize of job (KB)
...
006 (14998214.175.000) 2025-12-03 04:45:46 Image size of job updated: 22684
	1  -  MemoryUsage of job (MB)
	908  -  ResidentSetSize of job (KB)
...
006 (14998214.175.000) 2025-12-03 04:50:47 Image size of job updated: 22684
	1  -  MemoryUsage of job (MB)
	916  -  ResidentSetSize of job (KB)
...
006 (14998214.175.000) 2025-12-03 05:10:50 Image size of job updated: 22684
	1  -  MemoryUsage of job (MB)
	920  -  ResidentSetSize of job (KB)
...
006 (14998214.175.000) 2025-12-03 05:20:50 Image size of job updated: 22816
	1  -  MemoryUsage of job (MB)
	924  -  ResidentSetSize of job (KB)
...
006 (14998214.175.000) 2025-12-03 05:40:52 Image size of job updated: 22816
	1  -  MemoryUsage of job (MB)
	928  -  ResidentSetSize of job (KB)
...
006 (14998214.175.000) 2025-12-03 05:45:53 Image size of job updated: 22816
	1  -  MemoryUsage of job (MB)
	936  -  ResidentSetSize of job (KB)
...
006 (14998214.175.000) 2025-12-03 05:50:53 Image size of job updated: 22816
	1  -  MemoryUsage of job (MB)
	948  -  ResidentSetSize of job (KB)
...
006 (14998214.175.000) 2025-12-03 05:55:54 Image size of job updated: 22816
	1  -  MemoryUsage of job (MB)
	956  -  ResidentSetSize of job (KB)
...
006 (14998214.175.000) 2025-12-03 06:00:55 Image size of job updated: 22816
	1  -  MemoryUsage of job (MB)
	968  -  ResidentSetSize of job (KB)
...
006 (14998214.175.000) 2025-12-03 06:05:55 Image size of job updated: 22816
	1  -  MemoryUsage of job (MB)
	976  -  ResidentSetSize of job (KB)
...
006 (14998214.175.000) 2025-12-03 06:10:55 Image size of job updated: 22816
	1  -  MemoryUsage of job (MB)
	988  -  ResidentSetSize of job (KB)
...
006 (14998214.175.000) 2025-12-03 06:15:56 Image size of job updated: 22816
	1  -  MemoryUsage of job (MB)
	996  -  ResidentSetSize of job (KB)
...
006 (14998214.175.000) 2025-12-03 06:20:56 Image size of job updated: 22816
	1  -  MemoryUsage of job (MB)
	1008  -  ResidentSetSize of job (KB)
...
006 (14998214.175.000) 2025-12-03 06:25:56 Image size of job updated: 22948
	1  -  MemoryUsage of job (MB)
	1016  -  ResidentSetSize of job (KB)
...
006 (14998214.175.000) 2025-12-03 06:30:57 Image size of job updated: 22948
	1  -  MemoryUsage of job (MB)
	1020  -  ResidentSetSize of job (KB)
...
006 (14998214.175.000) 2025-12-03 06:35:57 Image size of job updated: 22948
	2  -  MemoryUsage of job (MB)
	1032  -  ResidentSetSize of job (KB)
...
006 (14998214.175.000) 2025-12-03 06:40:57 Image size of job updated: 22948
	2  -  MemoryUsage of job (MB)
	1040  -  ResidentSetSize of job (KB)
...
006 (14998214.175.000) 2025-12-03 06:45:58 Image size of job updated: 22948
	2  -  MemoryUsage of job (MB)
	1052  -  ResidentSetSize of job (KB)
...
006 (14998214.175.000) 2025-12-03 06:50:59 Image size of job updated: 22948
	2  -  MemoryUsage of job (MB)
	1060  -  ResidentSetSize of job (KB)
...
006 (14998214.175.000) 2025-12-03 06:55:59 Image size of job updated: 22948
	2  -  MemoryUsage of job (MB)
	1068  -  ResidentSetSize of job (KB)
...
006 (14998214.175.000) 2025-12-03 07:01:00 Image size of job updated: 22948
	2  -  MemoryUsage of job (MB)
	1076  -  ResidentSetSize of job (KB)
...
006 (14998214.175.000) 2025-12-03 07:06:01 Image size of job updated: 22948
	2  -  MemoryUsage of job (MB)
	1084  -  ResidentSetSize of job (KB)
...
006 (14998214.175.000) 2025-12-03 07:11:01 Image size of job updated: 22948
	2  -  MemoryUsage of job (MB)
	1096  -  ResidentSetSize of job (KB)
...
006 (14998214.175.000) 2025-12-03 07:16:01 Image size of job updated: 22948
	2  -  MemoryUsage of job (MB)
	1104  -  ResidentSetSize of job (KB)
...
006 (14998214.175.000) 2025-12-03 07:21:02 Image size of job updated: 22948
	2  -  MemoryUsage of job (MB)
	1108  -  ResidentSetSize of job (KB)
...
006 (14998214.175.000) 2025-12-03 07:26:02 Image size of job updated: 22948
	2  -  MemoryUsage of job (MB)
	1120  -  ResidentSetSize of job (KB)
...
006 (14998214.175.000) 2025-12-03 07:31:02 Image size of job updated: 22948
	2  -  MemoryUsage of job (MB)
	1128  -  ResidentSetSize of job (KB)
...
006 (14998214.175.000) 2025-12-03 07:41:04 Image size of job updated: 23080
	2  -  MemoryUsage of job (MB)
	1136  -  ResidentSetSize of job (KB)
...
006 (14998214.175.000) 2025-12-03 07:46:04 Image size of job updated: 23080
	2  -  MemoryUsage of job (MB)
	1144  -  ResidentSetSize of job (KB)
...
006 (14998214.175.000) 2025-12-03 07:51:05 Image size of job updated: 23080
	2  -  MemoryUsage of job (MB)
	1156  -  ResidentSetSize of job (KB)
...
006 (14998214.175.000) 2025-12-03 07:56:06 Image size of job updated: 23080
	2  -  MemoryUsage of job (MB)
	1164  -  ResidentSetSize of job (KB)
...
006 (14998214.175.000) 2025-12-03 08:01:06 Image size of job updated: 23080
	2  -  MemoryUsage of job (MB)
	1172  -  ResidentSetSize of job (KB)
...
006 (14998214.175.000) 2025-12-03 08:06:06 Image size of job updated: 23080
	2  -  MemoryUsage of job (MB)
	1180  -  ResidentSetSize of job (KB)
...
006 (14998214.175.000) 2025-12-03 08:11:07 Image size of job updated: 23080
	2  -  MemoryUsage of job (MB)
	1188  -  ResidentSetSize of job (KB)
...
006 (14998214.175.000) 2025-12-03 08:16:07 Image size of job updated: 23080
	2  -  MemoryUsage of job (MB)
	1200  -  ResidentSetSize of job (KB)
...
006 (14998214.175.000) 2025-12-03 08:21:07 Image size of job updated: 23080
	2  -  MemoryUsage of job (MB)
	1204  -  ResidentSetSize of job (KB)
...
006 (14998214.175.000) 2025-12-03 08:26:08 Image size of job updated: 23080
	2  -  MemoryUsage of job (MB)
	1216  -  ResidentSetSize of job (KB)
...
040 (14998214.175.000) 2025-12-03 08:27:01 Started transferring output files
...
040 (14998214.175.000) 2025-12-03 08:27:01 Finished transferring output files
...
005 (14998214.175.000) 2025-12-03 08:27:01 Job terminated.
	(1) Normal termination (return value 0)
		Usr 0 08:45:44, Sys 0 00:00:33  -  Run Remote Usage
		Usr 0 00:00:00, Sys 0 00:00:00  -  Run Local Usage
		Usr 0 08:45:44, Sys 0 00:00:33  -  Total Remote Usage
		Usr 0 00:00:00, Sys 0 00:00:00  -  Total Local Usage
	113365  -  Run Bytes Sent By Job
	347817  -  Run Bytes Received By Job
	113365  -  Total Bytes Sent By Job
	347817  -  Total Bytes Received By Job
	Partitionable Resources :    Usage  Request Allocated 
	   Cpus                 :     1.00        1         1 
	   Disk (KB)            :   484     2097152   6681583 
	   Memory (MB)          :     2        4096      4096 
	   xferslots            :                           0 

	Job terminated of its own accord at 2025-12-03T13:27:01Z with exit-code 0.
...
