000 (14998214.062.000) 2025-12-02 23:07:12 Job submitted from host: <130.199.48.129:9618?addrs=130.199.48.129-9618&alias=rcas6009.rcf.bnl.gov&noUDP&sock=schedd_22421_101d>
...
040 (14998214.062.000) 2025-12-02 23:14:31 Started transferring input files
	Transferring to host: <130.199.186.24:9618?addrs=130.199.186.24-9618&alias=spool1821.sdcc.bnl.gov&noUDP&sock=slot1_91_24323_4ecb_53299>
...
040 (14998214.062.000) 2025-12-02 23:14:33 Finished transferring input files
...
001 (14998214.062.000) 2025-12-02 23:14:34 Job executing on host: <130.199.186.24:9618?addrs=130.199.186.24-9618&alias=spool1821.sdcc.bnl.gov&noUDP&sock=startd_24313_db68>
...
006 (14998214.062.000) 2025-12-02 23:14:42 Image size of job updated: 376
	1  -  MemoryUsage of job (MB)
	376  -  ResidentSetSize of job (KB)
...
006 (14998214.062.000) 2025-12-02 23:19:42 Image size of job updated: 22160
	1  -  MemoryUsage of job (MB)
	380  -  ResidentSetSize of job (KB)
...
006 (14998214.062.000) 2025-12-02 23:24:43 Image size of job updated: 22160
	1  -  MemoryUsage of job (MB)
	392  -  ResidentSetSize of job (KB)
...
006 (14998214.062.000) 2025-12-02 23:29:43 Image size of job updated: 22160
	1  -  MemoryUsage of job (MB)
	396  -  ResidentSetSize of job (KB)
...
006 (14998214.062.000) 2025-12-02 23:34:43 Image size of job updated: 22160
	1  -  MemoryUsage of job (MB)
	404  -  ResidentSetSize of job (KB)
...
006 (14998214.062.000) 2025-12-02 23:39:44 Image size of job updated: 22160
	1  -  MemoryUsage of job (MB)
	412  -  ResidentSetSize of job (KB)
...
006 (14998214.062.000) 2025-12-02 23:49:44 Image size of job updated: 22160
	1  -  MemoryUsage of job (MB)
	424  -  ResidentSetSize of job (KB)
...
006 (14998214.062.000) 2025-12-02 23:54:45 Image size of job updated: 22160
	1  -  MemoryUsage of job (MB)
	432  -  ResidentSetSize of job (KB)
...
006 (14998214.062.000) 2025-12-02 23:59:46 Image size of job updated: 22160
	1  -  MemoryUsage of job (MB)
	436  -  ResidentSetSize of job (KB)
...
006 (14998214.062.000) 2025-12-03 00:04:46 Image size of job updated: 22160
	1  -  MemoryUsage of job (MB)
	448  -  ResidentSetSize of job (KB)
...
006 (14998214.062.000) 2025-12-03 00:19:48 Image size of job updated: 22292
	1  -  MemoryUsage of job (MB)
	448  -  ResidentSetSize of job (KB)
...
006 (14998214.062.000) 2025-12-03 00:24:48 Image size of job updated: 22292
	1  -  MemoryUsage of job (MB)
	456  -  ResidentSetSize of job (KB)
...
006 (14998214.062.000) 2025-12-03 00:29:49 Image size of job updated: 22292
	1  -  MemoryUsage of job (MB)
	460  -  ResidentSetSize of job (KB)
...
006 (14998214.062.000) 2025-12-03 00:34:49 Image size of job updated: 22292
	1  -  MemoryUsage of job (MB)
	464  -  ResidentSetSize of job (KB)
...
006 (14998214.062.000) 2025-12-03 00:39:49 Image size of job updated: 22292
	1  -  MemoryUsage of job (MB)
	476  -  ResidentSetSize of job (KB)
...
006 (14998214.062.000) 2025-12-03 00:54:51 Image size of job updated: 22292
	1  -  MemoryUsage of job (MB)
	484  -  ResidentSetSize of job (KB)
...
006 (14998214.062.000) 2025-12-03 01:04:53 Image size of job updated: 22292
	1  -  MemoryUsage of job (MB)
	488  -  ResidentSetSize of job (KB)
...
006 (14998214.062.000) 2025-12-03 01:09:53 Image size of job updated: 22292
	1  -  MemoryUsage of job (MB)
	496  -  ResidentSetSize of job (KB)
...
006 (14998214.062.000) 2025-12-03 01:16:20 Image size of job updated: 22292
	1  -  MemoryUsage of job (MB)
	504  -  ResidentSetSize of job (KB)
...
006 (14998214.062.000) 2025-12-03 01:20:36 Image size of job updated: 22292
	1  -  MemoryUsage of job (MB)
	512  -  ResidentSetSize of job (KB)
...
006 (14998214.062.000) 2025-12-03 01:25:36 Image size of job updated: 22292
	1  -  MemoryUsage of job (MB)
	524  -  ResidentSetSize of job (KB)
...
006 (14998214.062.000) 2025-12-03 01:30:37 Image size of job updated: 22424
	1  -  MemoryUsage of job (MB)
	524  -  ResidentSetSize of job (KB)
...
006 (14998214.062.000) 2025-12-03 01:35:37 Image size of job updated: 22424
	1  -  MemoryUsage of job (MB)
	536  -  ResidentSetSize of job (KB)
...
006 (14998214.062.000) 2025-12-03 01:40:37 Image size of job updated: 22424
	1  -  MemoryUsage of job (MB)
	544  -  ResidentSetSize of job (KB)
...
006 (14998214.062.000) 2025-12-03 01:45:38 Image size of job updated: 22424
	1  -  MemoryUsage of job (MB)
	548  -  ResidentSetSize of job (KB)
...
006 (14998214.062.000) 2025-12-03 01:50:39 Image size of job updated: 22424
	1  -  MemoryUsage of job (MB)
	560  -  ResidentSetSize of job (KB)
...
006 (14998214.062.000) 2025-12-03 01:55:39 Image size of job updated: 22424
	1  -  MemoryUsage of job (MB)
	564  -  ResidentSetSize of job (KB)
...
006 (14998214.062.000) 2025-12-03 02:00:40 Image size of job updated: 22424
	1  -  MemoryUsage of job (MB)
	576  -  ResidentSetSize of job (KB)
...
006 (14998214.062.000) 2025-12-03 02:05:41 Image size of job updated: 22424
	1  -  MemoryUsage of job (MB)
	584  -  ResidentSetSize of job (KB)
...
006 (14998214.062.000) 2025-12-03 02:10:41 Image size of job updated: 22424
	1  -  MemoryUsage of job (MB)
	588  -  ResidentSetSize of job (KB)
...
006 (14998214.062.000) 2025-12-03 02:15:41 Image size of job updated: 22424
	1  -  MemoryUsage of job (MB)
	592  -  ResidentSetSize of job (KB)
...
006 (14998214.062.000) 2025-12-03 02:20:42 Image size of job updated: 22424
	1  -  MemoryUsage of job (MB)
	600  -  ResidentSetSize of job (KB)
...
006 (14998214.062.000) 2025-12-03 02:25:42 Image size of job updated: 22424
	1  -  MemoryUsage of job (MB)
	612  -  ResidentSetSize of job (KB)
...
006 (14998214.062.000) 2025-12-03 02:30:42 Image size of job updated: 22424
	1  -  MemoryUsage of job (MB)
	620  -  ResidentSetSize of job (KB)
...
006 (14998214.062.000) 2025-12-03 02:35:43 Image size of job updated: 22424
	1  -  MemoryUsage of job (MB)
	624  -  ResidentSetSize of job (KB)
...
006 (14998214.062.000) 2025-12-03 02:40:44 Image size of job updated: 22424
	1  -  MemoryUsage of job (MB)
	636  -  ResidentSetSize of job (KB)
...
006 (14998214.062.000) 2025-12-03 02:45:44 Image size of job updated: 22552
	1  -  MemoryUsage of job (MB)
	644  -  ResidentSetSize of job (KB)
...
006 (14998214.062.000) 2025-12-03 02:50:45 Image size of job updated: 22552
	1  -  MemoryUsage of job (MB)
	648  -  ResidentSetSize of job (KB)
...
006 (14998214.062.000) 2025-12-03 02:55:46 Image size of job updated: 22552
	1  -  MemoryUsage of job (MB)
	656  -  ResidentSetSize of job (KB)
...
006 (14998214.062.000) 2025-12-03 03:00:46 Image size of job updated: 22552
	1  -  MemoryUsage of job (MB)
	664  -  ResidentSetSize of job (KB)
...
006 (14998214.062.000) 2025-12-03 03:05:47 Image size of job updated: 22552
	1  -  MemoryUsage of job (MB)
	672  -  ResidentSetSize of job (KB)
...
006 (14998214.062.000) 2025-12-03 03:10:48 Image size of job updated: 22552
	1  -  MemoryUsage of job (MB)
	680  -  ResidentSetSize of job (KB)
...
006 (14998214.062.000) 2025-12-03 03:15:48 Image size of job updated: 22552
	1  -  MemoryUsage of job (MB)
	692  -  ResidentSetSize of job (KB)
...
006 (14998214.062.000) 2025-12-03 03:20:48 Image size of job updated: 22552
	1  -  MemoryUsage of job (MB)
	700  -  ResidentSetSize of job (KB)
...
006 (14998214.062.000) 2025-12-03 03:25:49 Image size of job updated: 22552
	1  -  MemoryUsage of job (MB)
	708  -  ResidentSetSize of job (KB)
...
006 (14998214.062.000) 2025-12-03 03:30:49 Image size of job updated: 22552
	1  -  MemoryUsage of job (MB)
	716  -  ResidentSetSize of job (KB)
...
006 (14998214.062.000) 2025-12-03 03:35:49 Image size of job updated: 22552
	1  -  MemoryUsage of job (MB)
	724  -  ResidentSetSize of job (KB)
...
006 (14998214.062.000) 2025-12-03 03:40:50 Image size of job updated: 22552
	1  -  MemoryUsage of job (MB)
	736  -  ResidentSetSize of job (KB)
...
006 (14998214.062.000) 2025-12-03 03:45:51 Image size of job updated: 22552
	1  -  MemoryUsage of job (MB)
	740  -  ResidentSetSize of job (KB)
...
006 (14998214.062.000) 2025-12-03 03:50:51 Image size of job updated: 22552
	1  -  MemoryUsage of job (MB)
	748  -  ResidentSetSize of job (KB)
...
006 (14998214.062.000) 2025-12-03 03:55:52 Image size of job updated: 22684
	1  -  MemoryUsage of job (MB)
	760  -  ResidentSetSize of job (KB)
...
006 (14998214.062.000) 2025-12-03 04:00:53 Image size of job updated: 22684
	1  -  MemoryUsage of job (MB)
	764  -  ResidentSetSize of job (KB)
...
006 (14998214.062.000) 2025-12-03 04:05:53 Image size of job updated: 22684
	1  -  MemoryUsage of job (MB)
	776  -  ResidentSetSize of job (KB)
...
006 (14998214.062.000) 2025-12-03 04:10:53 Image size of job updated: 22684
	1  -  MemoryUsage of job (MB)
	784  -  ResidentSetSize of job (KB)
...
006 (14998214.062.000) 2025-12-03 04:15:54 Image size of job updated: 22684
	1  -  MemoryUsage of job (MB)
	792  -  ResidentSetSize of job (KB)
...
006 (14998214.062.000) 2025-12-03 04:20:54 Image size of job updated: 22684
	1  -  MemoryUsage of job (MB)
	804  -  ResidentSetSize of job (KB)
...
006 (14998214.062.000) 2025-12-03 04:25:54 Image size of job updated: 22684
	1  -  MemoryUsage of job (MB)
	808  -  ResidentSetSize of job (KB)
...
006 (14998214.062.000) 2025-12-03 04:30:55 Image size of job updated: 22684
	1  -  MemoryUsage of job (MB)
	820  -  ResidentSetSize of job (KB)
...
006 (14998214.062.000) 2025-12-03 04:35:56 Image size of job updated: 22684
	1  -  MemoryUsage of job (MB)
	828  -  ResidentSetSize of job (KB)
...
006 (14998214.062.000) 2025-12-03 04:40:56 Image size of job updated: 22684
	1  -  MemoryUsage of job (MB)
	840  -  ResidentSetSize of job (KB)
...
006 (14998214.062.000) 2025-12-03 04:45:57 Image size of job updated: 22684
	1  -  MemoryUsage of job (MB)
	844  -  ResidentSetSize of job (KB)
...
006 (14998214.062.000) 2025-12-03 04:50:58 Image size of job updated: 22684
	1  -  MemoryUsage of job (MB)
	848  -  ResidentSetSize of job (KB)
...
006 (14998214.062.000) 2025-12-03 04:55:58 Image size of job updated: 22684
	1  -  MemoryUsage of job (MB)
	860  -  ResidentSetSize of job (KB)
...
006 (14998214.062.000) 2025-12-03 05:00:58 Image size of job updated: 22684
	1  -  MemoryUsage of job (MB)
	868  -  ResidentSetSize of job (KB)
...
006 (14998214.062.000) 2025-12-03 05:05:59 Image size of job updated: 22684
	1  -  MemoryUsage of job (MB)
	880  -  ResidentSetSize of job (KB)
...
006 (14998214.062.000) 2025-12-03 05:10:59 Image size of job updated: 22816
	1  -  MemoryUsage of job (MB)
	888  -  ResidentSetSize of job (KB)
...
006 (14998214.062.000) 2025-12-03 05:15:59 Image size of job updated: 22816
	1  -  MemoryUsage of job (MB)
	896  -  ResidentSetSize of job (KB)
...
006 (14998214.062.000) 2025-12-03 05:26:01 Image size of job updated: 22816
	1  -  MemoryUsage of job (MB)
	904  -  ResidentSetSize of job (KB)
...
006 (14998214.062.000) 2025-12-03 05:31:01 Image size of job updated: 22816
	1  -  MemoryUsage of job (MB)
	916  -  ResidentSetSize of job (KB)
...
006 (14998214.062.000) 2025-12-03 05:36:02 Image size of job updated: 22816
	1  -  MemoryUsage of job (MB)
	924  -  ResidentSetSize of job (KB)
...
006 (14998214.062.000) 2025-12-03 05:41:03 Image size of job updated: 22816
	1  -  MemoryUsage of job (MB)
	932  -  ResidentSetSize of job (KB)
...
006 (14998214.062.000) 2025-12-03 05:46:03 Image size of job updated: 22816
	1  -  MemoryUsage of job (MB)
	944  -  ResidentSetSize of job (KB)
...
006 (14998214.062.000) 2025-12-03 05:51:04 Image size of job updated: 22816
	1  -  MemoryUsage of job (MB)
	952  -  ResidentSetSize of job (KB)
...
006 (14998214.062.000) 2025-12-03 05:56:05 Image size of job updated: 22816
	1  -  MemoryUsage of job (MB)
	960  -  ResidentSetSize of job (KB)
...
006 (14998214.062.000) 2025-12-03 06:01:05 Image size of job updated: 22816
	1  -  MemoryUsage of job (MB)
	968  -  ResidentSetSize of job (KB)
...
006 (14998214.062.000) 2025-12-03 06:06:05 Image size of job updated: 22816
	1  -  MemoryUsage of job (MB)
	976  -  ResidentSetSize of job (KB)
...
006 (14998214.062.000) 2025-12-03 06:11:06 Image size of job updated: 22816
	1  -  MemoryUsage of job (MB)
	988  -  ResidentSetSize of job (KB)
...
006 (14998214.062.000) 2025-12-03 06:16:06 Image size of job updated: 22816
	1  -  MemoryUsage of job (MB)
	996  -  ResidentSetSize of job (KB)
...
006 (14998214.062.000) 2025-12-03 06:21:06 Image size of job updated: 22816
	1  -  MemoryUsage of job (MB)
	1008  -  ResidentSetSize of job (KB)
...
006 (14998214.062.000) 2025-12-03 06:26:07 Image size of job updated: 22948
	1  -  MemoryUsage of job (MB)
	1016  -  ResidentSetSize of job (KB)
...
006 (14998214.062.000) 2025-12-03 06:31:08 Image size of job updated: 22948
	1  -  MemoryUsage of job (MB)
	1020  -  ResidentSetSize of job (KB)
...
006 (14998214.062.000) 2025-12-03 06:36:08 Image size of job updated: 22948
	2  -  MemoryUsage of job (MB)
	1032  -  ResidentSetSize of job (KB)
...
006 (14998214.062.000) 2025-12-03 06:41:09 Image size of job updated: 22948
	2  -  MemoryUsage of job (MB)
	1040  -  ResidentSetSize of job (KB)
...
006 (14998214.062.000) 2025-12-03 06:46:10 Image size of job updated: 22948
	2  -  MemoryUsage of job (MB)
	1052  -  ResidentSetSize of job (KB)
...
006 (14998214.062.000) 2025-12-03 06:51:10 Image size of job updated: 22948
	2  -  MemoryUsage of job (MB)
	1060  -  ResidentSetSize of job (KB)
...
006 (14998214.062.000) 2025-12-03 06:56:10 Image size of job updated: 22948
	2  -  MemoryUsage of job (MB)
	1064  -  ResidentSetSize of job (KB)
...
006 (14998214.062.000) 2025-12-03 07:01:11 Image size of job updated: 22948
	2  -  MemoryUsage of job (MB)
	1076  -  ResidentSetSize of job (KB)
...
006 (14998214.062.000) 2025-12-03 07:06:11 Image size of job updated: 22948
	2  -  MemoryUsage of job (MB)
	1084  -  ResidentSetSize of job (KB)
...
006 (14998214.062.000) 2025-12-03 07:11:12 Image size of job updated: 22948
	2  -  MemoryUsage of job (MB)
	1096  -  ResidentSetSize of job (KB)
...
006 (14998214.062.000) 2025-12-03 07:16:13 Image size of job updated: 22948
	2  -  MemoryUsage of job (MB)
	1100  -  ResidentSetSize of job (KB)
...
006 (14998214.062.000) 2025-12-03 07:26:13 Image size of job updated: 22948
	2  -  MemoryUsage of job (MB)
	1108  -  ResidentSetSize of job (KB)
...
006 (14998214.062.000) 2025-12-03 07:31:14 Image size of job updated: 22948
	2  -  MemoryUsage of job (MB)
	1116  -  ResidentSetSize of job (KB)
...
006 (14998214.062.000) 2025-12-03 07:36:14 Image size of job updated: 22948
	2  -  MemoryUsage of job (MB)
	1128  -  ResidentSetSize of job (KB)
...
006 (14998214.062.000) 2025-12-03 07:41:14 Image size of job updated: 23080
	2  -  MemoryUsage of job (MB)
	1136  -  ResidentSetSize of job (KB)
...
006 (14998214.062.000) 2025-12-03 07:46:15 Image size of job updated: 23080
	2  -  MemoryUsage of job (MB)
	1148  -  ResidentSetSize of job (KB)
...
006 (14998214.062.000) 2025-12-03 07:51:16 Image size of job updated: 23080
	2  -  MemoryUsage of job (MB)
	1152  -  ResidentSetSize of job (KB)
...
006 (14998214.062.000) 2025-12-03 07:56:16 Image size of job updated: 23080
	2  -  MemoryUsage of job (MB)
	1160  -  ResidentSetSize of job (KB)
...
006 (14998214.062.000) 2025-12-03 08:01:17 Image size of job updated: 23080
	2  -  MemoryUsage of job (MB)
	1172  -  ResidentSetSize of job (KB)
...
006 (14998214.062.000) 2025-12-03 08:06:18 Image size of job updated: 23080
	2  -  MemoryUsage of job (MB)
	1180  -  ResidentSetSize of job (KB)
...
006 (14998214.062.000) 2025-12-03 08:11:18 Image size of job updated: 23080
	2  -  MemoryUsage of job (MB)
	1192  -  ResidentSetSize of job (KB)
...
006 (14998214.062.000) 2025-12-03 08:16:18 Image size of job updated: 23080
	2  -  MemoryUsage of job (MB)
	1196  -  ResidentSetSize of job (KB)
...
006 (14998214.062.000) 2025-12-03 08:21:19 Image size of job updated: 23080
	2  -  MemoryUsage of job (MB)
	1204  -  ResidentSetSize of job (KB)
...
040 (14998214.062.000) 2025-12-03 08:24:49 Started transferring output files
...
040 (14998214.062.000) 2025-12-03 08:24:49 Finished transferring output files
...
005 (14998214.062.000) 2025-12-03 08:24:49 Job terminated.
	(1) Normal termination (return value 0)
		Usr 0 09:09:03, Sys 0 00:00:02  -  Run Remote Usage
		Usr 0 00:00:00, Sys 0 00:00:00  -  Run Local Usage
		Usr 0 09:09:03, Sys 0 00:00:02  -  Total Remote Usage
		Usr 0 00:00:00, Sys 0 00:00:00  -  Total Local Usage
	113365  -  Run Bytes Sent By Job
	184628  -  Run Bytes Received By Job
	113365  -  Total Bytes Sent By Job
	184628  -  Total Bytes Received By Job
	Partitionable Resources :    Usage  Request Allocated 
	   Cpus                 :     1.00        1         1 
	   Disk (KB)            :   324     2097152   6681588 
	   Memory (MB)          :     2        4096      4096 
	   xferslots            :                           0 

	Job terminated of its own accord at 2025-12-03T13:24:49Z with exit-code 0.
...
