000 (14998214.095.000) 2025-12-02 23:07:12 Job submitted from host: <130.199.48.129:9618?addrs=130.199.48.129-9618&alias=rcas6009.rcf.bnl.gov&noUDP&sock=schedd_22421_101d>
...
040 (14998214.095.000) 2025-12-02 23:14:36 Started transferring input files
	Transferring to host: <130.199.186.16:9618?addrs=130.199.186.16-9618&alias=spool1813.sdcc.bnl.gov&noUDP&sock=slot1_57_93983_6cf9_47618>
...
040 (14998214.095.000) 2025-12-02 23:14:38 Finished transferring input files
...
001 (14998214.095.000) 2025-12-02 23:14:39 Job executing on host: <130.199.186.16:9618?addrs=130.199.186.16-9618&alias=spool1813.sdcc.bnl.gov&noUDP&sock=startd_93974_af24>
...
006 (14998214.095.000) 2025-12-02 23:14:47 Image size of job updated: 22160
	1  -  MemoryUsage of job (MB)
	376  -  ResidentSetSize of job (KB)
...
006 (14998214.095.000) 2025-12-02 23:19:47 Image size of job updated: 22160
	1  -  MemoryUsage of job (MB)
	380  -  ResidentSetSize of job (KB)
...
006 (14998214.095.000) 2025-12-02 23:24:48 Image size of job updated: 22160
	1  -  MemoryUsage of job (MB)
	392  -  ResidentSetSize of job (KB)
...
006 (14998214.095.000) 2025-12-02 23:29:49 Image size of job updated: 22160
	1  -  MemoryUsage of job (MB)
	400  -  ResidentSetSize of job (KB)
...
006 (14998214.095.000) 2025-12-02 23:34:49 Image size of job updated: 22160
	1  -  MemoryUsage of job (MB)
	412  -  ResidentSetSize of job (KB)
...
006 (14998214.095.000) 2025-12-02 23:39:49 Image size of job updated: 22160
	1  -  MemoryUsage of job (MB)
	416  -  ResidentSetSize of job (KB)
...
006 (14998214.095.000) 2025-12-02 23:44:50 Image size of job updated: 22160
	1  -  MemoryUsage of job (MB)
	424  -  ResidentSetSize of job (KB)
...
006 (14998214.095.000) 2025-12-02 23:49:51 Image size of job updated: 22160
	1  -  MemoryUsage of job (MB)
	436  -  ResidentSetSize of job (KB)
...
006 (14998214.095.000) 2025-12-02 23:54:51 Image size of job updated: 22160
	1  -  MemoryUsage of job (MB)
	440  -  ResidentSetSize of job (KB)
...
006 (14998214.095.000) 2025-12-02 23:59:52 Image size of job updated: 22160
	1  -  MemoryUsage of job (MB)
	448  -  ResidentSetSize of job (KB)
...
006 (14998214.095.000) 2025-12-03 00:04:53 Image size of job updated: 22160
	1  -  MemoryUsage of job (MB)
	460  -  ResidentSetSize of job (KB)
...
006 (14998214.095.000) 2025-12-03 00:09:53 Image size of job updated: 22160
	1  -  MemoryUsage of job (MB)
	472  -  ResidentSetSize of job (KB)
...
006 (14998214.095.000) 2025-12-03 00:14:54 Image size of job updated: 22160
	1  -  MemoryUsage of job (MB)
	484  -  ResidentSetSize of job (KB)
...
006 (14998214.095.000) 2025-12-03 00:19:55 Image size of job updated: 22292
	1  -  MemoryUsage of job (MB)
	492  -  ResidentSetSize of job (KB)
...
006 (14998214.095.000) 2025-12-03 00:24:55 Image size of job updated: 22292
	1  -  MemoryUsage of job (MB)
	496  -  ResidentSetSize of job (KB)
...
006 (14998214.095.000) 2025-12-03 00:29:55 Image size of job updated: 22292
	1  -  MemoryUsage of job (MB)
	508  -  ResidentSetSize of job (KB)
...
006 (14998214.095.000) 2025-12-03 00:34:56 Image size of job updated: 22292
	1  -  MemoryUsage of job (MB)
	516  -  ResidentSetSize of job (KB)
...
006 (14998214.095.000) 2025-12-03 00:39:56 Image size of job updated: 22292
	1  -  MemoryUsage of job (MB)
	520  -  ResidentSetSize of job (KB)
...
006 (14998214.095.000) 2025-12-03 00:44:56 Image size of job updated: 22292
	1  -  MemoryUsage of job (MB)
	532  -  ResidentSetSize of job (KB)
...
006 (14998214.095.000) 2025-12-03 00:49:58 Image size of job updated: 22292
	1  -  MemoryUsage of job (MB)
	540  -  ResidentSetSize of job (KB)
...
006 (14998214.095.000) 2025-12-03 00:54:58 Image size of job updated: 22292
	1  -  MemoryUsage of job (MB)
	552  -  ResidentSetSize of job (KB)
...
006 (14998214.095.000) 2025-12-03 00:59:58 Image size of job updated: 22292
	1  -  MemoryUsage of job (MB)
	556  -  ResidentSetSize of job (KB)
...
006 (14998214.095.000) 2025-12-03 01:04:59 Image size of job updated: 22292
	1  -  MemoryUsage of job (MB)
	564  -  ResidentSetSize of job (KB)
...
006 (14998214.095.000) 2025-12-03 01:16:38 Image size of job updated: 22292
	1  -  MemoryUsage of job (MB)
	568  -  ResidentSetSize of job (KB)
...
006 (14998214.095.000) 2025-12-03 01:21:32 Image size of job updated: 22292
	1  -  MemoryUsage of job (MB)
	584  -  ResidentSetSize of job (KB)
...
006 (14998214.095.000) 2025-12-03 01:26:33 Image size of job updated: 22292
	1  -  MemoryUsage of job (MB)
	588  -  ResidentSetSize of job (KB)
...
006 (14998214.095.000) 2025-12-03 01:31:33 Image size of job updated: 22292
	1  -  MemoryUsage of job (MB)
	596  -  ResidentSetSize of job (KB)
...
006 (14998214.095.000) 2025-12-03 01:36:33 Image size of job updated: 22292
	1  -  MemoryUsage of job (MB)
	608  -  ResidentSetSize of job (KB)
...
006 (14998214.095.000) 2025-12-03 01:41:34 Image size of job updated: 22424
	1  -  MemoryUsage of job (MB)
	612  -  ResidentSetSize of job (KB)
...
006 (14998214.095.000) 2025-12-03 01:46:35 Image size of job updated: 22424
	1  -  MemoryUsage of job (MB)
	616  -  ResidentSetSize of job (KB)
...
006 (14998214.095.000) 2025-12-03 01:51:35 Image size of job updated: 22424
	1  -  MemoryUsage of job (MB)
	624  -  ResidentSetSize of job (KB)
...
006 (14998214.095.000) 2025-12-03 02:01:37 Image size of job updated: 22424
	1  -  MemoryUsage of job (MB)
	636  -  ResidentSetSize of job (KB)
...
006 (14998214.095.000) 2025-12-03 02:06:37 Image size of job updated: 22424
	1  -  MemoryUsage of job (MB)
	644  -  ResidentSetSize of job (KB)
...
006 (14998214.095.000) 2025-12-03 02:11:38 Image size of job updated: 22424
	1  -  MemoryUsage of job (MB)
	648  -  ResidentSetSize of job (KB)
...
006 (14998214.095.000) 2025-12-03 02:16:39 Image size of job updated: 22424
	1  -  MemoryUsage of job (MB)
	652  -  ResidentSetSize of job (KB)
...
006 (14998214.095.000) 2025-12-03 02:21:39 Image size of job updated: 22424
	1  -  MemoryUsage of job (MB)
	660  -  ResidentSetSize of job (KB)
...
006 (14998214.095.000) 2025-12-03 02:26:40 Image size of job updated: 22424
	1  -  MemoryUsage of job (MB)
	672  -  ResidentSetSize of job (KB)
...
006 (14998214.095.000) 2025-12-03 02:31:41 Image size of job updated: 22424
	1  -  MemoryUsage of job (MB)
	676  -  ResidentSetSize of job (KB)
...
006 (14998214.095.000) 2025-12-03 02:36:41 Image size of job updated: 22424
	1  -  MemoryUsage of job (MB)
	684  -  ResidentSetSize of job (KB)
...
006 (14998214.095.000) 2025-12-03 02:41:41 Image size of job updated: 22424
	1  -  MemoryUsage of job (MB)
	696  -  ResidentSetSize of job (KB)
...
006 (14998214.095.000) 2025-12-03 02:46:42 Image size of job updated: 22424
	1  -  MemoryUsage of job (MB)
	700  -  ResidentSetSize of job (KB)
...
006 (14998214.095.000) 2025-12-03 02:51:42 Image size of job updated: 22424
	1  -  MemoryUsage of job (MB)
	708  -  ResidentSetSize of job (KB)
...
006 (14998214.095.000) 2025-12-03 02:56:42 Image size of job updated: 22424
	1  -  MemoryUsage of job (MB)
	720  -  ResidentSetSize of job (KB)
...
006 (14998214.095.000) 2025-12-03 03:01:43 Image size of job updated: 22552
	1  -  MemoryUsage of job (MB)
	728  -  ResidentSetSize of job (KB)
...
006 (14998214.095.000) 2025-12-03 03:06:44 Image size of job updated: 22552
	1  -  MemoryUsage of job (MB)
	736  -  ResidentSetSize of job (KB)
...
006 (14998214.095.000) 2025-12-03 03:11:44 Image size of job updated: 22552
	1  -  MemoryUsage of job (MB)
	744  -  ResidentSetSize of job (KB)
...
006 (14998214.095.000) 2025-12-03 03:16:45 Image size of job updated: 22552
	1  -  MemoryUsage of job (MB)
	752  -  ResidentSetSize of job (KB)
...
006 (14998214.095.000) 2025-12-03 03:21:46 Image size of job updated: 22552
	1  -  MemoryUsage of job (MB)
	760  -  ResidentSetSize of job (KB)
...
006 (14998214.095.000) 2025-12-03 03:26:46 Image size of job updated: 22552
	1  -  MemoryUsage of job (MB)
	768  -  ResidentSetSize of job (KB)
...
006 (14998214.095.000) 2025-12-03 03:31:47 Image size of job updated: 22552
	1  -  MemoryUsage of job (MB)
	780  -  ResidentSetSize of job (KB)
...
006 (14998214.095.000) 2025-12-03 03:36:48 Image size of job updated: 22552
	1  -  MemoryUsage of job (MB)
	788  -  ResidentSetSize of job (KB)
...
006 (14998214.095.000) 2025-12-03 03:41:48 Image size of job updated: 22552
	1  -  MemoryUsage of job (MB)
	792  -  ResidentSetSize of job (KB)
...
006 (14998214.095.000) 2025-12-03 03:46:48 Image size of job updated: 22552
	1  -  MemoryUsage of job (MB)
	804  -  ResidentSetSize of job (KB)
...
006 (14998214.095.000) 2025-12-03 03:51:49 Image size of job updated: 22552
	1  -  MemoryUsage of job (MB)
	812  -  ResidentSetSize of job (KB)
...
006 (14998214.095.000) 2025-12-03 03:56:49 Image size of job updated: 22552
	1  -  MemoryUsage of job (MB)
	824  -  ResidentSetSize of job (KB)
...
006 (14998214.095.000) 2025-12-03 04:01:49 Image size of job updated: 22552
	1  -  MemoryUsage of job (MB)
	828  -  ResidentSetSize of job (KB)
...
006 (14998214.095.000) 2025-12-03 04:06:50 Image size of job updated: 22552
	1  -  MemoryUsage of job (MB)
	836  -  ResidentSetSize of job (KB)
...
006 (14998214.095.000) 2025-12-03 04:11:51 Image size of job updated: 22552
	1  -  MemoryUsage of job (MB)
	848  -  ResidentSetSize of job (KB)
...
006 (14998214.095.000) 2025-12-03 04:16:51 Image size of job updated: 22684
	1  -  MemoryUsage of job (MB)
	856  -  ResidentSetSize of job (KB)
...
006 (14998214.095.000) 2025-12-03 04:21:52 Image size of job updated: 22684
	1  -  MemoryUsage of job (MB)
	860  -  ResidentSetSize of job (KB)
...
006 (14998214.095.000) 2025-12-03 04:26:53 Image size of job updated: 22684
	1  -  MemoryUsage of job (MB)
	872  -  ResidentSetSize of job (KB)
...
006 (14998214.095.000) 2025-12-03 04:31:53 Image size of job updated: 22684
	1  -  MemoryUsage of job (MB)
	880  -  ResidentSetSize of job (KB)
...
006 (14998214.095.000) 2025-12-03 04:41:55 Image size of job updated: 22684
	1  -  MemoryUsage of job (MB)
	884  -  ResidentSetSize of job (KB)
...
006 (14998214.095.000) 2025-12-03 04:46:55 Image size of job updated: 22684
	1  -  MemoryUsage of job (MB)
	888  -  ResidentSetSize of job (KB)
...
006 (14998214.095.000) 2025-12-03 04:51:57 Image size of job updated: 22684
	1  -  MemoryUsage of job (MB)
	900  -  ResidentSetSize of job (KB)
...
006 (14998214.095.000) 2025-12-03 04:56:56 Image size of job updated: 22684
	1  -  MemoryUsage of job (MB)
	908  -  ResidentSetSize of job (KB)
...
006 (14998214.095.000) 2025-12-03 05:01:57 Image size of job updated: 22684
	1  -  MemoryUsage of job (MB)
	912  -  ResidentSetSize of job (KB)
...
006 (14998214.095.000) 2025-12-03 05:06:58 Image size of job updated: 22684
	1  -  MemoryUsage of job (MB)
	916  -  ResidentSetSize of job (KB)
...
006 (14998214.095.000) 2025-12-03 05:11:58 Image size of job updated: 22684
	1  -  MemoryUsage of job (MB)
	924  -  ResidentSetSize of job (KB)
...
006 (14998214.095.000) 2025-12-03 05:16:59 Image size of job updated: 22684
	1  -  MemoryUsage of job (MB)
	936  -  ResidentSetSize of job (KB)
...
006 (14998214.095.000) 2025-12-03 05:22:00 Image size of job updated: 22684
	1  -  MemoryUsage of job (MB)
	944  -  ResidentSetSize of job (KB)
...
006 (14998214.095.000) 2025-12-03 05:27:00 Image size of job updated: 22684
	1  -  MemoryUsage of job (MB)
	956  -  ResidentSetSize of job (KB)
...
006 (14998214.095.000) 2025-12-03 05:32:01 Image size of job updated: 22816
	1  -  MemoryUsage of job (MB)
	960  -  ResidentSetSize of job (KB)
...
006 (14998214.095.000) 2025-12-03 05:37:02 Image size of job updated: 22816
	1  -  MemoryUsage of job (MB)
	968  -  ResidentSetSize of job (KB)
...
006 (14998214.095.000) 2025-12-03 05:42:02 Image size of job updated: 22816
	1  -  MemoryUsage of job (MB)
	980  -  ResidentSetSize of job (KB)
...
006 (14998214.095.000) 2025-12-03 05:47:02 Image size of job updated: 22816
	1  -  MemoryUsage of job (MB)
	988  -  ResidentSetSize of job (KB)
...
006 (14998214.095.000) 2025-12-03 05:52:03 Image size of job updated: 22816
	1  -  MemoryUsage of job (MB)
	1000  -  ResidentSetSize of job (KB)
...
006 (14998214.095.000) 2025-12-03 05:57:03 Image size of job updated: 22816
	1  -  MemoryUsage of job (MB)
	1004  -  ResidentSetSize of job (KB)
...
006 (14998214.095.000) 2025-12-03 06:02:03 Image size of job updated: 22816
	1  -  MemoryUsage of job (MB)
	1008  -  ResidentSetSize of job (KB)
...
006 (14998214.095.000) 2025-12-03 06:07:05 Image size of job updated: 22816
	1  -  MemoryUsage of job (MB)
	1020  -  ResidentSetSize of job (KB)
...
006 (14998214.095.000) 2025-12-03 06:12:05 Image size of job updated: 22816
	2  -  MemoryUsage of job (MB)
	1028  -  ResidentSetSize of job (KB)
...
006 (14998214.095.000) 2025-12-03 06:17:05 Image size of job updated: 22816
	2  -  MemoryUsage of job (MB)
	1040  -  ResidentSetSize of job (KB)
...
006 (14998214.095.000) 2025-12-03 06:22:06 Image size of job updated: 22816
	2  -  MemoryUsage of job (MB)
	1048  -  ResidentSetSize of job (KB)
...
006 (14998214.095.000) 2025-12-03 06:27:07 Image size of job updated: 22816
	2  -  MemoryUsage of job (MB)
	1060  -  ResidentSetSize of job (KB)
...
006 (14998214.095.000) 2025-12-03 06:32:07 Image size of job updated: 22816
	2  -  MemoryUsage of job (MB)
	1068  -  ResidentSetSize of job (KB)
...
006 (14998214.095.000) 2025-12-03 06:37:08 Image size of job updated: 22816
	2  -  MemoryUsage of job (MB)
	1072  -  ResidentSetSize of job (KB)
...
006 (14998214.095.000) 2025-12-03 06:42:09 Image size of job updated: 22816
	2  -  MemoryUsage of job (MB)
	1084  -  ResidentSetSize of job (KB)
...
006 (14998214.095.000) 2025-12-03 06:47:09 Image size of job updated: 22948
	2  -  MemoryUsage of job (MB)
	1092  -  ResidentSetSize of job (KB)
...
006 (14998214.095.000) 2025-12-03 06:57:10 Image size of job updated: 22948
	2  -  MemoryUsage of job (MB)
	1100  -  ResidentSetSize of job (KB)
...
006 (14998214.095.000) 2025-12-03 07:02:10 Image size of job updated: 22948
	2  -  MemoryUsage of job (MB)
	1104  -  ResidentSetSize of job (KB)
...
006 (14998214.095.000) 2025-12-03 07:07:10 Image size of job updated: 22948
	2  -  MemoryUsage of job (MB)
	1116  -  ResidentSetSize of job (KB)
...
006 (14998214.095.000) 2025-12-03 07:12:11 Image size of job updated: 22948
	2  -  MemoryUsage of job (MB)
	1124  -  ResidentSetSize of job (KB)
...
006 (14998214.095.000) 2025-12-03 07:22:11 Image size of job updated: 22948
	2  -  MemoryUsage of job (MB)
	1128  -  ResidentSetSize of job (KB)
...
006 (14998214.095.000) 2025-12-03 07:27:12 Image size of job updated: 22948
	2  -  MemoryUsage of job (MB)
	1136  -  ResidentSetSize of job (KB)
...
006 (14998214.095.000) 2025-12-03 07:32:13 Image size of job updated: 22948
	2  -  MemoryUsage of job (MB)
	1148  -  ResidentSetSize of job (KB)
...
006 (14998214.095.000) 2025-12-03 07:37:13 Image size of job updated: 22948
	2  -  MemoryUsage of job (MB)
	1156  -  ResidentSetSize of job (KB)
...
006 (14998214.095.000) 2025-12-03 07:42:14 Image size of job updated: 22948
	2  -  MemoryUsage of job (MB)
	1168  -  ResidentSetSize of job (KB)
...
006 (14998214.095.000) 2025-12-03 07:47:15 Image size of job updated: 22948
	2  -  MemoryUsage of job (MB)
	1172  -  ResidentSetSize of job (KB)
...
006 (14998214.095.000) 2025-12-03 07:52:15 Image size of job updated: 22948
	2  -  MemoryUsage of job (MB)
	1180  -  ResidentSetSize of job (KB)
...
006 (14998214.095.000) 2025-12-03 07:57:16 Image size of job updated: 22948
	2  -  MemoryUsage of job (MB)
	1192  -  ResidentSetSize of job (KB)
...
006 (14998214.095.000) 2025-12-03 08:02:17 Image size of job updated: 23080
	2  -  MemoryUsage of job (MB)
	1200  -  ResidentSetSize of job (KB)
...
006 (14998214.095.000) 2025-12-03 08:07:17 Image size of job updated: 23080
	2  -  MemoryUsage of job (MB)
	1204  -  ResidentSetSize of job (KB)
...
006 (14998214.095.000) 2025-12-03 08:12:18 Image size of job updated: 23080
	2  -  MemoryUsage of job (MB)
	1216  -  ResidentSetSize of job (KB)
...
006 (14998214.095.000) 2025-12-03 08:17:19 Image size of job updated: 23080
	2  -  MemoryUsage of job (MB)
	1224  -  ResidentSetSize of job (KB)
...
006 (14998214.095.000) 2025-12-03 08:22:19 Image size of job updated: 23080
	2  -  MemoryUsage of job (MB)
	1236  -  ResidentSetSize of job (KB)
...
006 (14998214.095.000) 2025-12-03 08:27:20 Image size of job updated: 23080
	2  -  MemoryUsage of job (MB)
	1240  -  ResidentSetSize of job (KB)
...
006 (14998214.095.000) 2025-12-03 08:32:21 Image size of job updated: 23080
	2  -  MemoryUsage of job (MB)
	1248  -  ResidentSetSize of job (KB)
...
006 (14998214.095.000) 2025-12-03 08:37:21 Image size of job updated: 23080
	2  -  MemoryUsage of job (MB)
	1260  -  ResidentSetSize of job (KB)
...
006 (14998214.095.000) 2025-12-03 08:42:21 Image size of job updated: 23080
	2  -  MemoryUsage of job (MB)
	1264  -  ResidentSetSize of job (KB)
...
006 (14998214.095.000) 2025-12-03 08:47:22 Image size of job updated: 23080
	2  -  MemoryUsage of job (MB)
	1276  -  ResidentSetSize of job (KB)
...
040 (14998214.095.000) 2025-12-03 08:48:16 Started transferring output files
...
040 (14998214.095.000) 2025-12-03 08:48:16 Finished transferring output files
...
005 (14998214.095.000) 2025-12-03 08:48:16 Job terminated.
	(1) Normal termination (return value 0)
		Usr 0 09:32:38, Sys 0 00:00:14  -  Run Remote Usage
		Usr 0 00:00:00, Sys 0 00:00:00  -  Run Local Usage
		Usr 0 09:32:38, Sys 0 00:00:14  -  Total Remote Usage
		Usr 0 00:00:00, Sys 0 00:00:00  -  Total Local Usage
	113365  -  Run Bytes Sent By Job
	203261  -  Run Bytes Received By Job
	113365  -  Total Bytes Sent By Job
	203261  -  Total Bytes Received By Job
	Partitionable Resources :    Usage  Request Allocated 
	   Cpus                 :     1.00        1         1 
	   Disk (KB)            :   342     2097152   6681559 
	   Memory (MB)          :     2        4096      4096 
	   xferslots            :                           0 

	Job terminated of its own accord at 2025-12-03T13:48:16Z with exit-code 0.
...
